IQ-TREE multicore version 1.6.12 for Mac OS X 64-bit built Aug 15 2019
Developed by Bui Quang Minh, Nguyen Lam Tung, Olga Chernomor,
Heiko Schmidt, Dominik Schrempf, Michael Woodhams.

Host:    Davids-MacBook-Air-2.local (AVX2, FMA3, 8 GB RAM)
Command: iqtree -s K03099.muscle
Seed:    492248 (Using SPRNG - Scalable Parallel Random Number Generator)
Time:    Mon Mar 16 16:17:08 2020
Kernel:  AVX+FMA - 1 threads (4 CPU cores detected)

HINT: Use -nt option to specify number of threads because your CPU has 4 cores!
HINT: -nt AUTO will automatically determine the best number of threads to use.

Reading alignment file K03099.muscle ... Fasta format detected
Alignment most likely contains protein sequences
Alignment has 32 sequences with 2210 columns, 1963 distinct patterns
1715 parsimony-informative, 135 singleton sites, 360 constant sites
WARNING: Some sequence names are changed as follows:
K03099|Amphimedon|aqu:109589286_K03099_son_of_sevenless_|_(RefSeq)_uncharacterized_protein_LOC109589286_isoform_X1_(A) -> K03099_Amphimedon_aqu_109589286_K03099_son_of_sevenless____RefSeq__uncharacterized_protein_LOC109589286_isoform_X1__A_
K03099|Aurelia|XLOC_001154|TCONS_00001586|Seg1037.3.p1 -> K03099_Aurelia_XLOC_001154_TCONS_00001586_Seg1037.3.p1
K03099|Aurelia|XLOC_001154|TCONS_00001587|Seg1037.3.p1 -> K03099_Aurelia_XLOC_001154_TCONS_00001587_Seg1037.3.p1
K03099|Aurelia|XLOC_045825|TCONS_00064914.p1 -> K03099_Aurelia_XLOC_045825_TCONS_00064914.p1
K03099|Aurelia|XLOC_051828|TCONS_00073001|Seg476.9.p1 -> K03099_Aurelia_XLOC_051828_TCONS_00073001_Seg476.9.p1
K03099|Aurelia|XLOC_051828|TCONS_00073002|Seg476.9.p1 -> K03099_Aurelia_XLOC_051828_TCONS_00073002_Seg476.9.p1
K03099|Amphimedon|aqu:100632362_K03099_son_of_sevenless_|_(RefSeq)_uncharacterized_protein_LOC100632362_isoform_X1_(A) -> K03099_Amphimedon_aqu_100632362_K03099_son_of_sevenless____RefSeq__uncharacterized_protein_LOC100632362_isoform_X1__A_
K03099|Amphimedon|aqu:100638387_K03099_son_of_sevenless_|_(RefSeq)_uncharacterized_protein_LOC100638387_isoform_X1_(A) -> K03099_Amphimedon_aqu_100638387_K03099_son_of_sevenless____RefSeq__uncharacterized_protein_LOC100638387_isoform_X1__A_
K03099|Amphimedon|aqu:109582375_K03099_son_of_sevenless_|_(RefSeq)_ras_guanine_nucleotide_exchange_factor_K-like_isoform_X1_(A) -> K03099_Amphimedon_aqu_109582375_K03099_son_of_sevenless____RefSeq__ras_guanine_nucleotide_exchange_factor_K-like_isoform_X1__A_
K03099|Aurelia|XLOC_025870|TCONS_00036612|Seg2088.3.p1 -> K03099_Aurelia_XLOC_025870_TCONS_00036612_Seg2088.3.p1
K03099|Aurelia|XLOC_025870|TCONS_00036613|Seg2088.3.p1 -> K03099_Aurelia_XLOC_025870_TCONS_00036613_Seg2088.3.p1
K03099|Aurelia|XLOC_029519|TCONS_00041756|Seg2312.1.p1 -> K03099_Aurelia_XLOC_029519_TCONS_00041756_Seg2312.1.p1
K03099|Aurelia|XLOC_029519|TCONS_00041749|Seg2312.1.p1 -> K03099_Aurelia_XLOC_029519_TCONS_00041749_Seg2312.1.p1
K03099|Aurelia|XLOC_029519|TCONS_00041759|Seg2312.1.p1 -> K03099_Aurelia_XLOC_029519_TCONS_00041759_Seg2312.1.p1
K03099|Aurelia|XLOC_029519|TCONS_00041753|Seg2312.1.p1 -> K03099_Aurelia_XLOC_029519_TCONS_00041753_Seg2312.1.p1
K03099|Aurelia|XLOC_029519|TCONS_00041755|Seg2312.1.p1 -> K03099_Aurelia_XLOC_029519_TCONS_00041755_Seg2312.1.p1
K03099|Aurelia|XLOC_029519|TCONS_00041751|Seg2312.1.p1 -> K03099_Aurelia_XLOC_029519_TCONS_00041751_Seg2312.1.p1
K03099|Aurelia|XLOC_029519|TCONS_00041757|Seg2312.1.p1 -> K03099_Aurelia_XLOC_029519_TCONS_00041757_Seg2312.1.p1
K03099|Amphimedon|aqu:100632365_K03099_son_of_sevenless_|_(RefSeq)_son_of_sevenless_homolog_1-like_(A) -> K03099_Amphimedon_aqu_100632365_K03099_son_of_sevenless____RefSeq__son_of_sevenless_homolog_1-like__A_
K03099|Aurelia|XLOC_025543|TCONS_00036143|Seg2070.8.p1 -> K03099_Aurelia_XLOC_025543_TCONS_00036143_Seg2070.8.p1
K03099|Aurelia|XLOC_017085|TCONS_00023917.p1 -> K03099_Aurelia_XLOC_017085_TCONS_00023917.p1
K03099|Helobdella|hro:HELRODRAFT_84957_K03099_son_of_sevenless_|_(RefSeq)_hypothetical_protein_(A) -> K03099_Helobdella_hro_HELRODRAFT_84957_K03099_son_of_sevenless____RefSeq__hypothetical_protein__A_
K03099|Hydra|hmg:100196975_K03099_son_of_sevenless_|_(RefSeq)_sos2;_son_of_sevenless_homolog_2_(A) -> K03099_Hydra_hmg_100196975_K03099_son_of_sevenless____RefSeq__sos2__son_of_sevenless_homolog_2__A_
K03099|Daphnia|dpx:DAPPUDRAFT_326268_K03099_son_of_sevenless_|_(GenBank)_hypothetical_protein_(A) -> K03099_Daphnia_dpx_DAPPUDRAFT_326268_K03099_son_of_sevenless____GenBank__hypothetical_protein__A_
K03099|Homo|hsa:6654_K03099_son_of_sevenless_|_(RefSeq)_SOS1,_GF1,_GGF1,_GINGF,_HGF,_NS4,_SOS-1;_SOS_Ras/Rac_guanine_nucleotide_exchange_factor_1_(A) -> K03099_Homo_hsa_6654_K03099_son_of_sevenless____RefSeq__SOS1__GF1__GGF1__GINGF__HGF__NS4__SOS-1__SOS_Ras_Rac_guanine_nucleotide_exchange_factor_1__A_
K03099|Mus|mmu:20662_K03099_son_of_sevenless_|_(RefSeq)_Sos1,_4430401P03Rik,_9630010N06,_AI449023;_SOS_Ras/Rac_guanine_nucleotide_exchange_factor_1_(A) -> K03099_Mus_mmu_20662_K03099_son_of_sevenless____RefSeq__Sos1__4430401P03Rik__9630010N06__AI449023__SOS_Ras_Rac_guanine_nucleotide_exchange_factor_1__A_
K03099|Homo|hsa:6655_K03099_son_of_sevenless_|_(RefSeq)_SOS2,_NS9,_SOS-2;_SOS_Ras/Rho_guanine_nucleotide_exchange_factor_2_(A) -> K03099_Homo_hsa_6655_K03099_son_of_sevenless____RefSeq__SOS2__NS9__SOS-2__SOS_Ras_Rho_guanine_nucleotide_exchange_factor_2__A_
K03099|Mus|mmu:20663_K03099_son_of_sevenless_|_(RefSeq)_Sos2,_SOS-2,_mSOS-2;_SOS_Ras/Rho_guanine_nucleotide_exchange_factor_2_(A) -> K03099_Mus_mmu_20663_K03099_son_of_sevenless____RefSeq__Sos2__SOS-2__mSOS-2__SOS_Ras_Rho_guanine_nucleotide_exchange_factor_2__A_
K03099|Aurelia|XLOC_017082|TCONS_00023914|Seg1685.2.p1 -> K03099_Aurelia_XLOC_017082_TCONS_00023914_Seg1685.2.p1
K03099|Acropora|adf:107331175_K03099_son_of_sevenless_|_(RefSeq)_son_of_sevenless_homolog_1-like_(A) -> K03099_Acropora_adf_107331175_K03099_son_of_sevenless____RefSeq__son_of_sevenless_homolog_1-like__A_
K03099|Exaiptasia|epa:110238840_K03099_son_of_sevenless_|_(RefSeq)_LOW_QUALITY_PROTEIN:_son_of_sevenless_homolog_1-like_(A) -> K03099_Exaiptasia_epa_110238840_K03099_son_of_sevenless____RefSeq__LOW_QUALITY_PROTEIN__son_of_sevenless_homolog_1-like__A_
K03099|Nematostella|nve:NEMVE_v1g104769_K03099_son_of_sevenless_|_(RefSeq)_hypothetical_protein_(A) -> K03099_Nematostella_nve_NEMVE_v1g104769_K03099_son_of_sevenless____RefSeq__hypothetical_protein__A_

                                                                                                                                                         Gap/Ambiguity  Composition  p-value
   1  K03099_Amphimedon_aqu_109589286_K03099_son_of_sevenless____RefSeq__uncharacterized_protein_LOC109589286_isoform_X1__A_                                    44.30%    failed      1.48%
   2  K03099_Aurelia_XLOC_001154_TCONS_00001586_Seg1037.3.p1                                                                                                    54.89%    failed      1.49%
   3  K03099_Aurelia_XLOC_001154_TCONS_00001587_Seg1037.3.p1                                                                                                    54.89%    failed      1.49%
   4  K03099_Aurelia_XLOC_045825_TCONS_00064914.p1                                                                                                              60.68%    failed      0.00%
   5  K03099_Aurelia_XLOC_051828_TCONS_00073001_Seg476.9.p1                                                                                                     31.27%    failed      0.03%
   6  K03099_Aurelia_XLOC_051828_TCONS_00073002_Seg476.9.p1                                                                                                     31.27%    failed      0.03%
   7  K03099_Amphimedon_aqu_100632362_K03099_son_of_sevenless____RefSeq__uncharacterized_protein_LOC100632362_isoform_X1__A_                                    44.30%    failed      0.38%
   8  K03099_Amphimedon_aqu_100638387_K03099_son_of_sevenless____RefSeq__uncharacterized_protein_LOC100638387_isoform_X1__A_                                    48.91%    passed      8.17%
   9  K03099_Amphimedon_aqu_109582375_K03099_son_of_sevenless____RefSeq__ras_guanine_nucleotide_exchange_factor_K-like_isoform_X1__A_                           69.10%    failed      1.31%
  10  K03099_Aurelia_XLOC_025870_TCONS_00036612_Seg2088.3.p1                                                                                                    73.12%    passed     70.13%
  11  K03099_Aurelia_XLOC_025870_TCONS_00036613_Seg2088.3.p1                                                                                                    73.17%    passed     65.31%
  12  K03099_Aurelia_XLOC_029519_TCONS_00041756_Seg2312.1.p1                                                                                                    13.21%    passed     12.46%
  13  K03099_Aurelia_XLOC_029519_TCONS_00041749_Seg2312.1.p1                                                                                                     9.68%    passed      8.59%
  14  K03099_Aurelia_XLOC_029519_TCONS_00041759_Seg2312.1.p1                                                                                                    39.55%    failed      1.69%
  15  K03099_Aurelia_XLOC_029519_TCONS_00041753_Seg2312.1.p1                                                                                                    10.09%    passed      6.81%
  16  K03099_Aurelia_XLOC_029519_TCONS_00041755_Seg2312.1.p1                                                                                                    10.09%    passed      7.32%
  17  K03099_Aurelia_XLOC_029519_TCONS_00041751_Seg2312.1.p1                                                                                                    10.86%    passed      7.24%
  18  K03099_Aurelia_XLOC_029519_TCONS_00041757_Seg2312.1.p1                                                                                                    10.54%    passed      7.06%
  19  K03099_Amphimedon_aqu_100632365_K03099_son_of_sevenless____RefSeq__son_of_sevenless_homolog_1-like__A_                                                    39.28%    failed      0.04%
  20  K03099_Aurelia_XLOC_025543_TCONS_00036143_Seg2070.8.p1                                                                                                    87.10%    failed      0.00%
  21  K03099_Aurelia_XLOC_017085_TCONS_00023917.p1                                                                                                              90.32%    failed      0.53%
  22  K03099_Helobdella_hro_HELRODRAFT_84957_K03099_son_of_sevenless____RefSeq__hypothetical_protein__A_                                                        54.43%    failed      0.00%
  23  K03099_Hydra_hmg_100196975_K03099_son_of_sevenless____RefSeq__sos2__son_of_sevenless_homolog_2__A_                                                        45.88%    failed      0.48%
  24  K03099_Daphnia_dpx_DAPPUDRAFT_326268_K03099_son_of_sevenless____GenBank__hypothetical_protein__A_                                                         38.69%    failed      0.00%
  25  K03099_Homo_hsa_6654_K03099_son_of_sevenless____RefSeq__SOS1__GF1__GGF1__GINGF__HGF__NS4__SOS-1__SOS_Ras_Rac_guanine_nucleotide_exchange_factor_1__A_     40.72%    failed      0.66%
  26  K03099_Mus_mmu_20662_K03099_son_of_sevenless____RefSeq__Sos1__4430401P03Rik__9630010N06__AI449023__SOS_Ras_Rac_guanine_nucleotide_exchange_factor_1__A_   41.31%    failed      0.88%
  27  K03099_Homo_hsa_6655_K03099_son_of_sevenless____RefSeq__SOS2__NS9__SOS-2__SOS_Ras_Rho_guanine_nucleotide_exchange_factor_2__A_                            40.77%    failed      0.00%
  28  K03099_Mus_mmu_20663_K03099_son_of_sevenless____RefSeq__Sos2__SOS-2__mSOS-2__SOS_Ras_Rho_guanine_nucleotide_exchange_factor_2__A_                         40.77%    failed      0.01%
  29  K03099_Aurelia_XLOC_017082_TCONS_00023914_Seg1685.2.p1                                                                                                    68.24%    passed      8.15%
  30  K03099_Acropora_adf_107331175_K03099_son_of_sevenless____RefSeq__son_of_sevenless_homolog_1-like__A_                                                      47.24%    passed     53.92%
  31  K03099_Exaiptasia_epa_110238840_K03099_son_of_sevenless____RefSeq__LOW_QUALITY_PROTEIN__son_of_sevenless_homolog_1-like__A_                               43.30%    failed      0.31%
  32  K03099_Nematostella_nve_NEMVE_v1g104769_K03099_son_of_sevenless____RefSeq__hypothetical_protein__A_                                                       83.85%    passed     21.32%
WARNING: 11 sequences contain more than 50% gaps/ambiguity
****  TOTAL                                                                                                                                                     45.37%  20 sequences failed composition chi2 test (p-value<5%; df=19)
NOTE: K03099_Aurelia_XLOC_001154_TCONS_00001587_Seg1037.3.p1 is identical to K03099_Aurelia_XLOC_001154_TCONS_00001586_Seg1037.3.p1 but kept for subsequent analysis
NOTE: K03099_Aurelia_XLOC_051828_TCONS_00073002_Seg476.9.p1 is identical to K03099_Aurelia_XLOC_051828_TCONS_00073001_Seg476.9.p1 but kept for subsequent analysis


Create initial parsimony tree by phylogenetic likelihood library (PLL)... 0.024 seconds
NOTE: ModelFinder requires 98 MB RAM!
ModelFinder will test 546 protein models (sample size: 2210) ...
 No. Model         -LnL         df  AIC          AICc         BIC
  1  Dayhoff       49600.336    61  99322.672    99326.193    99670.418
  2  Dayhoff+I     49594.549    62  99313.097    99316.736    99666.543
  3  Dayhoff+G4    48956.329    62  98036.658    98040.296    98390.104
  4  Dayhoff+I+G4  48956.186    63  98038.372    98042.130    98397.519
  5  Dayhoff+R2    49023.908    63  98173.816    98177.573    98532.963
  6  Dayhoff+R3    48951.858    65  98033.716    98037.718    98404.265
  7  Dayhoff+R4    48937.065    67  98008.130    98012.384    98390.080
  8  Dayhoff+R5    48927.766    69  97993.531    97998.045    98386.883
  9  Dayhoff+R6    48923.588    71  97989.177    97993.959    98393.930
 14  Dayhoff+F     49121.449    80  98402.897    98408.985    98858.957
 15  Dayhoff+F+I   49115.138    81  98392.276    98398.518    98854.036
 16  Dayhoff+F+G4  48446.325    81  97054.650    97060.893    97516.411
 17  Dayhoff+F+I+G4 48446.231    82  97056.462    97062.861    97523.923
 18  Dayhoff+F+R2  48516.297    82  97196.593    97202.993    97664.055
 19  Dayhoff+F+R3  48444.254    84  97056.508    97063.228    97535.371
 20  Dayhoff+F+R4  48429.799    86  97031.598    97038.647    97521.862
 21  Dayhoff+F+R5  48417.580    88  97011.161    97018.546    97512.826
 22  Dayhoff+F+R6  48413.066    90  97006.132    97013.862    97519.199
 27  mtMAM         53002.683    61  106127.367   106130.888   106475.112
 28  mtMAM+I       52986.850    62  106097.699   106101.338   106451.145
 29  mtMAM+G4      51634.420    62  103392.839   103396.478   103746.286
 30  mtMAM+I+G4    51634.302    63  103394.604   103398.362   103753.751
 31  mtMAM+R2      51948.125    63  104022.250   104026.008   104381.397
 32  mtMAM+R3      51693.524    65  103517.048   103521.049   103887.596
 33  mtMAM+R4      51637.129    67  103408.259   103412.513   103790.209
 34  mtMAM+R5      51610.995    69  103359.990   103364.504   103753.341
 35  mtMAM+R6      51591.473    71  103324.945   103329.727   103729.698
 36  mtMAM+R7      51557.885    73  103261.770   103266.828   103677.924
 37  mtMAM+R8      51554.533    75  103259.067   103264.409   103686.623
 40  mtMAM+F       50584.272    80  101328.543   101334.630   101784.603
 41  mtMAM+F+I     50574.288    81  101310.576   101316.819   101772.337
 42  mtMAM+F+G4    49315.369    81  98792.739    98798.981    99254.500
 43  mtMAM+F+I+G4  49315.312    82  98794.624    98801.024    99262.085
 44  mtMAM+F+R2    49580.577    82  99325.155    99331.554    99792.616
 45  mtMAM+F+R3    49383.675    84  98935.349    98942.069    99414.212
 46  mtMAM+F+R4    49325.142    86  98822.283    98829.332    99312.548
 47  mtMAM+F+R5    49293.485    88  98762.970    98770.356    99264.636
 48  mtMAM+F+R6    49274.846    90  98729.693    98737.423    99242.760
 49  mtMAM+F+R7    49249.070    92  98682.141    98690.224    99206.609
 50  mtMAM+F+R8    49244.579    94  98677.158    98685.602    99213.028
 53  JTT           49023.463    61  98168.926    98172.447    98516.671
 54  JTT+I         49016.414    62  98156.828    98160.466    98510.274
 55  JTT+G4        48475.916    62  97075.831    97079.470    97429.278
 56  JTT+I+G4      48475.649    63  97077.298    97081.055    97436.445
 57  JTT+R2        48531.856    63  97189.712    97193.470    97548.859
 58  JTT+R3        48473.147    65  97076.293    97080.295    97446.842
 59  JTT+R4        48466.598    67  97067.195    97071.449    97449.145
 66  JTT+F         48787.070    80  97734.140    97740.228    98190.200
 67  JTT+F+I       48779.427    81  97720.854    97727.096    98182.615
 68  JTT+F+G4      48218.392    81  96598.785    96605.027    97060.545
 69  JTT+F+I+G4    48217.971    82  96599.942    96606.342    97067.403
 70  JTT+F+R2      48276.106    82  96716.211    96722.611    97183.673
 71  JTT+F+R3      48217.480    84  96602.961    96609.681    97081.824
 72  JTT+F+R4      48209.749    86  96591.499    96598.547    97081.763
 73  JTT+F+R5      48200.219    88  96576.439    96583.824    97078.105
 74  JTT+F+R6      48195.216    90  96570.432    96578.162    97083.500
 79  WAG           49038.811    61  98199.622    98203.143    98547.367
 80  WAG+I         49033.548    62  98191.095    98194.734    98544.542
 81  WAG+G4        48527.368    62  97178.735    97182.374    97532.182
 82  WAG+I+G4      48527.403    63  97180.807    97184.565    97539.954
 83  WAG+R2        48576.518    63  97279.036    97282.794    97638.183
 84  WAG+R3        48520.985    65  97171.971    97175.973    97542.519
 85  WAG+R4        48516.672    67  97167.343    97171.597    97549.293
 92  WAG+F         48767.404    80  97694.808    97700.895    98150.868
 93  WAG+F+I       48761.689    81  97685.377    97691.620    98147.138
 94  WAG+F+G4      48200.285    81  96562.570    96568.812    97024.330
 95  WAG+F+I+G4    48200.241    82  96564.481    96570.881    97031.942
 96  WAG+F+R2      48253.357    82  96670.715    96677.114    97138.176
 97  WAG+F+R3      48198.009    84  96564.017    96570.737    97042.880
 98  WAG+F+R4      48192.219    86  96556.438    96563.486    97046.702
105  cpREV         49460.080    61  99042.159    99045.681    99389.905
106  cpREV+I       49458.355    62  99040.710    99044.349    99394.157
107  cpREV+G4      48810.741    62  97745.483    97749.121    98098.929
108  cpREV+I+G4    48810.705    63  97747.411    97751.169    98106.558
109  cpREV+R2      48883.241    63  97892.482    97896.240    98251.630
110  cpREV+R3      48812.466    65  97754.932    97758.934    98125.481
111  cpREV+R4      48802.814    67  97739.627    97743.881    98121.577
112  cpREV+R5      48794.055    69  97726.110    97730.624    98119.462
113  cpREV+R6      48790.596    71  97723.192    97727.974    98127.945
118  cpREV+F       49186.262    80  98532.524    98538.611    98988.583
119  cpREV+F+I     49183.570    81  98529.141    98535.383    98990.901
120  cpREV+F+G4    48450.661    81  97063.323    97069.565    97525.083
121  cpREV+F+I+G4  48450.534    82  97065.068    97071.468    97532.529
122  cpREV+F+R2    48538.704    82  97241.408    97247.807    97708.869
123  cpREV+F+R3    48463.786    84  97095.573    97102.293    97574.435
124  cpREV+F+R4    48450.495    86  97072.991    97080.039    97563.255
125  cpREV+F+R5    48436.615    88  97049.231    97056.616    97550.897
126  cpREV+F+R6    48430.701    90  97041.402    97049.132    97554.469
131  mtREV         51746.108    61  103614.217   103617.738   103961.962
132  mtREV+I       51737.310    62  103598.619   103602.258   103952.066
133  mtREV+G4      50822.068    62  101768.137   101771.776   102121.583
134  mtREV+I+G4    50822.020    63  101770.040   101773.798   102129.188
135  mtREV+R2      50959.492    63  102044.984   102048.742   102404.131
136  mtREV+R3      50841.421    65  101812.843   101816.844   102183.391
137  mtREV+R4      50820.945    67  101775.890   101780.144   102157.840
138  mtREV+R5      50802.009    69  101742.017   101746.531   102135.369
139  mtREV+R6      50793.187    71  101728.373   101733.155   102133.126
140  mtREV+R7      50776.252    73  101698.504   101703.562   102114.659
141  mtREV+R8      50774.771    75  101699.543   101704.885   102127.099
144  mtREV+F       49581.238    80  99322.477    99328.564    99778.537
145  mtREV+F+I     49575.364    81  99312.727    99318.970    99774.488
146  mtREV+F+G4    48687.961    81  97537.922    97544.164    97999.683
147  mtREV+F+I+G4  48687.793    82  97539.586    97545.985    98007.047
148  mtREV+F+R2    48816.291    82  97796.581    97802.981    98264.043
149  mtREV+F+R3    48723.417    84  97614.834    97621.554    98093.697
150  mtREV+F+R4    48702.945    86  97577.890    97584.938    98068.154
151  mtREV+F+R5    48676.863    88  97529.727    97537.112    98031.393
152  mtREV+F+R6    48664.822    90  97509.644    97517.374    98022.712
153  mtREV+F+R7    48639.943    92  97463.886    97471.970    97988.355
154  mtREV+F+R8    48637.740    94  97463.481    97471.925    97999.351
157  rtREV         49406.795    61  98935.590    98939.112    99283.336
158  rtREV+I       49401.972    62  98927.945    98931.583    99281.391
159  rtREV+G4      48795.985    62  97715.970    97719.608    98069.416
160  rtREV+I+G4    48795.972    63  97717.945    97721.702    98077.092
161  rtREV+R2      48863.195    63  97852.390    97856.148    98211.537
162  rtREV+R3      48799.620    65  97729.239    97733.241    98099.788
163  rtREV+R4      48790.675    67  97715.350    97719.604    98097.300
164  rtREV+R5      48781.507    69  97701.013    97705.527    98094.365
165  rtREV+R6      48778.261    71  97698.521    97703.303    98103.274
170  rtREV+F       48895.030    80  97950.061    97956.148    98406.121
171  rtREV+F+I     48890.010    81  97942.020    97948.263    98403.781
172  rtREV+F+G4    48241.740    81  96645.480    96651.722    97107.241
173  rtREV+F+I+G4  48241.698    82  96647.397    96653.796    97114.858
174  rtREV+F+R2    48315.266    82  96794.532    96800.932    97261.993
175  rtREV+F+R3    48250.740    84  96669.480    96676.200    97148.343
176  rtREV+F+R4    48240.699    86  96653.399    96660.447    97143.663
177  rtREV+F+R5    48230.083    88  96636.166    96643.551    97137.832
178  rtREV+F+R6    48225.525    90  96631.050    96638.780    97144.118
183  mtART         53077.896    61  106277.793   106281.314   106625.539
184  mtART+I       53068.669    62  106261.338   106264.976   106614.784
185  mtART+G4      51568.372    62  103260.745   103264.383   103614.191
186  mtART+I+G4    51568.007    63  103262.014   103265.772   103621.161
187  mtART+R2      51971.619    63  104069.237   104072.995   104428.384
188  mtART+R3      51749.389    65  103628.778   103632.780   103999.327
189  mtART+R4      51700.256    67  103534.511   103538.765   103916.461
190  mtART+R5      51634.066    69  103406.132   103410.646   103799.483
191  mtART+R6      51606.206    71  103354.413   103359.195   103759.166
192  mtART+R7      51513.185    73  103172.370   103177.428   103588.525
193  mtART+R8      51505.486    75  103160.972   103166.314   103588.528
196  mtART+F       50439.281    80  101038.562   101044.649   101494.622
197  mtART+F+I     50432.018    81  101026.036   101032.278   101487.797
198  mtART+F+G4    49046.447    81  98254.893    98261.136    98716.654
199  mtART+F+I+G4  49046.364    82  98256.729    98263.129    98724.190
200  mtART+F+R2    49391.998    82  98947.996    98954.396    99415.457
201  mtART+F+R3    49206.372    84  98580.745    98587.465    99059.607
202  mtART+F+R4    49165.902    86  98503.803    98510.852    98994.068
203  mtART+F+R5    49107.721    88  98391.443    98398.828    98893.109
204  mtART+F+R6    49080.410    90  98340.819    98348.549    98853.887
205  mtART+F+R7    48997.406    92  98178.813    98186.896    98703.281
206  mtART+F+R8    48987.199    94  98162.397    98170.842    98698.268
207  mtART+F+R9    48970.962    96  98133.923    98142.737    98681.195
208  mtART+F+R10   48967.612    98  98131.225    98140.416    98689.898
209  mtZOA         51870.613    61  103863.226   103866.748   104210.972
210  mtZOA+I       51863.244    62  103850.488   103854.126   104203.934
211  mtZOA+G4      50707.273    62  101538.546   101542.184   101891.992
212  mtZOA+I+G4    50707.191    63  101540.381   101544.139   101899.529
213  mtZOA+R2      50944.180    63  102014.361   102018.119   102373.508
214  mtZOA+R3      50789.085    65  101708.171   101712.172   102078.719
215  mtZOA+R4      50757.725    67  101649.451   101653.705   102031.401
216  mtZOA+R5      50720.046    69  101578.093   101582.607   101971.444
217  mtZOA+R6      50706.866    71  101555.733   101560.515   101960.486
218  mtZOA+R7      50655.502    73  101457.004   101462.062   101873.158
219  mtZOA+R8      50653.038    75  101456.076   101461.418   101883.632
222  mtZOA+F       49825.455    80  99810.910    99816.997    100266.970
223  mtZOA+F+I     49820.872    81  99803.745    99809.987    100265.505
224  mtZOA+F+G4    48703.043    81  97568.086    97574.329    98029.847
225  mtZOA+F+I+G4  48702.956    82  97569.913    97576.313    98037.374
226  mtZOA+F+R2    48938.265    82  98040.530    98046.930    98507.991
227  mtZOA+F+R3    48803.304    84  97774.607    97781.327    98253.470
228  mtZOA+F+R4    48772.815    86  97717.630    97724.679    98207.895
229  mtZOA+F+R5    48732.667    88  97641.333    97648.719    98142.999
230  mtZOA+F+R6    48714.792    90  97609.583    97617.313    98122.650
231  mtZOA+F+R7    48660.846    92  97505.693    97513.776    98030.161
232  mtZOA+F+R8    48653.982    94  97495.964    97504.408    98031.834
235  VT            48714.628    61  97551.255    97554.777    97899.001
236  VT+I          48708.565    62  97541.130    97544.768    97894.576
237  VT+G4         48306.081    62  96736.162    96739.800    97089.608
238  VT+I+G4       48306.081    63  96738.162    96741.920    97097.309
239  VT+R2         48340.434    63  96806.867    96810.625    97166.014
240  VT+R3         48305.715    65  96741.431    96745.433    97111.979
241  VT+R4         48301.269    67  96736.537    96740.791    97118.487
248  VT+F          48539.371    80  97238.742    97244.830    97694.802
249  VT+F+I        48533.215    81  97228.430    97234.672    97690.191
250  VT+F+G4       48104.791    81  96371.582    96377.824    96833.342
251  VT+F+I+G4     48104.773    82  96373.547    96379.946    96841.008
252  VT+F+R2       48140.394    82  96444.788    96451.188    96912.249
253  VT+F+R3       48106.487    84  96380.974    96387.694    96859.837
254  VT+F+R4       48101.647    86  96375.295    96382.343    96865.559
261  LG            49177.820    61  98477.640    98481.161    98825.385
262  LG+I          49170.673    62  98465.346    98468.984    98818.792
263  LG+G4         48495.478    62  97114.957    97118.595    97468.403
264  LG+I+G4       48495.447    63  97116.893    97120.651    97476.040
265  LG+R2         48583.026    63  97292.051    97295.809    97651.198
266  LG+R3         48529.958    65  97189.917    97193.918    97560.465
267  LG+R4         48516.197    67  97166.395    97170.649    97548.345
268  LG+R5         48488.090    69  97114.181    97118.695    97507.532
269  LG+R6         48484.030    71  97110.060    97114.842    97514.814
274  LG+F          48911.046    80  97982.092    97988.180    98438.152
275  LG+F+I        48904.203    81  97970.406    97976.649    98432.167
276  LG+F+G4       48205.683    81  96573.367    96579.609    97035.127
277  LG+F+I+G4     48205.603    82  96575.206    96581.606    97042.668
278  LG+F+R2       48300.729    82  96765.458    96771.858    97232.920
279  LG+F+R3       48245.441    84  96658.881    96665.601    97137.744
280  LG+F+R4       48230.690    86  96633.379    96640.428    97123.644
281  LG+F+R5       48200.110    88  96576.219    96583.605    97077.885
282  LG+F+R6       48195.338    90  96570.675    96578.405    97083.743
287  DCMut         49595.690    61  99313.379    99316.901    99661.125
288  DCMut+I       49589.933    62  99303.866    99307.504    99657.312
289  DCMut+G4      48954.729    62  98033.458    98037.096    98386.904
290  DCMut+I+G4    48954.739    63  98035.477    98039.235    98394.625
291  DCMut+R2      49021.811    63  98169.622    98173.380    98528.769
292  DCMut+R3      48976.799    65  98083.598    98087.600    98454.147
293  DCMut+R4      48966.154    67  98066.309    98070.563    98448.259
294  DCMut+R5      48948.751    69  98035.502    98040.016    98428.854
295  DCMut+R6      48947.633    71  98037.265    98042.048    98442.019
300  DCMut+F       49117.144    80  98394.288    98400.376    98850.348
301  DCMut+F+I     49110.845    81  98383.690    98389.933    98845.451
302  DCMut+F+G4    48444.785    81  97051.571    97057.813    97513.331
303  DCMut+F+I+G4  48444.771    82  97053.542    97059.942    97521.003
304  DCMut+F+R2    48513.852    82  97191.703    97198.103    97659.165
305  DCMut+F+R3    48474.382    84  97116.764    97123.484    97595.627
306  DCMut+F+R4    48462.774    86  97097.547    97104.596    97587.812
307  DCMut+F+R5    48441.400    88  97058.800    97066.185    97560.465
308  DCMut+F+R6    48439.610    90  97059.219    97066.949    97572.287
313  PMB           48987.429    61  98096.857    98100.379    98444.603
314  PMB+I         48978.774    62  98081.549    98085.187    98434.995
315  PMB+G4        48595.899    62  97315.798    97319.437    97669.245
316  PMB+I+G4      48595.870    63  97317.739    97321.497    97676.886
317  PMB+R2        48628.078    63  97382.156    97385.914    97741.304
318  PMB+R3        48591.385    65  97312.770    97316.772    97683.319
319  PMB+R4        48589.895    67  97313.789    97318.043    97695.739
326  PMB+F         48722.911    80  97605.822    97611.909    98061.882
327  PMB+F+I       48714.794    81  97591.587    97597.830    98053.348
328  PMB+F+G4      48273.745    81  96709.489    96715.732    97171.250
329  PMB+F+I+G4    48273.631    82  96711.261    96717.661    97178.722
330  PMB+F+R2      48307.026    82  96778.052    96784.452    97245.513
331  PMB+F+R3      48272.653    84  96713.306    96720.026    97192.169
332  PMB+F+R4      48270.886    86  96713.773    96720.821    97204.037
339  HIVb          50058.327    61  100238.653   100242.175   100586.399
340  HIVb+I        50047.460    62  100218.920   100222.558   100572.366
341  HIVb+G4       49289.090    62  98702.180    98705.819    99055.627
342  HIVb+I+G4     49288.986    63  98703.972    98707.729    99063.119
343  HIVb+R2       49396.605    63  98919.210    98922.968    99278.357
344  HIVb+R3       49324.186    65  98778.371    98782.373    99148.920
345  HIVb+R4       49318.829    67  98771.659    98775.913    99153.609
352  HIVb+F        49576.031    80  99312.063    99318.150    99768.123
353  HIVb+F+I      49564.628    81  99291.257    99297.499    99753.017
354  HIVb+F+G4     48740.447    81  97642.895    97649.137    98104.655
355  HIVb+F+I+G4   48740.316    82  97644.631    97651.031    98112.092
356  HIVb+F+R2     48877.775    82  97919.550    97925.949    98387.011
357  HIVb+F+R3     48793.535    84  97755.070    97761.790    98233.933
358  HIVb+F+R4     48786.798    86  97745.595    97752.644    98235.860
365  HIVw          51573.775    61  103269.550   103273.071   103617.296
366  HIVw+I        51567.654    62  103259.307   103262.946   103612.753
367  HIVw+G4       50659.114    62  101442.228   101445.866   101795.674
368  HIVw+I+G4     50658.976    63  101443.952   101447.710   101803.099
369  HIVw+R2       50815.550    63  101757.099   101760.857   102116.246
370  HIVw+R3       50726.839    65  101583.678   101587.680   101954.227
371  HIVw+R4       50719.894    67  101573.788   101578.042   101955.738
378  HIVw+F        50297.211    80  100754.423   100760.510   101210.483
379  HIVw+F+I      50286.362    81  100734.725   100740.967   101196.485
380  HIVw+F+G4     49407.857    81  98977.713    98983.956    99439.474
381  HIVw+F+I+G4   49407.776    82  98979.551    98985.951    99447.012
382  HIVw+F+R2     49561.032    82  99286.064    99292.464    99753.526
383  HIVw+F+R3     49474.531    84  99117.063    99123.783    99595.926
384  HIVw+F+R4     49467.665    86  99107.331    99114.379    99597.595
391  JTTDCMut      49043.063    61  98208.127    98211.648    98555.872
392  JTTDCMut+I    49036.236    62  98196.472    98200.111    98549.919
393  JTTDCMut+G4   48494.098    62  97112.195    97115.834    97465.642
394  JTTDCMut+I+G4 48494.055    63  97114.110    97117.868    97473.257
395  JTTDCMut+R2   48549.795    63  97225.591    97229.349    97584.738
396  JTTDCMut+R3   48506.010    65  97142.020    97146.022    97512.568
397  JTTDCMut+R4   48503.300    67  97140.600    97144.854    97522.550
404  JTTDCMut+F    48799.784    80  97759.568    97765.655    98215.628
405  JTTDCMut+F+I  48792.299    81  97746.598    97752.840    98208.358
406  JTTDCMut+F+G4 48227.675    81  96617.350    96623.593    97079.111
407  JTTDCMut+F+I+G4 48227.670    82  96619.339    96625.739    97086.800
408  JTTDCMut+F+R2 48285.478    82  96734.956    96741.355    97202.417
409  JTTDCMut+F+R3 48243.017    84  96654.034    96660.754    97132.897
410  JTTDCMut+F+R4 48240.124    86  96652.248    96659.297    97142.512
417  FLU           49970.660    61  100063.319   100066.841   100411.065
418  FLU+I         49965.737    62  100055.474   100059.112   100408.920
419  FLU+G4        49132.416    62  98388.832    98392.471    98742.279
420  FLU+I+G4      49132.375    63  98390.750    98394.508    98749.897
421  FLU+R2        49256.925    63  98639.850    98643.608    98998.997
422  FLU+R3        49192.027    65  98514.054    98518.056    98884.603
423  FLU+R4        49186.079    67  98506.159    98510.413    98888.109
430  FLU+F         49589.244    80  99338.487    99344.575    99794.547
431  FLU+F+I       49583.010    81  99328.020    99334.262    99789.780
432  FLU+F+G4      48721.752    81  97605.505    97611.747    98067.265
433  FLU+F+I+G4    48721.679    82  97607.358    97613.757    98074.819
434  FLU+F+R2      48863.279    82  97890.559    97896.958    98358.020
435  FLU+F+R3      48792.189    84  97752.378    97759.098    98231.240
436  FLU+F+R4      48785.637    86  97743.273    97750.322    98233.538
443  Blosum62      49073.212    61  98268.425    98271.946    98616.170
444  Blosum62+I    49068.203    62  98260.405    98264.044    98613.852
445  Blosum62+G4   48661.709    62  97447.418    97451.057    97800.864
446  Blosum62+I+G4 48661.719    63  97449.438    97453.196    97808.585
447  Blosum62+R2   48694.053    63  97514.107    97517.864    97873.254
448  Blosum62+R3   48660.022    65  97450.043    97454.045    97820.592
449  Blosum62+R4   48659.570    67  97453.139    97457.393    97835.089
456  Blosum62+F    48736.770    80  97633.539    97639.626    98089.599
457  Blosum62+F+I  48731.886    81  97625.771    97632.014    98087.532
458  Blosum62+F+G4 48274.514    81  96711.028    96717.270    97172.789
459  Blosum62+F+I+G4 48274.457    82  96712.915    96719.315    97180.376
460  Blosum62+F+R2 48310.372    82  96784.744    96791.144    97252.205
461  Blosum62+F+R3 48276.324    84  96720.649    96727.369    97199.512
462  Blosum62+F+R4 48275.677    86  96723.354    96730.402    97213.618
469  mtMet         51893.223    61  103908.447   103911.968   104256.193
470  mtMet+I       51884.105    62  103892.210   103895.849   104245.656
471  mtMet+G4      51027.025    62  102178.050   102181.689   102531.496
472  mtMet+I+G4    51026.996    63  102179.991   102183.749   102539.138
473  mtMet+R2      51168.834    63  102463.669   102467.426   102822.816
474  mtMet+R3      51077.731    65  102285.461   102289.463   102656.010
475  mtMet+R4      51075.602    67  102285.203   102289.457   102667.153
482  mtMet+F       49495.736    80  99151.471    99157.559    99607.531
483  mtMet+F+I     49489.731    81  99141.462    99147.704    99603.222
484  mtMet+F+G4    48622.652    81  97407.304    97413.547    97869.065
485  mtMet+F+I+G4  48622.533    82  97409.067    97415.466    97876.528
486  mtMet+F+R2    48782.583    82  97729.167    97735.566    98196.628
487  mtMet+F+R3    48703.014    84  97574.027    97580.747    98052.890
488  mtMet+F+R4    48701.429    86  97574.858    97581.906    98065.122
495  mtVer         52272.177    61  104666.353   104669.875   105014.099
496  mtVer+I       52257.337    62  104638.673   104642.312   104992.120
497  mtVer+G4      51317.979    62  102759.958   102763.596   103113.404
498  mtVer+I+G4    51317.925    63  102761.850   102765.608   103120.997
499  mtVer+R2      51486.290    63  103098.579   103102.337   103457.726
500  mtVer+R3      51386.830    65  102903.660   102907.662   103274.208
501  mtVer+R4      51384.430    67  102902.859   102907.113   103284.809
508  mtVer+F       50019.608    80  100199.215   100205.302   100655.275
509  mtVer+F+I     50009.232    81  100180.463   100186.706   100642.224
510  mtVer+F+G4    49020.951    81  98203.902    98210.144    98665.662
511  mtVer+F+I+G4  49020.819    82  98205.637    98212.037    98673.098
512  mtVer+F+R2    49221.280    82  98606.559    98612.959    99074.020
513  mtVer+F+R3    49124.257    84  98416.515    98423.235    98895.377
514  mtVer+F+R4    49122.289    86  98416.579    98423.627    98906.843
521  mtInv         52237.852    61  104597.704   104601.225   104945.450
522  mtInv+I       52229.764    62  104583.527   104587.166   104936.974
523  mtInv+G4      51477.112    62  103078.223   103081.862   103431.669
524  mtInv+I+G4    51477.099    63  103080.198   103083.955   103439.345
525  mtInv+R2      51570.300    63  103266.601   103270.358   103625.748
526  mtInv+R3      51503.397    65  103136.795   103140.797   103507.344
527  mtInv+R4      51502.545    67  103139.090   103143.344   103521.040
534  mtInv+F       49221.334    80  98602.668    98608.756    99058.728
535  mtInv+F+I     49216.475    81  98594.949    98601.192    99056.710
536  mtInv+F+G4    48437.164    81  97036.327    97042.570    97498.088
537  mtInv+F+I+G4  48437.047    82  97038.094    97044.494    97505.555
538  mtInv+F+R2    48552.095    82  97268.189    97274.589    97735.651
539  mtInv+F+R3    48499.763    84  97167.525    97174.245    97646.388
540  mtInv+F+R4    48499.034    86  97170.069    97177.118    97660.333
Akaike Information Criterion:           VT+F+G4
Corrected Akaike Information Criterion: VT+F+G4
Bayesian Information Criterion:         VT+F+G4
Best-fit model: VT+F+G4 chosen according to BIC

All model information printed to K03099.muscle.model.gz
CPU time for ModelFinder: 1916.860 seconds (0h:31m:56s)
Wall-clock time for ModelFinder: 2156.485 seconds (0h:35m:56s)

NOTE: 39 MB RAM (0 GB) is required!
Estimate model parameters (epsilon = 0.100)
1. Initial log-likelihood: -48290.994
2. Current log-likelihood: -48143.619
3. Current log-likelihood: -48114.091
4. Current log-likelihood: -48107.603
5. Current log-likelihood: -48105.554
6. Current log-likelihood: -48104.974
7. Current log-likelihood: -48104.831
Optimal log-likelihood: -48104.729
Gamma shape alpha: 2.178
Parameters optimization took 7 rounds (6.213 sec)
Computing ML distances based on estimated model parameters... 0.359 sec
Computing BIONJ tree...
0.003 seconds
Log-likelihood of BIONJ tree: -48227.210
--------------------------------------------------------------------
|             INITIALIZING CANDIDATE TREE SET                      |
--------------------------------------------------------------------
Generating 98 parsimony trees... 2.167 second
Computing log-likelihood of 98 initial trees ... 33.331 seconds
Current best score: -48104.041

Do NNI search on 20 best initial trees
Estimate model parameters (epsilon = 0.100)
BETTER TREE FOUND at iteration 1: -48074.174
Iteration 10 / LogL: -48078.184 / Time: 0h:1m:44s
Iteration 20 / LogL: -48076.408 / Time: 0h:2m:50s
Finish initializing candidate tree set (12)
Current best tree score: -48074.174 / CPU time: 159.823
Number of iterations: 20
--------------------------------------------------------------------
|               OPTIMIZING CANDIDATE TREE SET                      |
--------------------------------------------------------------------
BETTER TREE FOUND at iteration 26: -48074.172
Iteration 30 / LogL: -48074.206 / Time: 0h:4m:15s (0h:14m:5s left)
WARNING: NNI search needs unusual large number of steps (32) to converge!
Iteration 40 / LogL: -48074.200 / Time: 0h:5m:44s (0h:12m:38s left)
Iteration 50 / LogL: -48074.983 / Time: 0h:7m:2s (0h:10m:54s left)
Iteration 60 / LogL: -48074.191 / Time: 0h:8m:50s (0h:9m:53s left)
WARNING: NNI search needs unusual large number of steps (32) to converge!
Iteration 70 / LogL: -48074.436 / Time: 0h:10m:4s (0h:8m:10s left)
WARNING: NNI search needs unusual large number of steps (32) to converge!
Iteration 80 / LogL: -48074.210 / Time: 0h:11m:8s (0h:6m:29s left)
Iteration 90 / LogL: -48076.471 / Time: 0h:12m:6s (0h:4m:53s left)
Iteration 100 / LogL: -48074.212 / Time: 0h:13m:17s (0h:3m:29s left)
WARNING: NNI search needs unusual large number of steps (32) to converge!
Iteration 110 / LogL: -48074.202 / Time: 0h:14m:12s (0h:2m:5s left)
Iteration 120 / LogL: -48074.196 / Time: 0h:15m:22s (0h:0m:46s left)
WARNING: NNI search needs unusual large number of steps (32) to converge!
TREE SEARCH COMPLETED AFTER 127 ITERATIONS / Time: 0h:16m:6s

--------------------------------------------------------------------
|                    FINALIZING TREE SEARCH                        |
--------------------------------------------------------------------
Performs final model parameters optimization
Estimate model parameters (epsilon = 0.010)
1. Initial log-likelihood: -48074.172
Optimal log-likelihood: -48074.167
Gamma shape alpha: 2.196
Parameters optimization took 1 rounds (0.390 sec)
BEST SCORE FOUND : -48074.167
Total tree length: 28.317

Total number of iterations: 127
CPU time used for tree search: 892.728 sec (0h:14m:52s)
Wall-clock time used for tree search: 956.582 sec (0h:15m:56s)
Total CPU time used: 902.573 sec (0h:15m:2s)
Total wall-clock time used: 967.362 sec (0h:16m:7s)

Analysis results written to: 
  IQ-TREE report:                K03099.muscle.iqtree
  Maximum-likelihood tree:       K03099.muscle.treefile
  Likelihood distances:          K03099.muscle.mldist
  Screen log file:               K03099.muscle.log

Date and Time: Mon Mar 16 17:09:12 2020
