IQ-TREE multicore version 1.6.12 for Mac OS X 64-bit built Aug 15 2019
Developed by Bui Quang Minh, Nguyen Lam Tung, Olga Chernomor,
Heiko Schmidt, Dominik Schrempf, Michael Woodhams.

Host:    Davids-MacBook-Air-2.local (AVX2, FMA3, 8 GB RAM)
Command: iqtree -s K07198.muscle
Seed:    402456 (Using SPRNG - Scalable Parallel Random Number Generator)
Time:    Mon Mar 16 18:00:06 2020
Kernel:  AVX+FMA - 1 threads (4 CPU cores detected)

HINT: Use -nt option to specify number of threads because your CPU has 4 cores!
HINT: -nt AUTO will automatically determine the best number of threads to use.

Reading alignment file K07198.muscle ... Fasta format detected
Alignment most likely contains protein sequences
Alignment has 19 sequences with 687 columns, 606 distinct patterns
435 parsimony-informative, 69 singleton sites, 183 constant sites
WARNING: Some sequence names are changed as follows:
K07198|Aurelia|XLOC_014998|TCONS_00020922|Seg160.7_Seg160.8.p1 -> K07198_Aurelia_XLOC_014998_TCONS_00020922_Seg160.7_Seg160.8.p1
K07198|Aurelia|XLOC_014998|TCONS_00020923|Seg160.7_Seg160.8.p1 -> K07198_Aurelia_XLOC_014998_TCONS_00020923_Seg160.7_Seg160.8.p1
K07198|Aurelia|XLOC_014998|TCONS_00020924|Seg160.7_Seg160.8.p1 -> K07198_Aurelia_XLOC_014998_TCONS_00020924_Seg160.7_Seg160.8.p1
K07198|Exaiptasia|epa:110241483_K07198_5'-AMP-activated_protein_kinase,_catalytic_alpha_subunit_[EC:2.7.11.11]_|_(RefSeq)_5'-AMP-activated_protein_kinase_catalytic_subunit_alpha-2-like_(A) -> K07198_Exaiptasia_epa_110241483_K07198_5_-AMP-activated_protein_kinase__catalytic_alpha_subunit__EC_2.7.11.11_____RefSeq__5_-AMP-activated_protein_kinase_catalytic_subunit_alpha-2-like__A_
K07198|Acropora|adf:107338938_K07198_5'-AMP-activated_protein_kinase,_catalytic_alpha_subunit_[EC:2.7.11.11]_|_(RefSeq)_5'-AMP-activated_protein_kinase_catalytic_subunit_alpha-2-like_(A) -> K07198_Acropora_adf_107338938_K07198_5_-AMP-activated_protein_kinase__catalytic_alpha_subunit__EC_2.7.11.11_____RefSeq__5_-AMP-activated_protein_kinase_catalytic_subunit_alpha-2-like__A_
K07198|Amphimedon|aqu:100642122_K07198_5'-AMP-activated_protein_kinase,_catalytic_alpha_subunit_[EC:2.7.11.11]_|_(RefSeq)_5'-AMP-activated_protein_kinase_catalytic_subunit_alpha-2-like_(A) -> K07198_Amphimedon_aqu_100642122_K07198_5_-AMP-activated_protein_kinase__catalytic_alpha_subunit__EC_2.7.11.11_____RefSeq__5_-AMP-activated_protein_kinase_catalytic_subunit_alpha-2-like__A_
K07198|Nematostella|nve:NEMVE_v1g171208_K07198_5'-AMP-activated_protein_kinase,_catalytic_alpha_subunit_[EC:2.7.11.11]_|_(RefSeq)_hypothetical_protein_(A) -> K07198_Nematostella_nve_NEMVE_v1g171208_K07198_5_-AMP-activated_protein_kinase__catalytic_alpha_subunit__EC_2.7.11.11_____RefSeq__hypothetical_protein__A_
K07198|Homo|hsa:5562_K07198_5'-AMP-activated_protein_kinase,_catalytic_alpha_subunit_[EC:2.7.11.11]_|_(RefSeq)_PRKAA1,_AMPK,_AMPKa1;_protein_kinase_AMP-activated_catalytic_subunit_alpha_1_(A) -> K07198_Homo_hsa_5562_K07198_5_-AMP-activated_protein_kinase__catalytic_alpha_subunit__EC_2.7.11.11_____RefSeq__PRKAA1__AMPK__AMPKa1__protein_kinase_AMP-activated_catalytic_subunit_alpha_1__A_
K07198|Mus|mmu:105787_K07198_5'-AMP-activated_protein_kinase,_catalytic_alpha_subunit_[EC:2.7.11.11]_|_(RefSeq)_Prkaa1,_AI194361,_AI450832,_AL024255,_AMPKalpha1,_C130083N04Rik;_protein_kinase,_AMP-activated,_alpha_1_catalytic_subunit_(A) -> K07198_Mus_mmu_105787_K07198_5_-AMP-activated_protein_kinase__catalytic_alpha_subunit__EC_2.7.11.11_____RefSeq__Prkaa1__AI194361__AI450832__AL024255__AMPKalpha1__C130083N04Rik__protein_kinase__AMP-activated__alpha_1_catalytic_subunit__A_
K07198|Homo|hsa:5563_K07198_5'-AMP-activated_protein_kinase,_catalytic_alpha_subunit_[EC:2.7.11.11]_|_(RefSeq)_PRKAA2,_AMPK,_AMPK2,_AMPKa2,_PRKAA;_protein_kinase_AMP-activated_catalytic_subunit_alpha_2_(A) -> K07198_Homo_hsa_5563_K07198_5_-AMP-activated_protein_kinase__catalytic_alpha_subunit__EC_2.7.11.11_____RefSeq__PRKAA2__AMPK__AMPK2__AMPKa2__PRKAA__protein_kinase_AMP-activated_catalytic_subunit_alpha_2__A_
K07198|Mus|mmu:108079_K07198_5'-AMP-activated_protein_kinase,_catalytic_alpha_subunit_[EC:2.7.11.11]_|_(RefSeq)_Prkaa2,_2310008I11Rik,_A830082D05,_AMPKalpha2;_protein_kinase,_AMP-activated,_alpha_2_catalytic_subunit_(A) -> K07198_Mus_mmu_108079_K07198_5_-AMP-activated_protein_kinase__catalytic_alpha_subunit__EC_2.7.11.11_____RefSeq__Prkaa2__2310008I11Rik__A830082D05__AMPKalpha2__protein_kinase__AMP-activated__alpha_2_catalytic_subunit__A_
K07198|Helobdella|hro:HELRODRAFT_155987_K07198_5'-AMP-activated_protein_kinase,_catalytic_alpha_subunit_[EC:2.7.11.11]_|_(RefSeq)_hypothetical_protein_(A) -> K07198_Helobdella_hro_HELRODRAFT_155987_K07198_5_-AMP-activated_protein_kinase__catalytic_alpha_subunit__EC_2.7.11.11_____RefSeq__hypothetical_protein__A_
K07198|Helobdella|hro:HELRODRAFT_112211_K07198_5'-AMP-activated_protein_kinase,_catalytic_alpha_subunit_[EC:2.7.11.11]_|_(RefSeq)_hypothetical_protein_(A) -> K07198_Helobdella_hro_HELRODRAFT_112211_K07198_5_-AMP-activated_protein_kinase__catalytic_alpha_subunit__EC_2.7.11.11_____RefSeq__hypothetical_protein__A_
K07198|Helobdella|hro:HELRODRAFT_82669_K07198_5'-AMP-activated_protein_kinase,_catalytic_alpha_subunit_[EC:2.7.11.11]_|_(RefSeq)_hypothetical_protein_(A) -> K07198_Helobdella_hro_HELRODRAFT_82669_K07198_5_-AMP-activated_protein_kinase__catalytic_alpha_subunit__EC_2.7.11.11_____RefSeq__hypothetical_protein__A_
K07198|Daphnia|dpx:DAPPUDRAFT_192309_K07198_5'-AMP-activated_protein_kinase,_catalytic_alpha_subunit_[EC:2.7.11.11]_|_(GenBank)_putative_AMP-activated_protein_kinase_alpha_subunit_(A) -> K07198_Daphnia_dpx_DAPPUDRAFT_192309_K07198_5_-AMP-activated_protein_kinase__catalytic_alpha_subunit__EC_2.7.11.11_____GenBank__putative_AMP-activated_protein_kinase_alpha_subunit__A_
K07198|Hydra|hmg:101238049_K07198_5'-AMP-activated_protein_kinase,_catalytic_alpha_subunit_[EC:2.7.11.11]_|_(RefSeq)_prkaa2;_5'-AMP-activated_protein_kinase_catalytic_subunit_alpha-2_(A) -> K07198_Hydra_hmg_101238049_K07198_5_-AMP-activated_protein_kinase__catalytic_alpha_subunit__EC_2.7.11.11_____RefSeq__prkaa2__5_-AMP-activated_protein_kinase_catalytic_subunit_alpha-2__A_
K07198|Aurelia|XLOC_029470|TCONS_00041675.p1 -> K07198_Aurelia_XLOC_029470_TCONS_00041675.p1
K07198|Aurelia|XLOC_054366|TCONS_00076379|Seg518.8.p1 -> K07198_Aurelia_XLOC_054366_TCONS_00076379_Seg518.8.p1
K07198|Aurelia|XLOC_054366|TCONS_00076380|Seg518.8.p1 -> K07198_Aurelia_XLOC_054366_TCONS_00076380_Seg518.8.p1

                                                                                                                                                                                                                                               Gap/Ambiguity  Composition  p-value
   1  K07198_Aurelia_XLOC_014998_TCONS_00020922_Seg160.7_Seg160.8.p1                                                                                                                                                                                   6.84%    passed     66.51%
   2  K07198_Aurelia_XLOC_014998_TCONS_00020923_Seg160.7_Seg160.8.p1                                                                                                                                                                                   6.84%    passed     66.51%
   3  K07198_Aurelia_XLOC_014998_TCONS_00020924_Seg160.7_Seg160.8.p1                                                                                                                                                                                  40.61%    passed     16.78%
   4  K07198_Exaiptasia_epa_110241483_K07198_5_-AMP-activated_protein_kinase__catalytic_alpha_subunit__EC_2.7.11.11_____RefSeq__5_-AMP-activated_protein_kinase_catalytic_subunit_alpha-2-like__A_                                                    59.10%    passed     54.44%
   5  K07198_Acropora_adf_107338938_K07198_5_-AMP-activated_protein_kinase__catalytic_alpha_subunit__EC_2.7.11.11_____RefSeq__5_-AMP-activated_protein_kinase_catalytic_subunit_alpha-2-like__A_                                                      39.16%    passed     85.86%
   6  K07198_Amphimedon_aqu_100642122_K07198_5_-AMP-activated_protein_kinase__catalytic_alpha_subunit__EC_2.7.11.11_____RefSeq__5_-AMP-activated_protein_kinase_catalytic_subunit_alpha-2-like__A_                                                    24.75%    passed     78.58%
   7  K07198_Nematostella_nve_NEMVE_v1g171208_K07198_5_-AMP-activated_protein_kinase__catalytic_alpha_subunit__EC_2.7.11.11_____RefSeq__hypothetical_protein__A_                                                                                      22.85%    passed     96.66%
   8  K07198_Homo_hsa_5562_K07198_5_-AMP-activated_protein_kinase__catalytic_alpha_subunit__EC_2.7.11.11_____RefSeq__PRKAA1__AMPK__AMPKa1__protein_kinase_AMP-activated_catalytic_subunit_alpha_1__A_                                                 20.09%    passed     99.76%
   9  K07198_Mus_mmu_105787_K07198_5_-AMP-activated_protein_kinase__catalytic_alpha_subunit__EC_2.7.11.11_____RefSeq__Prkaa1__AI194361__AI450832__AL024255__AMPKalpha1__C130083N04Rik__protein_kinase__AMP-activated__alpha_1_catalytic_subunit__A_   20.09%    passed     99.89%
  10  K07198_Homo_hsa_5563_K07198_5_-AMP-activated_protein_kinase__catalytic_alpha_subunit__EC_2.7.11.11_____RefSeq__PRKAA2__AMPK__AMPK2__AMPKa2__PRKAA__protein_kinase_AMP-activated_catalytic_subunit_alpha_2__A_                                   21.11%    passed     99.95%
  11  K07198_Mus_mmu_108079_K07198_5_-AMP-activated_protein_kinase__catalytic_alpha_subunit__EC_2.7.11.11_____RefSeq__Prkaa2__2310008I11Rik__A830082D05__AMPKalpha2__protein_kinase__AMP-activated__alpha_2_catalytic_subunit__A_                     21.11%    passed     99.60%
  12  K07198_Helobdella_hro_HELRODRAFT_155987_K07198_5_-AMP-activated_protein_kinase__catalytic_alpha_subunit__EC_2.7.11.11_____RefSeq__hypothetical_protein__A_                                                                                      28.82%    passed     48.89%
  13  K07198_Helobdella_hro_HELRODRAFT_112211_K07198_5_-AMP-activated_protein_kinase__catalytic_alpha_subunit__EC_2.7.11.11_____RefSeq__hypothetical_protein__A_                                                                                      23.14%    passed     70.60%
  14  K07198_Helobdella_hro_HELRODRAFT_82669_K07198_5_-AMP-activated_protein_kinase__catalytic_alpha_subunit__EC_2.7.11.11_____RefSeq__hypothetical_protein__A_                                                                                       25.18%    passed     88.78%
  15  K07198_Daphnia_dpx_DAPPUDRAFT_192309_K07198_5_-AMP-activated_protein_kinase__catalytic_alpha_subunit__EC_2.7.11.11_____GenBank__putative_AMP-activated_protein_kinase_alpha_subunit__A_                                                         22.71%    passed     99.49%
  16  K07198_Hydra_hmg_101238049_K07198_5_-AMP-activated_protein_kinase__catalytic_alpha_subunit__EC_2.7.11.11_____RefSeq__prkaa2__5_-AMP-activated_protein_kinase_catalytic_subunit_alpha-2__A_                                                      27.66%    passed     85.12%
  17  K07198_Aurelia_XLOC_029470_TCONS_00041675.p1                                                                                                                                                                                                    58.37%    passed     91.39%
  18  K07198_Aurelia_XLOC_054366_TCONS_00076379_Seg518.8.p1                                                                                                                                                                                           46.29%    passed     37.85%
  19  K07198_Aurelia_XLOC_054366_TCONS_00076380_Seg518.8.p1                                                                                                                                                                                           60.12%    passed     16.31%
WARNING: 3 sequences contain more than 50% gaps/ambiguity
****  TOTAL                                                                                                                                                                                                                                           30.25%  0 sequences failed composition chi2 test (p-value<5%; df=19)
NOTE: K07198_Aurelia_XLOC_014998_TCONS_00020923_Seg160.7_Seg160.8.p1 is identical to K07198_Aurelia_XLOC_014998_TCONS_00020922_Seg160.7_Seg160.8.p1 but kept for subsequent analysis


Create initial parsimony tree by phylogenetic likelihood library (PLL)... 0.003 seconds
NOTE: ModelFinder requires 18 MB RAM!
ModelFinder will test 546 protein models (sample size: 687) ...
 No. Model         -LnL         df  AIC          AICc         BIC
  1  Dayhoff       11595.947    35  23261.893    23265.764    23420.525
  2  Dayhoff+I     11438.428    36  22948.856    22952.955    23112.020
  3  Dayhoff+G4    11104.727    36  22281.454    22285.552    22444.618
  4  Dayhoff+I+G4  11105.401    37  22284.803    22289.136    22452.499
  5  Dayhoff+R2    11145.294    37  22364.589    22368.921    22532.285
  6  Dayhoff+R3    11119.386    39  22316.772    22321.594    22493.533
  7  Dayhoff+R4    11107.822    41  22297.644    22302.983    22483.470
  8  Dayhoff+R5    11103.440    43  22292.880    22298.765    22487.770
 14  Dayhoff+F     11542.691    54  23193.383    23202.782    23438.129
 15  Dayhoff+F+I   11379.643    55  22869.285    22879.047    23118.564
 16  Dayhoff+F+G4  11033.276    55  22176.553    22186.315    22425.831
 17  Dayhoff+F+I+G4 11033.807    56  22179.615    22189.748    22433.426
 18  Dayhoff+F+R2  11070.008    56  22252.016    22262.149    22505.827
 19  Dayhoff+F+R3  11045.983    58  22207.965    22218.863    22470.841
 20  Dayhoff+F+R4  11034.713    60  22189.425    22201.118    22461.365
 21  Dayhoff+F+R5  11030.631    62  22185.263    22197.782    22466.267
 27  mtMAM         12873.261    35  25816.521    25820.392    25975.153
 28  mtMAM+I       12634.809    36  25341.617    25345.716    25504.781
 29  mtMAM+G4      11874.644    36  23821.287    23825.386    23984.451
 30  mtMAM+I+G4    11873.566    37  23821.132    23825.464    23988.828
 31  mtMAM+R2      12039.666    37  24153.331    24157.664    24321.028
 32  mtMAM+R3      11971.574    39  24021.148    24025.970    24197.909
 33  mtMAM+R4      11922.944    41  23927.888    23933.228    24113.714
 34  mtMAM+R5      11899.729    43  23885.458    23891.343    24080.348
 35  mtMAM+R6      11886.695    45  23863.390    23869.848    24067.345
 36  mtMAM+R7      11878.525    47  23851.051    23858.112    24064.071
 37  mtMAM+R8      11872.816    49  23843.632    23851.324    24065.716
 40  mtMAM+F       12210.098    54  24528.195    24537.594    24772.941
 41  mtMAM+F+I     11982.892    55  24075.785    24085.547    24325.063
 42  mtMAM+F+G4    11366.402    55  22842.804    22852.567    23092.083
 43  mtMAM+F+I+G4  11366.629    56  22845.259    22855.392    23099.070
 44  mtMAM+F+R2    11496.727    56  23105.455    23115.588    23359.265
 45  mtMAM+F+R3    11445.114    58  23006.229    23017.127    23269.104
 46  mtMAM+F+R4    11407.037    60  22934.073    22945.767    23206.013
 47  mtMAM+F+R5    11388.717    62  22901.434    22913.954    23182.439
 48  mtMAM+F+R6    11378.089    64  22884.178    22897.554    23174.247
 49  mtMAM+F+R7    11371.101    66  22874.201    22888.466    23173.335
 50  mtMAM+F+R8    11366.222    68  22868.444    22883.628    23176.642
 53  JTT           11543.013    35  23156.026    23159.897    23314.657
 54  JTT+I         11372.369    36  22816.738    22820.837    22979.902
 55  JTT+G4        11059.849    36  22191.697    22195.796    22354.861
 56  JTT+I+G4      11060.415    37  22194.831    22199.164    22362.527
 57  JTT+R2        11096.942    37  22267.884    22272.216    22435.580
 58  JTT+R3        11072.740    39  22223.481    22228.303    22400.242
 59  JTT+R4        11062.272    41  22206.543    22211.883    22392.369
 60  JTT+R5        11060.155    43  22206.311    22212.196    22401.201
 66  JTT+F         11502.402    54  23112.804    23122.202    23357.550
 67  JTT+F+I       11330.377    55  22770.753    22780.515    23020.031
 68  JTT+F+G4      11013.728    55  22137.456    22147.218    22386.734
 69  JTT+F+I+G4    11014.261    56  22140.523    22150.656    22394.334
 70  JTT+F+R2      11046.761    56  22205.521    22215.655    22459.332
 71  JTT+F+R3      11024.288    58  22164.577    22175.475    22427.452
 72  JTT+F+R4      11014.628    60  22149.257    22160.950    22421.197
 73  JTT+F+R5      11012.869    62  22149.738    22162.257    22430.743
 79  WAG           11493.485    35  23056.970    23060.841    23215.602
 80  WAG+I         11341.304    36  22754.609    22758.707    22917.773
 81  WAG+G4        11048.271    36  22168.543    22172.641    22331.707
 82  WAG+I+G4      11048.941    37  22171.883    22176.215    22339.579
 83  WAG+R2        11077.757    37  22229.515    22233.848    22397.211
 84  WAG+R3        11054.624    39  22187.248    22192.071    22364.009
 85  WAG+R4        11047.245    41  22176.490    22181.829    22362.316
 86  WAG+R5        11046.574    43  22179.149    22185.034    22374.039
 92  WAG+F         11453.622    54  23015.245    23024.643    23259.991
 93  WAG+F+I       11297.070    55  22704.139    22713.901    22953.417
 94  WAG+F+G4      10993.622    55  22097.244    22107.006    22346.522
 95  WAG+F+I+G4    10994.226    56  22100.452    22110.585    22354.263
 96  WAG+F+R2      11020.381    56  22152.761    22162.894    22406.572
 97  WAG+F+R3      10999.052    58  22114.104    22125.002    22376.979
 98  WAG+F+R4      10991.804    60  22103.608    22115.301    22375.548
 99  WAG+F+R5      10991.200    62  22106.401    22118.920    22387.406
105  cpREV         11665.986    35  23401.971    23405.842    23560.603
106  cpREV+I       11494.688    36  23061.376    23065.474    23224.540
107  cpREV+G4      11150.815    36  22373.630    22377.728    22536.794
108  cpREV+I+G4    11151.249    37  22376.498    22380.831    22544.194
109  cpREV+R2      11191.744    37  22457.488    22461.820    22625.184
110  cpREV+R3      11166.955    39  22411.910    22416.732    22588.671
111  cpREV+R4      11154.572    41  22391.144    22396.483    22576.969
112  cpREV+R5      11151.741    43  22389.482    22395.366    22584.372
118  cpREV+F       11584.713    54  23277.427    23286.826    23522.173
119  cpREV+F+I     11412.770    55  22935.539    22945.302    23184.818
120  cpREV+F+G4    11057.811    55  22225.622    22235.385    22474.901
121  cpREV+F+I+G4  11058.252    56  22228.503    22238.637    22482.314
122  cpREV+F+R2    11097.356    56  22306.712    22316.846    22560.523
123  cpREV+F+R3    11073.839    58  22263.679    22274.577    22526.554
124  cpREV+F+R4    11061.371    60  22242.741    22254.435    22514.681
125  cpREV+F+R5    11058.411    62  22240.823    22253.342    22521.827
131  mtREV         12316.073    35  24702.147    24706.018    24860.779
132  mtREV+I       12141.050    36  24354.099    24358.198    24517.263
133  mtREV+G4      11648.062    36  23368.124    23372.223    23531.288
134  mtREV+I+G4    11648.537    37  23371.075    23375.408    23538.771
135  mtREV+R2      11708.840    37  23491.680    23496.013    23659.377
136  mtREV+R3      11679.645    39  23437.291    23442.113    23614.052
137  mtREV+R4      11658.917    41  23399.835    23405.174    23585.660
138  mtREV+R5      11653.938    43  23393.875    23399.760    23588.766
144  mtREV+F       11756.102    54  23620.205    23629.603    23864.951
145  mtREV+F+I     11588.336    55  23286.672    23296.435    23535.951
146  mtREV+F+G4    11165.319    55  22440.638    22450.400    22689.916
147  mtREV+F+I+G4  11165.656    56  22443.313    22453.446    22697.124
148  mtREV+F+R2    11222.962    56  22557.924    22568.057    22811.735
149  mtREV+F+R3    11193.327    58  22502.653    22513.551    22765.529
150  mtREV+F+R4    11173.830    60  22467.660    22479.353    22739.600
151  mtREV+F+R5    11169.350    62  22462.701    22475.220    22743.706
157  rtREV         11602.529    35  23275.058    23278.929    23433.690
158  rtREV+I       11442.897    36  22957.795    22961.893    23120.959
159  rtREV+G4      11112.988    36  22297.977    22302.075    22461.141
160  rtREV+I+G4    11113.235    37  22300.471    22304.804    22468.167
161  rtREV+R2      11152.093    37  22378.186    22382.519    22545.882
162  rtREV+R3      11126.563    39  22331.125    22335.948    22507.886
163  rtREV+R4      11115.493    41  22312.986    22318.325    22498.811
164  rtREV+R5      11113.626    43  22313.251    22319.136    22508.142
170  rtREV+F       11500.149    54  23108.298    23117.697    23353.044
171  rtREV+F+I     11334.483    55  22778.967    22788.729    23028.245
172  rtREV+F+G4    10989.364    55  22088.727    22098.490    22338.006
173  rtREV+F+I+G4  10989.606    56  22091.211    22101.345    22345.022
174  rtREV+F+R2    11023.859    56  22159.719    22169.852    22413.530
175  rtREV+F+R3    11001.133    58  22118.266    22129.165    22381.142
176  rtREV+F+R4    10990.439    60  22100.878    22112.572    22372.818
177  rtREV+F+R5    10988.720    62  22101.441    22113.960    22382.445
183  mtART         12784.614    35  25639.228    25643.099    25797.859
184  mtART+I       12543.369    36  25158.737    25162.836    25321.901
185  mtART+G4      11749.018    36  23570.037    23574.135    23733.201
186  mtART+I+G4    11749.230    37  23572.461    23576.794    23740.157
187  mtART+R2      11898.137    37  23870.273    23874.606    24037.970
188  mtART+R3      11844.555    39  23767.111    23771.933    23943.872
189  mtART+R4      11797.304    41  23676.608    23681.947    23862.433
190  mtART+R5      11783.312    43  23652.624    23658.509    23847.515
191  mtART+R6      11758.827    45  23607.654    23614.112    23811.609
192  mtART+R7      11751.529    47  23597.059    23604.120    23810.079
193  mtART+R8      11747.127    49  23592.254    23599.946    23814.338
196  mtART+F       12109.406    54  24326.812    24336.211    24571.558
197  mtART+F+I     11908.495    55  23926.990    23936.752    24176.268
198  mtART+F+G4    11249.825    55  22609.651    22619.413    22858.929
199  mtART+F+I+G4  11250.136    56  22612.273    22622.406    22866.083
200  mtART+F+R2    11372.084    56  22856.167    22866.300    23109.978
201  mtART+F+R3    11329.857    58  22775.715    22786.613    23038.590
202  mtART+F+R4    11290.559    60  22701.118    22712.811    22973.058
203  mtART+F+R5    11278.669    62  22681.338    22693.858    22962.343
204  mtART+F+R6    11257.844    64  22643.689    22657.065    22933.758
205  mtART+F+R7    11251.293    66  22634.586    22648.851    22933.720
206  mtART+F+R8    11247.163    68  22630.327    22645.511    22938.526
209  mtZOA         12412.382    35  24894.763    24898.634    25053.395
210  mtZOA+I       12212.932    36  24497.863    24501.962    24661.027
211  mtZOA+G4      11555.544    36  23183.088    23187.186    23346.252
212  mtZOA+I+G4    11555.819    37  23185.638    23189.970    23353.334
213  mtZOA+R2      11651.325    37  23376.650    23380.983    23544.346
214  mtZOA+R3      11610.951    39  23299.902    23304.724    23476.663
215  mtZOA+R4      11577.217    41  23236.434    23241.773    23422.259
216  mtZOA+R5      11568.256    43  23222.511    23228.396    23417.401
217  mtZOA+R6      11554.858    45  23199.717    23206.175    23403.672
218  mtZOA+R7      11551.580    47  23197.160    23204.221    23410.180
222  mtZOA+F       11859.909    54  23827.818    23837.217    24072.564
223  mtZOA+F+I     11679.586    55  23469.171    23478.934    23718.450
224  mtZOA+F+G4    11139.662    55  22389.324    22399.086    22638.602
225  mtZOA+F+I+G4  11139.934    56  22391.868    22402.001    22645.679
226  mtZOA+F+R2    11220.907    56  22553.814    22563.947    22807.624
227  mtZOA+F+R3    11188.649    58  22493.298    22504.196    22756.173
228  mtZOA+F+R4    11160.241    60  22440.481    22452.174    22712.421
229  mtZOA+F+R5    11152.313    62  22428.627    22441.146    22709.631
230  mtZOA+F+R6    11139.737    64  22407.475    22420.851    22697.544
231  mtZOA+F+R7    11136.240    66  22404.479    22418.744    22703.613
235  VT            11449.359    35  22968.717    22972.588    23127.349
236  VT+I          11296.994    36  22665.988    22670.087    22829.152
237  VT+G4         11035.076    36  22142.151    22146.250    22305.315
238  VT+I+G4       11035.184    37  22144.369    22148.701    22312.065
239  VT+R2         11057.962    37  22189.923    22194.256    22357.620
240  VT+R3         11038.665    39  22155.330    22160.152    22332.091
241  VT+R4         11033.991    41  22149.982    22155.322    22335.808
248  VT+F          11404.444    54  22916.888    22926.287    23161.634
249  VT+F+I        11251.976    55  22613.952    22623.714    22863.230
250  VT+F+G4       10988.098    55  22086.196    22095.958    22335.474
251  VT+F+I+G4     10988.190    56  22088.380    22098.513    22342.191
252  VT+F+R2       11007.575    56  22127.151    22137.284    22380.961
253  VT+F+R3       10990.254    58  22096.507    22107.406    22359.383
254  VT+F+R4       10986.164    60  22092.327    22104.020    22364.267
261  LG            11573.440    35  23216.879    23220.750    23375.511
262  LG+I          11404.864    36  22881.728    22885.826    23044.892
263  LG+G4         11052.140    36  22176.280    22180.379    22339.445
264  LG+I+G4       11052.249    37  22178.498    22182.831    22346.194
265  LG+R2         11094.660    37  22263.320    22267.653    22431.016
266  LG+R3         11068.886    39  22215.772    22220.594    22392.533
267  LG+R4         11057.370    41  22196.739    22202.079    22382.565
268  LG+R5         11053.094    43  22192.188    22198.073    22387.079
274  LG+F          11500.364    54  23108.729    23118.128    23353.475
275  LG+F+I        11332.089    55  22774.177    22783.939    23023.456
276  LG+F+G4       10977.590    55  22065.180    22074.942    22314.459
277  LG+F+I+G4     10977.674    56  22067.347    22077.481    22321.158
278  LG+F+R2       11016.271    56  22144.542    22154.675    22398.352
279  LG+F+R3       10992.176    58  22100.351    22111.249    22363.226
280  LG+F+R4       10981.391    60  22082.782    22094.475    22354.722
281  LG+F+R5       10977.741    62  22079.482    22092.002    22360.487
287  DCMut         11594.328    35  23258.656    23262.527    23417.288
288  DCMut+I       11436.941    36  22945.881    22949.980    23109.045
289  DCMut+G4      11104.555    36  22281.110    22285.209    22444.274
290  DCMut+I+G4    11104.549    37  22283.098    22287.431    22450.795
291  DCMut+R2      11142.281    37  22358.563    22362.895    22526.259
292  DCMut+R3      11119.369    39  22316.738    22321.560    22493.499
293  DCMut+R4      11110.076    41  22302.152    22307.491    22487.978
294  DCMut+R5      11107.085    43  22300.170    22306.055    22495.060
300  DCMut+F       11541.074    54  23190.148    23199.546    23434.894
301  DCMut+F+I     11378.186    55  22866.373    22876.135    23115.651
302  DCMut+F+G4    11033.159    55  22176.319    22186.081    22425.597
303  DCMut+F+I+G4  11033.157    56  22178.314    22188.447    22432.124
304  DCMut+F+R2    11067.962    56  22247.924    22258.057    22501.735
305  DCMut+F+R3    11046.013    58  22208.025    22218.923    22470.901
306  DCMut+F+R4    11036.718    60  22193.436    22205.129    22465.376
307  DCMut+F+R5    11033.951    62  22191.902    22204.421    22472.907
313  PMB           11518.106    35  23106.213    23110.084    23264.844
314  PMB+I         11371.462    36  22814.925    22819.023    22978.089
315  PMB+G4        11094.468    36  22260.936    22265.034    22424.100
316  PMB+I+G4      11094.552    37  22263.103    22267.436    22430.800
317  PMB+R2        11115.476    37  22304.953    22309.285    22472.649
318  PMB+R3        11095.902    39  22269.804    22274.627    22446.565
319  PMB+R4        11091.283    41  22264.567    22269.906    22450.393
326  PMB+F         11468.809    54  23045.619    23055.018    23290.365
327  PMB+F+I       11320.206    55  22750.412    22760.174    22999.690
328  PMB+F+G4      11039.186    55  22188.372    22198.134    22437.651
329  PMB+F+I+G4    11039.262    56  22190.523    22200.656    22444.334
330  PMB+F+R2      11058.189    56  22228.377    22238.511    22482.188
331  PMB+F+R3      11040.268    58  22196.537    22207.435    22459.412
332  PMB+F+R4      11035.724    60  22191.448    22203.142    22463.388
339  HIVb          11955.408    35  23980.816    23984.687    24139.447
340  HIVb+I        11721.218    36  23514.436    23518.535    23677.600
341  HIVb+G4       11292.610    36  22657.220    22661.319    22820.384
342  HIVb+I+G4     11292.629    37  22659.257    22663.590    22826.954
343  HIVb+R2       11358.045    37  22790.091    22794.423    22957.787
344  HIVb+R3       11324.272    39  22726.543    22731.365    22903.304
345  HIVb+R4       11306.706    41  22695.411    22700.751    22881.237
346  HIVb+R5       11299.202    43  22684.405    22690.290    22879.295
347  HIVb+R6       11292.887    45  22675.774    22682.233    22879.729
352  HIVb+F        11857.447    54  23822.895    23832.293    24067.641
353  HIVb+F+I      11624.210    55  23358.420    23368.183    23607.699
354  HIVb+F+G4     11172.121    55  22454.241    22464.004    22703.520
355  HIVb+F+I+G4   11172.129    56  22456.259    22466.392    22710.069
356  HIVb+F+R2     11239.743    56  22591.486    22601.619    22845.297
357  HIVb+F+R3     11206.170    58  22528.340    22539.238    22791.216
358  HIVb+F+R4     11187.532    60  22495.064    22506.757    22767.004
359  HIVb+F+R5     11179.181    62  22482.363    22494.882    22763.367
360  HIVb+F+R6     11171.690    64  22471.381    22484.757    22761.450
361  HIVb+F+R7     11170.103    66  22472.205    22486.470    22771.339
365  HIVw          12344.181    35  24758.363    24762.234    24916.995
366  HIVw+I        12074.462    36  24220.924    24225.023    24384.088
367  HIVw+G4       11639.721    36  23351.442    23355.540    23514.606
368  HIVw+I+G4     11639.646    37  23353.293    23357.625    23520.989
369  HIVw+R2       11717.493    37  23508.985    23513.318    23676.682
370  HIVw+R3       11685.334    39  23448.668    23453.490    23625.429
371  HIVw+R4       11666.597    41  23415.193    23420.533    23601.019
372  HIVw+R5       11657.275    43  23400.550    23406.435    23595.440
373  HIVw+R6       11645.736    45  23381.473    23387.931    23585.428
374  HIVw+R7       11642.105    47  23378.211    23385.272    23591.230
378  HIVw+F        12114.176    54  24336.352    24345.751    24581.099
379  HIVw+F+I      11848.127    55  23806.253    23816.016    24055.532
380  HIVw+F+G4     11404.619    55  22919.238    22929.000    23168.516
381  HIVw+F+I+G4   11404.598    56  22921.197    22931.330    23175.008
382  HIVw+F+R2     11473.960    56  23059.920    23070.054    23313.731
383  HIVw+F+R3     11442.723    58  23001.446    23012.344    23264.321
384  HIVw+F+R4     11424.781    60  22969.563    22981.256    23241.503
385  HIVw+F+R5     11416.362    62  22956.723    22969.242    23237.728
386  HIVw+F+R6     11406.893    64  22941.786    22955.162    23231.856
387  HIVw+F+R7     11404.235    66  22940.469    22954.734    23239.603
391  JTTDCMut      11545.704    35  23161.409    23165.280    23320.041
392  JTTDCMut+I    11375.567    36  22823.135    22827.233    22986.299
393  JTTDCMut+G4   11062.829    36  22197.659    22201.757    22360.823
394  JTTDCMut+I+G4 11062.873    37  22199.746    22204.079    22367.443
395  JTTDCMut+R2   11099.273    37  22272.546    22276.879    22440.242
396  JTTDCMut+R3   11076.065    39  22230.131    22234.953    22406.892
397  JTTDCMut+R4   11067.045    41  22216.091    22221.430    22401.916
398  JTTDCMut+R5   11064.210    43  22214.420    22220.304    22409.310
404  JTTDCMut+F    11505.276    54  23118.551    23127.950    23363.297
405  JTTDCMut+F+I  11333.619    55  22777.239    22787.001    23026.517
406  JTTDCMut+F+G4 11015.810    55  22141.620    22151.383    22390.899
407  JTTDCMut+F+I+G4 11015.849    56  22143.697    22153.831    22397.508
408  JTTDCMut+F+R2 11048.220    56  22208.441    22218.574    22462.251
409  JTTDCMut+F+R3 11026.840    58  22169.680    22180.578    22432.555
410  JTTDCMut+F+R4 11018.350    60  22156.701    22168.394    22428.641
411  JTTDCMut+F+R5 11015.895    62  22155.791    22168.310    22436.795
417  FLU           11895.210    35  23860.419    23864.290    24019.051
418  FLU+I         11675.802    36  23423.605    23427.703    23586.769
419  FLU+G4        11223.113    36  22518.226    22522.325    22681.390
420  FLU+I+G4      11223.154    37  22520.308    22524.641    22688.005
421  FLU+R2        11285.709    37  22645.419    22649.752    22813.115
422  FLU+R3        11255.051    39  22588.102    22592.924    22764.863
423  FLU+R4        11237.479    41  22556.958    22562.297    22742.783
424  FLU+R5        11229.791    43  22545.581    22551.466    22740.472
425  FLU+R6        11220.942    45  22531.885    22538.343    22735.840
426  FLU+R7        11219.125    47  22532.251    22539.312    22745.271
430  FLU+F         11859.052    54  23826.104    23835.503    24070.850
431  FLU+F+I       11639.007    55  23388.013    23397.775    23637.292
432  FLU+F+G4      11170.392    55  22450.784    22460.547    22700.063
433  FLU+F+I+G4    11170.413    56  22452.825    22462.959    22706.636
434  FLU+F+R2      11228.074    56  22568.147    22578.281    22821.958
435  FLU+F+R3      11198.069    58  22512.138    22523.037    22775.014
436  FLU+F+R4      11180.675    60  22481.350    22493.043    22753.290
437  FLU+F+R5      11173.047    62  22470.095    22482.614    22751.099
438  FLU+F+R6      11165.082    64  22458.164    22471.540    22748.233
439  FLU+F+R7      11163.889    66  22459.777    22474.042    22758.911
443  Blosum62      11508.354    35  23086.707    23090.578    23245.339
444  Blosum62+I    11361.697    36  22795.395    22799.493    22958.559
445  Blosum62+G4   11094.957    36  22261.915    22266.013    22425.079
446  Blosum62+I+G4 11095.007    37  22264.014    22268.347    22431.711
447  Blosum62+R2   11118.342    37  22310.685    22315.018    22478.381
448  Blosum62+R3   11098.079    39  22274.158    22278.981    22450.920
449  Blosum62+R4   11093.802    41  22269.603    22274.943    22455.429
456  Blosum62+F    11447.337    54  23002.674    23012.072    23247.420
457  Blosum62+F+I  11299.516    55  22709.032    22718.794    22958.310
458  Blosum62+F+G4 11029.109    55  22168.218    22177.981    22417.497
459  Blosum62+F+I+G4 11029.151    56  22170.302    22180.435    22424.113
460  Blosum62+F+R2 11050.845    56  22213.690    22223.823    22467.501
461  Blosum62+F+R3 11031.898    58  22179.797    22190.695    22442.672
462  Blosum62+F+R4 11027.743    60  22175.485    22187.178    22447.425
469  mtMet         12397.919    35  24865.838    24869.709    25024.470
470  mtMet+I       12202.894    36  24477.787    24481.885    24640.951
471  mtMet+G4      11643.162    36  23358.325    23362.423    23521.489
472  mtMet+I+G4    11643.264    37  23360.528    23364.861    23528.224
473  mtMet+R2      11712.881    37  23499.762    23504.095    23667.458
474  mtMet+R3      11676.494    39  23430.989    23435.811    23607.750
475  mtMet+R4      11659.258    41  23400.516    23405.855    23586.341
476  mtMet+R5      11646.906    43  23379.812    23385.697    23574.702
477  mtMet+R6      11639.185    45  23368.370    23374.829    23572.325
478  mtMet+R7      11638.380    47  23370.759    23377.821    23583.779
482  mtMet+F       11796.259    54  23700.518    23709.917    23945.264
483  mtMet+F+I     11620.276    55  23350.551    23360.314    23599.830
484  mtMet+F+G4    11152.264    55  22414.527    22424.289    22663.806
485  mtMet+F+I+G4  11152.323    56  22416.646    22426.779    22670.457
486  mtMet+F+R2    11212.019    56  22536.039    22546.172    22789.849
487  mtMet+F+R3    11182.716    58  22481.432    22492.330    22744.307
488  mtMet+F+R4    11168.439    60  22456.879    22468.572    22728.819
489  mtMet+F+R5    11157.738    62  22439.476    22451.995    22720.481
490  mtMet+F+R6    11149.196    64  22426.392    22439.768    22716.461
491  mtMet+F+R7    11147.582    66  22427.164    22441.428    22726.298
495  mtVer         12624.305    35  25318.610    25322.481    25477.242
496  mtVer+I       12413.061    36  24898.123    24902.221    25061.287
497  mtVer+G4      11765.475    36  23602.949    23607.048    23766.114
498  mtVer+I+G4    11765.523    37  23605.045    23609.378    23772.742
499  mtVer+R2      11871.636    37  23817.271    23821.604    23984.968
500  mtVer+R3      11823.898    39  23725.796    23730.618    23902.557
501  mtVer+R4      11799.913    41  23681.826    23687.165    23867.652
502  mtVer+R5      11780.654    43  23647.308    23653.193    23842.198
503  mtVer+R6      11764.219    45  23618.438    23624.896    23822.393
504  mtVer+R7      11761.459    47  23616.917    23623.978    23829.937
508  mtVer+F       12045.725    54  24199.451    24208.849    24444.197
509  mtVer+F+I     11830.810    55  23771.620    23781.382    24020.898
510  mtVer+F+G4    11281.673    55  22673.346    22683.108    22922.624
511  mtVer+F+I+G4  11281.693    56  22675.385    22685.519    22929.196
512  mtVer+F+R2    11371.862    56  22855.724    22865.857    23109.535
513  mtVer+F+R3    11333.196    58  22782.392    22793.290    23045.267
514  mtVer+F+R4    11313.638    60  22747.277    22758.970    23019.217
515  mtVer+F+R5    11297.869    62  22719.738    22732.257    23000.743
516  mtVer+F+R6    11283.375    64  22694.751    22708.127    22984.820
517  mtVer+F+R7    11280.553    66  22693.106    22707.371    22992.240
521  mtInv         12385.017    35  24840.034    24843.905    24998.666
522  mtInv+I       12195.624    36  24463.248    24467.347    24626.412
523  mtInv+G4      11708.100    36  23488.199    23492.298    23651.363
524  mtInv+I+G4    11708.142    37  23490.284    23494.617    23657.981
525  mtInv+R2      11756.532    37  23587.065    23591.398    23754.761
526  mtInv+R3      11728.714    39  23535.427    23540.250    23712.188
527  mtInv+R4      11716.091    41  23514.183    23519.522    23700.008
528  mtInv+R5      11708.453    43  23502.905    23508.790    23697.795
529  mtInv+R6      11704.543    45  23499.086    23505.544    23703.041
534  mtInv+F       11660.609    54  23429.218    23438.616    23673.964
535  mtInv+F+I     11496.456    55  23102.912    23112.674    23352.190
536  mtInv+F+G4    11090.315    55  22290.629    22300.392    22539.908
537  mtInv+F+I+G4  11090.341    56  22292.681    22302.815    22546.492
538  mtInv+F+R2    11135.471    56  22382.942    22393.075    22636.752
539  mtInv+F+R3    11112.351    58  22340.703    22351.601    22603.578
540  mtInv+F+R4    11101.346    60  22322.693    22334.386    22594.633
541  mtInv+F+R5    11093.630    62  22311.261    22323.780    22592.266
542  mtInv+F+R6    11087.550    64  22303.100    22316.476    22593.169
Akaike Information Criterion:           LG+F+G4
Corrected Akaike Information Criterion: LG+F+G4
Bayesian Information Criterion:         VT+G4
Best-fit model: VT+G4 chosen according to BIC

All model information printed to K07198.muscle.model.gz
CPU time for ModelFinder: 147.964 seconds (0h:2m:27s)
Wall-clock time for ModelFinder: 148.662 seconds (0h:2m:28s)

NOTE: 7 MB RAM (0 GB) is required!
Estimate model parameters (epsilon = 0.100)
1. Initial log-likelihood: -11044.048
2. Current log-likelihood: -11036.295
3. Current log-likelihood: -11035.149
Optimal log-likelihood: -11035.078
Gamma shape alpha: 0.758
Parameters optimization took 3 rounds (0.322 sec)
Computing ML distances based on estimated model parameters... 0.099 sec
WARNING: Some pairwise ML distances are too long (saturated)
Computing BIONJ tree...
0.003 seconds
Log-likelihood of BIONJ tree: -11033.959
--------------------------------------------------------------------
|             INITIALIZING CANDIDATE TREE SET                      |
--------------------------------------------------------------------
Generating 98 parsimony trees... 0.302 second
Computing log-likelihood of 97 initial trees ... 3.947 seconds
Current best score: -11033.959

Do NNI search on 20 best initial trees
Estimate model parameters (epsilon = 0.100)
BETTER TREE FOUND at iteration 1: -11028.437
Iteration 10 / LogL: -11029.069 / Time: 0h:0m:6s
Iteration 20 / LogL: -11030.188 / Time: 0h:0m:9s
Finish initializing candidate tree set (3)
Current best tree score: -11028.437 / CPU time: 9.100
Number of iterations: 20
--------------------------------------------------------------------
|               OPTIMIZING CANDIDATE TREE SET                      |
--------------------------------------------------------------------
Iteration 30 / LogL: -11031.133 / Time: 0h:0m:13s (0h:0m:34s left)
Iteration 40 / LogL: -11030.945 / Time: 0h:0m:17s (0h:0m:27s left)
Iteration 50 / LogL: -11033.999 / Time: 0h:0m:22s (0h:0m:23s left)
Iteration 60 / LogL: -11033.616 / Time: 0h:0m:27s (0h:0m:18s left)
Iteration 70 / LogL: -11034.789 / Time: 0h:0m:30s (0h:0m:13s left)
Iteration 80 / LogL: -11030.112 / Time: 0h:0m:36s (0h:0m:9s left)
Iteration 90 / LogL: -11030.200 / Time: 0h:0m:40s (0h:0m:5s left)
Iteration 100 / LogL: -11031.581 / Time: 0h:0m:44s (0h:0m:0s left)
TREE SEARCH COMPLETED AFTER 102 ITERATIONS / Time: 0h:0m:45s

--------------------------------------------------------------------
|                    FINALIZING TREE SEARCH                        |
--------------------------------------------------------------------
Performs final model parameters optimization
Estimate model parameters (epsilon = 0.010)
1. Initial log-likelihood: -11028.437
Optimal log-likelihood: -11028.436
Gamma shape alpha: 0.752
Parameters optimization took 1 rounds (0.061 sec)
BEST SCORE FOUND : -11028.436
Total tree length: 8.480

Total number of iterations: 102
CPU time used for tree search: 43.648 sec (0h:0m:43s)
Wall-clock time used for tree search: 44.539 sec (0h:0m:44s)
Total CPU time used: 44.329 sec (0h:0m:44s)
Total wall-clock time used: 45.226 sec (0h:0m:45s)

Analysis results written to: 
  IQ-TREE report:                K07198.muscle.iqtree
  Maximum-likelihood tree:       K07198.muscle.treefile
  Likelihood distances:          K07198.muscle.mldist
  Screen log file:               K07198.muscle.log

Date and Time: Mon Mar 16 18:03:20 2020
