IQ-TREE multicore version 1.6.12 for Mac OS X 64-bit built Aug 15 2019
Developed by Bui Quang Minh, Nguyen Lam Tung, Olga Chernomor,
Heiko Schmidt, Dominik Schrempf, Michael Woodhams.

Host:    Davids-MacBook-Air-2.local (AVX2, FMA3, 8 GB RAM)
Command: iqtree -s K07209.muscle
Seed:    710965 (Using SPRNG - Scalable Parallel Random Number Generator)
Time:    Mon Mar 16 18:40:52 2020
Kernel:  AVX+FMA - 1 threads (4 CPU cores detected)

HINT: Use -nt option to specify number of threads because your CPU has 4 cores!
HINT: -nt AUTO will automatically determine the best number of threads to use.

Reading alignment file K07209.muscle ... Fasta format detected
Alignment most likely contains protein sequences
Alignment has 11 sequences with 1371 columns, 835 distinct patterns
594 parsimony-informative, 167 singleton sites, 610 constant sites
WARNING: Some sequence names are changed as follows:
K07209|Aurelia|XLOC_044660|TCONS_00063306|Seg3782.1.p1 -> K07209_Aurelia_XLOC_044660_TCONS_00063306_Seg3782.1.p1
K07209|Daphnia|dpx:DAPPUDRAFT_317376_K07209_inhibitor_of_nuclear_factor_kappa-B_kinase_subunit_beta_[EC:2.7.11.10]_|_(GenBank)_hypothetical_protein_(A) -> K07209_Daphnia_dpx_DAPPUDRAFT_317376_K07209_inhibitor_of_nuclear_factor_kappa-B_kinase_subunit_beta__EC_2.7.11.10_____GenBank__hypothetical_protein__A_
K07209|Aurelia|XLOC_047756|TCONS_00067540|Seg417.14.p1 -> K07209_Aurelia_XLOC_047756_TCONS_00067540_Seg417.14.p1
K07209|Aurelia|XLOC_047756|TCONS_00067541|Seg417.14.p1 -> K07209_Aurelia_XLOC_047756_TCONS_00067541_Seg417.14.p1
K07209|Homo|hsa:3551_K07209_inhibitor_of_nuclear_factor_kappa-B_kinase_subunit_beta_[EC:2.7.11.10]_|_(RefSeq)_IKBKB,_IKK-beta,_IKK2,_IKKB,_IMD15,_IMD15A,_IMD15B,_NFKBIKB;_inhibitor_of_nuclear_factor_kappa_B_kinase_subunit_beta_(A) -> K07209_Homo_hsa_3551_K07209_inhibitor_of_nuclear_factor_kappa-B_kinase_subunit_beta__EC_2.7.11.10_____RefSeq__IKBKB__IKK-beta__IKK2__IKKB__IMD15__IMD15A__IMD15B__NFKBIKB__inhibitor_of_nuclear_factor_kappa_B_kinase_subunit_beta__A_
K07209|Mus|mmu:16150_K07209_inhibitor_of_nuclear_factor_kappa-B_kinase_subunit_beta_[EC:2.7.11.10]_|_(RefSeq)_Ikbkb,_AI132552,_IKK-2,_IKK-beta,_IKK2,_IKK[b],_IKKbeta;_inhibitor_of_kappaB_kinase_beta_(A) -> K07209_Mus_mmu_16150_K07209_inhibitor_of_nuclear_factor_kappa-B_kinase_subunit_beta__EC_2.7.11.10_____RefSeq__Ikbkb__AI132552__IKK-2__IKK-beta__IKK2__IKK_b___IKKbeta__inhibitor_of_kappaB_kinase_beta__A_
K07209|Aurelia|XLOC_062467|TCONS_00087120|Seg685.6.p1 -> K07209_Aurelia_XLOC_062467_TCONS_00087120_Seg685.6.p1
K07209|Aurelia|XLOC_051139|TCONS_00072097|Seg4656.2.p1 -> K07209_Aurelia_XLOC_051139_TCONS_00072097_Seg4656.2.p1
K07209|Aurelia|XLOC_019173|TCONS_00027059|Seg1763.9.p1 -> K07209_Aurelia_XLOC_019173_TCONS_00027059_Seg1763.9.p1
K07209|Aurelia|XLOC_019173|TCONS_00027060|Seg1763.9.p1 -> K07209_Aurelia_XLOC_019173_TCONS_00027060_Seg1763.9.p1
K07209|Aurelia|XLOC_000024|TCONS_00000030|Seg10.4.p1 -> K07209_Aurelia_XLOC_000024_TCONS_00000030_Seg10.4.p1

                                                                                                                                                                                                                                        Gap/Ambiguity  Composition  p-value
   1  K07209_Aurelia_XLOC_044660_TCONS_00063306_Seg3782.1.p1                                                                                                                                                                                   75.93%    passed      8.46%
   2  K07209_Daphnia_dpx_DAPPUDRAFT_317376_K07209_inhibitor_of_nuclear_factor_kappa-B_kinase_subunit_beta__EC_2.7.11.10_____GenBank__hypothetical_protein__A_                                                                                  46.83%    passed      7.04%
   3  K07209_Aurelia_XLOC_047756_TCONS_00067540_Seg417.14.p1                                                                                                                                                                                   82.42%    passed     63.93%
   4  K07209_Aurelia_XLOC_047756_TCONS_00067541_Seg417.14.p1                                                                                                                                                                                   82.42%    passed     63.93%
   5  K07209_Homo_hsa_3551_K07209_inhibitor_of_nuclear_factor_kappa-B_kinase_subunit_beta__EC_2.7.11.10_____RefSeq__IKBKB__IKK-beta__IKK2__IKKB__IMD15__IMD15A__IMD15B__NFKBIKB__inhibitor_of_nuclear_factor_kappa_B_kinase_subunit_beta__A_   45.81%    failed      0.00%
   6  K07209_Mus_mmu_16150_K07209_inhibitor_of_nuclear_factor_kappa-B_kinase_subunit_beta__EC_2.7.11.10_____RefSeq__Ikbkb__AI132552__IKK-2__IKK-beta__IKK2__IKK_b___IKKbeta__inhibitor_of_kappaB_kinase_beta__A_                               47.12%    failed      0.02%
   7  K07209_Aurelia_XLOC_062467_TCONS_00087120_Seg685.6.p1                                                                                                                                                                                    77.24%    passed     13.67%
   8  K07209_Aurelia_XLOC_051139_TCONS_00072097_Seg4656.2.p1                                                                                                                                                                                   75.05%    passed      7.09%
   9  K07209_Aurelia_XLOC_019173_TCONS_00027059_Seg1763.9.p1                                                                                                                                                                                   11.52%    failed      0.00%
  10  K07209_Aurelia_XLOC_019173_TCONS_00027060_Seg1763.9.p1                                                                                                                                                                                    8.83%    failed      0.00%
  11  K07209_Aurelia_XLOC_000024_TCONS_00000030_Seg10.4.p1                                                                                                                                                                                     82.57%    passed     52.60%
WARNING: 6 sequences contain more than 50% gaps/ambiguity
****  TOTAL                                                                                                                                                                                                                                    57.79%  4 sequences failed composition chi2 test (p-value<5%; df=19)
NOTE: K07209_Aurelia_XLOC_047756_TCONS_00067541_Seg417.14.p1 is identical to K07209_Aurelia_XLOC_047756_TCONS_00067540_Seg417.14.p1 but kept for subsequent analysis


Create initial parsimony tree by phylogenetic likelihood library (PLL)... 0.002 seconds
NOTE: ModelFinder requires 14 MB RAM!
ModelFinder will test 546 protein models (sample size: 1371) ...
 No. Model         -LnL         df  AIC          AICc         BIC
  1  Dayhoff       11334.322    19  22706.643    22707.206    22805.886
  2  Dayhoff+I     11285.849    20  22611.699    22612.321    22716.164
  3  Dayhoff+G4    11236.313    20  22512.627    22513.249    22617.092
  4  Dayhoff+I+G4  11228.951    21  22499.901    22500.586    22609.591
  5  Dayhoff+R2    11229.933    21  22501.866    22502.550    22611.555
  6  Dayhoff+R3    11223.979    23  22493.959    22494.779    22614.095
 14  Dayhoff+F     11196.212    38  22468.425    22470.650    22666.910
 15  Dayhoff+F+I   11140.584    39  22359.168    22361.512    22562.876
 16  Dayhoff+F+G4  11087.991    39  22253.981    22256.325    22457.690
 17  Dayhoff+F+I+G4 11078.759    40  22237.517    22239.983    22446.449
 18  Dayhoff+F+R2  11082.277    40  22244.553    22247.019    22453.485
 19  Dayhoff+F+R3  11073.099    42  22230.199    22232.919    22449.577
 20  Dayhoff+F+R4  11072.960    44  22233.921    22236.907    22463.746
 27  mtMAM         12193.500    19  24425.000    24425.563    24524.243
 28  mtMAM+I       12120.706    20  24281.412    24282.034    24385.877
 29  mtMAM+G4      11975.854    20  23991.709    23992.331    24096.175
 30  mtMAM+I+G4    11970.578    21  23983.156    23983.841    24092.845
 31  mtMAM+R2      11985.246    21  24012.491    24013.176    24122.180
 32  mtMAM+R3      11940.767    23  23927.534    23928.354    24047.670
 33  mtMAM+R4      11939.636    25  23929.272    23930.239    24059.855
 40  mtMAM+F       11368.428    38  22812.856    22815.081    23011.341
 41  mtMAM+F+I     11299.008    39  22676.015    22678.359    22879.724
 42  mtMAM+F+G4    11167.748    39  22413.496    22415.840    22617.205
 43  mtMAM+F+I+G4  11162.284    40  22404.569    22407.035    22613.501
 44  mtMAM+F+R2    11184.610    40  22449.219    22451.685    22658.151
 45  mtMAM+F+R3    11158.828    42  22401.656    22404.376    22621.034
 46  mtMAM+F+R4    11158.351    44  22404.702    22407.688    22634.527
 53  JTT           11204.448    19  22446.896    22447.458    22546.138
 54  JTT+I         11162.096    20  22364.192    22364.814    22468.658
 55  JTT+G4        11124.774    20  22289.547    22290.169    22394.013
 56  JTT+I+G4      11118.476    21  22278.952    22279.637    22388.642
 57  JTT+R2        11109.281    21  22260.561    22261.246    22370.251
 58  JTT+R3        11106.783    23  22259.566    22260.386    22379.702
 66  JTT+F         11134.929    38  22345.857    22348.083    22544.343
 67  JTT+F+I       11088.667    39  22255.334    22257.678    22459.043
 68  JTT+F+G4      11048.432    39  22174.865    22177.209    22378.573
 69  JTT+F+I+G4    11041.563    40  22163.126    22165.592    22372.057
 70  JTT+F+R2      11033.213    40  22146.427    22148.893    22355.358
 71  JTT+F+R3      11030.220    42  22144.439    22147.159    22363.817
 79  WAG           11172.672    19  22383.343    22383.906    22482.586
 80  WAG+I         11141.704    20  22323.408    22324.031    22427.874
 81  WAG+G4        11120.271    20  22280.543    22281.165    22385.009
 82  WAG+I+G4      11114.278    21  22270.556    22271.241    22380.246
 83  WAG+R2        11105.370    21  22252.740    22253.425    22362.429
 84  WAG+R3        11104.892    23  22255.784    22256.604    22375.920
 92  WAG+F         11091.652    38  22259.304    22261.529    22457.789
 93  WAG+F+I       11055.850    39  22189.699    22192.043    22393.408
 94  WAG+F+G4      11027.393    39  22132.785    22135.129    22336.494
 95  WAG+F+I+G4    11021.176    40  22122.352    22124.818    22331.283
 96  WAG+F+R2      11013.652    40  22107.304    22109.770    22316.236
 97  WAG+F+R3      11012.371    42  22108.743    22111.462    22328.121
105  cpREV         11262.068    19  22562.136    22562.699    22661.379
106  cpREV+I       11226.446    20  22492.892    22493.515    22597.358
107  cpREV+G4      11197.336    20  22434.671    22435.294    22539.137
108  cpREV+I+G4    11190.221    21  22422.442    22423.127    22532.131
109  cpREV+R2      11184.545    21  22411.090    22411.775    22520.779
110  cpREV+R3      11182.632    23  22411.263    22412.083    22531.399
118  cpREV+F       11141.742    38  22359.484    22361.709    22557.969
119  cpREV+F+I     11098.475    39  22274.950    22277.294    22478.659
120  cpREV+F+G4    11060.552    39  22199.103    22201.447    22402.812
121  cpREV+F+I+G4  11052.540    40  22185.079    22187.545    22394.011
122  cpREV+F+R2    11048.083    40  22176.166    22178.632    22385.098
123  cpREV+F+R3    11045.629    42  22175.258    22177.978    22394.636
131  mtREV         12006.222    19  24050.445    24051.007    24149.687
132  mtREV+I       11962.900    20  23965.801    23966.423    24070.267
133  mtREV+G4      11873.079    20  23786.159    23786.781    23890.624
134  mtREV+I+G4    11869.496    21  23780.992    23781.677    23890.681
135  mtREV+R2      11856.004    21  23754.007    23754.692    23863.696
136  mtREV+R3      11853.289    23  23752.579    23753.398    23872.714
144  mtREV+F       11226.097    38  22528.194    22530.419    22726.679
145  mtREV+F+I     11170.439    39  22418.877    22421.221    22622.586
146  mtREV+F+G4    11096.795    39  22271.591    22273.935    22475.299
147  mtREV+F+I+G4  11089.928    40  22259.855    22262.321    22468.787
148  mtREV+F+R2    11089.316    40  22258.631    22261.098    22467.563
149  mtREV+F+R3    11082.435    42  22248.870    22251.590    22468.248
157  rtREV         11230.084    19  22498.167    22498.730    22597.410
158  rtREV+I       11196.222    20  22432.444    22433.066    22536.910
159  rtREV+G4      11162.196    20  22364.393    22365.015    22468.859
160  rtREV+I+G4    11156.874    21  22355.748    22356.433    22465.437
161  rtREV+R2      11148.075    21  22338.149    22338.834    22447.839
162  rtREV+R3      11147.017    23  22340.034    22340.854    22460.170
170  rtREV+F       11099.801    38  22275.602    22277.828    22474.088
171  rtREV+F+I     11064.191    39  22206.383    22208.727    22410.091
172  rtREV+F+G4    11021.142    39  22120.283    22122.627    22323.992
173  rtREV+F+I+G4  11016.768    40  22113.536    22116.002    22322.468
174  rtREV+F+R2    11009.442    40  22098.884    22101.350    22307.816
175  rtREV+F+R3    11007.196    42  22098.391    22101.111    22317.770
183  mtART         12165.052    19  24368.103    24368.666    24467.346
184  mtART+I       12121.608    20  24283.216    24283.838    24387.682
185  mtART+G4      11952.248    20  23944.495    23945.117    24048.961
186  mtART+I+G4    11950.209    21  23942.418    23943.102    24052.107
187  mtART+R2      11957.741    21  23957.481    23958.166    24067.171
188  mtART+R3      11940.760    23  23927.519    23928.339    24047.655
189  mtART+R4      11937.376    25  23924.752    23925.719    24055.334
196  mtART+F       11322.949    38  22721.897    22724.122    22920.382
197  mtART+F+I     11267.165    39  22612.329    22614.673    22816.038
198  mtART+F+G4    11119.663    39  22317.325    22319.669    22521.034
199  mtART+F+I+G4  11115.470    40  22310.939    22313.406    22519.871
200  mtART+F+R2    11125.130    40  22330.260    22332.726    22539.192
201  mtART+F+R3    11113.970    42  22311.939    22314.659    22531.318
202  mtART+F+R4    11113.156    44  22314.312    22317.298    22544.137
209  mtZOA         11966.583    19  23971.166    23971.728    24070.408
210  mtZOA+I       11923.817    20  23887.634    23888.256    23992.100
211  mtZOA+G4      11801.885    20  23643.769    23644.392    23748.235
212  mtZOA+I+G4    11799.216    21  23640.433    23641.118    23750.122
213  mtZOA+R2      11781.328    21  23604.656    23605.341    23714.346
214  mtZOA+R3      11777.358    23  23600.716    23601.536    23720.852
222  mtZOA+F       11246.041    38  22568.082    22570.307    22766.567
223  mtZOA+F+I     11188.269    39  22454.538    22456.882    22658.247
224  mtZOA+F+G4    11076.535    39  22231.070    22233.414    22434.778
225  mtZOA+F+I+G4  11071.233    40  22222.466    22224.932    22431.397
226  mtZOA+F+R2    11070.431    40  22220.862    22223.328    22429.794
227  mtZOA+F+R3    11065.413    42  22214.826    22217.546    22434.204
235  VT            11122.175    19  22282.351    22282.913    22381.593
236  VT+I          11094.778    20  22229.557    22230.179    22334.022
237  VT+G4         11080.470    20  22200.941    22201.563    22305.407
238  VT+I+G4       11074.763    21  22191.527    22192.212    22301.216
239  VT+R2         11063.500    21  22168.999    22169.684    22278.688
240  VT+R3         11062.880    23  22171.761    22172.580    22291.897
248  VT+F          11069.877    38  22215.755    22217.980    22414.240
249  VT+F+I        11040.159    39  22158.318    22160.662    22362.026
250  VT+F+G4       11023.204    39  22124.408    22126.753    22328.117
251  VT+F+I+G4     11017.345    40  22114.690    22117.156    22323.621
252  VT+F+R2       11006.465    40  22092.930    22095.396    22301.861
253  VT+F+R3       11005.629    42  22095.259    22097.979    22314.637
261  LG            11146.260    19  22330.519    22331.082    22429.762
262  LG+I          11107.445    20  22254.891    22255.513    22359.357
263  LG+G4         11063.182    20  22166.364    22166.986    22270.829
264  LG+I+G4       11058.246    21  22158.491    22159.176    22268.181
265  LG+R2         11051.017    21  22144.034    22144.719    22253.723
266  LG+R3         11048.341    23  22142.682    22143.501    22262.818
274  LG+F          11095.119    38  22266.238    22268.463    22464.723
275  LG+F+I        11054.559    39  22187.118    22189.462    22390.827
276  LG+F+G4       11005.638    39  22089.277    22091.621    22292.985
277  LG+F+I+G4     11000.859    40  22081.719    22084.185    22290.651
278  LG+F+R2       10994.776    40  22069.551    22072.017    22278.483
279  LG+F+R3       10991.762    42  22067.523    22070.243    22286.901
287  DCMut         11333.831    19  22705.663    22706.225    22804.905
288  DCMut+I       11285.571    20  22611.142    22611.764    22715.608
289  DCMut+G4      11236.359    20  22512.717    22513.339    22617.183
290  DCMut+I+G4    11228.989    21  22499.979    22500.664    22609.668
291  DCMut+R2      11225.316    21  22492.632    22493.317    22602.321
292  DCMut+R3      11223.318    23  22492.636    22493.456    22612.772
300  DCMut+F       11195.826    38  22467.653    22469.878    22666.138
301  DCMut+F+I     11140.392    39  22358.783    22361.127    22562.492
302  DCMut+F+G4    11088.054    39  22254.108    22256.452    22457.817
303  DCMut+F+I+G4  11078.865    40  22237.729    22240.195    22446.661
304  DCMut+F+R2    11077.039    40  22234.079    22236.545    22443.011
305  DCMut+F+R3    11073.536    42  22231.071    22233.791    22450.450
313  PMB           11193.097    19  22424.194    22424.757    22523.437
314  PMB+I         11175.395    20  22390.789    22391.412    22495.255
315  PMB+G4        11163.564    20  22367.127    22367.749    22471.593
316  PMB+I+G4      11160.161    21  22362.322    22363.007    22472.011
317  PMB+R2        11147.882    21  22337.764    22338.449    22447.453
318  PMB+R3        11147.735    23  22341.470    22342.289    22461.606
326  PMB+F         11080.967    38  22237.935    22240.160    22436.420
327  PMB+F+I       11058.850    39  22195.699    22198.043    22399.408
328  PMB+F+G4      11042.894    39  22163.789    22166.133    22367.497
329  PMB+F+I+G4    11039.030    40  22158.061    22160.527    22366.992
330  PMB+F+R2      11028.435    40  22136.870    22139.336    22345.802
331  PMB+F+R3      11028.088    42  22140.175    22142.895    22359.554
339  HIVb          11348.091    19  22734.181    22734.744    22833.424
340  HIVb+I        11288.047    20  22616.094    22616.716    22720.559
341  HIVb+G4       11228.625    20  22497.249    22497.871    22601.715
342  HIVb+I+G4     11220.730    21  22483.460    22484.145    22593.150
343  HIVb+R2       11215.557    21  22473.114    22473.799    22582.803
344  HIVb+R3       11209.439    23  22464.877    22465.697    22585.013
352  HIVb+F        11237.315    38  22550.629    22552.854    22749.114
353  HIVb+F+I      11176.060    39  22430.120    22432.464    22633.829
354  HIVb+F+G4     11106.995    39  22291.990    22294.334    22495.698
355  HIVb+F+I+G4   11100.283    40  22280.566    22283.033    22489.498
356  HIVb+F+R2     11095.837    40  22271.675    22274.141    22480.606
357  HIVb+F+R3     11089.123    42  22262.245    22264.965    22481.624
365  HIVw          11708.151    19  23454.303    23454.866    23553.546
366  HIVw+I        11627.854    20  23295.708    23296.331    23400.174
367  HIVw+G4       11523.536    20  23087.072    23087.694    23191.538
368  HIVw+I+G4     11515.775    21  23073.551    23074.236    23183.240
369  HIVw+R2       11529.410    21  23100.821    23101.506    23210.510
370  HIVw+R3       11512.626    23  23071.252    23072.071    23191.388
371  HIVw+R4       11508.421    25  23066.842    23067.809    23197.425
378  HIVw+F        11410.797    38  22897.594    22899.819    23096.079
379  HIVw+F+I      11336.448    39  22750.896    22753.241    22954.605
380  HIVw+F+G4     11236.017    39  22550.035    22552.379    22753.743
381  HIVw+F+I+G4   11230.451    40  22540.902    22543.368    22749.834
382  HIVw+F+R2     11240.579    40  22561.158    22563.624    22770.090
383  HIVw+F+R3     11223.512    42  22531.024    22533.744    22750.403
384  HIVw+F+R4     11221.943    44  22531.885    22534.872    22761.710
391  JTTDCMut      11205.472    19  22448.944    22449.507    22548.187
392  JTTDCMut+I    11163.310    20  22366.619    22367.241    22471.085
393  JTTDCMut+G4   11126.193    20  22292.385    22293.008    22396.851
394  JTTDCMut+I+G4 11119.827    21  22281.654    22282.339    22391.344
395  JTTDCMut+R2   11109.699    21  22261.398    22262.083    22371.087
396  JTTDCMut+R3   11108.340    23  22262.681    22263.500    22382.816
404  JTTDCMut+F    11135.315    38  22346.629    22348.854    22545.114
405  JTTDCMut+F+I  11089.267    39  22256.534    22258.878    22460.242
406  JTTDCMut+F+G4 11049.068    39  22176.136    22178.481    22379.845
407  JTTDCMut+F+I+G4 11042.136    40  22164.272    22166.738    22373.204
408  JTTDCMut+F+R2 11032.861    40  22145.722    22148.188    22354.653
409  JTTDCMut+F+R3 11030.792    42  22145.583    22148.303    22364.962
417  FLU           11382.741    19  22803.482    22804.045    22902.725
418  FLU+I         11330.902    20  22701.805    22702.427    22806.270
419  FLU+G4        11260.125    20  22560.250    22560.872    22664.716
420  FLU+I+G4      11255.722    21  22553.443    22554.128    22663.132
421  FLU+R2        11252.927    21  22547.853    22548.538    22657.543
422  FLU+R3        11245.717    23  22537.435    22538.254    22657.570
430  FLU+F         11251.932    38  22579.863    22582.088    22778.348
431  FLU+F+I       11200.860    39  22479.721    22482.065    22683.429
432  FLU+F+G4      11123.294    39  22324.587    22326.931    22528.296
433  FLU+F+I+G4    11120.354    40  22320.708    22323.175    22529.640
434  FLU+F+R2      11119.213    40  22318.426    22320.892    22527.358
435  FLU+F+R3      11110.705    42  22305.410    22308.130    22524.788
436  FLU+F+R4      11109.858    44  22307.717    22310.703    22537.542
443  Blosum62      11180.531    19  22399.062    22399.624    22498.304
444  Blosum62+I    11162.032    20  22364.065    22364.687    22468.531
445  Blosum62+G4   11145.348    20  22330.696    22331.319    22435.162
446  Blosum62+I+G4 11142.295    21  22326.590    22327.275    22436.279
447  Blosum62+R2   11129.953    21  22301.907    22302.592    22411.596
448  Blosum62+R3   11129.913    23  22305.825    22306.645    22425.961
456  Blosum62+F    11078.111    38  22232.222    22234.447    22430.707
457  Blosum62+F+I  11055.850    39  22189.699    22192.043    22393.408
458  Blosum62+F+G4 11035.440    39  22148.879    22151.223    22352.588
459  Blosum62+F+I+G4 11032.112    40  22144.225    22146.691    22353.156
460  Blosum62+F+R2 11020.819    40  22121.638    22124.105    22330.570
461  Blosum62+F+R3 11020.781    42  22125.561    22128.281    22344.940
469  mtMet         12024.705    19  24087.410    24087.972    24186.653
470  mtMet+I       11980.715    20  24001.430    24002.053    24105.896
471  mtMet+G4      11881.594    20  23803.188    23803.811    23907.654
472  mtMet+I+G4    11878.872    21  23799.745    23800.430    23909.434
473  mtMet+R2      11854.641    21  23751.281    23751.966    23860.970
474  mtMet+R3      11847.611    23  23741.223    23742.042    23861.359
482  mtMet+F       11234.828    38  22545.656    22547.882    22744.142
483  mtMet+F+I     11176.537    39  22431.075    22433.419    22634.783
484  mtMet+F+G4    11091.164    39  22260.327    22262.671    22464.036
485  mtMet+F+I+G4  11086.304    40  22252.608    22255.074    22461.539
486  mtMet+F+R2    11085.676    40  22251.352    22253.819    22460.284
487  mtMet+F+R3    11082.617    42  22249.234    22251.954    22468.613
495  mtVer         12116.252    19  24270.504    24271.066    24369.746
496  mtVer+I       12048.503    20  24137.006    24137.628    24241.472
497  mtVer+G4      11950.656    20  23941.312    23941.935    24045.778
498  mtVer+I+G4    11945.186    21  23932.373    23933.058    24042.062
499  mtVer+R2      11918.236    21  23878.473    23879.158    23988.162
500  mtVer+R3      11906.075    23  23858.150    23858.970    23978.286
501  mtVer+R4      11905.984    25  23861.967    23862.934    23992.549
508  mtVer+F       11320.477    38  22716.954    22719.179    22915.439
509  mtVer+F+I     11242.885    39  22563.770    22566.114    22767.478
510  mtVer+F+G4    11146.834    39  22371.667    22374.011    22575.376
511  mtVer+F+I+G4  11137.747    40  22355.493    22357.959    22564.425
512  mtVer+F+R2    11144.435    40  22368.869    22371.336    22577.801
513  mtVer+F+R3    11139.086    42  22362.173    22364.893    22581.551
521  mtInv         12115.221    19  24268.443    24269.005    24367.686
522  mtInv+I       12080.842    20  24201.684    24202.306    24306.150
523  mtInv+G4      11997.228    20  24034.456    24035.079    24138.922
524  mtInv+I+G4    11995.052    21  24032.104    24032.789    24141.794
525  mtInv+R2      11966.453    21  23974.907    23975.592    24084.596
526  mtInv+R3      11966.279    23  23978.559    23979.378    24098.694
534  mtInv+F       11190.977    38  22457.954    22460.180    22656.440
535  mtInv+F+I     11137.987    39  22353.974    22356.318    22557.683
536  mtInv+F+G4    11068.835    39  22215.670    22218.014    22419.379
537  mtInv+F+I+G4  11062.643    40  22205.287    22207.753    22414.219
538  mtInv+F+R2    11058.271    40  22196.542    22199.008    22405.474
539  mtInv+F+R3    11058.031    42  22200.062    22202.782    22419.440
Akaike Information Criterion:           LG+F+R3
Corrected Akaike Information Criterion: LG+F+R3
Bayesian Information Criterion:         LG+R2
Best-fit model: LG+R2 chosen according to BIC

All model information printed to K07209.muscle.model.gz
CPU time for ModelFinder: 62.508 seconds (0h:1m:2s)
Wall-clock time for ModelFinder: 62.787 seconds (0h:1m:2s)

NOTE: 2 MB RAM (0 GB) is required!
Estimate model parameters (epsilon = 0.100)
1. Initial log-likelihood: -11097.416
2. Current log-likelihood: -11073.858
3. Current log-likelihood: -11069.142
4. Current log-likelihood: -11066.593
5. Current log-likelihood: -11064.451
6. Current log-likelihood: -11062.579
7. Current log-likelihood: -11060.944
8. Current log-likelihood: -11059.502
9. Current log-likelihood: -11058.264
10. Current log-likelihood: -11057.174
11. Current log-likelihood: -11056.526
12. Current log-likelihood: -11056.066
13. Current log-likelihood: -11055.762
14. Current log-likelihood: -11055.560
15. Current log-likelihood: -11055.428
Optimal log-likelihood: -11055.335
Site proportion and rates:  (0.232,0.301) (0.768,1.211)
Parameters optimization took 15 rounds (0.597 sec)
Computing ML distances based on estimated model parameters... 0.016 sec
Computing BIONJ tree...
0.003 seconds
Log-likelihood of BIONJ tree: -11052.218
--------------------------------------------------------------------
|             INITIALIZING CANDIDATE TREE SET                      |
--------------------------------------------------------------------
Generating 98 parsimony trees... 0.133 second
Computing log-likelihood of 94 initial trees ... 1.454 seconds
Current best score: -11052.218

Do NNI search on 20 best initial trees
Estimate model parameters (epsilon = 0.100)
BETTER TREE FOUND at iteration 1: -11050.616
Iteration 10 / LogL: -11050.659 / Time: 0h:0m:3s
Iteration 20 / LogL: -11051.096 / Time: 0h:0m:4s
Finish initializing candidate tree set (2)
Current best tree score: -11050.616 / CPU time: 3.699
Number of iterations: 20
--------------------------------------------------------------------
|               OPTIMIZING CANDIDATE TREE SET                      |
--------------------------------------------------------------------
Iteration 30 / LogL: -11050.886 / Time: 0h:0m:5s (0h:0m:13s left)
Iteration 40 / LogL: -11052.147 / Time: 0h:0m:7s (0h:0m:10s left)
Iteration 50 / LogL: -11051.071 / Time: 0h:0m:8s (0h:0m:8s left)
Iteration 60 / LogL: -11050.624 / Time: 0h:0m:9s (0h:0m:6s left)
Iteration 70 / LogL: -11050.716 / Time: 0h:0m:10s (0h:0m:4s left)
Iteration 80 / LogL: -11050.660 / Time: 0h:0m:12s (0h:0m:3s left)
Iteration 90 / LogL: -11050.677 / Time: 0h:0m:13s (0h:0m:1s left)
UPDATE BEST LOG-LIKELIHOOD: -11050.615
Iteration 100 / LogL: -11050.684 / Time: 0h:0m:14s (0h:0m:0s left)
TREE SEARCH COMPLETED AFTER 102 ITERATIONS / Time: 0h:0m:14s

--------------------------------------------------------------------
|                    FINALIZING TREE SEARCH                        |
--------------------------------------------------------------------
Performs final model parameters optimization
Estimate model parameters (epsilon = 0.010)
1. Initial log-likelihood: -11050.615
2. Current log-likelihood: -11050.291
3. Current log-likelihood: -11049.800
4. Current log-likelihood: -11049.547
5. Current log-likelihood: -11049.494
6. Current log-likelihood: -11049.463
7. Current log-likelihood: -11049.446
8. Current log-likelihood: -11049.436
Optimal log-likelihood: -11049.430
Site proportion and rates:  (0.199,0.260) (0.801,1.183)
Parameters optimization took 8 rounds (0.306 sec)
BEST SCORE FOUND : -11049.430
Total tree length: 10.662

Total number of iterations: 102
CPU time used for tree search: 13.884 sec (0h:0m:13s)
Wall-clock time used for tree search: 13.991 sec (0h:0m:13s)
Total CPU time used: 14.838 sec (0h:0m:14s)
Total wall-clock time used: 14.954 sec (0h:0m:14s)

Analysis results written to: 
  IQ-TREE report:                K07209.muscle.iqtree
  Maximum-likelihood tree:       K07209.muscle.treefile
  Likelihood distances:          K07209.muscle.mldist
  Screen log file:               K07209.muscle.log

Date and Time: Mon Mar 16 18:42:10 2020
