IQ-TREE multicore version 1.6.12 for Mac OS X 64-bit built Aug 15 2019
Developed by Bui Quang Minh, Nguyen Lam Tung, Olga Chernomor,
Heiko Schmidt, Dominik Schrempf, Michael Woodhams.

Host:    Davids-MacBook-Air-2.local (AVX2, FMA3, 8 GB RAM)
Command: iqtree -s K07207.muscle
Seed:    791594 (Using SPRNG - Scalable Parallel Random Number Generator)
Time:    Mon Mar 16 18:22:08 2020
Kernel:  AVX+FMA - 1 threads (4 CPU cores detected)

HINT: Use -nt option to specify number of threads because your CPU has 4 cores!
HINT: -nt AUTO will automatically determine the best number of threads to use.

Reading alignment file K07207.muscle ... Fasta format detected
Alignment most likely contains protein sequences
Alignment has 16 sequences with 2418 columns, 2049 distinct patterns
1377 parsimony-informative, 587 singleton sites, 454 constant sites
WARNING: Some sequence names are changed as follows:
K07207|Aurelia|XLOC_069989|TCONS_00097146|Seg883.8.p1 -> K07207_Aurelia_XLOC_069989_TCONS_00097146_Seg883.8.p1
K07207|Aurelia|XLOC_043940|TCONS_00062287|Seg3696.1.p1 -> K07207_Aurelia_XLOC_043940_TCONS_00062287_Seg3696.1.p1
K07207|Aurelia|XLOC_010327|TCONS_00014369|Seg1400.1.p1 -> K07207_Aurelia_XLOC_010327_TCONS_00014369_Seg1400.1.p1
K07207|Aurelia|XLOC_010327|TCONS_00014370|Seg1400.1.p1 -> K07207_Aurelia_XLOC_010327_TCONS_00014370_Seg1400.1.p1
K07207|Amphimedon|aqu:100640651_K07207_tuberous_sclerosis_2_|_(RefSeq)_tuberin-like_isoform_X1_(A) -> K07207_Amphimedon_aqu_100640651_K07207_tuberous_sclerosis_2____RefSeq__tuberin-like_isoform_X1__A_
K07207|Daphnia|dpx:DAPPUDRAFT_228923_K07207_tuberous_sclerosis_2_|_(GenBank)_TSC2;_putative_tuberous_sclerosis_2_isoform_3-like_protein_(A) -> K07207_Daphnia_dpx_DAPPUDRAFT_228923_K07207_tuberous_sclerosis_2____GenBank__TSC2__putative_tuberous_sclerosis_2_isoform_3-like_protein__A_
K07207|Hydra|hmg:100197539_K07207_tuberous_sclerosis_2_|_(RefSeq)_tuberin-like_(A) -> K07207_Hydra_hmg_100197539_K07207_tuberous_sclerosis_2____RefSeq__tuberin-like__A_
K07207|Homo|hsa:7249_K07207_tuberous_sclerosis_2_|_(RefSeq)_TSC2,_LAM,_PPP1R160,_TSC4;_TSC_complex_subunit_2_(A) -> K07207_Homo_hsa_7249_K07207_tuberous_sclerosis_2____RefSeq__TSC2__LAM__PPP1R160__TSC4__TSC_complex_subunit_2__A_
K07207|Mus|mmu:22084_K07207_tuberous_sclerosis_2_|_(RefSeq)_Tsc2,_Nafld,_Tcs2;_TSC_complex_subunit_2_(A) -> K07207_Mus_mmu_22084_K07207_tuberous_sclerosis_2____RefSeq__Tsc2__Nafld__Tcs2__TSC_complex_subunit_2__A_
K07207|Aurelia|XLOC_059511|TCONS_00083229|Seg616.18.p1 -> K07207_Aurelia_XLOC_059511_TCONS_00083229_Seg616.18.p1
K07207|Aurelia|XLOC_059511|TCONS_00083225|Seg616.16.p1 -> K07207_Aurelia_XLOC_059511_TCONS_00083225_Seg616.16.p1
K07207|Aurelia|XLOC_059511|TCONS_00083226|Seg616.18.p1 -> K07207_Aurelia_XLOC_059511_TCONS_00083226_Seg616.18.p1
K07207|Aurelia|XLOC_059511|TCONS_00083227|Seg616.18.p1 -> K07207_Aurelia_XLOC_059511_TCONS_00083227_Seg616.18.p1
K07207|Acropora|adf:107346885_K07207_tuberous_sclerosis_2_|_(RefSeq)_tuberin-like_(A) -> K07207_Acropora_adf_107346885_K07207_tuberous_sclerosis_2____RefSeq__tuberin-like__A_
K07207|Exaiptasia|epa:110239965_K07207_tuberous_sclerosis_2_|_(RefSeq)_tuberin-like_(A) -> K07207_Exaiptasia_epa_110239965_K07207_tuberous_sclerosis_2____RefSeq__tuberin-like__A_
K07207|Nematostella|nve:NEMVE_v1g83890_K07207_tuberous_sclerosis_2_|_(RefSeq)_hypothetical_protein_(A) -> K07207_Nematostella_nve_NEMVE_v1g83890_K07207_tuberous_sclerosis_2____RefSeq__hypothetical_protein__A_

                                                                                                                                             Gap/Ambiguity  Composition  p-value
   1  K07207_Aurelia_XLOC_069989_TCONS_00097146_Seg883.8.p1                                                                                         67.91%    failed      0.00%
   2  K07207_Aurelia_XLOC_043940_TCONS_00062287_Seg3696.1.p1                                                                                        12.57%    failed      4.78%
   3  K07207_Aurelia_XLOC_010327_TCONS_00014369_Seg1400.1.p1                                                                                        42.51%    failed      0.00%
   4  K07207_Aurelia_XLOC_010327_TCONS_00014370_Seg1400.1.p1                                                                                        41.56%    failed      0.00%
   5  K07207_Amphimedon_aqu_100640651_K07207_tuberous_sclerosis_2____RefSeq__tuberin-like_isoform_X1__A_                                            26.10%    failed      0.05%
   6  K07207_Daphnia_dpx_DAPPUDRAFT_228923_K07207_tuberous_sclerosis_2____GenBank__TSC2__putative_tuberous_sclerosis_2_isoform_3-like_protein__A_   33.33%    passed     82.92%
   7  K07207_Hydra_hmg_100197539_K07207_tuberous_sclerosis_2____RefSeq__tuberin-like__A_                                                            55.71%    failed      0.00%
   8  K07207_Homo_hsa_7249_K07207_tuberous_sclerosis_2____RefSeq__TSC2__LAM__PPP1R160__TSC4__TSC_complex_subunit_2__A_                              26.55%    failed      0.12%
   9  K07207_Mus_mmu_22084_K07207_tuberous_sclerosis_2____RefSeq__Tsc2__Nafld__Tcs2__TSC_complex_subunit_2__A_                                      29.20%    passed      6.96%
  10  K07207_Aurelia_XLOC_059511_TCONS_00083229_Seg616.18.p1                                                                                        85.81%    passed      7.05%
  11  K07207_Aurelia_XLOC_059511_TCONS_00083225_Seg616.16.p1                                                                                        92.27%    passed     95.81%
  12  K07207_Aurelia_XLOC_059511_TCONS_00083226_Seg616.18.p1                                                                                        69.31%    failed      0.16%
  13  K07207_Aurelia_XLOC_059511_TCONS_00083227_Seg616.18.p1                                                                                        93.26%    passed     98.74%
  14  K07207_Acropora_adf_107346885_K07207_tuberous_sclerosis_2____RefSeq__tuberin-like__A_                                                         42.43%    passed     44.08%
  15  K07207_Exaiptasia_epa_110239965_K07207_tuberous_sclerosis_2____RefSeq__tuberin-like__A_                                                       28.74%    passed     85.18%
  16  K07207_Nematostella_nve_NEMVE_v1g83890_K07207_tuberous_sclerosis_2____RefSeq__hypothetical_protein__A_                                        60.42%    failed      0.05%
WARNING: 7 sequences contain more than 50% gaps/ambiguity
****  TOTAL                                                                                                                                         50.48%  9 sequences failed composition chi2 test (p-value<5%; df=19)


Create initial parsimony tree by phylogenetic likelihood library (PLL)... 0.010 seconds
NOTE: ModelFinder requires 51 MB RAM!
ModelFinder will test 546 protein models (sample size: 2418) ...
 No. Model         -LnL         df  AIC          AICc         BIC
  1  Dayhoff       38919.562    29  77897.124    77897.853    78065.055
  2  Dayhoff+I     38889.600    30  77839.200    77839.979    78012.921
  3  Dayhoff+G4    38524.460    30  77108.921    77109.700    77282.641
  4  Dayhoff+I+G4  38522.692    31  77107.385    77108.216    77286.896
  5  Dayhoff+R2    38563.074    31  77188.149    77188.980    77367.660
  6  Dayhoff+R3    38514.759    33  77095.518    77096.460    77286.611
  7  Dayhoff+R4    38505.276    35  77080.553    77081.611    77283.227
  8  Dayhoff+R5    38502.911    37  77079.822    77081.004    77294.078
 14  Dayhoff+F     38469.444    48  77034.889    77036.874    77312.842
 15  Dayhoff+F+I   38440.066    49  76978.133    76980.202    77261.877
 16  Dayhoff+F+G4  38074.286    49  76246.573    76248.642    76530.317
 17  Dayhoff+F+I+G4 38072.645    50  76245.289    76247.444    76534.824
 18  Dayhoff+F+R2  38114.401    50  76328.802    76330.956    76618.336
 19  Dayhoff+F+R3  38065.072    52  76234.144    76236.475    76535.260
 20  Dayhoff+F+R4  38054.774    54  76217.549    76220.063    76530.246
 21  Dayhoff+F+R5  38052.031    56  76216.063    76218.767    76540.342
 27  mtMAM         41773.737    29  83605.474    83606.203    83773.404
 28  mtMAM+I       41727.030    30  83514.059    83514.838    83687.780
 29  mtMAM+G4      40724.974    30  81509.949    81510.728    81683.670
 30  mtMAM+I+G4    40721.186    31  81504.373    81505.204    81683.884
 31  mtMAM+R2      40933.103    31  81928.206    81929.038    82107.718
 32  mtMAM+R3      40749.716    33  81565.432    81566.374    81756.525
 33  mtMAM+R4      40715.767    35  81501.534    81502.592    81704.209
 34  mtMAM+R5      40704.171    37  81482.342    81483.523    81696.598
 35  mtMAM+R6      40683.550    39  81445.100    81446.412    81670.937
 36  mtMAM+R7      40680.823    41  81443.646    81445.095    81681.064
 40  mtMAM+F       39524.621    48  79145.243    79147.229    79423.196
 41  mtMAM+F+I     39483.129    49  79064.257    79066.327    79348.001
 42  mtMAM+F+G4    38640.477    49  77378.955    77381.024    77662.699
 43  mtMAM+F+I+G4  38635.135    50  77370.271    77372.425    77659.805
 44  mtMAM+F+R2    38818.241    50  77736.482    77738.637    78026.017
 45  mtMAM+F+R3    38672.847    52  77449.693    77452.024    77750.810
 46  mtMAM+F+R4    38637.160    54  77382.321    77384.835    77695.018
 47  mtMAM+F+R5    38625.991    56  77363.982    77366.686    77688.261
 48  mtMAM+F+R6    38607.088    58  77330.176    77333.077    77666.036
 49  mtMAM+F+R7    38592.193    60  77304.386    77307.492    77651.828
 50  mtMAM+F+R8    38582.970    62  77289.940    77293.257    77648.963
 51  mtMAM+F+R9    38577.844    64  77283.688    77287.224    77654.292
 53  JTT           38560.812    29  77179.625    77180.353    77347.555
 54  JTT+I         38534.375    30  77128.750    77129.529    77302.471
 55  JTT+G4        38241.248    30  76542.496    76543.275    76716.217
 56  JTT+I+G4      38239.546    31  76541.093    76541.924    76720.604
 57  JTT+R2        38267.676    31  76597.351    76598.183    76776.863
 58  JTT+R3        38240.700    33  76547.399    76548.340    76738.492
 59  JTT+R4        38229.264    35  76528.528    76529.586    76731.202
 60  JTT+R5        38226.670    37  76527.340    76528.522    76741.596
 66  JTT+F         38339.076    48  76774.152    76776.137    77052.105
 67  JTT+F+I       38312.838    49  76723.677    76725.746    77007.421
 68  JTT+F+G4      38011.637    49  76121.274    76123.343    76405.018
 69  JTT+F+I+G4    38010.077    50  76120.154    76122.308    76409.688
 70  JTT+F+R2      38039.502    50  76179.005    76181.159    76468.540
 71  JTT+F+R3      38012.176    52  76128.351    76130.682    76429.467
 72  JTT+F+R4      37999.771    54  76107.542    76110.056    76420.240
 73  JTT+F+R5      37996.617    56  76105.233    76107.937    76429.512
 79  WAG           38538.925    29  77135.850    77136.579    77303.780
 80  WAG+I         38516.881    30  77093.762    77094.541    77267.483
 81  WAG+G4        38280.247    30  76620.494    76621.273    76794.215
 82  WAG+I+G4      38279.465    31  76620.930    76621.761    76800.441
 83  WAG+R2        38303.536    31  76669.072    76669.904    76848.584
 84  WAG+R3        38275.019    33  76616.038    76616.980    76807.131
 85  WAG+R4        38263.348    35  76596.695    76597.753    76799.369
 86  WAG+R5        38260.851    37  76595.703    76596.884    76809.959
 92  WAG+F         38264.114    48  76624.228    76626.213    76902.181
 93  WAG+F+I       38241.615    49  76581.231    76583.300    76864.975
 94  WAG+F+G4      37982.693    49  76063.386    76065.456    76347.130
 95  WAG+F+I+G4    37981.927    50  76063.854    76066.009    76353.389
 96  WAG+F+R2      38008.911    50  76117.822    76119.977    76407.357
 97  WAG+F+R3      37979.736    52  76063.472    76065.803    76364.588
 98  WAG+F+R4      37966.828    54  76041.656    76044.170    76354.354
 99  WAG+F+R5      37963.704    56  76039.408    76042.112    76363.687
105  cpREV         38827.874    29  77713.747    77714.476    77881.678
106  cpREV+I       38803.631    30  77667.262    77668.041    77840.983
107  cpREV+G4      38511.104    30  77082.208    77082.987    77255.929
108  cpREV+I+G4    38510.096    31  77082.192    77083.024    77261.704
109  cpREV+R2      38531.037    31  77124.073    77124.905    77303.585
110  cpREV+R3      38510.430    33  77086.861    77087.802    77277.954
111  cpREV+R4      38501.549    35  77073.097    77074.155    77275.771
112  cpREV+R5      38499.241    37  77072.481    77073.663    77286.737
118  cpREV+F       38470.779    48  77037.557    77039.543    77315.511
119  cpREV+F+I     38443.553    49  76985.106    76987.175    77268.850
120  cpREV+F+G4    38109.953    49  76317.906    76319.975    76601.650
121  cpREV+F+I+G4  38108.688    50  76317.376    76319.531    76606.911
122  cpREV+F+R2    38140.084    50  76380.167    76382.322    76669.702
123  cpREV+F+R3    38114.241    52  76332.482    76334.813    76633.598
124  cpREV+F+R4    38100.346    54  76308.692    76311.206    76621.390
125  cpREV+F+R5    38095.952    56  76303.904    76306.608    76628.183
131  mtREV         40844.120    29  81746.240    81746.969    81914.171
132  mtREV+I       40809.203    30  81678.407    81679.186    81852.128
133  mtREV+G4      40237.155    30  80534.310    80535.089    80708.031
134  mtREV+I+G4    40232.584    31  80527.168    80528.000    80706.680
135  mtREV+R2      40300.721    31  80663.443    80664.274    80842.954
136  mtREV+R3      40256.622    33  80579.245    80580.186    80770.338
137  mtREV+R4      40239.724    35  80549.448    80550.506    80752.122
138  mtREV+R5      40234.869    37  80543.737    80544.919    80757.993
144  mtREV+F       38849.138    48  77794.277    77796.263    78072.230
145  mtREV+F+I     38816.435    49  77730.869    77732.939    78014.613
146  mtREV+F+G4    38297.309    49  76692.619    76694.688    76976.363
147  mtREV+F+I+G4  38292.830    50  76685.659    76687.814    76975.194
148  mtREV+F+R2    38379.337    50  76858.674    76860.829    77148.209
149  mtREV+F+R3    38328.809    52  76761.618    76763.948    77062.734
150  mtREV+F+R4    38300.784    54  76709.568    76712.081    77022.265
151  mtREV+F+R5    38287.641    56  76687.281    76689.985    77011.560
152  mtREV+F+R6    38271.452    58  76658.903    76661.804    76994.763
153  mtREV+F+R7    38270.811    60  76661.622    76664.727    77009.064
157  rtREV         38984.105    29  78026.210    78026.939    78194.140
158  rtREV+I       38959.404    30  77978.808    77979.587    78152.529
159  rtREV+G4      38633.310    30  77326.619    77327.398    77500.340
160  rtREV+I+G4    38632.067    31  77326.135    77326.967    77505.647
161  rtREV+R2      38654.220    31  77370.440    77371.271    77549.951
162  rtREV+R3      38634.947    33  77335.894    77336.836    77526.987
163  rtREV+R4      38622.312    35  77314.625    77315.683    77517.299
164  rtREV+R5      38616.288    37  77306.576    77307.758    77520.832
170  rtREV+F       38467.640    48  77031.279    77033.265    77309.233
171  rtREV+F+I     38441.097    49  76980.193    76982.262    77263.937
172  rtREV+F+G4    38089.185    49  76276.370    76278.440    76560.114
173  rtREV+F+I+G4  38087.265    50  76274.531    76276.685    76564.065
174  rtREV+F+R2    38117.916    50  76335.832    76337.987    76625.367
175  rtREV+F+R3    38096.944    52  76297.889    76300.219    76599.005
176  rtREV+F+R4    38081.017    54  76270.034    76272.547    76582.731
177  rtREV+F+R5    38073.525    56  76259.050    76261.754    76583.329
183  mtART         41784.122    29  83626.245    83626.974    83794.175
184  mtART+I       41734.887    30  83529.773    83530.552    83703.494
185  mtART+G4      40651.055    30  81362.110    81362.890    81535.831
186  mtART+I+G4    40646.849    31  81355.697    81356.529    81535.209
187  mtART+R2      40885.243    31  81832.485    81833.317    82011.997
188  mtART+R3      40762.242    33  81590.484    81591.425    81781.577
189  mtART+R4      40703.364    35  81476.728    81477.786    81679.402
190  mtART+R5      40674.072    37  81422.144    81423.326    81636.400
191  mtART+R6      40626.062    39  81330.123    81331.435    81555.960
192  mtART+R7      40620.148    41  81322.296    81323.746    81559.715
196  mtART+F       39611.875    48  79319.750    79321.735    79597.703
197  mtART+F+I     39564.049    49  79226.097    79228.166    79509.841
198  mtART+F+G4    38574.820    49  77247.641    77249.710    77531.385
199  mtART+F+I+G4  38570.272    50  77240.544    77242.699    77530.079
200  mtART+F+R2    38799.735    50  77699.470    77701.624    77989.004
201  mtART+F+R3    38686.186    52  77476.372    77478.702    77777.488
202  mtART+F+R4    38632.253    54  77372.505    77375.019    77685.203
203  mtART+F+R5    38605.950    56  77323.901    77326.605    77648.180
204  mtART+F+R6    38556.515    58  77229.031    77231.932    77564.891
205  mtART+F+R7    38546.858    60  77213.715    77216.821    77561.157
206  mtART+F+R8    38525.938    62  77175.875    77179.192    77534.898
207  mtART+F+R9    38513.388    64  77154.777    77158.313    77525.381
208  mtART+F+R10   38507.048    66  77146.096    77149.858    77528.282
209  mtZOA         40906.031    29  81870.062    81870.791    82037.992
210  mtZOA+I       40862.914    30  81785.828    81786.607    81959.549
211  mtZOA+G4      40052.747    30  80165.493    80166.273    80339.214
212  mtZOA+I+G4    40048.332    31  80158.664    80159.496    80338.176
213  mtZOA+R2      40170.499    31  80402.999    80403.830    80582.510
214  mtZOA+R3      40103.658    33  80273.316    80274.257    80464.409
215  mtZOA+R4      40076.397    35  80222.794    80223.852    80425.468
216  mtZOA+R5      40064.999    37  80203.997    80205.179    80418.253
217  mtZOA+R6      40051.216    39  80180.432    80181.744    80406.269
218  mtZOA+R7      40049.070    41  80180.140    80181.589    80417.558
222  mtZOA+F       39137.992    48  78371.985    78373.970    78649.938
223  mtZOA+F+I     39096.155    49  78290.310    78292.379    78574.054
224  mtZOA+F+G4    38334.222    49  76766.445    76768.514    77050.189
225  mtZOA+F+I+G4  38330.371    50  76760.742    76762.896    77050.277
226  mtZOA+F+R2    38483.699    50  77067.397    77069.552    77356.932
227  mtZOA+F+R3    38416.262    52  76936.524    76938.854    77237.640
228  mtZOA+F+R4    38377.998    54  76863.997    76866.510    77176.694
229  mtZOA+F+R5    38358.794    56  76829.587    76832.291    77153.866
230  mtZOA+F+R6    38323.918    58  76763.836    76766.737    77099.696
231  mtZOA+F+R7    38323.281    60  76766.562    76769.668    77114.004
235  VT            38359.670    29  76777.341    76778.069    76945.271
236  VT+I          38340.964    30  76741.929    76742.708    76915.650
237  VT+G4         38160.135    30  76380.270    76381.049    76553.991
238  VT+I+G4       38159.380    31  76380.759    76381.591    76560.271
239  VT+R2         38174.345    31  76410.690    76411.522    76590.202
240  VT+R3         38173.492    33  76412.984    76413.925    76604.077
248  VT+F          38180.168    48  76456.335    76458.321    76734.288
249  VT+F+I        38161.235    49  76420.469    76422.539    76704.214
250  VT+F+G4       37970.957    49  76039.913    76041.983    76323.657
251  VT+F+I+G4     37970.111    50  76040.223    76042.377    76329.757
252  VT+F+R2       37986.380    50  76072.759    76074.914    76362.294
253  VT+F+R3       37985.665    52  76075.329    76077.660    76376.445
261  LG            38687.223    29  77432.447    77433.175    77600.377
262  LG+I          38658.761    30  77377.521    77378.300    77551.242
263  LG+G4         38284.562    30  76629.124    76629.903    76802.845
264  LG+I+G4       38283.021    31  76628.041    76628.873    76807.553
265  LG+R2         38327.352    31  76716.704    76717.536    76896.216
266  LG+R3         38325.293    33  76716.587    76717.528    76907.680
274  LG+F          38423.102    48  76942.205    76944.190    77220.158
275  LG+F+I        38394.465    49  76886.930    76889.000    77170.674
276  LG+F+G4       38005.320    49  76108.640    76110.709    76392.384
277  LG+F+I+G4     38003.495    50  76106.989    76109.144    76396.524
278  LG+F+R2       38054.662    50  76209.323    76211.478    76498.858
279  LG+F+R3       38052.695    52  76209.390    76211.721    76510.507
287  DCMut         38916.174    29  77890.347    77891.076    78058.277
288  DCMut+I       38886.358    30  77832.716    77833.495    78006.437
289  DCMut+G4      38523.549    30  77107.098    77107.877    77280.818
290  DCMut+I+G4    38521.828    31  77105.656    77106.487    77285.167
291  DCMut+R2      38561.870    31  77185.740    77186.572    77365.252
292  DCMut+R3      38556.080    33  77178.159    77179.100    77369.252
300  DCMut+F       38466.517    48  77029.034    77031.020    77306.987
301  DCMut+F+I     38437.246    49  76972.491    76974.561    77256.235
302  DCMut+F+G4    38073.587    49  76245.175    76247.244    76528.919
303  DCMut+F+I+G4  38071.942    50  76243.884    76246.039    76533.419
304  DCMut+F+R2    38113.362    50  76326.723    76328.878    76616.258
305  DCMut+F+R3    38102.174    52  76308.347    76310.678    76609.463
306  DCMut+F+R4    38082.337    54  76272.674    76275.188    76585.372
307  DCMut+F+R5    38071.769    56  76255.537    76258.241    76579.816
308  DCMut+F+R6    38054.732    58  76225.463    76228.364    76561.324
309  DCMut+F+R7    38054.239    60  76228.478    76231.584    76575.920
313  PMB           38589.639    29  77237.277    77238.006    77405.207
314  PMB+I         38570.139    30  77200.277    77201.056    77373.998
315  PMB+G4        38397.288    30  76854.576    76855.355    77028.296
316  PMB+I+G4      38396.470    31  76854.940    76855.772    77034.452
317  PMB+R2        38408.890    31  76879.779    76880.611    77059.291
318  PMB+R3        38395.248    33  76856.497    76857.438    77047.590
319  PMB+R4        38393.581    35  76857.163    76858.221    77059.837
326  PMB+F         38333.875    48  76763.749    76765.735    77041.703
327  PMB+F+I       38312.973    49  76723.947    76726.016    77007.691
328  PMB+F+G4      38111.738    49  76321.476    76323.545    76605.220
329  PMB+F+I+G4    38110.914    50  76321.827    76323.982    76611.362
330  PMB+F+R2      38127.081    50  76354.162    76356.316    76643.696
331  PMB+F+R3      38110.852    52  76325.704    76328.035    76626.821
332  PMB+F+R4      38108.410    54  76324.819    76327.333    76637.517
339  HIVb          39333.875    29  78725.749    78726.478    78893.680
340  HIVb+I        39292.323    30  78644.646    78645.425    78818.367
341  HIVb+G4       38810.059    30  77680.119    77680.898    77853.840
342  HIVb+I+G4     38805.505    31  77673.010    77673.842    77852.522
343  HIVb+R2       38881.999    31  77825.998    77826.830    78005.510
344  HIVb+R3       38840.705    33  77747.410    77748.351    77938.503
345  HIVb+R4       38832.334    35  77734.669    77735.727    77937.343
346  HIVb+R5       38813.905    37  77701.810    77702.991    77916.065
347  HIVb+R6       38790.255    39  77658.509    77659.821    77884.346
348  HIVb+R7       38789.525    41  77661.050    77662.499    77898.468
352  HIVb+F        38896.985    48  77889.971    77891.956    78167.924
353  HIVb+F+I      38852.361    49  77802.723    77804.792    78086.467
354  HIVb+F+G4     38317.796    49  76733.592    76735.661    77017.336
355  HIVb+F+I+G4   38312.238    50  76724.476    76726.631    77014.011
356  HIVb+F+R2     38412.058    50  76924.117    76926.271    77213.651
357  HIVb+F+R3     38362.098    52  76828.195    76830.526    77129.312
358  HIVb+F+R4     38352.725    54  76813.450    76815.963    77126.147
359  HIVb+F+R5     38330.390    56  76772.780    76775.484    77097.059
360  HIVb+F+R6     38302.400    58  76720.799    76723.701    77056.660
361  HIVb+F+R7     38301.538    60  76723.076    76726.181    77070.517
365  HIVw          40522.751    29  81103.502    81104.231    81271.432
366  HIVw+I        40480.477    30  81020.954    81021.733    81194.674
367  HIVw+G4       39806.821    30  79673.642    79674.421    79847.363
368  HIVw+I+G4     39804.209    31  79670.418    79671.250    79849.930
369  HIVw+R2       39960.892    31  79983.784    79984.616    80163.296
370  HIVw+R3       39887.046    33  79840.092    79841.033    80031.185
371  HIVw+R4       39873.911    35  79817.823    79818.881    80020.497
372  HIVw+R5       39839.622    37  79753.244    79754.425    79967.499
373  HIVw+R6       39795.066    39  79668.131    79669.443    79893.968
374  HIVw+R7       39793.041    41  79668.081    79669.531    79905.500
378  HIVw+F        39442.136    48  78980.272    78982.258    79258.226
379  HIVw+F+I      39399.271    49  78896.543    78898.612    79180.287
380  HIVw+F+G4     38783.337    49  77664.674    77666.743    77948.418
381  HIVw+F+I+G4   38780.622    50  77661.245    77663.399    77950.780
382  HIVw+F+R2     38916.108    50  77932.216    77934.371    78221.751
383  HIVw+F+R3     38851.917    52  77807.834    77810.165    78108.950
384  HIVw+F+R4     38840.775    54  77789.550    77792.063    78102.247
385  HIVw+F+R5     38810.623    56  77733.247    77735.951    78057.526
386  HIVw+F+R6     38772.623    58  77661.245    77664.146    77997.106
387  HIVw+F+R7     38770.926    60  77661.852    77664.958    78009.294
391  JTTDCMut      38568.009    29  77194.017    77194.746    77361.947
392  JTTDCMut+I    38541.552    30  77143.104    77143.883    77316.825
393  JTTDCMut+G4   38249.406    30  76558.812    76559.591    76732.532
394  JTTDCMut+I+G4 38247.676    31  76557.351    76558.183    76736.863
395  JTTDCMut+R2   38275.850    31  76613.701    76614.532    76793.212
396  JTTDCMut+R3   38262.906    33  76591.812    76592.753    76782.905
397  JTTDCMut+R4   38257.857    35  76585.715    76586.773    76788.389
404  JTTDCMut+F    38341.135    48  76778.269    76780.255    77056.223
405  JTTDCMut+F+I  38314.964    49  76727.928    76729.997    77011.672
406  JTTDCMut+F+G4 38013.893    49  76125.786    76127.855    76409.530
407  JTTDCMut+F+I+G4 38012.300    50  76124.601    76126.756    76414.136
408  JTTDCMut+F+R2 38041.947    50  76183.894    76186.049    76473.429
409  JTTDCMut+F+R3 38029.133    52  76162.266    76164.597    76463.383
410  JTTDCMut+F+R4 38023.981    54  76155.963    76158.477    76468.660
417  FLU           39239.842    29  78537.683    78538.412    78705.613
418  FLU+I         39200.968    30  78461.936    78462.715    78635.657
419  FLU+G4        38654.321    30  77368.643    77369.422    77542.364
420  FLU+I+G4      38651.165    31  77364.329    77365.161    77543.841
421  FLU+R2        38747.566    31  77557.133    77557.964    77736.644
422  FLU+R3        38720.950    33  77507.899    77508.841    77698.992
423  FLU+R4        38709.226    35  77488.453    77489.510    77691.127
424  FLU+R5        38669.044    37  77412.089    77413.270    77626.345
425  FLU+R6        38634.846    39  77347.691    77349.004    77573.529
426  FLU+R7        38633.122    41  77348.245    77349.694    77585.663
430  FLU+F         38886.627    48  77869.254    77871.240    78147.207
431  FLU+F+I       38846.172    49  77790.344    77792.413    78074.088
432  FLU+F+G4      38306.320    49  76710.639    76712.709    76994.384
433  FLU+F+I+G4    38302.367    50  76704.734    76706.889    76994.269
434  FLU+F+R2      38397.112    50  76894.224    76896.379    77183.759
435  FLU+F+R3      38371.499    52  76846.998    76849.329    77148.114
436  FLU+F+R4      38360.516    54  76829.032    76831.545    77141.729
437  FLU+F+R5      38322.327    56  76756.653    76759.357    77080.932
438  FLU+F+R6      38290.076    58  76696.152    76699.053    77032.012
439  FLU+F+R7      38288.688    60  76697.376    76700.481    77044.817
443  Blosum62      38661.327    29  77380.654    77381.382    77548.584
444  Blosum62+I    38642.622    30  77345.243    77346.022    77518.964
445  Blosum62+G4   38462.879    30  76985.758    76986.537    77159.479
446  Blosum62+I+G4 38462.114    31  76986.227    76987.059    77165.739
447  Blosum62+R2   38476.035    31  77014.070    77014.901    77193.581
448  Blosum62+R3   38474.539    33  77015.077    77016.019    77206.170
456  Blosum62+F    38316.158    48  76728.316    76730.302    77006.270
457  Blosum62+F+I  38296.417    49  76690.833    76692.903    76974.577
458  Blosum62+F+G4 38093.134    49  76284.268    76286.338    76568.012
459  Blosum62+F+I+G4 38092.379    50  76284.757    76286.912    76574.292
460  Blosum62+F+R2 38109.454    50  76318.908    76321.063    76608.443
461  Blosum62+F+R3 38100.961    52  76305.922    76308.252    76607.038
462  Blosum62+F+R4 38095.547    54  76299.094    76301.608    76611.792
469  mtMet         40895.003    29  81848.007    81848.735    82015.937
470  mtMet+I       40857.539    30  81775.078    81775.857    81948.799
471  mtMet+G4      40259.813    30  80579.626    80580.405    80753.347
472  mtMet+I+G4    40256.321    31  80574.642    80575.473    80754.154
473  mtMet+R2      40343.727    31  80749.454    80750.285    80928.965
474  mtMet+R3      40305.056    33  80676.113    80677.054    80867.206
475  mtMet+R4      40288.137    35  80646.274    80647.332    80848.949
476  mtMet+R5      40262.870    37  80599.741    80600.922    80813.997
477  mtMet+R6      40259.054    39  80596.108    80597.420    80821.945
482  mtMet+F       38846.684    48  77789.368    77791.354    78067.322
483  mtMet+F+I     38810.467    49  77718.934    77721.003    78002.678
484  mtMet+F+G4    38248.682    49  76595.365    76597.434    76879.109
485  mtMet+F+I+G4  38245.135    50  76590.270    76592.425    76879.805
486  mtMet+F+R2    38350.631    50  76801.262    76803.417    77090.797
487  mtMet+F+R3    38330.015    52  76764.030    76766.360    77065.146
488  mtMet+F+R4    38312.632    54  76733.263    76735.777    77045.961
489  mtMet+F+R5    38270.201    56  76652.403    76655.107    76976.682
490  mtMet+F+R6    38253.186    58  76622.371    76625.273    76958.232
491  mtMet+F+R7    38236.908    60  76593.816    76596.922    76941.258
492  mtMet+F+R8    38230.327    62  76584.654    76587.971    76943.677
495  mtVer         41224.123    29  82506.245    82506.974    82674.175
496  mtVer+I       41183.272    30  82426.543    82427.323    82600.264
497  mtVer+G4      40481.446    30  81022.892    81023.671    81196.613
498  mtVer+I+G4    40478.644    31  81019.288    81020.119    81198.799
499  mtVer+R2      40588.360    31  81238.719    81239.551    81418.231
500  mtVer+R3      40559.092    33  81184.184    81185.125    81375.277
501  mtVer+R4      40533.950    35  81137.899    81138.957    81340.574
502  mtVer+R5      40495.690    37  81065.379    81066.561    81279.635
503  mtVer+R6      40486.550    39  81051.101    81052.413    81276.938
504  mtVer+R7      40484.268    41  81050.535    81051.985    81287.954
508  mtVer+F       39160.955    48  78417.909    78419.895    78695.862
509  mtVer+F+I     39120.836    49  78339.672    78341.741    78623.416
510  mtVer+F+G4    38445.324    49  76988.648    76990.717    77272.392
511  mtVer+F+I+G4  38442.139    50  76984.279    76986.433    77273.813
512  mtVer+F+R2    38592.707    50  77285.414    77287.569    77574.949
513  mtVer+F+R3    38565.024    52  77234.049    77236.379    77535.165
514  mtVer+F+R4    38538.335    54  77184.669    77187.183    77497.367
515  mtVer+F+R5    38482.965    56  77077.930    77080.634    77402.209
516  mtVer+F+R6    38460.988    58  77037.976    77040.878    77373.837
517  mtVer+F+R7    38449.408    60  77018.816    77021.921    77366.257
518  mtVer+F+R8    38425.414    62  76974.829    76978.146    77333.852
WARNING: Log-likelihood of mtVer+F+R9 worse than mtVer+F+R8
519  mtVer+F+R9    38426.067    64  76980.134    76983.670    77350.739
521  mtInv         41143.777    29  82345.554    82346.283    82513.485
522  mtInv+I       41107.785    30  82275.570    82276.350    82449.291
523  mtInv+G4      40612.818    30  81285.636    81286.415    81459.357
524  mtInv+I+G4    40609.224    31  81280.448    81281.280    81459.960
525  mtInv+R2      40626.240    31  81314.481    81315.312    81493.992
526  mtInv+R3      40623.757    33  81313.514    81314.455    81504.607
534  mtInv+F       38677.196    48  77450.392    77452.377    77728.345
535  mtInv+F+I     38643.485    49  77384.970    77387.040    77668.715
536  mtInv+F+G4    38160.100    49  76418.200    76420.269    76701.944
537  mtInv+F+I+G4  38157.412    50  76414.825    76416.979    76704.360
538  mtInv+F+R2    38214.206    50  76528.413    76530.568    76817.948
539  mtInv+F+R3    38209.137    52  76522.275    76524.605    76823.391
Akaike Information Criterion:           WAG+F+R5
Corrected Akaike Information Criterion: VT+F+G4
Bayesian Information Criterion:         VT+F+G4
Best-fit model: VT+F+G4 chosen according to BIC

All model information printed to K07207.muscle.model.gz
CPU time for ModelFinder: 913.046 seconds (0h:15m:13s)
Wall-clock time for ModelFinder: 919.420 seconds (0h:15m:19s)

NOTE: 20 MB RAM (0 GB) is required!
Estimate model parameters (epsilon = 0.100)
1. Initial log-likelihood: -38153.098
2. Current log-likelihood: -38023.776
3. Current log-likelihood: -37987.361
4. Current log-likelihood: -37976.253
5. Current log-likelihood: -37972.535
6. Current log-likelihood: -37971.382
7. Current log-likelihood: -37971.071
Optimal log-likelihood: -37970.972
Gamma shape alpha: 2.455
Parameters optimization took 7 rounds (2.285 sec)
Computing ML distances based on estimated model parameters... 0.071 sec
Computing BIONJ tree...
0.003 seconds
Log-likelihood of BIONJ tree: -37966.992
--------------------------------------------------------------------
|             INITIALIZING CANDIDATE TREE SET                      |
--------------------------------------------------------------------
Generating 98 parsimony trees... 0.668 second
Computing log-likelihood of 98 initial trees ... 12.109 seconds
Current best score: -37966.992

Do NNI search on 20 best initial trees
Estimate model parameters (epsilon = 0.100)
BETTER TREE FOUND at iteration 1: -37956.170
Iteration 10 / LogL: -37956.360 / Time: 0h:0m:25s
Iteration 20 / LogL: -37956.308 / Time: 0h:0m:38s
Finish initializing candidate tree set (2)
Current best tree score: -37956.170 / CPU time: 34.720
Number of iterations: 20
--------------------------------------------------------------------
|               OPTIMIZING CANDIDATE TREE SET                      |
--------------------------------------------------------------------
UPDATE BEST LOG-LIKELIHOOD: -37956.169
Iteration 30 / LogL: -37956.215 / Time: 0h:0m:52s (0h:2m:9s left)
Iteration 40 / LogL: -37956.368 / Time: 0h:1m:6s (0h:1m:44s left)
Iteration 50 / LogL: -37956.204 / Time: 0h:1m:19s (0h:1m:22s left)
Iteration 60 / LogL: -37957.099 / Time: 0h:1m:31s (0h:1m:3s left)
Iteration 70 / LogL: -37959.359 / Time: 0h:1m:47s (0h:0m:48s left)
Iteration 80 / LogL: -37956.170 / Time: 0h:2m:1s (0h:0m:32s left)
Iteration 90 / LogL: -37956.766 / Time: 0h:2m:16s (0h:0m:16s left)
Iteration 100 / LogL: -37956.186 / Time: 0h:2m:28s (0h:0m:1s left)
TREE SEARCH COMPLETED AFTER 102 ITERATIONS / Time: 0h:2m:31s

--------------------------------------------------------------------
|                    FINALIZING TREE SEARCH                        |
--------------------------------------------------------------------
Performs final model parameters optimization
Estimate model parameters (epsilon = 0.010)
1. Initial log-likelihood: -37956.169
Optimal log-likelihood: -37956.168
Gamma shape alpha: 2.492
Parameters optimization took 1 rounds (0.183 sec)
BEST SCORE FOUND : -37956.168
Total tree length: 14.991

Total number of iterations: 102
CPU time used for tree search: 147.530 sec (0h:2m:27s)
Wall-clock time used for tree search: 148.366 sec (0h:2m:28s)
Total CPU time used: 151.027 sec (0h:2m:31s)
Total wall-clock time used: 151.892 sec (0h:2m:31s)

Analysis results written to: 
  IQ-TREE report:                K07207.muscle.iqtree
  Maximum-likelihood tree:       K07207.muscle.treefile
  Likelihood distances:          K07207.muscle.mldist
  Screen log file:               K07207.muscle.log

Date and Time: Mon Mar 16 18:40:00 2020
