IQ-TREE multicore version 1.6.12 for Mac OS X 64-bit built Aug 15 2019
Developed by Bui Quang Minh, Nguyen Lam Tung, Olga Chernomor,
Heiko Schmidt, Dominik Schrempf, Michael Woodhams.

Host:    Davids-MacBook-Air-2.local (AVX2, FMA3, 8 GB RAM)
Command: iqtree -s K09594.muscle
Seed:    375781 (Using SPRNG - Scalable Parallel Random Number Generator)
Time:    Mon Mar 16 18:59:35 2020
Kernel:  AVX+FMA - 1 threads (4 CPU cores detected)

HINT: Use -nt option to specify number of threads because your CPU has 4 cores!
HINT: -nt AUTO will automatically determine the best number of threads to use.

Reading alignment file K09594.muscle ... Fasta format detected
Alignment most likely contains protein sequences
Alignment has 12 sequences with 688 columns, 627 distinct patterns
392 parsimony-informative, 164 singleton sites, 132 constant sites
WARNING: Some sequence names are changed as follows:
K09594|Helobdella|hro:HELRODRAFT_107810_K09594_folliculin_|_(RefSeq)_hypothetical_protein_(A) -> K09594_Helobdella_hro_HELRODRAFT_107810_K09594_folliculin____RefSeq__hypothetical_protein__A_
K09594|Daphnia|dpx:DAPPUDRAFT_318081_K09594_folliculin_|_(GenBank)_hypothetical_protein_(A) -> K09594_Daphnia_dpx_DAPPUDRAFT_318081_K09594_folliculin____GenBank__hypothetical_protein__A_
K09594|Amphimedon|aqu:100633556_K09594_folliculin_|_(RefSeq)_folliculin-like_(A) -> K09594_Amphimedon_aqu_100633556_K09594_folliculin____RefSeq__folliculin-like__A_
K09594|Homo|hsa:201163_K09594_folliculin_|_(RefSeq)_FLCN,_BHD,_DENND8B,_FLCL;_folliculin_(A) -> K09594_Homo_hsa_201163_K09594_folliculin____RefSeq__FLCN__BHD__DENND8B__FLCL__folliculin__A_
K09594|Mus|mmu:216805_K09594_folliculin_|_(RefSeq)_Flcn,_AU014660,_B430214A04Rik,_Bhd,_FLCL;_folliculin_(A) -> K09594_Mus_mmu_216805_K09594_folliculin____RefSeq__Flcn__AU014660__B430214A04Rik__Bhd__FLCL__folliculin__A_
K09594|Hydra|hmg:101238286_K09594_folliculin_|_(RefSeq)_folliculin-like_(A) -> K09594_Hydra_hmg_101238286_K09594_folliculin____RefSeq__folliculin-like__A_
K09594|Aurelia|XLOC_047005|TCONS_00066529|Seg4069.4.p1 -> K09594_Aurelia_XLOC_047005_TCONS_00066529_Seg4069.4.p1
K09594|Aurelia|XLOC_047011|TCONS_00066536|Seg4069.3.p1 -> K09594_Aurelia_XLOC_047011_TCONS_00066536_Seg4069.3.p1
K09594|Aurelia|XLOC_047011|TCONS_00066537|Seg4069.3.p1 -> K09594_Aurelia_XLOC_047011_TCONS_00066537_Seg4069.3.p1
K09594|Acropora|adf:107355201_K09594_folliculin_|_(RefSeq)_folliculin-like_(A) -> K09594_Acropora_adf_107355201_K09594_folliculin____RefSeq__folliculin-like__A_
K09594|Exaiptasia|epa:110232269_K09594_folliculin_|_(RefSeq)_folliculin-like_(A) -> K09594_Exaiptasia_epa_110232269_K09594_folliculin____RefSeq__folliculin-like__A_
K09594|Exaiptasia|epa:110235256_K09594_folliculin_|_(RefSeq)_folliculin-like_(A) -> K09594_Exaiptasia_epa_110235256_K09594_folliculin____RefSeq__folliculin-like__A_

                                                                                                             Gap/Ambiguity  Composition  p-value
   1  K09594_Helobdella_hro_HELRODRAFT_107810_K09594_folliculin____RefSeq__hypothetical_protein__A_                 14.68%    passed      7.62%
   2  K09594_Daphnia_dpx_DAPPUDRAFT_318081_K09594_folliculin____GenBank__hypothetical_protein__A_                   49.27%    passed     14.61%
   3  K09594_Amphimedon_aqu_100633556_K09594_folliculin____RefSeq__folliculin-like__A_                              19.19%    passed     21.91%
   4  K09594_Homo_hsa_201163_K09594_folliculin____RefSeq__FLCN__BHD__DENND8B__FLCL__folliculin__A_                  17.30%    passed     15.97%
   5  K09594_Mus_mmu_216805_K09594_folliculin____RefSeq__Flcn__AU014660__B430214A04Rik__Bhd__FLCL__folliculin__A_   17.30%    passed     10.82%
   6  K09594_Hydra_hmg_101238286_K09594_folliculin____RefSeq__folliculin-like__A_                                   22.67%    passed     78.09%
   7  K09594_Aurelia_XLOC_047005_TCONS_00066529_Seg4069.4.p1                                                        17.73%    passed     98.63%
   8  K09594_Aurelia_XLOC_047011_TCONS_00066536_Seg4069.3.p1                                                        17.73%    passed     98.63%
   9  K09594_Aurelia_XLOC_047011_TCONS_00066537_Seg4069.3.p1                                                        17.73%    passed     98.63%
  10  K09594_Acropora_adf_107355201_K09594_folliculin____RefSeq__folliculin-like__A_                                37.50%    passed     83.94%
  11  K09594_Exaiptasia_epa_110232269_K09594_folliculin____RefSeq__folliculin-like__A_                              23.11%    passed     99.45%
  12  K09594_Exaiptasia_epa_110235256_K09594_folliculin____RefSeq__folliculin-like__A_                              22.97%    passed     99.36%
****  TOTAL                                                                                                         23.10%  0 sequences failed composition chi2 test (p-value<5%; df=19)
NOTE: K09594_Aurelia_XLOC_047011_TCONS_00066536_Seg4069.3.p1 is identical to K09594_Aurelia_XLOC_047005_TCONS_00066529_Seg4069.4.p1 but kept for subsequent analysis
NOTE: 1 identical sequences (see below) will be ignored for subsequent analysis
NOTE: K09594_Aurelia_XLOC_047011_TCONS_00066537_Seg4069.3.p1 (identical to K09594_Aurelia_XLOC_047005_TCONS_00066529_Seg4069.4.p1) is ignored but added at the end

For your convenience alignment with unique sequences printed to K09594.muscle.uniqueseq.phy


Create initial parsimony tree by phylogenetic likelihood library (PLL)... 0.001 seconds
NOTE: ModelFinder requires 11 MB RAM!
ModelFinder will test 546 protein models (sample size: 688) ...
 No. Model         -LnL         df  AIC          AICc         BIC
  1  Dayhoff       9445.880     19  18929.761    18930.898    19015.903
  2  Dayhoff+I     9397.186     20  18834.373    18835.632    18925.048
  3  Dayhoff+G4    9315.218     20  18670.436    18671.695    18761.112
  4  Dayhoff+I+G4  9312.710     21  18667.420    18668.808    18762.630
  5  Dayhoff+R2    9325.818     21  18693.636    18695.024    18788.846
  6  Dayhoff+R3    9313.867     23  18673.735    18675.397    18778.012
  7  Dayhoff+R4    9311.769     25  18673.538    18675.502    18786.883
 14  Dayhoff+F     9350.430     38  18776.860    18781.427    18949.144
 15  Dayhoff+F+I   9299.602     39  18677.204    18682.019    18854.022
 16  Dayhoff+F+G4  9223.870     39  18525.741    18530.556    18702.559
 17  Dayhoff+F+I+G4 9221.097     40  18522.195    18527.264    18703.546
 18  Dayhoff+F+R2  9233.460     40  18546.921    18551.990    18728.272
 19  Dayhoff+F+R3  9222.558     42  18529.116    18534.716    18719.535
 20  Dayhoff+F+R4  9220.652     44  18529.304    18535.463    18728.791
 27  mtMAM         10240.608    19  20519.216    20520.354    20605.358
 28  mtMAM+I       10129.100    20  20298.200    20299.459    20388.876
 29  mtMAM+G4      9838.359     20  19716.717    19717.977    19807.393
 30  mtMAM+I+G4    9838.123     21  19718.246    19719.633    19813.455
 31  mtMAM+R2      9891.406     21  19824.812    19826.199    19920.021
 32  mtMAM+R3      9847.883     23  19741.766    19743.429    19846.043
 33  mtMAM+R4      9838.152     25  19726.305    19728.268    19839.649
 34  mtMAM+R5      9835.391     27  19724.783    19727.074    19847.195
 40  mtMAM+F       9700.006     38  19476.012    19480.579    19648.296
 41  mtMAM+F+I     9605.473     39  19288.945    19293.760    19465.763
 42  mtMAM+F+G4    9413.719     39  18905.438    18910.253    19082.256
 43  mtMAM+F+I+G4  9412.353     40  18904.707    18909.776    19086.058
 44  mtMAM+F+R2    9438.904     40  18957.808    18962.877    19139.159
 45  mtMAM+F+R3    9424.502     42  18933.004    18938.604    19123.424
 46  mtMAM+F+R4    9418.737     44  18925.475    18931.634    19124.962
 53  JTT           9402.900     19  18843.801    18844.938    18929.943
 54  JTT+I         9349.200     20  18738.400    18739.660    18829.076
 55  JTT+G4        9277.952     20  18595.904    18597.164    18686.580
 56  JTT+I+G4      9275.412     21  18592.824    18594.212    18688.034
 57  JTT+R2        9285.244     21  18612.489    18613.876    18707.698
 58  JTT+R3        9276.431     23  18598.863    18600.525    18703.140
 59  JTT+R4        9275.912     25  18601.824    18603.787    18715.168
 66  JTT+F         9351.885     38  18779.770    18784.337    18952.054
 67  JTT+F+I       9295.227     39  18668.454    18673.269    18845.272
 68  JTT+F+G4      9231.646     39  18541.292    18546.107    18718.109
 69  JTT+F+I+G4    9228.482     40  18536.965    18542.035    18718.317
 70  JTT+F+R2      9239.088     40  18558.177    18563.246    18739.528
 71  JTT+F+R3      9229.595     42  18543.190    18548.790    18733.609
 72  JTT+F+R4      9229.151     44  18546.301    18552.460    18745.788
 79  WAG           9370.029     19  18778.059    18779.197    18864.201
 80  WAG+I         9329.837     20  18699.673    18700.933    18790.349
 81  WAG+G4        9273.551     20  18587.103    18588.362    18677.779
 82  WAG+I+G4      9271.653     21  18585.306    18586.693    18680.516
 83  WAG+R2        9279.719     21  18601.437    18602.825    18696.647
 84  WAG+R3        9271.262     23  18588.523    18590.186    18692.801
 85  WAG+R4        9271.000     25  18592.001    18593.965    18705.346
 92  WAG+F         9303.840     38  18683.680    18688.247    18855.964
 93  WAG+F+I       9263.079     39  18604.158    18608.973    18780.976
 94  WAG+F+G4      9207.462     39  18492.923    18497.738    18669.741
 95  WAG+F+I+G4    9205.676     40  18491.352    18496.422    18672.704
 96  WAG+F+R2      9213.870     40  18507.739    18512.809    18689.091
 97  WAG+F+R3      9205.213     42  18494.426    18500.026    18684.845
 98  WAG+F+R4      9204.989     44  18497.979    18504.137    18697.465
105  cpREV         9463.621     19  18965.242    18966.380    19051.384
106  cpREV+I       9419.162     20  18878.323    18879.583    18968.999
107  cpREV+G4      9346.493     20  18732.987    18734.246    18823.662
108  cpREV+I+G4    9345.018     21  18732.035    18733.423    18827.245
109  cpREV+R2      9352.400     21  18746.800    18748.187    18842.009
110  cpREV+R3      9344.773     23  18735.546    18737.208    18839.823
111  cpREV+R4      9344.674     25  18739.348    18741.311    18852.692
118  cpREV+F       9397.711     38  18871.422    18875.989    19043.706
119  cpREV+F+I     9347.666     39  18773.331    18778.146    18950.149
120  cpREV+F+G4    9272.139     39  18622.277    18627.092    18799.095
121  cpREV+F+I+G4  9270.186     40  18620.371    18625.441    18801.723
122  cpREV+F+R2    9279.915     40  18639.829    18644.899    18821.181
123  cpREV+F+R3    9270.395     42  18624.791    18630.391    18815.210
124  cpREV+F+R4    9270.210     44  18628.419    18634.578    18827.906
131  mtREV         9931.022     19  19900.044    19901.182    19986.186
132  mtREV+I       9868.294     20  19776.588    19777.847    19867.264
133  mtREV+G4      9709.155     20  19458.310    19459.570    19548.986
134  mtREV+I+G4    9708.295     21  19458.589    19459.977    19553.799
135  mtREV+R2      9716.695     21  19475.391    19476.778    19570.600
136  mtREV+R3      9707.050     23  19460.099    19461.762    19564.376
137  mtREV+R4      9706.974     25  19463.948    19465.912    19577.293
144  mtREV+F       9475.211     38  19026.422    19030.989    19198.706
145  mtREV+F+I     9417.403     39  18912.806    18917.621    19089.624
146  mtREV+F+G4    9304.940     39  18687.881    18692.696    18864.699
147  mtREV+F+I+G4  9303.299     40  18686.597    18691.667    18867.949
148  mtREV+F+R2    9315.612     40  18711.224    18716.294    18892.576
149  mtREV+F+R3    9305.132     42  18694.263    18699.863    18884.682
150  mtREV+F+R4    9304.993     44  18697.987    18704.145    18897.473
157  rtREV         9453.887     19  18945.774    18946.911    19031.916
158  rtREV+I       9396.066     20  18832.131    18833.391    18922.807
159  rtREV+G4      9321.302     20  18682.604    18683.864    18773.280
160  rtREV+I+G4    9318.728     21  18679.456    18680.843    18774.665
161  rtREV+R2      9327.998     21  18697.996    18699.384    18793.206
162  rtREV+R3      9318.602     23  18683.203    18684.866    18787.481
163  rtREV+R4      9318.376     25  18686.753    18688.716    18800.097
170  rtREV+F       9346.786     38  18769.572    18774.139    18941.856
171  rtREV+F+I     9289.157     39  18656.315    18661.129    18833.132
172  rtREV+F+G4    9216.667     39  18511.334    18516.148    18688.151
173  rtREV+F+I+G4  9214.037     40  18508.074    18513.143    18689.425
174  rtREV+F+R2    9224.240     40  18528.479    18533.549    18709.831
175  rtREV+F+R3    9214.219     42  18512.438    18518.038    18702.857
176  rtREV+F+R4    9214.106     44  18516.212    18522.371    18715.699
183  mtART         10161.139    19  20360.278    20361.416    20446.420
184  mtART+I       10037.783    20  20115.565    20116.825    20206.241
185  mtART+G4      9771.050     20  19582.101    19583.360    19672.776
186  mtART+I+G4    9768.764     21  19579.529    19580.916    19674.739
187  mtART+R2      9814.135     21  19670.271    19671.658    19765.480
188  mtART+R3      9778.174     23  19602.349    19604.011    19706.626
189  mtART+R4      9777.443     25  19604.886    19606.849    19718.230
196  mtART+F       9649.610     38  19375.221    19379.788    19547.505
197  mtART+F+I     9558.336     39  19194.672    19199.487    19371.490
198  mtART+F+G4    9349.292     39  18776.584    18781.399    18953.402
199  mtART+F+I+G4  9347.771     40  18775.541    18780.611    18956.893
200  mtART+F+R2    9380.410     40  18840.819    18845.889    19022.171
201  mtART+F+R3    9359.951     42  18803.902    18809.502    18994.321
202  mtART+F+R4    9359.171     44  18806.342    18812.500    19005.829
209  mtZOA         9943.840     19  19925.681    19926.819    20011.823
210  mtZOA+I       9842.956     20  19725.911    19727.171    19816.587
211  mtZOA+G4      9634.073     20  19308.147    19309.406    19398.822
212  mtZOA+I+G4    9632.434     21  19306.868    19308.256    19402.078
213  mtZOA+R2      9650.485     21  19342.970    19344.358    19438.180
214  mtZOA+R3      9635.416     23  19316.831    19318.494    19421.108
215  mtZOA+R4      9634.985     25  19319.970    19321.934    19433.315
222  mtZOA+F       9523.992     38  19123.984    19128.551    19296.268
223  mtZOA+F+I     9443.424     39  18964.847    18969.662    19141.665
224  mtZOA+F+G4    9286.705     39  18651.410    18656.225    18828.228
225  mtZOA+F+I+G4  9284.953     40  18649.905    18654.975    18831.257
226  mtZOA+F+R2    9313.059     40  18706.119    18711.188    18887.470
227  mtZOA+F+R3    9292.189     42  18668.378    18673.978    18858.797
228  mtZOA+F+R4    9291.701     44  18671.401    18677.560    18870.888
235  VT            9345.140     19  18728.279    18729.417    18814.421
236  VT+I          9302.295     20  18644.591    18645.850    18735.266
237  VT+G4         9262.661     20  18565.322    18566.581    18655.998
238  VT+I+G4       9259.562     21  18561.123    18562.511    18656.333
239  VT+R2         9263.571     21  18569.142    18570.529    18664.352
240  VT+R3         9260.057     23  18566.114    18567.777    18670.391
248  VT+F          9303.803     38  18683.606    18688.173    18855.890
249  VT+F+I        9260.010     39  18598.020    18602.835    18774.838
250  VT+F+G4       9224.148     39  18526.296    18531.111    18703.114
251  VT+F+I+G4     9220.633     40  18521.266    18526.335    18702.617
252  VT+F+R2       9225.546     40  18531.091    18536.161    18712.443
253  VT+F+R3       9221.352     42  18526.704    18532.304    18717.123
261  LG            9406.586     19  18851.172    18852.310    18937.314
262  LG+I          9349.093     20  18738.186    18739.445    18828.862
263  LG+G4         9263.079     20  18566.159    18567.418    18656.835
264  LG+I+G4       9261.414     21  18564.827    18566.215    18660.037
265  LG+R2         9273.524     21  18589.047    18590.435    18684.257
266  LG+R3         9261.968     23  18569.936    18571.599    18674.214
267  LG+R4         9260.937     25  18571.874    18573.838    18685.219
274  LG+F          9349.688     38  18775.376    18779.943    18947.660
275  LG+F+I        9290.264     39  18658.528    18663.343    18835.346
276  LG+F+G4       9210.094     39  18498.188    18503.002    18675.005
277  LG+F+I+G4     9207.876     40  18495.753    18500.822    18677.104
278  LG+F+R2       9221.271     40  18522.543    18527.613    18703.895
279  LG+F+R3       9208.775     42  18501.550    18507.150    18691.969
280  LG+F+R4       9207.970     44  18503.941    18510.099    18703.427
287  DCMut         9445.226     19  18928.453    18929.590    19014.595
288  DCMut+I       9396.663     20  18833.326    18834.585    18924.002
289  DCMut+G4      9315.229     20  18670.458    18671.717    18761.134
290  DCMut+I+G4    9312.725     21  18667.450    18668.837    18762.659
291  DCMut+R2      9325.544     21  18693.088    18694.475    18788.298
292  DCMut+R3      9313.289     23  18672.578    18674.241    18776.855
293  DCMut+R4      9312.861     25  18675.722    18677.686    18789.067
300  DCMut+F       9349.875     38  18775.750    18780.317    18948.034
301  DCMut+F+I     9299.208     39  18676.417    18681.232    18853.235
302  DCMut+F+G4    9223.932     39  18525.863    18530.678    18702.681
303  DCMut+F+I+G4  9221.173     40  18522.347    18527.416    18703.698
304  DCMut+F+R2    9233.355     40  18546.710    18551.779    18728.061
305  DCMut+F+R3    9222.031     42  18528.062    18533.662    18718.481
306  DCMut+F+R4    9221.582     44  18531.163    18537.322    18730.650
313  PMB           9392.654     19  18823.307    18824.445    18909.449
314  PMB+I         9357.278     20  18754.556    18755.815    18845.232
315  PMB+G4        9312.720     20  18665.440    18666.699    18756.115
316  PMB+I+G4      9311.209     21  18664.419    18665.806    18759.628
317  PMB+R2        9313.385     21  18668.771    18670.158    18763.980
318  PMB+R3        9311.299     23  18668.598    18670.261    18772.875
326  PMB+F         9334.722     38  18745.443    18750.010    18917.727
327  PMB+F+I       9299.001     39  18676.002    18680.817    18852.820
328  PMB+F+G4      9256.024     39  18590.048    18594.862    18766.865
329  PMB+F+I+G4    9254.419     40  18588.839    18593.909    18770.191
330  PMB+F+R2      9258.025     40  18596.050    18601.119    18777.401
331  PMB+F+R3      9254.661     42  18593.321    18598.921    18783.740
339  HIVb          9633.277     19  19304.553    19305.691    19390.695
340  HIVb+I        9551.656     20  19143.311    19144.571    19233.987
341  HIVb+G4       9420.526     20  18881.052    18882.311    18971.728
342  HIVb+I+G4     9417.291     21  18876.583    18877.970    18971.792
343  HIVb+R2       9438.727     21  18919.455    18920.842    19014.664
344  HIVb+R3       9421.613     23  18889.227    18890.889    18993.504
345  HIVb+R4       9420.015     25  18890.030    18891.994    19003.375
352  HIVb+F        9542.606     38  19161.212    19165.779    19333.496
353  HIVb+F+I      9450.496     39  18978.991    18983.806    19155.809
354  HIVb+F+G4     9323.497     39  18724.994    18729.809    18901.812
355  HIVb+F+I+G4   9319.263     40  18718.525    18723.595    18899.877
356  HIVb+F+R2     9341.553     40  18763.106    18768.175    18944.457
357  HIVb+F+R3     9325.129     42  18734.257    18739.857    18924.676
358  HIVb+F+R4     9323.420     44  18734.840    18740.999    18934.327
365  HIVw          9949.032     19  19936.064    19937.202    20022.206
366  HIVw+I        9870.217     20  19780.434    19781.694    19871.110
367  HIVw+G4       9693.502     20  19427.003    19428.262    19517.679
368  HIVw+I+G4     9691.646     21  19425.292    19426.680    19520.502
369  HIVw+R2       9720.242     21  19482.484    19483.872    19577.694
370  HIVw+R3       9699.833     23  19445.666    19447.328    19549.943
371  HIVw+R4       9697.266     25  19444.533    19446.497    19557.878
378  HIVw+F        9718.658     38  19513.316    19517.883    19685.600
379  HIVw+F+I      9631.356     39  19340.712    19345.527    19517.530
380  HIVw+F+G4     9486.160     39  19050.321    19055.136    19227.139
381  HIVw+F+I+G4   9483.448     40  19046.895    19051.965    19228.247
382  HIVw+F+R2     9512.723     40  19105.446    19110.516    19286.798
383  HIVw+F+R3     9491.316     42  19066.631    19072.231    19257.051
384  HIVw+F+R4     9488.818     44  19065.636    19071.794    19265.122
391  JTTDCMut      9401.689     19  18841.378    18842.516    18927.520
392  JTTDCMut+I    9348.754     20  18737.508    18738.768    18828.184
393  JTTDCMut+G4   9277.834     20  18595.667    18596.927    18686.343
394  JTTDCMut+I+G4 9275.239     21  18592.478    18593.865    18687.688
395  JTTDCMut+R2   9285.316     21  18612.632    18614.019    18707.841
396  JTTDCMut+R3   9276.551     23  18599.102    18600.765    18703.379
397  JTTDCMut+R4   9276.306     25  18602.612    18604.576    18715.957
404  JTTDCMut+F    9349.193     38  18774.385    18778.952    18946.669
405  JTTDCMut+F+I  9293.387     39  18664.774    18669.589    18841.592
406  JTTDCMut+F+G4 9229.991     39  18537.983    18542.797    18714.800
407  JTTDCMut+F+I+G4 9226.794     40  18533.588    18538.658    18714.940
408  JTTDCMut+F+R2 9237.377     40  18554.753    18559.823    18736.105
409  JTTDCMut+F+R3 9228.258     42  18540.517    18546.117    18730.936
410  JTTDCMut+F+R4 9228.150     44  18544.300    18550.458    18743.786
417  FLU           9589.215     19  19216.430    19217.568    19302.572
418  FLU+I         9528.686     20  19097.373    19098.632    19188.049
419  FLU+G4        9377.301     20  18794.601    18795.860    18885.277
420  FLU+I+G4      9377.247     21  18796.494    18797.881    18891.704
421  FLU+R2        9400.463     21  18842.927    18844.314    18938.136
422  FLU+R3        9381.121     23  18808.242    18809.905    18912.519
423  FLU+R4        9380.264     25  18810.527    18812.491    18923.872
430  FLU+F         9498.073     38  19072.147    19076.714    19244.431
431  FLU+F+I       9437.430     39  18952.859    18957.674    19129.677
432  FLU+F+G4      9293.843     39  18665.685    18670.500    18842.503
433  FLU+F+I+G4    9293.645     40  18667.289    18672.359    18848.641
434  FLU+F+R2      9314.431     40  18708.862    18713.932    18890.214
435  FLU+F+R3      9296.474     42  18676.949    18682.549    18867.368
436  FLU+F+R4      9295.728     44  18679.456    18685.614    18878.943
443  Blosum62      9396.403     19  18830.806    18831.944    18916.948
444  Blosum62+I    9361.375     20  18762.751    18764.010    18853.426
445  Blosum62+G4   9314.311     20  18668.622    18669.881    18759.297
446  Blosum62+I+G4 9312.878     21  18667.755    18669.143    18762.965
447  Blosum62+R2   9315.106     21  18672.211    18673.599    18767.421
448  Blosum62+R3   9313.224     23  18672.447    18674.110    18776.724
456  Blosum62+F    9331.285     38  18738.569    18743.136    18910.853
457  Blosum62+F+I  9294.954     39  18667.909    18672.724    18844.727
458  Blosum62+F+G4 9251.390     39  18580.780    18585.595    18757.597
459  Blosum62+F+I+G4 9249.618     40  18579.236    18584.306    18760.588
460  Blosum62+F+R2 9253.400     40  18586.800    18591.869    18768.151
461  Blosum62+F+R3 9250.596     42  18585.192    18590.792    18775.611
469  mtMet         9931.245     19  19900.490    19901.628    19986.632
470  mtMet+I       9846.045     20  19732.091    19733.350    19822.767
471  mtMet+G4      9688.847     20  19417.695    19418.954    19508.371
472  mtMet+I+G4    9687.344     21  19416.689    19418.076    19511.898
473  mtMet+R2      9704.633     21  19451.266    19452.653    19546.475
474  mtMet+R3      9689.784     23  19425.569    19427.231    19529.846
475  mtMet+R4      9686.343     25  19422.687    19424.651    19536.032
482  mtMet+F       9484.159     38  19044.318    19048.885    19216.602
483  mtMet+F+I     9411.362     39  18900.724    18905.539    19077.542
484  mtMet+F+G4    9298.528     39  18675.056    18679.871    18851.874
485  mtMet+F+I+G4  9296.688     40  18673.376    18678.445    18854.727
486  mtMet+F+R2    9315.411     40  18710.823    18715.892    18892.174
487  mtMet+F+R3    9301.949     42  18687.897    18693.497    18878.316
488  mtMet+F+R4    9300.277     44  18688.554    18694.713    18888.041
495  mtVer         10075.343    19  20188.686    20189.824    20274.828
496  mtVer+I       9977.889     20  19995.778    19997.037    20086.454
497  mtVer+G4      9776.642     20  19593.284    19594.544    19683.960
498  mtVer+I+G4    9775.809     21  19593.618    19595.006    19688.828
499  mtVer+R2      9791.291     21  19624.582    19625.970    19719.792
500  mtVer+R3      9777.802     23  19601.605    19603.267    19705.882
501  mtVer+R4      9775.623     25  19601.246    19603.209    19714.590
508  mtVer+F       9631.713     38  19339.425    19343.992    19511.709
509  mtVer+F+I     9535.028     39  19148.056    19152.871    19324.874
510  mtVer+F+G4    9393.065     39  18864.129    18868.944    19040.947
511  mtVer+F+I+G4  9390.423     40  18860.845    18865.915    19042.197
512  mtVer+F+R2    9415.937     40  18911.874    18916.944    19093.226
513  mtVer+F+R3    9400.997     42  18885.995    18891.595    19076.414
514  mtVer+F+R4    9399.658     44  18887.316    18893.474    19086.802
521  mtInv         9964.975     19  19967.951    19969.088    20054.093
522  mtInv+I       9886.150     20  19812.299    19813.559    19902.975
523  mtInv+G4      9760.517     20  19561.034    19562.293    19651.710
524  mtInv+I+G4    9758.206     21  19558.412    19559.800    19653.622
525  mtInv+R2      9760.929     21  19563.858    19565.246    19659.068
526  mtInv+R3      9755.459     23  19556.918    19558.580    19661.195
534  mtInv+F       9425.842     38  18927.684    18932.251    19099.968
535  mtInv+F+I     9361.161     39  18800.321    18805.136    18977.139
536  mtInv+F+G4    9267.413     39  18612.826    18617.641    18789.644
537  mtInv+F+I+G4  9265.266     40  18610.533    18615.602    18791.884
538  mtInv+F+R2    9279.962     40  18639.923    18644.993    18821.275
539  mtInv+F+R3    9266.415     42  18616.830    18622.430    18807.249
540  mtInv+F+R4    9266.387     44  18620.773    18626.932    18820.260
Akaike Information Criterion:           WAG+F+I+G4
Corrected Akaike Information Criterion: WAG+F+I+G4
Bayesian Information Criterion:         VT+G4
Best-fit model: VT+G4 chosen according to BIC

All model information printed to K09594.muscle.model.gz
CPU time for ModelFinder: 45.829 seconds (0h:0m:45s)
Wall-clock time for ModelFinder: 46.020 seconds (0h:0m:46s)

NOTE: 4 MB RAM (0 GB) is required!
Estimate model parameters (epsilon = 0.100)
1. Initial log-likelihood: -9287.135
2. Current log-likelihood: -9267.965
3. Current log-likelihood: -9263.192
4. Current log-likelihood: -9262.703
Optimal log-likelihood: -9262.661
Gamma shape alpha: 1.901
Parameters optimization took 4 rounds (0.250 sec)
Computing ML distances based on estimated model parameters... 0.028 sec
Computing BIONJ tree...
0.003 seconds
Log-likelihood of BIONJ tree: -9256.388
--------------------------------------------------------------------
|             INITIALIZING CANDIDATE TREE SET                      |
--------------------------------------------------------------------
Generating 98 parsimony trees... 0.131 second
Computing log-likelihood of 93 initial trees ... 2.050 seconds
Current best score: -9256.388

Do NNI search on 20 best initial trees
Estimate model parameters (epsilon = 0.100)
BETTER TREE FOUND at iteration 1: -9256.369
Iteration 10 / LogL: -9256.630 / Time: 0h:0m:4s
Iteration 20 / LogL: -9256.483 / Time: 0h:0m:5s
Finish initializing candidate tree set (2)
Current best tree score: -9256.369 / CPU time: 5.486
Number of iterations: 20
--------------------------------------------------------------------
|               OPTIMIZING CANDIDATE TREE SET                      |
--------------------------------------------------------------------
Iteration 30 / LogL: -9263.871 / Time: 0h:0m:7s (0h:0m:19s left)
UPDATE BEST LOG-LIKELIHOOD: -9256.368
Iteration 40 / LogL: -9256.469 / Time: 0h:0m:10s (0h:0m:15s left)
Iteration 50 / LogL: -9264.312 / Time: 0h:0m:11s (0h:0m:12s left)
Iteration 60 / LogL: -9256.659 / Time: 0h:0m:14s (0h:0m:9s left)
Iteration 70 / LogL: -9256.387 / Time: 0h:0m:16s (0h:0m:7s left)
Iteration 80 / LogL: -9256.495 / Time: 0h:0m:19s (0h:0m:5s left)
Iteration 90 / LogL: -9256.387 / Time: 0h:0m:21s (0h:0m:2s left)
Iteration 100 / LogL: -9257.375 / Time: 0h:0m:22s (0h:0m:0s left)
TREE SEARCH COMPLETED AFTER 102 ITERATIONS / Time: 0h:0m:23s

--------------------------------------------------------------------
|                    FINALIZING TREE SEARCH                        |
--------------------------------------------------------------------
Performs final model parameters optimization
Estimate model parameters (epsilon = 0.010)
1. Initial log-likelihood: -9256.368
Optimal log-likelihood: -9256.366
Gamma shape alpha: 1.945
Parameters optimization took 1 rounds (0.034 sec)
BEST SCORE FOUND : -9256.366
Total tree length: 6.794

Total number of iterations: 102
CPU time used for tree search: 22.631 sec (0h:0m:22s)
Wall-clock time used for tree search: 22.720 sec (0h:0m:22s)
Total CPU time used: 23.044 sec (0h:0m:23s)
Total wall-clock time used: 23.139 sec (0h:0m:23s)

Analysis results written to: 
  IQ-TREE report:                K09594.muscle.iqtree
  Maximum-likelihood tree:       K09594.muscle.treefile
  Likelihood distances:          K09594.muscle.mldist
  Screen log file:               K09594.muscle.log

Date and Time: Mon Mar 16 19:00:44 2020
