IQ-TREE multicore version 1.6.12 for Mac OS X 64-bit built Aug 15 2019
Developed by Bui Quang Minh, Nguyen Lam Tung, Olga Chernomor,
Heiko Schmidt, Dominik Schrempf, Michael Woodhams.

Host:    Davids-MacBook-Air-2.local (AVX2, FMA3, 8 GB RAM)
Command: iqtree -s K13302.muscle
Seed:    870793 (Using SPRNG - Scalable Parallel Random Number Generator)
Time:    Mon Mar 16 19:09:50 2020
Kernel:  AVX+FMA - 1 threads (4 CPU cores detected)

HINT: Use -nt option to specify number of threads because your CPU has 4 cores!
HINT: -nt AUTO will automatically determine the best number of threads to use.

Reading alignment file K13302.muscle ... Fasta format detected
Alignment most likely contains protein sequences
Alignment has 13 sequences with 504 columns, 433 distinct patterns
293 parsimony-informative, 71 singleton sites, 140 constant sites
WARNING: Some sequence names are changed as follows:
K13302|Aurelia|XLOC_002663|TCONS_00003747|Seg1095.24.p1 -> K13302_Aurelia_XLOC_002663_TCONS_00003747_Seg1095.24.p1
K13302|Aurelia|XLOC_002663|TCONS_00003748|Seg1095.24.1.57f48f75.p1 -> K13302_Aurelia_XLOC_002663_TCONS_00003748_Seg1095.24.1.57f48f75.p1
K13302|Aurelia|XLOC_036875|TCONS_00052444|Seg2918.1.p1 -> K13302_Aurelia_XLOC_036875_TCONS_00052444_Seg2918.1.p1
K13302|Aurelia|XLOC_050772|TCONS_00071598|Seg460.5.p1 -> K13302_Aurelia_XLOC_050772_TCONS_00071598_Seg460.5.p1
K13302|Aurelia|XLOC_003780|TCONS_00005285|Seg1140.2.p1 -> K13302_Aurelia_XLOC_003780_TCONS_00005285_Seg1140.2.p1
K13302|Homo|hsa:6446_K13302_serum/glucocorticoid-regulated_kinase_1_[EC:2.7.11.1]_|_(RefSeq)_SGK1,_SGK;_serum/glucocorticoid_regulated_kinase_1_(A) -> K13302_Homo_hsa_6446_K13302_serum_glucocorticoid-regulated_kinase_1__EC_2.7.11.1_____RefSeq__SGK1__SGK__serum_glucocorticoid_regulated_kinase_1__A_
K13302|Mus|mmu:20393_K13302_serum/glucocorticoid-regulated_kinase_1_[EC:2.7.11.1]_|_(RefSeq)_Sgk1,_Sgk;_serum/glucocorticoid_regulated_kinase_1_(A) -> K13302_Mus_mmu_20393_K13302_serum_glucocorticoid-regulated_kinase_1__EC_2.7.11.1_____RefSeq__Sgk1__Sgk__serum_glucocorticoid_regulated_kinase_1__A_
K13302|Aurelia|XLOC_018589|TCONS_00026157|Seg1739.16.p1 -> K13302_Aurelia_XLOC_018589_TCONS_00026157_Seg1739.16.p1
K13302|Aurelia|XLOC_018589|TCONS_00026155|Seg1739.16.p1 -> K13302_Aurelia_XLOC_018589_TCONS_00026155_Seg1739.16.p1
K13302|Aurelia|XLOC_018589|TCONS_00026156|Seg1739.16.p1 -> K13302_Aurelia_XLOC_018589_TCONS_00026156_Seg1739.16.p1
K13302|Acropora|adf:107329566_K13302_serum/glucocorticoid-regulated_kinase_1_[EC:2.7.11.1]_|_(RefSeq)_serine/threonine-protein_kinase_Sgk1-like_(A) -> K13302_Acropora_adf_107329566_K13302_serum_glucocorticoid-regulated_kinase_1__EC_2.7.11.1_____RefSeq__serine_threonine-protein_kinase_Sgk1-like__A_
K13302|Acropora|adf:107329569_K13302_serum/glucocorticoid-regulated_kinase_1_[EC:2.7.11.1]_|_(RefSeq)_serine/threonine-protein_kinase_Sgk1-like_(A) -> K13302_Acropora_adf_107329569_K13302_serum_glucocorticoid-regulated_kinase_1__EC_2.7.11.1_____RefSeq__serine_threonine-protein_kinase_Sgk1-like__A_
K13302|Nematostella|nve:NEMVE_v1g115630_K13302_serum/glucocorticoid-regulated_kinase_1_[EC:2.7.11.1]_|_(RefSeq)_hypothetical_protein_(A) -> K13302_Nematostella_nve_NEMVE_v1g115630_K13302_serum_glucocorticoid-regulated_kinase_1__EC_2.7.11.1_____RefSeq__hypothetical_protein__A_

                                                                                                                                                     Gap/Ambiguity  Composition  p-value
   1  K13302_Aurelia_XLOC_002663_TCONS_00003747_Seg1095.24.p1                                                                                               17.06%    passed     86.91%
   2  K13302_Aurelia_XLOC_002663_TCONS_00003748_Seg1095.24.1.57f48f75.p1                                                                                    17.06%    passed     86.91%
   3  K13302_Aurelia_XLOC_036875_TCONS_00052444_Seg2918.1.p1                                                                                                26.98%    passed     91.62%
   4  K13302_Aurelia_XLOC_050772_TCONS_00071598_Seg460.5.p1                                                                                                 26.98%    passed     91.62%
   5  K13302_Aurelia_XLOC_003780_TCONS_00005285_Seg1140.2.p1                                                                                                 8.73%    failed      1.62%
   6  K13302_Homo_hsa_6446_K13302_serum_glucocorticoid-regulated_kinase_1__EC_2.7.11.1_____RefSeq__SGK1__SGK__serum_glucocorticoid_regulated_kinase_1__A_   16.07%    passed     53.99%
   7  K13302_Mus_mmu_20393_K13302_serum_glucocorticoid-regulated_kinase_1__EC_2.7.11.1_____RefSeq__Sgk1__Sgk__serum_glucocorticoid_regulated_kinase_1__A_   16.07%    passed     62.25%
   8  K13302_Aurelia_XLOC_018589_TCONS_00026157_Seg1739.16.p1                                                                                               67.46%    passed     36.24%
   9  K13302_Aurelia_XLOC_018589_TCONS_00026155_Seg1739.16.p1                                                                                               44.05%    passed     81.77%
  10  K13302_Aurelia_XLOC_018589_TCONS_00026156_Seg1739.16.p1                                                                                               42.66%    passed     96.27%
  11  K13302_Acropora_adf_107329566_K13302_serum_glucocorticoid-regulated_kinase_1__EC_2.7.11.1_____RefSeq__serine_threonine-protein_kinase_Sgk1-like__A_   50.99%    passed     85.47%
  12  K13302_Acropora_adf_107329569_K13302_serum_glucocorticoid-regulated_kinase_1__EC_2.7.11.1_____RefSeq__serine_threonine-protein_kinase_Sgk1-like__A_   31.35%    passed     98.65%
  13  K13302_Nematostella_nve_NEMVE_v1g115630_K13302_serum_glucocorticoid-regulated_kinase_1__EC_2.7.11.1_____RefSeq__hypothetical_protein__A_              20.04%    passed     95.42%
WARNING: 2 sequences contain more than 50% gaps/ambiguity
****  TOTAL                                                                                                                                                 29.66%  1 sequences failed composition chi2 test (p-value<5%; df=19)
NOTE: K13302_Aurelia_XLOC_002663_TCONS_00003748_Seg1095.24.1.57f48f75.p1 is identical to K13302_Aurelia_XLOC_002663_TCONS_00003747_Seg1095.24.p1 but kept for subsequent analysis
NOTE: K13302_Aurelia_XLOC_050772_TCONS_00071598_Seg460.5.p1 is identical to K13302_Aurelia_XLOC_036875_TCONS_00052444_Seg2918.1.p1 but kept for subsequent analysis


Create initial parsimony tree by phylogenetic likelihood library (PLL)... 0.001 seconds
NOTE: ModelFinder requires 9 MB RAM!
ModelFinder will test 546 protein models (sample size: 504) ...
 No. Model         -LnL         df  AIC          AICc         BIC
  1  Dayhoff       5465.265     23  10976.530    10978.830    11073.649
  2  Dayhoff+I     5435.613     24  10919.227    10921.732    11020.569
  3  Dayhoff+G4    5388.967     24  10825.934    10828.440    10927.276
  4  Dayhoff+I+G4  5389.709     25  10829.417    10832.137    10934.982
  5  Dayhoff+R2    5390.176     25  10830.353    10833.073    10935.917
  6  Dayhoff+R3    5387.487     27  10828.974    10832.150    10942.983
 14  Dayhoff+F     5435.813     42  10955.627    10963.462    11132.975
 15  Dayhoff+F+I   5403.822     43  10893.643    10901.869    11075.214
 16  Dayhoff+F+G4  5352.107     43  10790.214    10798.440    10971.785
 17  Dayhoff+F+I+G4 5352.723     44  10793.445    10802.073    10979.239
 18  Dayhoff+F+R2  5353.266     44  10794.532    10803.159    10980.325
 19  Dayhoff+F+R3  5350.655     46  10793.310    10802.771    10987.548
 27  mtMAM         6070.533     23  12187.066    12189.366    12284.185
 28  mtMAM+I       5968.948     24  11985.895    11988.400    12087.237
 29  mtMAM+G4      5772.630     24  11593.260    11595.765    11694.602
 30  mtMAM+I+G4    5772.932     25  11595.864    11598.583    11701.428
 31  mtMAM+R2      5808.951     25  11667.903    11670.623    11773.467
 32  mtMAM+R3      5783.774     27  11621.548    11624.724    11735.557
 33  mtMAM+R4      5774.320     29  11606.640    11610.311    11729.095
 34  mtMAM+R5      5771.697     31  11605.395    11609.598    11736.294
 40  mtMAM+F       5717.293     42  11518.586    11526.421    11695.935
 41  mtMAM+F+I     5644.850     43  11375.701    11383.927    11557.272
 42  mtMAM+F+G4    5488.398     43  11062.796    11071.022    11244.367
 43  mtMAM+F+I+G4  5489.096     44  11066.192    11074.819    11251.985
 44  mtMAM+F+R2    5500.941     44  11089.882    11098.509    11275.675
 45  mtMAM+F+R3    5493.827     46  11079.655    11089.116    11273.893
 46  mtMAM+F+R4    5488.879     48  11073.757    11084.096    11276.441
 53  JTT           5440.688     23  10927.376    10929.676    11024.495
 54  JTT+I         5407.434     24  10862.868    10865.373    10964.210
 55  JTT+G4        5359.641     24  10767.281    10769.787    10868.623
 56  JTT+I+G4      5359.929     25  10769.857    10772.577    10875.422
 57  JTT+R2        5358.726     25  10767.452    10770.171    10873.016
 58  JTT+R3        5358.073     27  10770.146    10773.322    10884.155
 66  JTT+F         5431.211     42  10946.422    10954.257    11123.770
 67  JTT+F+I       5398.299     43  10882.597    10890.823    11064.168
 68  JTT+F+G4      5350.180     43  10786.359    10794.585    10967.930
 69  JTT+F+I+G4    5350.482     44  10788.964    10797.592    10974.758
 70  JTT+F+R2      5349.013     44  10786.026    10794.653    10971.819
 71  JTT+F+R3      5348.374     46  10788.748    10798.210    10982.987
 79  WAG           5409.048     23  10864.096    10866.396    10961.215
 80  WAG+I         5383.888     24  10815.777    10818.282    10917.119
 81  WAG+G4        5348.654     24  10745.309    10747.814    10846.651
 82  WAG+I+G4      5348.870     25  10747.740    10750.459    10853.304
 83  WAG+R2        5347.906     25  10745.813    10748.533    10851.377
 84  WAG+R3        5346.998     27  10747.995    10751.172    10862.005
 92  WAG+F         5399.994     42  10883.988    10891.823    11061.337
 93  WAG+F+I       5373.358     43  10832.715    10840.942    11014.286
 94  WAG+F+G4      5335.249     43  10756.498    10764.724    10938.069
 95  WAG+F+I+G4    5335.480     44  10758.959    10767.587    10944.752
 96  WAG+F+R2      5334.730     44  10757.460    10766.087    10943.253
 97  WAG+F+R3      5333.769     46  10759.537    10768.999    10953.776
105  cpREV         5465.045     23  10976.090    10978.390    11073.210
106  cpREV+I       5436.042     24  10920.084    10922.589    11021.426
107  cpREV+G4      5390.761     24  10829.523    10832.028    10930.865
108  cpREV+I+G4    5390.963     25  10831.927    10834.646    10937.491
109  cpREV+R2      5390.433     25  10830.867    10833.586    10936.431
110  cpREV+R3      5387.597     27  10829.194    10832.370    10943.203
118  cpREV+F       5436.421     42  10956.842    10964.677    11134.190
119  cpREV+F+I     5408.604     43  10903.209    10911.435    11084.780
120  cpREV+F+G4    5360.535     43  10807.070    10815.296    10988.641
121  cpREV+F+I+G4  5360.757     44  10809.514    10818.141    10995.307
122  cpREV+F+R2    5359.180     44  10806.360    10814.988    10992.154
123  cpREV+F+R3    5356.316     46  10804.632    10814.094    10998.870
131  mtREV         5855.957     23  11757.915    11760.215    11855.034
132  mtREV+I       5797.763     24  11643.526    11646.032    11744.868
133  mtREV+G4      5691.992     24  11431.983    11434.488    11533.325
134  mtREV+I+G4    5692.141     25  11434.281    11437.001    11539.846
135  mtREV+R2      5696.085     25  11442.171    11444.890    11547.735
136  mtREV+R3      5692.624     27  11439.249    11442.425    11553.258
144  mtREV+F       5540.373     42  11164.746    11172.581    11342.094
145  mtREV+F+I     5500.381     43  11086.763    11094.989    11268.333
146  mtREV+F+G4    5410.618     43  10907.236    10915.462    11088.807
147  mtREV+F+I+G4  5410.895     44  10909.790    10918.417    11095.583
148  mtREV+F+R2    5410.152     44  10908.304    10916.931    11094.097
149  mtREV+F+R3    5407.871     46  10907.743    10917.204    11101.981
157  rtREV         5482.440     23  11010.880    11013.180    11107.999
158  rtREV+I       5447.767     24  10943.534    10946.039    11044.876
159  rtREV+G4      5395.467     24  10838.934    10841.439    10940.276
160  rtREV+I+G4    5395.583     25  10841.165    10843.885    10946.730
161  rtREV+R2      5394.666     25  10839.333    10842.053    10944.897
162  rtREV+R3      5393.320     27  10840.640    10843.817    10954.650
170  rtREV+F       5443.318     42  10970.636    10978.471    11147.985
171  rtREV+F+I     5406.566     43  10899.133    10907.359    11080.704
172  rtREV+F+G4    5352.324     43  10790.647    10798.873    10972.218
173  rtREV+F+I+G4  5352.444     44  10792.888    10801.515    10978.681
174  rtREV+F+R2    5352.471     44  10792.942    10801.569    10978.735
175  rtREV+F+R3    5350.749     46  10793.498    10802.959    10987.736
183  mtART         6041.436     23  12128.872    12131.172    12225.991
184  mtART+I       5935.545     24  11919.089    11921.594    12020.431
185  mtART+G4      5748.098     24  11544.197    11546.702    11645.538
186  mtART+I+G4    5748.130     25  11546.260    11548.980    11651.825
187  mtART+R2      5779.801     25  11609.602    11612.322    11715.167
188  mtART+R3      5764.786     27  11583.571    11586.748    11697.581
189  mtART+R4      5750.556     29  11559.112    11562.782    11681.566
190  mtART+R5      5747.933     31  11557.867    11562.070    11688.767
196  mtART+F       5671.764     42  11427.529    11435.364    11604.877
197  mtART+F+I     5603.515     43  11293.031    11301.257    11474.601
198  mtART+F+G4    5445.279     43  10976.558    10984.784    11158.128
199  mtART+F+I+G4  5445.466     44  10978.933    10987.560    11164.726
200  mtART+F+R2    5452.480     44  10992.959    11001.587    11178.753
201  mtART+F+R3    5450.440     46  10992.880    11002.342    11187.118
209  mtZOA         5862.486     23  11770.971    11773.271    11868.090
210  mtZOA+I       5783.677     24  11615.354    11617.860    11716.696
211  mtZOA+G4      5641.686     24  11331.373    11333.878    11432.714
212  mtZOA+I+G4    5641.750     25  11333.500    11336.219    11439.064
213  mtZOA+R2      5647.321     25  11344.642    11347.361    11450.206
214  mtZOA+R3      5647.294     27  11348.588    11351.765    11462.598
222  mtZOA+F       5558.604     42  11201.207    11209.042    11378.555
223  mtZOA+F+I     5508.463     43  11102.926    11111.152    11284.497
224  mtZOA+F+G4    5394.019     43  10874.037    10882.263    11055.608
225  mtZOA+F+I+G4  5394.171     44  10876.343    10884.970    11062.136
226  mtZOA+F+R2    5394.245     44  10876.490    10885.118    11062.284
227  mtZOA+F+R3    5394.188     46  10880.376    10889.838    11074.615
235  VT            5400.154     23  10846.308    10848.608    10943.427
236  VT+I          5374.547     24  10797.094    10799.599    10898.436
237  VT+G4         5346.088     24  10740.175    10742.680    10841.517
238  VT+I+G4       5346.117     25  10742.234    10744.954    10847.799
239  VT+R2         5346.119     25  10742.239    10744.959    10847.803
240  VT+R3         5346.098     27  10746.196    10749.373    10860.206
248  VT+F          5395.133     42  10874.266    10882.101    11051.614
249  VT+F+I        5369.864     43  10825.729    10833.955    11007.299
250  VT+F+G4       5341.543     43  10769.086    10777.312    10950.657
251  VT+F+I+G4     5341.574     44  10771.149    10779.776    10956.942
252  VT+F+R2       5341.649     44  10771.299    10779.926    10957.092
253  VT+F+R3       5341.622     46  10775.244    10784.706    10969.483
261  LG            5431.402     23  10908.804    10911.104    11005.924
262  LG+I          5394.899     24  10837.798    10840.303    10939.140
263  LG+G4         5336.581     24  10721.162    10723.667    10822.504
264  LG+I+G4       5336.654     25  10723.308    10726.028    10828.873
265  LG+R2         5335.558     25  10721.115    10723.835    10826.680
266  LG+R3         5335.490     27  10724.980    10728.157    10838.990
274  LG+F          5424.703     42  10933.406    10941.242    11110.755
275  LG+F+I        5388.900     43  10863.800    10872.026    11045.371
276  LG+F+G4       5331.534     43  10749.068    10757.294    10930.639
277  LG+F+I+G4     5331.605     44  10751.209    10759.837    10937.003
278  LG+F+R2       5330.604     44  10749.208    10757.835    10935.001
279  LG+F+R3       5330.410     46  10752.819    10762.281    10947.058
287  DCMut         5464.811     23  10975.623    10977.923    11072.742
288  DCMut+I       5435.277     24  10918.553    10921.058    11019.895
289  DCMut+G4      5389.019     24  10826.037    10828.542    10927.379
290  DCMut+I+G4    5389.052     25  10828.104    10830.823    10933.668
291  DCMut+R2      5390.157     25  10830.314    10833.033    10935.878
292  DCMut+R3      5389.422     27  10832.845    10836.021    10946.854
300  DCMut+F       5435.394     42  10954.787    10962.622    11132.135
301  DCMut+F+I     5403.509     43  10893.017    10901.244    11074.588
302  DCMut+F+G4    5352.186     43  10790.371    10798.597    10971.942
303  DCMut+F+I+G4  5352.227     44  10792.455    10801.082    10978.248
304  DCMut+F+R2    5353.319     44  10794.637    10803.265    10980.431
305  DCMut+F+R3    5352.855     46  10797.709    10807.171    10991.948
313  PMB           5442.413     23  10930.827    10933.127    11027.946
314  PMB+I         5415.202     24  10878.404    10880.909    10979.745
315  PMB+G4        5387.537     24  10823.074    10825.579    10924.416
316  PMB+I+G4      5387.549     25  10825.098    10827.817    10930.662
317  PMB+R2        5388.232     25  10826.464    10829.183    10932.028
318  PMB+R3        5388.017     27  10830.034    10833.210    10944.043
326  PMB+F         5422.411     42  10928.823    10936.658    11106.171
327  PMB+F+I       5395.726     43  10877.453    10885.679    11059.024
328  PMB+F+G4      5366.911     43  10819.821    10828.047    11001.392
329  PMB+F+I+G4    5366.931     44  10821.861    10830.488    11007.654
330  PMB+F+R2      5367.409     44  10822.818    10831.445    11008.611
331  PMB+F+R3      5367.042     46  10826.083    10835.545    11020.322
339  HIVb          5608.081     23  11262.162    11264.462    11359.281
340  HIVb+I        5544.242     24  11136.483    11138.989    11237.825
341  HIVb+G4       5453.712     24  10955.425    10957.930    11056.766
342  HIVb+I+G4     5453.767     25  10957.533    10960.253    11063.098
343  HIVb+R2       5460.788     25  10971.576    10974.296    11077.140
344  HIVb+R3       5459.641     27  10973.281    10976.458    11087.291
352  HIVb+F        5575.314     42  11234.629    11242.464    11411.977
353  HIVb+F+I      5512.835     43  11111.671    11119.897    11293.242
354  HIVb+F+G4     5419.017     43  10924.034    10932.260    11105.604
355  HIVb+F+I+G4   5419.069     44  10926.138    10934.765    11111.931
356  HIVb+F+R2     5425.304     44  10938.609    10947.236    11124.402
357  HIVb+F+R3     5424.923     46  10941.846    10951.307    11136.084
365  HIVw          5754.013     23  11554.026    11556.326    11651.145
366  HIVw+I        5692.923     24  11433.845    11436.351    11535.187
367  HIVw+G4       5597.642     24  11243.283    11245.788    11344.625
368  HIVw+I+G4     5597.685     25  11245.371    11248.091    11350.935
369  HIVw+R2       5600.877     25  11251.753    11254.473    11357.318
370  HIVw+R3       5600.772     27  11255.545    11258.721    11369.554
378  HIVw+F        5649.228     42  11382.456    11390.291    11559.804
379  HIVw+F+I      5585.968     43  11257.936    11266.163    11439.507
380  HIVw+F+G4     5499.870     43  11085.740    11093.966    11267.311
381  HIVw+F+I+G4   5499.907     44  11087.814    11096.442    11273.608
382  HIVw+F+R2     5505.728     44  11099.455    11108.083    11285.249
383  HIVw+F+R3     5505.400     46  11102.800    11112.262    11297.038
391  JTTDCMut      5439.903     23  10925.806    10928.106    11022.925
392  JTTDCMut+I    5407.138     24  10862.275    10864.781    10963.617
393  JTTDCMut+G4   5359.268     24  10766.536    10769.042    10867.878
394  JTTDCMut+I+G4 5359.296     25  10768.592    10771.311    10874.156
395  JTTDCMut+R2   5358.329     25  10766.658    10769.377    10872.222
396  JTTDCMut+R3   5358.174     27  10770.348    10773.524    10884.357
404  JTTDCMut+F    5431.148     42  10946.295    10954.130    11123.643
405  JTTDCMut+F+I  5398.453     43  10882.906    10891.132    11064.477
406  JTTDCMut+F+G4 5350.016     43  10786.032    10794.258    10967.602
407  JTTDCMut+F+I+G4 5350.044     44  10788.087    10796.715    10973.881
408  JTTDCMut+F+R2 5348.898     44  10785.796    10794.423    10971.589
409  JTTDCMut+F+R3 5348.761     46  10789.522    10798.984    10983.760
417  FLU           5570.452     23  11186.903    11189.203    11284.023
418  FLU+I         5519.689     24  11087.377    11089.882    11188.719
419  FLU+G4        5441.940     24  10931.880    10934.385    11033.221
420  FLU+I+G4      5441.967     25  10933.934    10936.654    11039.499
421  FLU+R2        5446.147     25  10942.294    10945.014    11047.859
422  FLU+R3        5445.891     27  10945.783    10948.959    11059.792
430  FLU+F         5536.504     42  11157.008    11164.843    11334.356
431  FLU+F+I       5484.638     43  11055.277    11063.503    11236.847
432  FLU+F+G4      5403.827     43  10893.653    10901.879    11075.224
433  FLU+F+I+G4    5403.857     44  10895.714    10904.341    11081.507
434  FLU+F+R2      5408.534     44  10905.069    10913.696    11090.862
435  FLU+F+R3      5408.129     46  10908.258    10917.720    11102.497
443  Blosum62      5435.875     23  10917.750    10920.050    11014.869
444  Blosum62+I    5409.578     24  10867.157    10869.662    10968.499
445  Blosum62+G4   5381.053     24  10810.106    10812.611    10911.448
446  Blosum62+I+G4 5381.060     25  10812.120    10814.840    10917.685
447  Blosum62+R2   5381.401     25  10812.802    10815.522    10918.366
448  Blosum62+R3   5381.168     27  10816.336    10819.513    10930.346
456  Blosum62+F    5418.415     42  10920.829    10928.664    11098.177
457  Blosum62+F+I  5392.613     43  10871.227    10879.453    11052.798
458  Blosum62+F+G4 5364.116     43  10814.233    10822.459    10995.803
459  Blosum62+F+I+G4 5364.124     44  10816.247    10824.875    11002.041
460  Blosum62+F+R2 5364.339     44  10816.677    10825.305    11002.470
461  Blosum62+F+R3 5363.987     46  10819.973    10829.435    11014.212
469  mtMet         5886.165     23  11818.330    11820.630    11915.449
470  mtMet+I       5816.064     24  11680.129    11682.634    11781.471
471  mtMet+G4      5702.108     24  11452.216    11454.721    11553.558
472  mtMet+I+G4    5702.119     25  11454.239    11456.958    11559.803
473  mtMet+R2      5711.562     25  11473.125    11475.844    11578.689
474  mtMet+R3      5704.507     27  11463.014    11466.190    11577.023
475  mtMet+R4      5700.876     29  11459.752    11463.423    11582.206
482  mtMet+F       5546.707     42  11177.414    11185.249    11354.762
483  mtMet+F+I     5499.615     43  11085.230    11093.456    11266.800
484  mtMet+F+G4    5404.824     43  10895.649    10903.875    11077.220
485  mtMet+F+I+G4  5404.855     44  10897.709    10906.337    11083.503
486  mtMet+F+R2    5404.773     44  10897.546    10906.174    11083.339
487  mtMet+F+R3    5404.764     46  10901.529    10910.990    11095.767
495  mtVer         5957.631     23  11961.262    11963.562    12058.381
496  mtVer+I       5880.101     24  11808.201    11810.706    11909.543
497  mtVer+G4      5743.193     24  11534.385    11536.891    11635.727
498  mtVer+I+G4    5743.205     25  11536.410    11539.129    11641.974
499  mtVer+R2      5746.941     25  11543.882    11546.602    11649.447
500  mtVer+R3      5746.286     27  11546.572    11549.748    11660.581
508  mtVer+F       5636.692     42  11357.383    11365.218    11534.731
509  mtVer+F+I     5578.227     43  11242.455    11250.681    11424.026
510  mtVer+F+G4    5460.832     43  11007.664    11015.890    11189.235
511  mtVer+F+I+G4  5460.858     44  11009.716    11018.343    11195.509
512  mtVer+F+R2    5463.339     44  11014.679    11023.306    11200.472
513  mtVer+F+R3    5463.284     46  11018.567    11028.029    11212.806
521  mtInv         5902.787     23  11851.575    11853.875    11948.694
522  mtInv+I       5839.478     24  11726.956    11729.461    11828.298
523  mtInv+G4      5746.010     24  11540.021    11542.526    11641.363
524  mtInv+I+G4    5746.017     25  11542.034    11544.754    11647.598
525  mtInv+R2      5746.770     25  11543.540    11546.260    11649.104
526  mtInv+R3      5746.718     27  11547.436    11550.613    11661.446
534  mtInv+F       5494.669     42  11073.338    11081.173    11250.686
535  mtInv+F+I     5455.399     43  10996.798    11005.024    11178.368
536  mtInv+F+G4    5379.172     43  10844.343    10852.569    11025.914
537  mtInv+F+I+G4  5379.191     44  10846.382    10855.010    11032.176
538  mtInv+F+R2    5377.753     44  10843.506    10852.133    11029.299
539  mtInv+F+R3    5376.401     46  10844.802    10854.264    11039.040
Akaike Information Criterion:           LG+R2
Corrected Akaike Information Criterion: LG+G4
Bayesian Information Criterion:         LG+G4
Best-fit model: LG+G4 chosen according to BIC

All model information printed to K13302.muscle.model.gz
CPU time for ModelFinder: 24.402 seconds (0h:0m:24s)
Wall-clock time for ModelFinder: 24.554 seconds (0h:0m:24s)

NOTE: 3 MB RAM (0 GB) is required!
Estimate model parameters (epsilon = 0.100)
1. Initial log-likelihood: -5336.666
Optimal log-likelihood: -5336.582
Gamma shape alpha: 1.033
Parameters optimization took 1 rounds (0.059 sec)
Computing ML distances based on estimated model parameters... 0.045 sec
Computing BIONJ tree...
0.001 seconds
Log-likelihood of BIONJ tree: -5340.868
--------------------------------------------------------------------
|             INITIALIZING CANDIDATE TREE SET                      |
--------------------------------------------------------------------
Generating 98 parsimony trees... 0.108 second
Computing log-likelihood of 96 initial trees ... 1.824 seconds
Current best score: -5335.307

Do NNI search on 20 best initial trees
Estimate model parameters (epsilon = 0.100)
BETTER TREE FOUND at iteration 1: -5334.879
Iteration 10 / LogL: -5334.904 / Time: 0h:0m:3s
Iteration 20 / LogL: -5334.924 / Time: 0h:0m:4s
Finish initializing candidate tree set (2)
Current best tree score: -5334.879 / CPU time: 4.081
Number of iterations: 20
--------------------------------------------------------------------
|               OPTIMIZING CANDIDATE TREE SET                      |
--------------------------------------------------------------------
Iteration 30 / LogL: -5335.198 / Time: 0h:0m:5s (0h:0m:14s left)
Iteration 40 / LogL: -5335.074 / Time: 0h:0m:7s (0h:0m:11s left)
Iteration 50 / LogL: -5337.406 / Time: 0h:0m:9s (0h:0m:9s left)
Iteration 60 / LogL: -5336.210 / Time: 0h:0m:11s (0h:0m:7s left)
UPDATE BEST LOG-LIKELIHOOD: -5334.879
Iteration 70 / LogL: -5334.891 / Time: 0h:0m:13s (0h:0m:5s left)
Iteration 80 / LogL: -5335.002 / Time: 0h:0m:14s (0h:0m:3s left)
Iteration 90 / LogL: -5334.929 / Time: 0h:0m:16s (0h:0m:2s left)
Iteration 100 / LogL: -5334.953 / Time: 0h:0m:18s (0h:0m:0s left)
TREE SEARCH COMPLETED AFTER 102 ITERATIONS / Time: 0h:0m:18s

--------------------------------------------------------------------
|                    FINALIZING TREE SEARCH                        |
--------------------------------------------------------------------
Performs final model parameters optimization
Estimate model parameters (epsilon = 0.010)
1. Initial log-likelihood: -5334.879
Optimal log-likelihood: -5334.879
Gamma shape alpha: 1.053
Parameters optimization took 1 rounds (0.027 sec)
BEST SCORE FOUND : -5334.879
Total tree length: 5.388

Total number of iterations: 102
CPU time used for tree search: 18.339 sec (0h:0m:18s)
Wall-clock time used for tree search: 18.418 sec (0h:0m:18s)
Total CPU time used: 18.528 sec (0h:0m:18s)
Total wall-clock time used: 18.611 sec (0h:0m:18s)

Analysis results written to: 
  IQ-TREE report:                K13302.muscle.iqtree
  Maximum-likelihood tree:       K13302.muscle.treefile
  Likelihood distances:          K13302.muscle.mldist
  Screen log file:               K13302.muscle.log

Date and Time: Mon Mar 16 19:10:34 2020
