IQ-TREE multicore version 1.6.12 for Mac OS X 64-bit built Aug 15 2019
Developed by Bui Quang Minh, Nguyen Lam Tung, Olga Chernomor,
Heiko Schmidt, Dominik Schrempf, Michael Woodhams.

Host:    Davids-MacBook-Air-2.local (AVX2, FMA3, 8 GB RAM)
Command: iqtree -s K20064.muscle
Seed:    182662 (Using SPRNG - Scalable Parallel Random Number Generator)
Time:    Mon Mar 16 19:22:29 2020
Kernel:  AVX+FMA - 1 threads (4 CPU cores detected)

HINT: Use -nt option to specify number of threads because your CPU has 4 cores!
HINT: -nt AUTO will automatically determine the best number of threads to use.

Reading alignment file K20064.muscle ... Fasta format detected
Alignment most likely contains protein sequences
Alignment has 10 sequences with 998 columns, 739 distinct patterns
389 parsimony-informative, 261 singleton sites, 348 constant sites
WARNING: Some sequence names are changed as follows:
K20064|Aurelia|XLOC_027987|TCONS_00039605|Seg2215.1.p1 -> K20064_Aurelia_XLOC_027987_TCONS_00039605_Seg2215.1.p1
K20064|Aurelia|XLOC_027987|TCONS_00039603|Seg2215.1.p1 -> K20064_Aurelia_XLOC_027987_TCONS_00039603_Seg2215.1.p1
K20064|Aurelia|XLOC_027987|TCONS_00039602|Seg2215.1.p1 -> K20064_Aurelia_XLOC_027987_TCONS_00039602_Seg2215.1.p1
K20064|Aurelia|XLOC_027987|TCONS_00039604|Seg2215.1.p1 -> K20064_Aurelia_XLOC_027987_TCONS_00039604_Seg2215.1.p1
K20064|Hydra|hmg:101239291_K20064_growth_factor_receptor-bound_protein_10_|_(RefSeq)_growth_factor_receptor-bound_protein_14-like_(A) -> K20064_Hydra_hmg_101239291_K20064_growth_factor_receptor-bound_protein_10____RefSeq__growth_factor_receptor-bound_protein_14-like__A_
K20064|Aurelia|XLOC_025918|TCONS_00036687|Seg2091.5.p1 -> K20064_Aurelia_XLOC_025918_TCONS_00036687_Seg2091.5.p1
K20064|Homo|hsa:2887_K20064_growth_factor_receptor-bound_protein_10_|_(RefSeq)_GRB10,_GRB-IR,_Grb-10,_IRBP,_MEG1,_RSS;_growth_factor_receptor_bound_protein_10_(A) -> K20064_Homo_hsa_2887_K20064_growth_factor_receptor-bound_protein_10____RefSeq__GRB10__GRB-IR__Grb-10__IRBP__MEG1__RSS__growth_factor_receptor_bound_protein_10__A_
K20064|Mus|mmu:14783_K20064_growth_factor_receptor-bound_protein_10_|_(RefSeq)_Grb10,_5730571D09Rik,_AI325020,_Meg1,_mKIAA0207;_growth_factor_receptor_bound_protein_10_(A) -> K20064_Mus_mmu_14783_K20064_growth_factor_receptor-bound_protein_10____RefSeq__Grb10__5730571D09Rik__AI325020__Meg1__mKIAA0207__growth_factor_receptor_bound_protein_10__A_
K20064|Acropora|adf:107331957_K20064_growth_factor_receptor-bound_protein_10_|_(RefSeq)_growth_factor_receptor-bound_protein_14-like_(A) -> K20064_Acropora_adf_107331957_K20064_growth_factor_receptor-bound_protein_10____RefSeq__growth_factor_receptor-bound_protein_14-like__A_
K20064|Nematostella|nve:NEMVE_v1g205661_K20064_growth_factor_receptor-bound_protein_10_|_(RefSeq)_hypothetical_protein_(A) -> K20064_Nematostella_nve_NEMVE_v1g205661_K20064_growth_factor_receptor-bound_protein_10____RefSeq__hypothetical_protein__A_

                                                                                                                                                                             Gap/Ambiguity  Composition  p-value
   1  K20064_Aurelia_XLOC_027987_TCONS_00039605_Seg2215.1.p1                                                                                                                        21.64%    failed      0.13%
   2  K20064_Aurelia_XLOC_027987_TCONS_00039603_Seg2215.1.p1                                                                                                                        16.13%    failed      0.00%
   3  K20064_Aurelia_XLOC_027987_TCONS_00039602_Seg2215.1.p1                                                                                                                        29.26%    passed     39.24%
   4  K20064_Aurelia_XLOC_027987_TCONS_00039604_Seg2215.1.p1                                                                                                                        15.13%    failed      0.00%
   5  K20064_Hydra_hmg_101239291_K20064_growth_factor_receptor-bound_protein_10____RefSeq__growth_factor_receptor-bound_protein_14-like__A_                                         37.47%    failed      0.04%
   6  K20064_Aurelia_XLOC_025918_TCONS_00036687_Seg2091.5.p1                                                                                                                        37.78%    failed      0.02%
   7  K20064_Homo_hsa_2887_K20064_growth_factor_receptor-bound_protein_10____RefSeq__GRB10__GRB-IR__Grb-10__IRBP__MEG1__RSS__growth_factor_receptor_bound_protein_10__A_            46.09%    failed      0.00%
   8  K20064_Mus_mmu_14783_K20064_growth_factor_receptor-bound_protein_10____RefSeq__Grb10__5730571D09Rik__AI325020__Meg1__mKIAA0207__growth_factor_receptor_bound_protein_10__A_   41.28%    failed      0.17%
   9  K20064_Acropora_adf_107331957_K20064_growth_factor_receptor-bound_protein_10____RefSeq__growth_factor_receptor-bound_protein_14-like__A_                                      63.33%    failed      0.65%
  10  K20064_Nematostella_nve_NEMVE_v1g205661_K20064_growth_factor_receptor-bound_protein_10____RefSeq__hypothetical_protein__A_                                                    36.77%    failed      0.00%
WARNING: 1 sequences contain more than 50% gaps/ambiguity
****  TOTAL                                                                                                                                                                         34.49%  9 sequences failed composition chi2 test (p-value<5%; df=19)


Create initial parsimony tree by phylogenetic likelihood library (PLL)... 0.001 seconds
NOTE: ModelFinder requires 11 MB RAM!
ModelFinder will test 546 protein models (sample size: 998) ...
 No. Model         -LnL         df  AIC          AICc         BIC
  1  Dayhoff       10704.289    17  21442.577    21443.202    21525.975
  2  Dayhoff+I     10683.545    18  21403.091    21403.790    21491.394
  3  Dayhoff+G4    10645.078    18  21326.156    21326.855    21414.460
  4  Dayhoff+I+G4  10643.280    19  21324.560    21325.337    21417.769
  5  Dayhoff+R2    10649.822    19  21337.644    21338.421    21430.853
  6  Dayhoff+R3    10641.829    21  21325.659    21326.605    21428.679
  7  Dayhoff+R4    10639.465    23  21324.929    21326.063    21437.762
 14  Dayhoff+F     10577.243    36  21226.486    21229.258    21403.093
 15  Dayhoff+F+I   10555.077    37  21184.155    21187.084    21365.667
 16  Dayhoff+F+G4  10515.686    37  21105.372    21108.301    21286.885
 17  Dayhoff+F+I+G4 10513.590    38  21103.181    21106.271    21289.599
 18  Dayhoff+F+R2  10521.128    38  21118.256    21121.346    21304.674
 19  Dayhoff+F+R3  10512.013    40  21104.025    21107.453    21300.255
 20  Dayhoff+F+R4  10508.686    42  21101.371    21105.153    21307.413
 27  mtMAM         11471.247    17  22976.495    22977.119    23059.893
 28  mtMAM+I       11421.910    18  22879.819    22880.518    22968.123
 29  mtMAM+G4      11272.434    18  22580.869    22581.567    22669.172
 30  mtMAM+I+G4    11269.112    19  22576.223    22577.000    22669.432
 31  mtMAM+R2      11305.187    19  22648.375    22649.152    22741.584
 32  mtMAM+R3      11280.156    21  22602.312    22603.259    22705.333
 33  mtMAM+R4      11272.868    23  22591.737    22592.870    22704.569
 34  mtMAM+R5      11267.885    25  22585.771    22587.108    22708.415
 40  mtMAM+F       10877.080    36  21826.160    21828.932    22002.767
 41  mtMAM+F+I     10841.089    37  21756.178    21759.107    21937.691
 42  mtMAM+F+G4    10706.890    37  21487.780    21490.709    21669.293
 43  mtMAM+F+I+G4  10705.971    38  21487.941    21491.032    21674.360
 44  mtMAM+F+R2    10724.889    38  21525.777    21528.868    21712.196
 45  mtMAM+F+R3    10714.699    40  21509.398    21512.826    21705.628
 46  mtMAM+F+R4    10711.161    42  21506.321    21510.103    21712.363
 53  JTT           10629.869    17  21293.739    21294.363    21377.137
 54  JTT+I         10612.418    18  21260.836    21261.534    21349.139
 55  JTT+G4        10586.539    18  21209.079    21209.777    21297.382
 56  JTT+I+G4      10585.112    19  21208.223    21209.001    21301.433
 57  JTT+R2        10588.640    19  21215.279    21216.056    21308.488
 58  JTT+R3        10586.796    21  21215.592    21216.539    21318.613
 66  JTT+F         10556.472    36  21184.943    21187.715    21361.550
 67  JTT+F+I       10537.792    37  21149.585    21152.514    21331.098
 68  JTT+F+G4      10512.142    37  21098.284    21101.213    21279.797
 69  JTT+F+I+G4    10510.422    38  21096.844    21099.934    21283.262
 70  JTT+F+R2      10514.547    38  21105.095    21108.186    21291.514
 71  JTT+F+R3      10512.572    40  21105.143    21108.570    21301.373
 79  WAG           10607.816    17  21249.631    21250.256    21333.029
 80  WAG+I         10591.615    18  21219.229    21219.928    21307.533
 81  WAG+G4        10575.028    18  21186.057    21186.755    21274.360
 82  WAG+I+G4      10573.100    19  21184.199    21184.976    21277.408
 83  WAG+R2        10575.748    19  21189.497    21190.274    21282.706
 84  WAG+R3        10574.690    21  21191.381    21192.327    21294.401
 92  WAG+F         10502.797    36  21077.595    21080.367    21254.202
 93  WAG+F+I       10485.344    37  21044.689    21047.618    21226.202
 94  WAG+F+G4      10466.305    37  21006.609    21009.539    21188.122
 95  WAG+F+I+G4    10464.351    38  21004.702    21007.793    21191.120
 96  WAG+F+R2      10467.606    38  21011.212    21014.303    21197.631
 97  WAG+F+R3      10466.353    40  21012.706    21016.134    21208.936
105  cpREV         10753.575    17  21541.151    21541.775    21624.548
106  cpREV+I       10730.752    18  21497.503    21498.202    21585.807
107  cpREV+G4      10695.351    18  21426.702    21427.401    21515.006
108  cpREV+I+G4    10693.556    19  21425.111    21425.888    21518.321
109  cpREV+R2      10697.063    19  21432.126    21432.903    21525.336
110  cpREV+R3      10695.097    21  21432.195    21433.141    21535.216
118  cpREV+F       10600.249    36  21272.497    21275.269    21449.104
119  cpREV+F+I     10573.289    37  21220.579    21223.508    21402.092
120  cpREV+F+G4    10537.562    37  21149.124    21152.053    21330.637
121  cpREV+F+I+G4  10535.032    38  21146.064    21149.155    21332.483
122  cpREV+F+R2    10540.115    38  21156.231    21159.322    21342.649
123  cpREV+F+R3    10537.492    40  21154.984    21158.412    21351.214
131  mtREV         11223.134    17  22480.268    22480.892    22563.666
132  mtREV+I       11198.600    18  22433.200    22433.899    22521.504
133  mtREV+G4      11114.837    18  22265.674    22266.373    22353.978
134  mtREV+I+G4    11114.284    19  22266.567    22267.345    22359.777
135  mtREV+R2      11119.809    19  22277.618    22278.395    22370.827
136  mtREV+R3      11115.527    21  22273.054    22274.001    22376.075
144  mtREV+F       10691.690    36  21455.379    21458.151    21631.986
145  mtREV+F+I     10670.978    37  21415.955    21418.885    21597.468
146  mtREV+F+G4    10591.087    37  21256.175    21259.104    21437.688
147  mtREV+F+I+G4  10590.868    38  21257.736    21260.826    21444.154
148  mtREV+F+R2    10596.613    38  21269.226    21272.317    21455.645
149  mtREV+F+R3    10591.033    40  21262.067    21265.494    21458.297
157  rtREV         10699.770    17  21433.541    21434.165    21516.939
158  rtREV+I       10681.144    18  21398.287    21398.986    21486.591
159  rtREV+G4      10647.572    18  21331.143    21331.842    21419.447
160  rtREV+I+G4    10646.451    19  21330.901    21331.678    21424.110
161  rtREV+R2      10649.053    19  21336.106    21336.883    21429.315
162  rtREV+R3      10647.051    21  21336.102    21337.049    21439.123
170  rtREV+F       10524.736    36  21121.472    21124.245    21298.080
171  rtREV+F+I     10506.751    37  21087.502    21090.431    21269.015
172  rtREV+F+G4    10476.207    37  21026.414    21029.343    21207.926
173  rtREV+F+I+G4  10475.143    38  21026.285    21029.376    21212.704
174  rtREV+F+R2    10478.459    38  21032.918    21036.009    21219.337
175  rtREV+F+R3    10475.764    40  21031.529    21034.956    21227.759
183  mtART         11466.894    17  22967.787    22968.412    23051.185
184  mtART+I       11417.386    18  22870.772    22871.470    22959.075
185  mtART+G4      11255.145    18  22546.290    22546.988    22634.593
186  mtART+I+G4    11253.561    19  22545.122    22545.899    22638.331
187  mtART+R2      11296.275    19  22630.550    22631.327    22723.759
188  mtART+R3      11275.349    21  22592.697    22593.644    22695.718
189  mtART+R4      11261.654    23  22569.307    22570.441    22682.139
190  mtART+R5      11249.546    25  22549.092    22550.429    22671.736
191  mtART+R6      11247.068    27  22548.136    22549.695    22680.591
196  mtART+F       10839.050    36  21750.100    21752.873    21926.708
197  mtART+F+I     10797.959    37  21669.919    21672.848    21851.432
198  mtART+F+G4    10652.424    37  21378.847    21381.776    21560.360
199  mtART+F+I+G4  10651.403    38  21378.805    21381.896    21565.224
200  mtART+F+R2    10674.696    38  21425.392    21428.483    21611.811
201  mtART+F+R3    10670.726    40  21421.453    21424.880    21617.683
209  mtZOA         11261.406    17  22556.812    22557.437    22640.210
210  mtZOA+I       11223.600    18  22483.200    22483.899    22571.504
211  mtZOA+G4      11111.809    18  22259.619    22260.317    22347.922
212  mtZOA+I+G4    11109.880    19  22257.760    22258.537    22350.970
213  mtZOA+R2      11118.121    19  22274.242    22275.019    22367.451
214  mtZOA+R3      11117.850    21  22277.700    22278.647    22380.721
222  mtZOA+F       10735.818    36  21543.636    21546.408    21720.243
223  mtZOA+F+I     10701.763    37  21477.526    21480.455    21659.039
224  mtZOA+F+G4    10600.181    37  21274.361    21277.290    21455.874
225  mtZOA+F+I+G4  10598.882    38  21273.765    21276.855    21460.183
226  mtZOA+F+R2    10610.270    38  21296.541    21299.632    21482.959
227  mtZOA+F+R3    10610.181    40  21300.363    21303.790    21496.593
235  VT            10549.451    17  21132.902    21133.527    21216.300
236  VT+I          10537.890    18  21111.779    21112.478    21200.083
237  VT+G4         10529.579    18  21095.159    21095.857    21183.462
238  VT+I+G4       10527.934    19  21093.868    21094.645    21187.077
239  VT+R2         10528.474    19  21094.948    21095.726    21188.158
240  VT+R3         10528.433    21  21098.866    21099.812    21201.886
248  VT+F          10477.834    36  21027.669    21030.441    21204.276
249  VT+F+I        10465.389    37  21004.777    21007.706    21186.290
250  VT+F+G4       10457.088    37  20988.176    20991.105    21169.688
251  VT+F+I+G4     10455.226    38  20986.452    20989.543    21172.871
252  VT+F+R2       10456.251    38  20988.501    20991.592    21174.920
253  VT+F+R3       10456.239    40  20992.477    20995.905    21188.707
261  LG            10645.063    17  21324.126    21324.751    21407.524
262  LG+I          10626.010    18  21288.021    21288.719    21376.324
263  LG+G4         10589.560    18  21215.119    21215.818    21303.423
264  LG+I+G4       10588.626    19  21215.252    21216.029    21308.461
265  LG+R2         10591.446    19  21220.891    21221.668    21314.101
266  LG+R3         10591.370    21  21224.740    21225.687    21327.761
274  LG+F          10527.958    36  21127.915    21130.688    21304.523
275  LG+F+I        10508.371    37  21090.742    21093.671    21272.255
276  LG+F+G4       10476.589    37  21027.177    21030.106    21208.690
277  LG+F+I+G4     10475.271    38  21026.543    21029.633    21212.961
278  LG+F+R2       10478.967    38  21033.935    21037.025    21220.353
279  LG+F+R3       10478.965    40  21037.931    21041.358    21234.161
287  DCMut         10703.115    17  21440.230    21440.854    21523.628
288  DCMut+I       10682.529    18  21401.057    21401.756    21489.361
289  DCMut+G4      10644.519    18  21325.038    21325.737    21413.342
290  DCMut+I+G4    10642.659    19  21323.319    21324.096    21416.528
291  DCMut+R2      10648.724    19  21335.448    21336.225    21428.658
292  DCMut+R3      10648.705    21  21339.411    21340.357    21442.431
300  DCMut+F       10576.137    36  21224.274    21227.046    21400.881
301  DCMut+F+I     10554.111    37  21182.223    21185.152    21363.736
302  DCMut+F+G4    10515.124    37  21104.248    21107.177    21285.760
303  DCMut+F+I+G4  10513.037    38  21102.075    21105.166    21288.494
304  DCMut+F+R2    10520.405    38  21116.810    21119.900    21303.228
305  DCMut+F+R3    10520.366    40  21120.731    21124.159    21316.961
313  PMB           10603.130    17  21240.260    21240.884    21323.658
314  PMB+I         10592.373    18  21220.746    21221.444    21309.049
315  PMB+G4        10588.864    18  21213.728    21214.427    21302.032
316  PMB+I+G4      10586.704    19  21211.409    21212.186    21304.618
317  PMB+R2        10587.754    19  21213.508    21214.285    21306.717
318  PMB+R3        10587.708    21  21217.416    21218.363    21320.437
326  PMB+F         10485.640    36  21043.280    21046.052    21219.887
327  PMB+F+I       10473.590    37  21021.180    21024.110    21202.693
328  PMB+F+G4      10468.236    37  21010.472    21013.402    21191.985
329  PMB+F+I+G4    10466.145    38  21008.290    21011.380    21194.708
330  PMB+F+R2      10467.791    38  21011.582    21014.673    21198.001
331  PMB+F+R3      10467.765    40  21015.530    21018.957    21211.760
339  HIVb          10884.949    17  21803.898    21804.523    21887.296
340  HIVb+I        10852.291    18  21740.581    21741.280    21828.885
341  HIVb+G4       10799.909    18  21635.819    21636.517    21724.122
342  HIVb+I+G4     10796.931    19  21631.862    21632.639    21725.071
343  HIVb+R2       10809.841    19  21657.681    21658.458    21750.891
344  HIVb+R3       10807.918    21  21657.836    21658.783    21760.857
352  HIVb+F        10710.164    36  21492.327    21495.099    21668.934
353  HIVb+F+I      10676.902    37  21427.805    21430.734    21609.317
354  HIVb+F+G4     10620.634    37  21315.268    21318.197    21496.780
355  HIVb+F+I+G4   10617.806    38  21311.611    21314.702    21498.030
356  HIVb+F+R2     10629.501    38  21335.003    21338.093    21521.421
357  HIVb+F+R3     10629.499    40  21338.998    21342.426    21535.228
365  HIVw          11242.135    17  22518.270    22518.894    22601.668
366  HIVw+I        11200.640    18  22437.281    22437.980    22525.584
367  HIVw+G4       11080.154    18  22196.308    22197.007    22284.612
368  HIVw+I+G4     11078.387    19  22194.774    22195.552    22287.984
369  HIVw+R2       11101.742    19  22241.484    22242.261    22334.693
370  HIVw+R3       11100.641    21  22243.283    22244.230    22346.304
378  HIVw+F        10915.619    36  21903.238    21906.010    22079.845
379  HIVw+F+I      10876.003    37  21826.006    21828.935    22007.518
380  HIVw+F+G4     10775.524    37  21625.048    21627.978    21806.561
381  HIVw+F+I+G4   10774.020    38  21624.041    21627.132    21810.459
382  HIVw+F+R2     10792.158    38  21660.315    21663.406    21846.734
383  HIVw+F+R3     10791.505    40  21663.011    21666.438    21859.241
391  JTTDCMut      10632.745    17  21299.490    21300.115    21382.888
392  JTTDCMut+I    10615.271    18  21266.542    21267.240    21354.845
393  JTTDCMut+G4   10589.176    18  21214.352    21215.051    21302.656
394  JTTDCMut+I+G4 10587.742    19  21213.483    21214.261    21306.693
395  JTTDCMut+R2   10591.840    19  21221.680    21222.457    21314.889
396  JTTDCMut+R3   10591.572    21  21225.144    21226.091    21328.165
404  JTTDCMut+F    10556.795    36  21185.591    21188.363    21362.198
405  JTTDCMut+F+I  10538.096    37  21150.193    21153.122    21331.706
406  JTTDCMut+F+G4 10512.155    37  21098.311    21101.240    21279.824
407  JTTDCMut+F+I+G4 10510.407    38  21096.814    21099.905    21283.233
408  JTTDCMut+F+R2 10514.963    38  21105.926    21109.016    21292.344
409  JTTDCMut+F+R3 10514.812    40  21109.623    21113.051    21305.853
417  FLU           10812.693    17  21659.385    21660.010    21742.783
418  FLU+I         10780.414    18  21596.829    21597.527    21685.132
419  FLU+G4        10722.955    18  21481.910    21482.608    21570.213
420  FLU+I+G4      10720.482    19  21478.963    21479.740    21572.173
421  FLU+R2        10734.407    19  21506.813    21507.590    21600.023
422  FLU+R3        10734.295    21  21510.590    21511.537    21613.611
430  FLU+F         10683.367    36  21438.734    21441.506    21615.341
431  FLU+F+I       10651.891    37  21377.782    21380.712    21559.295
432  FLU+F+G4      10602.241    37  21278.483    21281.412    21459.995
433  FLU+F+I+G4    10599.422    38  21274.844    21277.935    21461.263
434  FLU+F+R2      10613.294    38  21302.588    21305.678    21489.006
435  FLU+F+R3      10613.292    40  21306.585    21310.012    21502.815
443  Blosum62      10627.234    17  21288.468    21289.092    21371.866
444  Blosum62+I    10615.647    18  21267.295    21267.994    21355.598
445  Blosum62+G4   10606.965    18  21249.930    21250.629    21338.234
446  Blosum62+I+G4 10605.339    19  21248.677    21249.454    21341.886
447  Blosum62+R2   10606.535    19  21251.070    21251.847    21344.280
448  Blosum62+R3   10606.449    21  21254.899    21255.846    21357.920
456  Blosum62+F    10493.865    36  21059.729    21062.502    21236.337
457  Blosum62+F+I  10480.184    37  21034.368    21037.297    21215.881
458  Blosum62+F+G4 10471.084    37  21016.168    21019.097    21197.680
459  Blosum62+F+I+G4 10469.034    38  21014.067    21017.158    21200.486
460  Blosum62+F+R2 10471.060    38  21018.120    21021.211    21204.539
461  Blosum62+F+R3 10470.971    40  21021.942    21025.370    21218.173
469  mtMet         11251.735    17  22537.470    22538.094    22620.867
470  mtMet+I       11219.833    18  22475.666    22476.364    22563.969
471  mtMet+G4      11150.021    18  22336.042    22336.741    22424.346
472  mtMet+I+G4    11147.556    19  22333.112    22333.889    22426.321
473  mtMet+R2      11157.851    19  22353.702    22354.479    22446.911
474  mtMet+R3      11148.817    21  22339.633    22340.580    22442.654
475  mtMet+R4      11146.659    23  22339.319    22340.452    22452.151
482  mtMet+F       10694.129    36  21460.259    21463.031    21636.866
483  mtMet+F+I     10667.647    37  21409.294    21412.223    21590.807
484  mtMet+F+G4    10599.282    37  21272.564    21275.493    21454.077
485  mtMet+F+I+G4  10598.136    38  21272.271    21275.362    21458.690
486  mtMet+F+R2    10606.364    38  21288.728    21291.819    21475.147
487  mtMet+F+R3    10606.333    40  21292.665    21296.092    21488.895
495  mtVer         11350.849    17  22735.697    22736.322    22819.095
496  mtVer+I       11309.581    18  22655.163    22655.861    22743.466
497  mtVer+G4      11221.409    18  22478.817    22479.516    22567.121
498  mtVer+I+G4    11217.548    19  22473.095    22473.872    22566.305
499  mtVer+R2      11225.208    19  22488.416    22489.193    22581.626
500  mtVer+R3      11223.431    21  22488.862    22489.808    22591.882
508  mtVer+F       10814.496    36  21700.991    21703.763    21877.598
509  mtVer+F+I     10779.799    37  21633.597    21636.526    21815.110
510  mtVer+F+G4    10680.022    37  21434.045    21436.974    21615.558
511  mtVer+F+I+G4  10678.833    38  21433.665    21436.756    21620.084
512  mtVer+F+R2    10694.044    38  21464.088    21467.179    21650.507
513  mtVer+F+R3    10694.006    40  21468.013    21471.440    21664.243
521  mtInv         11335.209    17  22704.418    22705.042    22787.816
522  mtInv+I       11308.303    18  22652.606    22653.304    22740.909
523  mtInv+G4      11251.656    18  22539.312    22540.011    22627.616
524  mtInv+I+G4    11249.853    19  22537.706    22538.483    22630.915
525  mtInv+R2      11248.488    19  22534.977    22535.754    22628.186
526  mtInv+R3      11248.421    21  22538.841    22539.788    22641.862
534  mtInv+F       10639.464    36  21350.928    21353.701    21527.536
535  mtInv+F+I     10615.521    37  21305.042    21307.971    21486.554
536  mtInv+F+G4    10561.927    37  21197.854    21200.783    21379.366
537  mtInv+F+I+G4  10560.736    38  21197.472    21200.563    21383.891
538  mtInv+F+R2    10567.362    38  21210.723    21213.814    21397.142
539  mtInv+F+R3    10567.225    40  21214.450    21217.877    21410.680
Akaike Information Criterion:           VT+F+I+G4
Corrected Akaike Information Criterion: VT+F+I+G4
Bayesian Information Criterion:         VT+F+G4
Best-fit model: VT+F+G4 chosen according to BIC

All model information printed to K20064.muscle.model.gz
CPU time for ModelFinder: 47.217 seconds (0h:0m:47s)
Wall-clock time for ModelFinder: 47.479 seconds (0h:0m:47s)

NOTE: 4 MB RAM (0 GB) is required!
Estimate model parameters (epsilon = 0.100)
1. Initial log-likelihood: -10534.710
2. Current log-likelihood: -10481.234
3. Current log-likelihood: -10463.967
4. Current log-likelihood: -10458.597
5. Current log-likelihood: -10457.362
6. Current log-likelihood: -10457.132
Optimal log-likelihood: -10457.090
Gamma shape alpha: 4.029
Parameters optimization took 6 rounds (0.389 sec)
Computing ML distances based on estimated model parameters... 0.022 sec
Computing BIONJ tree...
0.003 seconds
Log-likelihood of BIONJ tree: -10450.695
--------------------------------------------------------------------
|             INITIALIZING CANDIDATE TREE SET                      |
--------------------------------------------------------------------
Generating 98 parsimony trees... 0.108 second
Computing log-likelihood of 89 initial trees ... 2.618 seconds
Current best score: -10450.695

Do NNI search on 20 best initial trees
Estimate model parameters (epsilon = 0.100)
BETTER TREE FOUND at iteration 1: -10450.693
Iteration 10 / LogL: -10450.888 / Time: 0h:0m:4s
Iteration 20 / LogL: -10451.344 / Time: 0h:0m:5s
Finish initializing candidate tree set (1)
Current best tree score: -10450.693 / CPU time: 4.907
Number of iterations: 20
--------------------------------------------------------------------
|               OPTIMIZING CANDIDATE TREE SET                      |
--------------------------------------------------------------------
UPDATE BEST LOG-LIKELIHOOD: -10450.693
UPDATE BEST LOG-LIKELIHOOD: -10450.693
UPDATE BEST LOG-LIKELIHOOD: -10450.693
Iteration 30 / LogL: -10450.823 / Time: 0h:0m:6s (0h:0m:16s left)
Iteration 40 / LogL: -10450.790 / Time: 0h:0m:8s (0h:0m:13s left)
UPDATE BEST LOG-LIKELIHOOD: -10450.693
Iteration 50 / LogL: -10452.074 / Time: 0h:0m:9s (0h:0m:10s left)
Iteration 60 / LogL: -10450.941 / Time: 0h:0m:11s (0h:0m:7s left)
Iteration 70 / LogL: -10450.744 / Time: 0h:0m:12s (0h:0m:5s left)
Iteration 80 / LogL: -10450.739 / Time: 0h:0m:14s (0h:0m:3s left)
UPDATE BEST LOG-LIKELIHOOD: -10450.693
Iteration 90 / LogL: -10451.128 / Time: 0h:0m:15s (0h:0m:1s left)
UPDATE BEST LOG-LIKELIHOOD: -10450.693
Iteration 100 / LogL: -10451.244 / Time: 0h:0m:17s (0h:0m:0s left)
UPDATE BEST LOG-LIKELIHOOD: -10450.693
TREE SEARCH COMPLETED AFTER 102 ITERATIONS / Time: 0h:0m:17s

--------------------------------------------------------------------
|                    FINALIZING TREE SEARCH                        |
--------------------------------------------------------------------
Performs final model parameters optimization
Estimate model parameters (epsilon = 0.010)
1. Initial log-likelihood: -10450.693
Optimal log-likelihood: -10450.693
Gamma shape alpha: 4.072
Parameters optimization took 1 rounds (0.035 sec)
BEST SCORE FOUND : -10450.693
Total tree length: 6.321

Total number of iterations: 102
CPU time used for tree search: 16.670 sec (0h:0m:16s)
Wall-clock time used for tree search: 16.988 sec (0h:0m:16s)
Total CPU time used: 17.171 sec (0h:0m:17s)
Total wall-clock time used: 17.495 sec (0h:0m:17s)

Analysis results written to: 
  IQ-TREE report:                K20064.muscle.iqtree
  Maximum-likelihood tree:       K20064.muscle.treefile
  Likelihood distances:          K20064.muscle.mldist
  Screen log file:               K20064.muscle.log

Date and Time: Mon Mar 16 19:23:34 2020
