IQ-TREE multicore version 1.6.12 for Mac OS X 64-bit built Aug 15 2019
Developed by Bui Quang Minh, Nguyen Lam Tung, Olga Chernomor,
Heiko Schmidt, Dominik Schrempf, Michael Woodhams.

Host:    Davids-MacBook-Air-2.local (AVX2, FMA3, 8 GB RAM)
Command: iqtree -s K20398.muscle
Seed:    883530 (Using SPRNG - Scalable Parallel Random Number Generator)
Time:    Mon Mar 16 19:24:38 2020
Kernel:  AVX+FMA - 1 threads (4 CPU cores detected)

HINT: Use -nt option to specify number of threads because your CPU has 4 cores!
HINT: -nt AUTO will automatically determine the best number of threads to use.

Reading alignment file K20398.muscle ... Fasta format detected
Alignment most likely contains protein sequences
Alignment has 11 sequences with 167 columns, 152 distinct patterns
71 parsimony-informative, 45 singleton sites, 51 constant sites
WARNING: Some sequence names are changed as follows:
K20398|Helobdella|hro:HELRODRAFT_82549_K20398_ragulator_complex_protein_LAMTOR2_|_(RefSeq)_hypothetical_protein_(A) -> K20398_Helobdella_hro_HELRODRAFT_82549_K20398_ragulator_complex_protein_LAMTOR2____RefSeq__hypothetical_protein__A_
K20398|Amphimedon|aqu:100637402_K20398_ragulator_complex_protein_LAMTOR2_|_(RefSeq)_ragulator_complex_protein_LAMTOR2-like_(A) -> K20398_Amphimedon_aqu_100637402_K20398_ragulator_complex_protein_LAMTOR2____RefSeq__ragulator_complex_protein_LAMTOR2-like__A_
K20398|Acropora|adf:107356874_K20398_ragulator_complex_protein_LAMTOR2_|_(RefSeq)_ragulator_complex_protein_LAMTOR2-like_(A) -> K20398_Acropora_adf_107356874_K20398_ragulator_complex_protein_LAMTOR2____RefSeq__ragulator_complex_protein_LAMTOR2-like__A_
K20398|Exaiptasia|epa:110248908_K20398_ragulator_complex_protein_LAMTOR2_|_(RefSeq)_ragulator_complex_protein_LAMTOR2-like_(A) -> K20398_Exaiptasia_epa_110248908_K20398_ragulator_complex_protein_LAMTOR2____RefSeq__ragulator_complex_protein_LAMTOR2-like__A_
K20398|Nematostella|nve:NEMVE_v1g233061_K20398_ragulator_complex_protein_LAMTOR2_|_(RefSeq)_hypothetical_protein_(A) -> K20398_Nematostella_nve_NEMVE_v1g233061_K20398_ragulator_complex_protein_LAMTOR2____RefSeq__hypothetical_protein__A_
K20398|Daphnia|dpx:DAPPUDRAFT_305432_K20398_ragulator_complex_protein_LAMTOR2_|_(GenBank)_hypothetical_protein_(A) -> K20398_Daphnia_dpx_DAPPUDRAFT_305432_K20398_ragulator_complex_protein_LAMTOR2____GenBank__hypothetical_protein__A_
K20398|Homo|hsa:28956_K20398_ragulator_complex_protein_LAMTOR2_|_(RefSeq)_LAMTOR2,_ENDAP,_HSPC003,_MAPBPIP,_MAPKSP1AP,_ROBLD3,_Ragulator2,_p14;_late_endosomal/lysosomal_adaptor,_MAPK_and_MTOR_activator_2_(A) -> K20398_Homo_hsa_28956_K20398_ragulator_complex_protein_LAMTOR2____RefSeq__LAMTOR2__ENDAP__HSPC003__MAPBPIP__MAPKSP1AP__ROBLD3__Ragulator2__p14__late_endosomal_lysosomal_adaptor__MAPK_and_MTOR_activator_2__A_
K20398|Mus|mmu:83409_K20398_ragulator_complex_protein_LAMTOR2_|_(RefSeq)_Lamtor2,_2010111E04Rik,_AL022628,_Mapbpip,_P14,_Rab25,_Robld3;_late_endosomal/lysosomal_adaptor,_MAPK_and_MTOR_activator_2_(A) -> K20398_Mus_mmu_83409_K20398_ragulator_complex_protein_LAMTOR2____RefSeq__Lamtor2__2010111E04Rik__AL022628__Mapbpip__P14__Rab25__Robld3__late_endosomal_lysosomal_adaptor__MAPK_and_MTOR_activator_2__A_
K20398|Aurelia|XLOC_023283|TCONS_00032905|Seg1947.7.p1 -> K20398_Aurelia_XLOC_023283_TCONS_00032905_Seg1947.7.p1
K20398|Hydra|hmg:100203620_K20398_ragulator_complex_protein_LAMTOR2_|_(RefSeq)_ragulator_complex_protein_LAMTOR2-like_(A) -> K20398_Hydra_hmg_100203620_K20398_ragulator_complex_protein_LAMTOR2____RefSeq__ragulator_complex_protein_LAMTOR2-like__A_
K20398|Hydra|hmg:101240074_K20398_ragulator_complex_protein_LAMTOR2_|_(RefSeq)_ragulator_complex_protein_LAMTOR2-like_(A) -> K20398_Hydra_hmg_101240074_K20398_ragulator_complex_protein_LAMTOR2____RefSeq__ragulator_complex_protein_LAMTOR2-like__A_

                                                                                                                                                                                                                 Gap/Ambiguity  Composition  p-value
   1  K20398_Helobdella_hro_HELRODRAFT_82549_K20398_ragulator_complex_protein_LAMTOR2____RefSeq__hypothetical_protein__A_                                                                                               23.35%    passed     74.67%
   2  K20398_Amphimedon_aqu_100637402_K20398_ragulator_complex_protein_LAMTOR2____RefSeq__ragulator_complex_protein_LAMTOR2-like__A_                                                                                    26.35%    passed     90.20%
   3  K20398_Acropora_adf_107356874_K20398_ragulator_complex_protein_LAMTOR2____RefSeq__ragulator_complex_protein_LAMTOR2-like__A_                                                                                      21.56%    passed     24.10%
   4  K20398_Exaiptasia_epa_110248908_K20398_ragulator_complex_protein_LAMTOR2____RefSeq__ragulator_complex_protein_LAMTOR2-like__A_                                                                                    16.77%    passed     92.30%
   5  K20398_Nematostella_nve_NEMVE_v1g233061_K20398_ragulator_complex_protein_LAMTOR2____RefSeq__hypothetical_protein__A_                                                                                              26.95%    passed     92.32%
   6  K20398_Daphnia_dpx_DAPPUDRAFT_305432_K20398_ragulator_complex_protein_LAMTOR2____GenBank__hypothetical_protein__A_                                                                                                26.95%    passed     91.31%
   7  K20398_Homo_hsa_28956_K20398_ragulator_complex_protein_LAMTOR2____RefSeq__LAMTOR2__ENDAP__HSPC003__MAPBPIP__MAPKSP1AP__ROBLD3__Ragulator2__p14__late_endosomal_lysosomal_adaptor__MAPK_and_MTOR_activator_2__A_   26.95%    passed     88.86%
   8  K20398_Mus_mmu_83409_K20398_ragulator_complex_protein_LAMTOR2____RefSeq__Lamtor2__2010111E04Rik__AL022628__Mapbpip__P14__Rab25__Robld3__late_endosomal_lysosomal_adaptor__MAPK_and_MTOR_activator_2__A_           26.95%    passed     92.55%
   9  K20398_Aurelia_XLOC_023283_TCONS_00032905_Seg1947.7.p1                                                                                                                                                            23.95%    passed     99.38%
  10  K20398_Hydra_hmg_100203620_K20398_ragulator_complex_protein_LAMTOR2____RefSeq__ragulator_complex_protein_LAMTOR2-like__A_                                                                                         44.91%    passed     65.26%
  11  K20398_Hydra_hmg_101240074_K20398_ragulator_complex_protein_LAMTOR2____RefSeq__ragulator_complex_protein_LAMTOR2-like__A_                                                                                         26.35%    passed     95.64%
****  TOTAL                                                                                                                                                                                                             26.46%  0 sequences failed composition chi2 test (p-value<5%; df=19)


Create initial parsimony tree by phylogenetic likelihood library (PLL)... 0.000 seconds
NOTE: ModelFinder requires 2 MB RAM!
ModelFinder will test 546 protein models (sample size: 167) ...
 No. Model         -LnL         df  AIC          AICc         BIC
  1  Dayhoff       1953.116     19  3944.231     3949.401     4003.473
  2  Dayhoff+I     1947.213     20  3934.426     3940.179     3996.785
  3  Dayhoff+G4    1935.546     20  3911.092     3916.846     3973.452
  4  Dayhoff+I+G4  1935.835     21  3913.670     3920.042     3979.147
  5  Dayhoff+R2    1936.768     21  3915.536     3921.909     3981.014
  6  Dayhoff+R3    1935.482     23  3916.964     3924.684     3988.678
 14  Dayhoff+F     1945.259     38  3966.518     3989.674     4085.001
 15  Dayhoff+F+I   1938.592     39  3955.184     3979.750     4076.785
 16  Dayhoff+F+G4  1925.859     39  3929.717     3954.284     4051.319
 17  Dayhoff+F+I+G4 1926.070     40  3932.141     3958.173     4056.861
 18  Dayhoff+F+R2  1926.802     40  3933.604     3959.636     4058.324
 19  Dayhoff+F+R3  1925.824     42  3935.647     3964.777     4066.603
 27  mtMAM         2134.972     19  4307.945     4313.115     4367.187
 28  mtMAM+I       2109.142     20  4258.283     4264.037     4320.643
 29  mtMAM+G4      2036.019     20  4112.038     4117.792     4174.398
 30  mtMAM+I+G4    2036.196     21  4114.392     4120.764     4179.869
 31  mtMAM+R2      2046.085     21  4134.171     4140.543     4199.648
 32  mtMAM+R3      2039.196     23  4124.391     4132.112     4196.105
 33  mtMAM+R4      2035.940     25  4121.881     4131.101     4199.831
 40  mtMAM+F       2017.063     38  4110.126     4133.282     4228.610
 41  mtMAM+F+I     2004.070     39  4086.141     4110.708     4207.742
 42  mtMAM+F+G4    1955.014     39  3988.028     4012.595     4109.630
 43  mtMAM+F+I+G4  1955.242     40  3990.483     4016.515     4115.203
 44  mtMAM+F+R2    1958.090     40  3996.180     4022.212     4120.900
 45  mtMAM+F+R3    1954.706     42  3993.411     4022.541     4124.367
 53  JTT           1936.263     19  3910.526     3915.696     3969.768
 54  JTT+I         1926.929     20  3893.859     3899.612     3956.219
 55  JTT+G4        1915.348     20  3870.697     3876.450     3933.056
 56  JTT+I+G4      1915.291     21  3872.581     3878.954     3938.059
 57  JTT+R2        1916.146     21  3874.292     3880.665     3939.770
 58  JTT+R3        1915.248     23  3876.497     3884.217     3948.211
 66  JTT+F         1930.622     38  3937.244     3960.400     4055.728
 67  JTT+F+I       1921.957     39  3921.914     3946.481     4043.515
 68  JTT+F+G4      1908.998     39  3895.995     3920.562     4017.597
 69  JTT+F+I+G4    1908.983     40  3897.967     3923.998     4022.686
 70  JTT+F+R2      1909.389     40  3898.779     3924.810     4023.498
 71  JTT+F+R3      1908.744     42  3901.488     3930.617     4032.444
 79  WAG           1927.766     19  3893.532     3898.702     3952.774
 80  WAG+I         1921.626     20  3883.253     3889.006     3945.612
 81  WAG+G4        1914.340     20  3868.680     3874.434     3931.040
 82  WAG+I+G4      1914.294     21  3870.587     3876.960     3936.065
 83  WAG+R2        1914.801     21  3871.602     3877.974     3937.080
 84  WAG+R3        1914.006     23  3874.013     3881.733     3945.726
 92  WAG+F         1923.605     38  3923.210     3946.366     4041.694
 93  WAG+F+I       1917.734     39  3913.467     3938.034     4035.069
 94  WAG+F+G4      1909.797     39  3897.593     3922.160     4019.195
 95  WAG+F+I+G4    1909.788     40  3899.577     3925.608     4024.296
 96  WAG+F+R2      1909.939     40  3899.878     3925.910     4024.598
 97  WAG+F+R3      1909.378     42  3902.755     3931.884     4033.711
105  cpREV         1953.352     19  3944.703     3949.873     4003.945
106  cpREV+I       1941.991     20  3923.982     3929.736     3986.342
107  cpREV+G4      1930.081     20  3900.163     3905.916     3962.523
108  cpREV+I+G4    1929.876     21  3901.751     3908.124     3967.229
109  cpREV+R2      1931.766     21  3905.532     3911.904     3971.010
110  cpREV+R3      1929.285     23  3904.569     3912.290     3976.283
118  cpREV+F       1933.672     38  3943.344     3966.501     4061.828
119  cpREV+F+I     1925.364     39  3928.729     3953.295     4050.330
120  cpREV+F+G4    1913.878     39  3905.756     3930.323     4027.357
121  cpREV+F+I+G4  1913.825     40  3907.651     3933.682     4032.370
122  cpREV+F+R2    1914.957     40  3909.914     3935.946     4034.634
123  cpREV+F+R3    1913.000     42  3909.999     3939.128     4040.955
131  mtREV         2057.016     19  4152.033     4157.203     4211.274
132  mtREV+I       2044.957     20  4129.913     4135.667     4192.273
133  mtREV+G4      2009.223     20  4058.445     4064.199     4120.805
134  mtREV+I+G4    2009.382     21  4060.764     4067.137     4126.242
135  mtREV+R2      2009.997     21  4061.995     4068.367     4127.472
136  mtREV+R3      2007.739     23  4061.477     4069.197     4133.191
144  mtREV+F       1963.071     38  4002.141     4025.297     4120.625
145  mtREV+F+I     1957.635     39  3993.271     4017.838     4114.873
146  mtREV+F+G4    1930.487     39  3938.974     3963.541     4060.576
147  mtREV+F+I+G4  1930.677     40  3941.354     3967.386     4066.074
148  mtREV+F+R2    1931.249     40  3942.497     3968.529     4067.217
149  mtREV+F+R3    1928.482     42  3940.963     3970.092     4071.919
157  rtREV         1951.798     19  3941.596     3946.766     4000.837
158  rtREV+I       1942.143     20  3924.285     3930.039     3986.645
159  rtREV+G4      1932.460     20  3904.919     3910.673     3967.279
160  rtREV+I+G4    1932.369     21  3906.739     3913.111     3972.217
161  rtREV+R2      1932.726     21  3907.451     3913.824     3972.929
162  rtREV+R3      1931.819     23  3909.637     3917.357     3981.351
170  rtREV+F       1933.725     38  3943.450     3966.606     4061.933
171  rtREV+F+I     1923.009     39  3924.017     3948.584     4045.619
172  rtREV+F+G4    1910.795     39  3899.590     3924.157     4021.192
173  rtREV+F+I+G4  1910.716     40  3901.431     3927.463     4026.151
174  rtREV+F+R2    1911.038     40  3902.076     3928.108     4026.796
175  rtREV+F+R3    1910.167     42  3904.334     3933.463     4035.290
183  mtART         2115.446     19  4268.893     4274.063     4328.134
184  mtART+I       2087.369     20  4214.738     4220.491     4277.098
185  mtART+G4      2027.332     20  4094.664     4100.417     4157.024
186  mtART+I+G4    2027.395     21  4096.790     4103.162     4162.267
187  mtART+R2      2033.805     21  4109.609     4115.982     4175.087
188  mtART+R3      2029.777     23  4105.554     4113.274     4177.268
196  mtART+F       2016.770     38  4109.539     4132.696     4228.023
197  mtART+F+I     1999.725     39  4077.451     4102.018     4199.053
198  mtART+F+G4    1955.242     39  3988.484     4013.051     4110.086
199  mtART+F+I+G4  1955.295     40  3990.591     4016.622     4115.310
200  mtART+F+R2    1956.756     40  3993.512     4019.544     4118.232
201  mtART+F+R3    1954.684     42  3993.369     4022.498     4124.325
209  mtZOA         2063.379     19  4164.758     4169.928     4224.000
210  mtZOA+I       2041.158     20  4122.317     4128.070     4184.677
211  mtZOA+G4      1997.238     20  4034.476     4040.229     4096.836
212  mtZOA+I+G4    1997.269     21  4036.538     4042.911     4102.016
213  mtZOA+R2      1999.017     21  4040.034     4046.406     4105.512
214  mtZOA+R3      1997.719     23  4041.437     4049.157     4113.151
222  mtZOA+F       1984.027     38  4044.054     4067.210     4162.538
223  mtZOA+F+I     1969.083     39  4016.166     4040.733     4137.768
224  mtZOA+F+G4    1937.461     39  3952.922     3977.489     4074.523
225  mtZOA+F+I+G4  1937.469     40  3954.939     3980.970     4079.658
226  mtZOA+F+R2    1938.109     40  3956.218     3982.250     4080.938
227  mtZOA+F+R3    1936.344     42  3956.688     3985.817     4087.644
235  VT            1935.880     19  3909.761     3914.931     3969.003
236  VT+I          1927.879     20  3895.757     3901.510     3958.117
237  VT+G4         1920.899     20  3881.798     3887.552     3944.158
238  VT+I+G4       1920.821     21  3883.642     3890.015     3949.120
239  VT+R2         1921.294     21  3884.587     3890.960     3950.065
240  VT+R3         1920.489     23  3886.978     3894.699     3958.692
248  VT+F          1934.729     38  3945.459     3968.615     4063.942
249  VT+F+I        1927.259     39  3932.518     3957.085     4054.120
250  VT+F+G4       1919.799     39  3917.598     3942.165     4039.200
251  VT+F+I+G4     1919.738     40  3919.476     3945.508     4044.196
252  VT+F+R2       1919.812     40  3919.624     3945.655     4044.343
253  VT+F+R3       1919.282     42  3922.565     3951.694     4053.521
261  LG            1930.173     19  3898.346     3903.516     3957.588
262  LG+I          1920.619     20  3881.238     3886.991     3943.598
263  LG+G4         1907.850     20  3855.700     3861.454     3918.060
264  LG+I+G4       1907.836     21  3857.671     3864.043     3923.149
265  LG+R2         1908.414     21  3858.828     3865.200     3924.306
266  LG+R3         1907.383     23  3860.766     3868.486     3932.480
274  LG+F          1930.827     38  3937.654     3960.811     4056.138
275  LG+F+I        1921.479     39  3920.957     3945.524     4042.559
276  LG+F+G4       1907.132     39  3892.264     3916.831     4013.865
277  LG+F+I+G4     1907.129     40  3894.259     3920.291     4018.979
278  LG+F+R2       1907.386     40  3894.772     3920.804     4019.492
279  LG+F+R3       1906.499     42  3896.998     3926.127     4027.953
287  DCMut         1953.079     19  3944.159     3949.329     4003.401
288  DCMut+I       1947.178     20  3934.355     3940.109     3996.715
289  DCMut+G4      1935.591     20  3911.182     3916.936     3973.542
290  DCMut+I+G4    1935.587     21  3913.175     3919.547     3978.653
291  DCMut+R2      1936.777     21  3915.555     3921.927     3981.033
292  DCMut+R3      1934.636     23  3915.273     3922.993     3986.986
300  DCMut+F       1945.157     38  3966.314     3989.470     4084.798
301  DCMut+F+I     1938.498     39  3954.996     3979.563     4076.598
302  DCMut+F+G4    1925.860     39  3929.720     3954.287     4051.322
303  DCMut+F+I+G4  1925.887     40  3931.773     3957.805     4056.493
304  DCMut+F+R2    1926.807     40  3933.614     3959.645     4058.333
305  DCMut+F+R3    1925.232     42  3934.465     3963.594     4065.421
313  PMB           1950.359     19  3938.717     3943.887     3997.959
314  PMB+I         1943.326     20  3926.651     3932.405     3989.011
315  PMB+G4        1936.495     20  3912.991     3918.744     3975.351
316  PMB+I+G4      1936.441     21  3914.882     3921.254     3980.360
317  PMB+R2        1936.625     21  3915.250     3921.622     3980.728
318  PMB+R3        1935.946     23  3917.891     3925.611     3989.605
326  PMB+F         1943.151     38  3962.302     3985.458     4080.786
327  PMB+F+I       1936.926     39  3951.851     3976.418     4073.453
328  PMB+F+G4      1929.988     39  3937.976     3962.543     4059.577
329  PMB+F+I+G4    1929.955     40  3939.911     3965.943     4064.631
330  PMB+F+R2      1929.909     40  3939.819     3965.851     4064.539
331  PMB+F+R3      1929.248     42  3942.496     3971.625     4073.452
339  HIVb          1983.278     19  4004.555     4009.725     4063.797
340  HIVb+I        1969.281     20  3978.561     3984.315     4040.921
341  HIVb+G4       1951.754     20  3943.509     3949.262     4005.869
342  HIVb+I+G4     1951.661     21  3945.323     3951.695     4010.801
343  HIVb+R2       1952.731     21  3947.462     3953.835     4012.940
344  HIVb+R3       1951.246     23  3948.492     3956.212     4020.206
352  HIVb+F        1952.343     38  3980.687     4003.843     4099.170
353  HIVb+F+I      1942.161     39  3962.322     3986.888     4083.923
354  HIVb+F+G4     1920.982     39  3919.965     3944.532     4041.566
355  HIVb+F+I+G4   1921.015     40  3922.029     3948.061     4046.749
356  HIVb+F+R2     1921.596     40  3923.191     3949.223     4047.911
357  HIVb+F+R3     1920.040     42  3924.080     3953.209     4055.036
365  HIVw          2065.752     19  4169.504     4174.674     4228.746
366  HIVw+I        2045.435     20  4130.871     4136.624     4193.231
367  HIVw+G4       2030.325     20  4100.650     4106.403     4163.010
368  HIVw+I+G4     2030.069     21  4102.137     4108.510     4167.615
369  HIVw+R2       2032.812     21  4107.623     4113.995     4173.101
370  HIVw+R3       2030.131     23  4106.262     4113.982     4177.976
378  HIVw+F        2000.921     38  4077.842     4100.998     4196.326
379  HIVw+F+I      1983.025     39  4044.049     4068.616     4165.651
380  HIVw+F+G4     1968.289     39  4014.577     4039.144     4136.179
381  HIVw+F+I+G4   1968.044     40  4016.088     4042.119     4140.807
382  HIVw+F+R2     1969.022     40  4018.043     4044.075     4142.763
383  HIVw+F+R3     1967.911     42  4019.823     4048.952     4150.778
391  JTTDCMut      1935.701     19  3909.401     3914.572     3968.643
392  JTTDCMut+I    1926.684     20  3893.368     3899.121     3955.727
393  JTTDCMut+G4   1915.028     20  3870.056     3875.809     3932.416
394  JTTDCMut+I+G4 1914.987     21  3871.975     3878.347     3937.452
395  JTTDCMut+R2   1915.851     21  3873.703     3880.075     3939.181
396  JTTDCMut+R3   1914.496     23  3874.992     3882.712     3946.705
404  JTTDCMut+F    1929.935     38  3935.870     3959.027     4054.354
405  JTTDCMut+F+I  1921.524     39  3921.047     3945.614     4042.649
406  JTTDCMut+F+G4 1908.467     39  3894.934     3919.501     4016.536
407  JTTDCMut+F+I+G4 1908.456     40  3896.911     3922.943     4021.631
408  JTTDCMut+F+R2 1908.807     40  3897.613     3923.645     4022.333
409  JTTDCMut+F+R3 1907.843     42  3899.686     3928.815     4030.642
417  FLU           1968.053     19  3974.107     3979.277     4033.349
418  FLU+I         1954.327     20  3948.654     3954.407     4011.013
419  FLU+G4        1940.753     20  3921.506     3927.260     3983.866
420  FLU+I+G4      1940.540     21  3923.081     3929.453     3988.559
421  FLU+R2        1942.123     21  3926.246     3932.619     3991.724
422  FLU+R3        1940.314     23  3926.627     3934.347     3998.341
430  FLU+F         1936.980     38  3949.960     3973.116     4068.444
431  FLU+F+I       1927.925     39  3933.850     3958.417     4055.452
432  FLU+F+G4      1912.358     39  3902.716     3927.283     4024.317
433  FLU+F+I+G4    1912.358     40  3904.716     3930.748     4029.436
434  FLU+F+R2      1913.287     40  3906.574     3932.606     4031.294
435  FLU+F+R3      1911.848     42  3907.695     3936.824     4038.651
443  Blosum62      1949.345     19  3936.691     3941.861     3995.933
444  Blosum62+I    1941.701     20  3923.401     3929.155     3985.761
445  Blosum62+G4   1935.229     20  3910.458     3916.211     3972.818
446  Blosum62+I+G4 1935.119     21  3912.238     3918.611     3977.716
447  Blosum62+R2   1935.337     21  3912.674     3919.047     3978.152
448  Blosum62+R3   1934.851     23  3915.702     3923.423     3987.416
456  Blosum62+F    1946.802     38  3969.605     3992.761     4088.088
457  Blosum62+F+I  1939.767     39  3957.533     3982.100     4079.135
458  Blosum62+F+G4 1933.171     39  3944.343     3968.910     4065.944
459  Blosum62+F+I+G4 1933.083     40  3946.166     3972.198     4070.886
460  Blosum62+F+R2 1933.116     40  3946.232     3972.264     4070.952
461  Blosum62+F+R3 1932.597     42  3949.193     3978.322     4080.149
469  mtMet         2050.229     19  4138.457     4143.627     4197.699
470  mtMet+I       2031.143     20  4102.287     4108.040     4164.647
471  mtMet+G4      1995.628     20  4031.256     4037.010     4093.616
472  mtMet+I+G4    1995.646     21  4033.291     4039.664     4098.769
473  mtMet+R2      1997.966     21  4037.933     4044.305     4103.410
474  mtMet+R3      1996.111     23  4038.222     4045.942     4109.936
482  mtMet+F       1968.763     38  4013.526     4036.682     4132.010
483  mtMet+F+I     1956.899     39  3991.799     4016.366     4113.401
484  mtMet+F+G4    1931.563     39  3941.125     3965.692     4062.727
485  mtMet+F+I+G4  1931.599     40  3943.198     3969.229     4067.917
486  mtMet+F+R2    1932.555     40  3945.109     3971.141     4069.829
487  mtMet+F+R3    1930.769     42  3945.538     3974.667     4076.493
495  mtVer         2082.618     19  4203.236     4208.406     4262.477
496  mtVer+I       2060.720     20  4161.440     4167.193     4223.800
497  mtVer+G4      2018.281     20  4076.562     4082.315     4138.921
498  mtVer+I+G4    2018.226     21  4078.453     4084.825     4143.930
499  mtVer+R2      2022.265     21  4086.530     4092.902     4152.008
500  mtVer+R3      2019.749     23  4085.498     4093.218     4157.211
508  mtVer+F       1982.640     38  4041.281     4064.437     4159.764
509  mtVer+F+I     1969.777     39  4017.554     4042.121     4139.155
510  mtVer+F+G4    1943.337     39  3964.674     3989.241     4086.276
511  mtVer+F+I+G4  1943.319     40  3966.638     3992.670     4091.358
512  mtVer+F+R2    1945.451     40  3970.902     3996.934     4095.622
513  mtVer+F+R3    1942.479     42  3968.958     3998.087     4099.914
521  mtInv         2051.588     19  4141.175     4146.345     4200.417
522  mtInv+I       2034.297     20  4108.594     4114.347     4170.954
523  mtInv+G4      2005.194     20  4050.388     4056.142     4112.748
524  mtInv+I+G4    2005.209     21  4052.417     4058.790     4117.895
525  mtInv+R2      2006.732     21  4055.464     4061.837     4120.942
526  mtInv+R3      2005.123     23  4056.246     4063.966     4127.960
534  mtInv+F       1958.267     38  3992.533     4015.689     4111.017
535  mtInv+F+I     1946.672     39  3971.343     3995.910     4092.945
536  mtInv+F+G4    1926.718     39  3931.436     3956.003     4053.038
537  mtInv+F+I+G4  1926.714     40  3933.429     3959.460     4058.148
538  mtInv+F+R2    1927.464     40  3934.928     3960.960     4059.648
539  mtInv+F+R3    1926.109     42  3936.218     3965.347     4067.173
Akaike Information Criterion:           LG+G4
Corrected Akaike Information Criterion: LG+G4
Bayesian Information Criterion:         LG+G4
Best-fit model: LG+G4 chosen according to BIC

All model information printed to K20398.muscle.model.gz
CPU time for ModelFinder: 5.669 seconds (0h:0m:5s)
Wall-clock time for ModelFinder: 5.699 seconds (0h:0m:5s)

NOTE: 1 MB RAM (0 GB) is required!
Estimate model parameters (epsilon = 0.100)
1. Initial log-likelihood: -1910.732
2. Current log-likelihood: -1907.996
3. Current log-likelihood: -1907.852
Optimal log-likelihood: -1907.849
Gamma shape alpha: 1.617
Parameters optimization took 3 rounds (0.045 sec)
Computing ML distances based on estimated model parameters... 0.027 sec
Computing BIONJ tree...
0.002 seconds
Log-likelihood of BIONJ tree: -1898.518
--------------------------------------------------------------------
|             INITIALIZING CANDIDATE TREE SET                      |
--------------------------------------------------------------------
Generating 98 parsimony trees... 0.066 second
Computing log-likelihood of 98 initial trees ... 0.541 seconds
Current best score: -1894.136

Do NNI search on 20 best initial trees
Estimate model parameters (epsilon = 0.100)
BETTER TREE FOUND at iteration 1: -1893.945
Iteration 10 / LogL: -1893.964 / Time: 0h:0m:1s
Iteration 20 / LogL: -1893.950 / Time: 0h:0m:1s
Finish initializing candidate tree set (4)
Current best tree score: -1893.945 / CPU time: 1.400
Number of iterations: 20
--------------------------------------------------------------------
|               OPTIMIZING CANDIDATE TREE SET                      |
--------------------------------------------------------------------
UPDATE BEST LOG-LIKELIHOOD: -1893.945
Iteration 30 / LogL: -1896.089 / Time: 0h:0m:1s (0h:0m:4s left)
Iteration 40 / LogL: -1897.783 / Time: 0h:0m:2s (0h:0m:3s left)
Iteration 50 / LogL: -1893.948 / Time: 0h:0m:2s (0h:0m:2s left)
Iteration 60 / LogL: -1893.963 / Time: 0h:0m:3s (0h:0m:2s left)
Iteration 70 / LogL: -1893.946 / Time: 0h:0m:3s (0h:0m:1s left)
Iteration 80 / LogL: -1893.975 / Time: 0h:0m:4s (0h:0m:1s left)
Iteration 90 / LogL: -1893.950 / Time: 0h:0m:4s (0h:0m:0s left)
Iteration 100 / LogL: -1895.294 / Time: 0h:0m:5s (0h:0m:0s left)
TREE SEARCH COMPLETED AFTER 102 ITERATIONS / Time: 0h:0m:5s

--------------------------------------------------------------------
|                    FINALIZING TREE SEARCH                        |
--------------------------------------------------------------------
Performs final model parameters optimization
Estimate model parameters (epsilon = 0.010)
1. Initial log-likelihood: -1893.945
Optimal log-likelihood: -1893.945
Gamma shape alpha: 1.767
Parameters optimization took 1 rounds (0.008 sec)
BEST SCORE FOUND : -1893.945
Total tree length: 4.050

Total number of iterations: 102
CPU time used for tree search: 4.978 sec (0h:0m:4s)
Wall-clock time used for tree search: 4.996 sec (0h:0m:4s)
Total CPU time used: 5.079 sec (0h:0m:5s)
Total wall-clock time used: 5.100 sec (0h:0m:5s)

Analysis results written to: 
  IQ-TREE report:                K20398.muscle.iqtree
  Maximum-likelihood tree:       K20398.muscle.treefile
  Likelihood distances:          K20398.muscle.mldist
  Screen log file:               K20398.muscle.log

Date and Time: Mon Mar 16 19:24:49 2020
