IQ-TREE multicore version 1.6.12 for Mac OS X 64-bit built Aug 15 2019
Developed by Bui Quang Minh, Nguyen Lam Tung, Olga Chernomor,
Heiko Schmidt, Dominik Schrempf, Michael Woodhams.

Host:    Davids-MacBook-Air-2.local (AVX2, FMA3, 8 GB RAM)
Command: iqtree -s K20404.muscle
Seed:    137500 (Using SPRNG - Scalable Parallel Random Number Generator)
Time:    Mon Mar 16 19:31:57 2020
Kernel:  AVX+FMA - 1 threads (4 CPU cores detected)

HINT: Use -nt option to specify number of threads because your CPU has 4 cores!
HINT: -nt AUTO will automatically determine the best number of threads to use.

Reading alignment file K20404.muscle ... Fasta format detected
Alignment most likely contains protein sequences
WARNING: 6 sites contain only gaps or ambiguous characters.
Alignment has 13 sequences with 2114 columns, 1753 distinct patterns
1057 parsimony-informative, 527 singleton sites, 530 constant sites
WARNING: Some sequence names are changed as follows:
K20404|Aurelia|XLOC_033519|TCONS_00047526|Seg2610.4.p1 -> K20404_Aurelia_XLOC_033519_TCONS_00047526_Seg2610.4.p1
K20404|Amphimedon|aqu:105313646_K20404_DEP_domain-containing_protein_5_|_(RefSeq)_DEP_domain-containing_protein_5-like_(A) -> K20404_Amphimedon_aqu_105313646_K20404_DEP_domain-containing_protein_5____RefSeq__DEP_domain-containing_protein_5-like__A_
K20404|Hydra|hmg:100197913_K20404_DEP_domain-containing_protein_5_|_(RefSeq)_DEP_domain-containing_protein_5-like_(A) -> K20404_Hydra_hmg_100197913_K20404_DEP_domain-containing_protein_5____RefSeq__DEP_domain-containing_protein_5-like__A_
K20404|Daphnia|dpx:DAPPUDRAFT_327275_K20404_DEP_domain-containing_protein_5_|_(GenBank)_hypothetical_protein_(A) -> K20404_Daphnia_dpx_DAPPUDRAFT_327275_K20404_DEP_domain-containing_protein_5____GenBank__hypothetical_protein__A_
K20404|Aurelia|XLOC_018602|TCONS_00026170|Seg174.1.p1 -> K20404_Aurelia_XLOC_018602_TCONS_00026170_Seg174.1.p1
K20404|Aurelia|XLOC_027138|TCONS_00038413|Seg2165.3.p2 -> K20404_Aurelia_XLOC_027138_TCONS_00038413_Seg2165.3.p2
K20404|Aurelia|XLOC_027138|TCONS_00038413|Seg2165.3.p1 -> K20404_Aurelia_XLOC_027138_TCONS_00038413_Seg2165.3.p1
K20404|Aurelia|XLOC_027138|TCONS_00038414|Seg2165.3.p1 -> K20404_Aurelia_XLOC_027138_TCONS_00038414_Seg2165.3.p1
K20404|Helobdella|hro:HELRODRAFT_63880_K20404_DEP_domain-containing_protein_5_|_(RefSeq)_hypothetical_protein_(A) -> K20404_Helobdella_hro_HELRODRAFT_63880_K20404_DEP_domain-containing_protein_5____RefSeq__hypothetical_protein__A_
K20404|Homo|hsa:9681_K20404_DEP_domain-containing_protein_5_|_(RefSeq)_DEPDC5,_DEP.5,_FFEVF,_FFEVF1;_DEP_domain_containing_5,_GATOR1_subcomplex_subunit_(A) -> K20404_Homo_hsa_9681_K20404_DEP_domain-containing_protein_5____RefSeq__DEPDC5__DEP.5__FFEVF__FFEVF1__DEP_domain_containing_5__GATOR1_subcomplex_subunit__A_
K20404|Mus|mmu:277854_K20404_DEP_domain-containing_protein_5_|_(RefSeq)_Depdc5,_AV016528;_DEP_domain_containing_5_(A) -> K20404_Mus_mmu_277854_K20404_DEP_domain-containing_protein_5____RefSeq__Depdc5__AV016528__DEP_domain_containing_5__A_
K20404|Exaiptasia|epa:110232609_K20404_DEP_domain-containing_protein_5_|_(RefSeq)_DEP_domain-containing_protein_5-like_(A) -> K20404_Exaiptasia_epa_110232609_K20404_DEP_domain-containing_protein_5____RefSeq__DEP_domain-containing_protein_5-like__A_
K20404|Nematostella|nve:NEMVE_v1g102703_K20404_DEP_domain-containing_protein_5_|_(RefSeq)_hypothetical_protein_(A) -> K20404_Nematostella_nve_NEMVE_v1g102703_K20404_DEP_domain-containing_protein_5____RefSeq__hypothetical_protein__A_

                                                                                                                                                             Gap/Ambiguity  Composition  p-value
   1  K20404_Aurelia_XLOC_033519_TCONS_00047526_Seg2610.4.p1                                                                                                        84.63%    failed      0.62%
   2  K20404_Amphimedon_aqu_105313646_K20404_DEP_domain-containing_protein_5____RefSeq__DEP_domain-containing_protein_5-like__A_                                    30.32%    passed     21.51%
   3  K20404_Hydra_hmg_100197913_K20404_DEP_domain-containing_protein_5____RefSeq__DEP_domain-containing_protein_5-like__A_                                         30.89%    failed      0.04%
   4  K20404_Daphnia_dpx_DAPPUDRAFT_327275_K20404_DEP_domain-containing_protein_5____GenBank__hypothetical_protein__A_                                              31.69%    passed      5.90%
   5  K20404_Aurelia_XLOC_018602_TCONS_00026170_Seg174.1.p1                                                                                                         92.38%    passed     58.08%
   6  K20404_Aurelia_XLOC_027138_TCONS_00038413_Seg2165.3.p2                                                                                                        60.55%    failed      1.92%
   7  K20404_Aurelia_XLOC_027138_TCONS_00038413_Seg2165.3.p1                                                                                                        59.56%    passed     42.07%
   8  K20404_Aurelia_XLOC_027138_TCONS_00038414_Seg2165.3.p1                                                                                                        20.39%    passed     24.72%
   9  K20404_Helobdella_hro_HELRODRAFT_63880_K20404_DEP_domain-containing_protein_5____RefSeq__hypothetical_protein__A_                                             84.01%    passed     10.35%
  10  K20404_Homo_hsa_9681_K20404_DEP_domain-containing_protein_5____RefSeq__DEPDC5__DEP.5__FFEVF__FFEVF1__DEP_domain_containing_5__GATOR1_subcomplex_subunit__A_   25.45%    failed      0.26%
  11  K20404_Mus_mmu_277854_K20404_DEP_domain-containing_protein_5____RefSeq__Depdc5__AV016528__DEP_domain_containing_5__A_                                         26.02%    failed      1.32%
  12  K20404_Exaiptasia_epa_110232609_K20404_DEP_domain-containing_protein_5____RefSeq__DEP_domain-containing_protein_5-like__A_                                    21.10%    passed     16.57%
  13  K20404_Nematostella_nve_NEMVE_v1g102703_K20404_DEP_domain-containing_protein_5____RefSeq__hypothetical_protein__A_                                            80.18%    passed     27.78%
WARNING: 6 sequences contain more than 50% gaps/ambiguity
****  TOTAL                                                                                                                                                         49.78%  5 sequences failed composition chi2 test (p-value<5%; df=19)


Create initial parsimony tree by phylogenetic likelihood library (PLL)... 0.005 seconds
NOTE: ModelFinder requires 35 MB RAM!
ModelFinder will test 546 protein models (sample size: 2114) ...
 No. Model         -LnL         df  AIC          AICc         BIC
  1  Dayhoff       26329.998    23  52705.996    52706.524    52836.091
  2  Dayhoff+I     26144.802    24  52337.604    52338.178    52473.356
  3  Dayhoff+G4    25902.895    24  51853.790    51854.364    51989.542
  4  Dayhoff+I+G4  25890.171    25  51830.343    51830.965    51971.751
  5  Dayhoff+R2    25939.561    25  51929.122    51929.744    52070.530
  6  Dayhoff+R3    25903.273    27  51860.546    51861.271    52013.267
  7  Dayhoff+R4    25895.437    29  51848.875    51849.710    52012.908
  8  Dayhoff+R5    25892.120    31  51846.241    51847.194    52021.587
 14  Dayhoff+F     26062.012    42  52208.024    52209.768    52445.590
 15  Dayhoff+F+I   25869.690    43  51825.379    51827.208    52068.602
 16  Dayhoff+F+G4  25623.438    43  51332.877    51334.705    51576.099
 17  Dayhoff+F+I+G4 25611.179    44  51310.358    51312.272    51559.237
 18  Dayhoff+F+R2  25656.057    44  51400.115    51402.029    51648.994
 19  Dayhoff+F+R3  25624.706    46  51341.413    51343.505    51601.604
 20  Dayhoff+F+R4  25617.550    48  51331.100    51333.378    51602.604
 27  mtMAM         28282.438    23  56610.875    56611.403    56740.971
 28  mtMAM+I       27936.880    24  55921.761    55922.335    56057.513
 29  mtMAM+G4      27165.457    24  54378.915    54379.489    54514.667
 30  mtMAM+I+G4    27159.855    25  54369.709    54370.332    54511.118
 31  mtMAM+R2      27338.972    25  54727.944    54728.566    54869.352
 32  mtMAM+R3      27189.559    27  54433.118    54433.843    54585.839
 33  mtMAM+R4      27152.835    29  54363.670    54364.505    54527.704
 34  mtMAM+R5      27141.635    31  54345.271    54346.224    54520.617
 35  mtMAM+R6      27133.760    33  54333.521    54334.600    54520.180
 36  mtMAM+R7      27131.048    35  54332.095    54333.308    54530.067
 40  mtMAM+F       26824.306    42  53732.611    53734.355    53970.177
 41  mtMAM+F+I     26534.346    43  53154.692    53156.520    53397.914
 42  mtMAM+F+G4    25908.284    43  51902.567    51904.395    52145.790
 43  mtMAM+F+I+G4  25901.064    44  51890.128    51892.042    52139.007
 44  mtMAM+F+R2    26049.926    44  52187.851    52189.765    52436.730
 45  mtMAM+F+R3    25951.279    46  51994.559    51996.651    52254.750
 46  mtMAM+F+R4    25925.821    48  51947.643    51949.920    52219.147
 47  mtMAM+F+R5    25914.007    50  51928.015    51930.487    52210.832
 48  mtMAM+F+R6    25905.150    52  51914.300    51916.974    52208.429
 49  mtMAM+F+R7    25901.715    54  51911.431    51914.315    52216.873
 53  JTT           26042.052    23  52130.103    52130.632    52260.199
 54  JTT+I         25870.479    24  51788.959    51789.533    51924.711
 55  JTT+G4        25663.192    24  51374.385    51374.959    51510.137
 56  JTT+I+G4      25654.246    25  51358.492    51359.115    51499.900
 57  JTT+R2        25688.059    25  51426.118    51426.741    51567.526
 58  JTT+R3        25668.811    27  51391.621    51392.346    51544.343
 59  JTT+R4        25659.977    29  51377.954    51378.789    51541.988
 60  JTT+R5        25657.287    31  51376.575    51377.528    51551.921
 66  JTT+F         25895.577    42  51875.154    51876.899    52112.721
 67  JTT+F+I       25717.457    43  51520.914    51522.742    51764.136
 68  JTT+F+G4      25514.756    43  51115.513    51117.341    51358.735
 69  JTT+F+I+G4    25504.827    44  51097.653    51099.567    51346.532
 70  JTT+F+R2      25537.013    44  51162.027    51163.941    51410.906
 71  JTT+F+R3      25519.612    46  51131.224    51133.316    51391.416
 72  JTT+F+R4      25511.338    48  51118.675    51120.953    51390.179
 73  JTT+F+R5      25508.568    50  51117.135    51119.607    51399.952
 79  WAG           26000.727    23  52047.454    52047.982    52177.550
 80  WAG+I         25858.436    24  51764.872    51765.447    51900.624
 81  WAG+G4        25696.945    24  51441.889    51442.464    51577.641
 82  WAG+I+G4      25687.510    25  51425.020    51425.643    51566.428
 83  WAG+R2        25715.446    25  51480.893    51481.515    51622.301
 84  WAG+R3        25696.071    27  51446.142    51446.867    51598.863
 85  WAG+R4        25691.856    29  51441.712    51442.547    51605.746
 92  WAG+F         25851.713    42  51787.427    51789.171    52024.993
 93  WAG+F+I       25701.643    43  51489.285    51491.113    51732.508
 94  WAG+F+G4      25520.545    43  51127.091    51128.919    51370.313
 95  WAG+F+I+G4    25511.874    44  51111.748    51113.662    51360.626
 96  WAG+F+R2      25540.330    44  51168.660    51170.574    51417.539
 97  WAG+F+R3      25521.777    46  51135.553    51137.645    51395.745
 98  WAG+F+R4      25517.326    48  51130.651    51132.929    51402.156
105  cpREV         26255.889    23  52557.777    52558.306    52687.873
106  cpREV+I       26101.860    24  52251.721    52252.295    52387.473
107  cpREV+G4      25868.631    24  51785.263    51785.837    51921.015
108  cpREV+I+G4    25860.281    25  51770.562    51771.184    51911.970
109  cpREV+R2      25889.141    25  51828.281    51828.904    51969.689
110  cpREV+R3      25870.311    27  51794.622    51795.347    51947.343
111  cpREV+R4      25865.604    29  51789.208    51790.043    51953.242
118  cpREV+F       26050.653    42  52185.307    52187.051    52422.873
119  cpREV+F+I     25876.329    43  51838.659    51840.487    52081.881
120  cpREV+F+G4    25610.997    43  51307.995    51309.823    51551.217
121  cpREV+F+I+G4  25601.230    44  51290.460    51292.374    51539.339
122  cpREV+F+R2    25635.373    44  51358.746    51360.660    51607.625
123  cpREV+F+R3    25617.843    46  51327.686    51329.778    51587.878
124  cpREV+F+R4    25612.358    48  51320.715    51322.993    51592.220
131  mtREV         27541.649    23  55129.297    55129.826    55259.393
132  mtREV+I       27326.522    24  54701.043    54701.618    54836.795
133  mtREV+G4      26883.749    24  53815.498    53816.072    53951.250
134  mtREV+I+G4    26876.656    25  53803.313    53803.936    53944.721
135  mtREV+R2      26912.328    25  53874.656    53875.278    54016.064
136  mtREV+R3      26886.402    27  53826.804    53827.529    53979.525
137  mtREV+R4      26877.093    29  53812.187    53813.022    53976.221
138  mtREV+R5      26870.972    31  53803.943    53804.896    53979.290
144  mtREV+F       26266.548    42  52617.096    52618.841    52854.663
145  mtREV+F+I     26061.463    43  52208.925    52210.753    52452.148
146  mtREV+F+G4    25683.154    43  51452.307    51454.135    51695.530
147  mtREV+F+I+G4  25673.816    44  51435.631    51437.545    51684.510
148  mtREV+F+R2    25733.934    44  51555.868    51557.782    51804.747
149  mtREV+F+R3    25707.240    46  51506.480    51508.572    51766.671
150  mtREV+F+R4    25695.456    48  51486.912    51489.190    51758.416
151  mtREV+F+R5    25684.190    50  51468.380    51470.852    51751.197
152  mtREV+F+R6    25674.427    52  51452.854    51455.528    51746.983
153  mtREV+F+R7    25673.195    54  51454.390    51457.274    51759.832
157  rtREV         26294.737    23  52635.474    52636.003    52765.570
158  rtREV+I       26137.156    24  52322.313    52322.887    52458.065
159  rtREV+G4      25889.413    24  51826.825    51827.400    51962.577
160  rtREV+I+G4    25883.351    25  51816.701    51817.324    51958.110
161  rtREV+R2      25916.705    25  51883.410    51884.033    52024.819
162  rtREV+R3      25897.377    27  51848.755    51849.479    52001.476
163  rtREV+R4      25890.094    29  51838.188    51839.023    52002.222
170  rtREV+F       25996.613    42  52077.225    52078.969    52314.791
171  rtREV+F+I     25828.469    43  51742.938    51744.766    51986.161
172  rtREV+F+G4    25568.975    43  51223.949    51225.777    51467.172
173  rtREV+F+I+G4  25563.235    44  51214.469    51216.383    51463.348
174  rtREV+F+R2    25599.302    44  51286.604    51288.518    51535.483
175  rtREV+F+R3    25580.034    46  51252.069    51254.160    51512.260
176  rtREV+F+R4    25572.008    48  51240.016    51242.294    51511.520
177  rtREV+F+R5    25565.724    50  51231.447    51233.920    51514.264
183  mtART         28207.745    23  56461.490    56462.018    56591.586
184  mtART+I       27896.091    24  55840.181    55840.756    55975.934
185  mtART+G4      27103.330    24  54254.660    54255.234    54390.412
186  mtART+I+G4    27099.180    25  54248.361    54248.983    54389.769
187  mtART+R2      27289.070    25  54628.140    54628.763    54769.549
188  mtART+R3      27183.647    27  54421.293    54422.018    54574.014
189  mtART+R4      27148.968    29  54355.935    54356.770    54519.969
190  mtART+R5      27117.600    31  54297.199    54298.152    54472.546
191  mtART+R6      27090.377    33  54246.754    54247.833    54433.413
192  mtART+R7      27087.751    35  54245.501    54246.714    54443.473
196  mtART+F       26813.806    42  53711.611    53713.355    53949.177
197  mtART+F+I     26550.058    43  53186.117    53187.945    53429.339
198  mtART+F+G4    25836.568    43  51759.137    51760.965    52002.359
199  mtART+F+I+G4  25831.411    44  51750.822    51752.736    51999.701
200  mtART+F+R2    25989.023    44  52066.047    52067.961    52314.925
201  mtART+F+R3    25902.152    46  51896.304    51898.396    52156.496
202  mtART+F+R4    25878.018    48  51852.036    51854.314    52123.540
203  mtART+F+R5    25856.890    50  51813.780    51816.252    52096.597
204  mtART+F+R6    25825.747    52  51755.494    51758.169    52049.624
205  mtART+F+R7    25823.245    54  51754.490    51757.375    52059.932
209  mtZOA         27682.547    23  55411.093    55411.621    55541.189
210  mtZOA+I       27421.786    24  54891.572    54892.146    55027.324
211  mtZOA+G4      26798.831    24  53645.662    53646.236    53781.414
212  mtZOA+I+G4    26794.483    25  53638.965    53639.588    53780.374
213  mtZOA+R2      26896.036    25  53842.072    53842.694    53983.480
214  mtZOA+R3      26826.598    27  53707.196    53707.920    53859.917
215  mtZOA+R4      26805.715    29  53669.431    53670.266    53833.464
216  mtZOA+R5      26789.117    31  53640.233    53641.186    53815.580
217  mtZOA+R6      26775.896    33  53617.791    53618.870    53804.450
218  mtZOA+R7      26775.104    35  53620.208    53621.421    53818.180
222  mtZOA+F       26491.351    42  53066.702    53068.446    53304.268
223  mtZOA+F+I     26262.087    43  52610.174    52612.002    52853.396
224  mtZOA+F+G4    25702.815    43  51491.629    51493.457    51734.852
225  mtZOA+F+I+G4  25697.859    44  51483.719    51485.633    51732.598
226  mtZOA+F+R2    25802.758    44  51693.517    51695.431    51942.396
227  mtZOA+F+R3    25748.961    46  51589.922    51592.014    51850.114
228  mtZOA+F+R4    25732.519    48  51561.038    51563.316    51832.542
229  mtZOA+F+R5    25719.687    50  51539.374    51541.846    51822.191
230  mtZOA+F+R6    25695.766    52  51495.532    51498.206    51789.661
231  mtZOA+F+R7    25694.226    54  51496.453    51499.338    51801.895
235  VT            25877.103    23  51800.206    51800.734    51930.301
236  VT+I          25748.960    24  51545.919    51546.494    51681.672
237  VT+G4         25629.407    24  51306.814    51307.388    51442.566
238  VT+I+G4       25620.348    25  51290.696    51291.319    51432.105
239  VT+R2         25637.491    25  51324.982    51325.605    51466.391
240  VT+R3         25636.672    27  51327.345    51328.069    51480.066
248  VT+F          25766.317    42  51616.634    51618.378    51854.200
249  VT+F+I        25633.400    43  51352.800    51354.628    51596.023
250  VT+F+G4       25512.095    43  51110.190    51112.018    51353.412
251  VT+F+I+G4     25502.620    44  51093.241    51095.155    51342.120
252  VT+F+R2       25521.314    44  51130.629    51132.543    51379.508
253  VT+F+R3       25520.654    46  51133.309    51135.401    51393.500
261  LG            26150.155    23  52346.310    52346.838    52476.406
262  LG+I          25978.299    24  52004.598    52005.173    52140.350
263  LG+G4         25684.936    24  51417.872    51418.447    51553.624
264  LG+I+G4       25680.355    25  51410.711    51411.333    51552.119
265  LG+R2         25719.005    25  51488.010    51488.632    51629.418
266  LG+R3         25717.970    27  51489.941    51490.666    51642.662
274  LG+F          25998.839    42  52081.679    52083.423    52319.245
275  LG+F+I        25819.601    43  51725.203    51727.031    51968.425
276  LG+F+G4       25529.333    43  51144.666    51146.494    51387.889
277  LG+F+I+G4     25523.703    44  51135.406    51137.320    51384.285
278  LG+F+R2       25563.878    44  51215.755    51217.669    51464.634
279  LG+F+R3       25562.927    46  51217.854    51219.946    51478.046
287  DCMut         26326.954    23  52699.908    52700.436    52830.004
288  DCMut+I       26142.488    24  52332.976    52333.550    52468.728
289  DCMut+G4      25902.578    24  51853.157    51853.731    51988.909
290  DCMut+I+G4    25889.913    25  51829.826    51830.448    51971.234
291  DCMut+R2      25939.135    25  51928.270    51928.892    52069.678
292  DCMut+R3      25925.534    27  51905.068    51905.792    52057.789
293  DCMut+R4      25919.198    29  51896.396    51897.231    52060.429
300  DCMut+F       26059.241    42  52202.483    52204.227    52440.049
301  DCMut+F+I     25867.693    43  51821.385    51823.213    52064.608
302  DCMut+F+G4    25623.159    43  51332.317    51334.145    51575.540
303  DCMut+F+I+G4  25610.928    44  51309.857    51311.771    51558.735
304  DCMut+F+R2    25655.648    44  51399.297    51401.211    51648.175
305  DCMut+F+R3    25644.882    46  51381.765    51383.857    51641.956
306  DCMut+F+R4    25638.620    48  51373.241    51375.519    51644.745
313  PMB           26019.259    23  52084.518    52085.046    52214.614
314  PMB+I         25899.091    24  51846.183    51846.757    51981.935
315  PMB+G4        25787.739    24  51623.479    51624.053    51759.231
316  PMB+I+G4      25779.007    25  51608.013    51608.636    51749.422
317  PMB+R2        25786.674    25  51623.347    51623.970    51764.755
318  PMB+R3        25782.953    27  51619.906    51620.631    51772.627
326  PMB+F         25872.806    42  51829.612    51831.356    52067.178
327  PMB+F+I       25745.535    43  51577.069    51578.897    51820.292
328  PMB+F+G4      25617.203    43  51320.407    51322.235    51563.629
329  PMB+F+I+G4    25609.419    44  51306.837    51308.751    51555.716
330  PMB+F+R2      25623.480    44  51334.959    51336.873    51583.838
331  PMB+F+R3      25614.554    46  51321.109    51323.200    51581.300
332  PMB+F+R4      25613.601    48  51323.202    51325.480    51594.707
339  HIVb          26603.586    23  53253.172    53253.700    53383.268
340  HIVb+I        26368.431    24  52784.861    52785.436    52920.613
341  HIVb+G4       26013.808    24  52075.615    52076.189    52211.367
342  HIVb+I+G4     26003.796    25  52057.592    52058.214    52199.000
343  HIVb+R2       26061.524    25  52173.047    52173.670    52314.456
344  HIVb+R3       26038.477    27  52130.953    52131.678    52283.674
345  HIVb+R4       26033.508    29  52125.016    52125.851    52289.049
352  HIVb+F        26321.662    42  52727.323    52729.068    52964.890
353  HIVb+F+I      26060.549    43  52207.097    52208.926    52450.320
354  HIVb+F+G4     25697.927    43  51481.854    51483.682    51725.076
355  HIVb+F+I+G4   25684.858    44  51457.716    51459.630    51706.595
356  HIVb+F+R2     25750.730    44  51589.460    51591.374    51838.339
357  HIVb+F+R3     25726.970    46  51545.940    51548.032    51806.132
358  HIVb+F+R4     25721.747    48  51539.495    51541.773    51810.999
365  HIVw          27325.896    23  54697.792    54698.320    54827.888
366  HIVw+I        27076.957    24  54201.913    54202.488    54337.666
367  HIVw+G4       26611.719    24  53271.438    53272.012    53407.190
368  HIVw+I+G4     26603.584    25  53257.168    53257.790    53398.576
369  HIVw+R2       26700.433    25  53450.866    53451.489    53592.275
370  HIVw+R3       26665.569    27  53385.137    53385.862    53537.858
371  HIVw+R4       26657.752    29  53373.505    53374.340    53537.539
372  HIVw+R5       26629.402    31  53320.803    53321.756    53496.150
373  HIVw+R6       26609.642    33  53285.283    53286.362    53471.942
374  HIVw+R7       26608.595    35  53287.191    53288.403    53485.162
378  HIVw+F        26658.122    42  53400.243    53401.988    53637.810
379  HIVw+F+I      26390.062    43  52866.124    52867.953    53109.347
380  HIVw+F+G4     26005.364    43  52096.728    52098.556    52339.951
381  HIVw+F+I+G4   25995.977    44  52079.955    52081.868    52328.833
382  HIVw+F+R2     26082.198    44  52252.396    52254.310    52501.275
383  HIVw+F+R3     26052.294    46  52196.587    52198.679    52456.779
384  HIVw+F+R4     26045.365    48  52186.730    52189.008    52458.234
391  JTTDCMut      26045.060    23  52136.120    52136.649    52266.216
392  JTTDCMut+I    25873.430    24  51794.860    51795.434    51930.612
393  JTTDCMut+G4   25667.961    24  51383.922    51384.496    51519.674
394  JTTDCMut+I+G4 25658.690    25  51367.380    51368.003    51508.788
395  JTTDCMut+R2   25692.892    25  51435.784    51436.407    51577.193
396  JTTDCMut+R3   25676.680    27  51407.360    51408.085    51560.081
397  JTTDCMut+R4   25674.407    29  51406.814    51407.649    51570.848
404  JTTDCMut+F    25898.772    42  51881.545    51883.289    52119.111
405  JTTDCMut+F+I  25720.319    43  51526.638    51528.466    51769.860
406  JTTDCMut+F+G4 25517.520    43  51121.040    51122.868    51364.263
407  JTTDCMut+F+I+G4 25507.336    44  51102.672    51104.586    51351.551
408  JTTDCMut+F+R2 25539.801    44  51167.602    51169.516    51416.480
409  JTTDCMut+F+R3 25525.373    46  51142.747    51144.839    51402.938
410  JTTDCMut+F+R4 25523.297    48  51142.594    51144.872    51414.098
417  FLU           26500.353    23  53046.705    53047.233    53176.801
418  FLU+I         26292.472    24  52632.943    52633.517    52768.695
419  FLU+G4        25920.982    24  51889.963    51890.538    52025.715
420  FLU+I+G4      25915.806    25  51881.612    51882.235    52023.020
421  FLU+R2        25976.693    25  52003.386    52004.008    52144.794
422  FLU+R3        25956.950    27  51967.900    51968.625    52120.621
423  FLU+R4        25952.756    29  51963.512    51964.347    52127.546
430  FLU+F         26314.389    42  52712.777    52714.521    52950.343
431  FLU+F+I       26099.613    43  52285.227    52287.055    52528.449
432  FLU+F+G4      25735.068    43  51556.136    51557.964    51799.358
433  FLU+F+I+G4    25729.459    44  51546.918    51548.832    51795.797
434  FLU+F+R2      25786.377    44  51660.753    51662.667    51909.632
435  FLU+F+R3      25767.878    46  51627.755    51629.847    51887.947
436  FLU+F+R4      25764.111    48  51624.222    51626.500    51895.726
443  Blosum62      26033.652    23  52113.305    52113.833    52243.400
444  Blosum62+I    25916.548    24  51881.096    51881.670    52016.848
445  Blosum62+G4   25789.646    24  51627.292    51627.866    51763.044
446  Blosum62+I+G4 25782.161    25  51614.323    51614.945    51755.731
447  Blosum62+R2   25791.540    25  51633.080    51633.703    51774.488
448  Blosum62+R3   25787.560    27  51629.119    51629.844    51781.840
456  Blosum62+F    25867.416    42  51818.832    51820.576    52056.398
457  Blosum62+F+I  25743.593    43  51573.186    51575.014    51816.408
458  Blosum62+F+G4 25604.175    43  51294.351    51296.179    51537.573
459  Blosum62+F+I+G4 25597.107    44  51282.213    51284.127    51531.092
460  Blosum62+F+R2 25611.818    44  51311.636    51313.550    51560.515
461  Blosum62+F+R3 25602.643    46  51297.287    51299.379    51557.478
462  Blosum62+F+R4 25602.020    48  51300.041    51302.319    51571.545
469  mtMet         27534.079    23  55114.158    55114.686    55244.254
470  mtMet+I       27303.363    24  54654.726    54655.300    54790.478
471  mtMet+G4      26831.802    24  53711.604    53712.178    53847.356
472  mtMet+I+G4    26826.402    25  53702.805    53703.427    53844.213
473  mtMet+R2      26862.049    25  53774.098    53774.720    53915.506
474  mtMet+R3      26819.893    27  53693.786    53694.511    53846.507
475  mtMet+R4      26817.962    29  53693.923    53694.758    53857.957
482  mtMet+F       26275.661    42  52635.321    52637.065    52872.887
483  mtMet+F+I     26066.778    43  52219.556    52221.384    52462.779
484  mtMet+F+G4    25653.933    43  51393.865    51395.693    51637.088
485  mtMet+F+I+G4  25649.394    44  51386.788    51388.702    51635.667
486  mtMet+F+R2    25719.322    44  51526.645    51528.559    51775.523
487  mtMet+F+R3    25686.969    46  51465.938    51468.030    51726.130
488  mtMet+F+R4    25685.065    48  51466.129    51468.407    51737.633
495  mtVer         27896.663    23  55839.326    55839.855    55969.422
496  mtVer+I       27615.815    24  55279.631    55280.205    55415.383
497  mtVer+G4      27041.257    24  54130.515    54131.089    54266.267
498  mtVer+I+G4    27035.852    25  54121.704    54122.327    54263.112
499  mtVer+R2      27119.349    25  54288.698    54289.320    54430.106
500  mtVer+R3      27049.750    27  54153.499    54154.224    54306.220
501  mtVer+R4      27044.974    29  54147.947    54148.782    54311.981
508  mtVer+F       26557.306    42  53198.612    53200.356    53436.178
509  mtVer+F+I     26287.597    43  52661.194    52663.022    52904.416
510  mtVer+F+G4    25790.437    43  51666.874    51668.702    51910.096
511  mtVer+F+I+G4  25783.520    44  51655.039    51656.953    51903.918
512  mtVer+F+R2    25897.962    44  51883.925    51885.839    52132.804
513  mtVer+F+R3    25847.168    46  51786.336    51788.428    52046.528
514  mtVer+F+R4    25843.751    48  51783.502    51785.780    52055.006
521  mtInv         27671.536    23  55389.072    55389.600    55519.168
522  mtInv+I       27465.418    24  54978.836    54979.411    55114.589
523  mtInv+G4      27073.619    24  54195.238    54195.813    54330.991
524  mtInv+I+G4    27067.372    25  54184.744    54185.367    54326.153
525  mtInv+R2      27066.496    25  54182.992    54183.614    54324.400
526  mtInv+R3      27051.961    27  54157.921    54158.646    54310.642
527  mtInv+R4      27051.032    29  54160.063    54160.898    54324.097
534  mtInv+F       26153.717    42  52391.433    52393.177    52628.999
535  mtInv+F+I     25966.242    43  52018.483    52020.311    52261.706
536  mtInv+F+G4    25611.369    43  51308.739    51310.567    51551.961
537  mtInv+F+I+G4  25606.490    44  51300.980    51302.894    51549.859
538  mtInv+F+R2    25651.068    44  51390.136    51392.050    51639.015
539  mtInv+F+R3    25637.067    46  51366.135    51368.227    51626.326
540  mtInv+F+R4    25635.504    48  51367.007    51369.285    51638.512
Akaike Information Criterion:           VT+F+I+G4
Corrected Akaike Information Criterion: VT+F+I+G4
Bayesian Information Criterion:         VT+F+I+G4
Best-fit model: VT+F+I+G4 chosen according to BIC

All model information printed to K20404.muscle.model.gz
CPU time for ModelFinder: 394.678 seconds (0h:6m:34s)
Wall-clock time for ModelFinder: 397.315 seconds (0h:6m:37s)

NOTE: 14 MB RAM (0 GB) is required!
Estimate model parameters (epsilon = 0.100)
Thoroughly optimizing +I+G parameters from 10 start values...
Init pinv, alpha: 0.000, 1.000 / Estimate: 0.000, 1.536 / LogL: -25512.094
Init pinv, alpha: 0.028, 1.000 / Estimate: 0.030, 1.994 / LogL: -25502.595
Init pinv, alpha: 0.056, 1.000 / Estimate: 0.033, 2.055 / LogL: -25502.617
Init pinv, alpha: 0.084, 1.000 / Estimate: 0.034, 2.068 / LogL: -25502.624
Init pinv, alpha: 0.111, 1.000 / Estimate: 0.034, 2.078 / LogL: -25502.648
Init pinv, alpha: 0.139, 1.000 / Estimate: 0.034, 2.086 / LogL: -25502.667
Init pinv, alpha: 0.167, 1.000 / Estimate: 0.034, 2.074 / LogL: -25502.629
Init pinv, alpha: 0.195, 1.000 / Estimate: 0.034, 2.077 / LogL: -25502.636
Init pinv, alpha: 0.223, 1.000 / Estimate: 0.034, 2.080 / LogL: -25502.641
Init pinv, alpha: 0.251, 1.000 / Estimate: 0.034, 2.082 / LogL: -25502.647
Optimal pinv,alpha: 0.030, 1.994 / LogL: -25502.595

Parameters optimization took 13.909 sec
Computing ML distances based on estimated model parameters... 0.042 sec
Computing BIONJ tree...
0.002 seconds
Log-likelihood of BIONJ tree: -25513.011
--------------------------------------------------------------------
|             INITIALIZING CANDIDATE TREE SET                      |
--------------------------------------------------------------------
Generating 98 parsimony trees... 0.361 second
Computing log-likelihood of 98 initial trees ... 7.869 seconds
Current best score: -25492.130

Do NNI search on 20 best initial trees
Estimate model parameters (epsilon = 0.100)
BETTER TREE FOUND at iteration 1: -25484.631
UPDATE BEST LOG-LIKELIHOOD: -25484.629
Iteration 10 / LogL: -25484.837 / Time: 0h:0m:30s
UPDATE BEST LOG-LIKELIHOOD: -25484.624
Iteration 20 / LogL: -25485.046 / Time: 0h:0m:39s
Finish initializing candidate tree set (1)
Current best tree score: -25484.624 / CPU time: 25.400
Number of iterations: 20
--------------------------------------------------------------------
|               OPTIMIZING CANDIDATE TREE SET                      |
--------------------------------------------------------------------
UPDATE BEST LOG-LIKELIHOOD: -25484.623
Iteration 30 / LogL: -25484.632 / Time: 0h:0m:50s (0h:2m:3s left)
Iteration 40 / LogL: -25484.654 / Time: 0h:1m:0s (0h:1m:34s left)
Iteration 50 / LogL: -25484.661 / Time: 0h:1m:9s (0h:1m:12s left)
Iteration 60 / LogL: -25484.666 / Time: 0h:1m:16s (0h:0m:53s left)
Iteration 70 / LogL: -25486.359 / Time: 0h:1m:26s (0h:0m:38s left)
Iteration 80 / LogL: -25485.104 / Time: 0h:1m:35s (0h:0m:25s left)
Iteration 90 / LogL: -25484.623 / Time: 0h:1m:44s (0h:0m:12s left)
UPDATE BEST LOG-LIKELIHOOD: -25484.623
Iteration 100 / LogL: -25484.624 / Time: 0h:1m:53s (0h:0m:1s left)
TREE SEARCH COMPLETED AFTER 102 ITERATIONS / Time: 0h:1m:54s

--------------------------------------------------------------------
|                    FINALIZING TREE SEARCH                        |
--------------------------------------------------------------------
Performs final model parameters optimization
Estimate model parameters (epsilon = 0.010)
1. Initial log-likelihood: -25484.623
2. Current log-likelihood: -25484.607
Optimal log-likelihood: -25484.599
Proportion of invariable sites: 0.031
Gamma shape alpha: 2.054
Parameters optimization took 2 rounds (0.237 sec)
BEST SCORE FOUND : -25484.599
Total tree length: 10.319

Total number of iterations: 102
CPU time used for tree search: 100.073 sec (0h:1m:40s)
Wall-clock time used for tree search: 100.526 sec (0h:1m:40s)
Total CPU time used: 114.587 sec (0h:1m:54s)
Total wall-clock time used: 115.098 sec (0h:1m:55s)

Analysis results written to: 
  IQ-TREE report:                K20404.muscle.iqtree
  Maximum-likelihood tree:       K20404.muscle.treefile
  Likelihood distances:          K20404.muscle.mldist
  Screen log file:               K20404.muscle.log

Date and Time: Mon Mar 16 19:40:29 2020
