IQ-TREE multicore version 1.6.12 for Mac OS X 64-bit built Aug 15 2019
Developed by Bui Quang Minh, Nguyen Lam Tung, Olga Chernomor,
Heiko Schmidt, Dominik Schrempf, Michael Woodhams.

Host:    Davids-MacBook-Air-2.local (AVX2, FMA3, 8 GB RAM)
Command: iqtree -s K20403.muscle
Seed:    994848 (Using SPRNG - Scalable Parallel Random Number Generator)
Time:    Mon Mar 16 19:28:07 2020
Kernel:  AVX+FMA - 1 threads (4 CPU cores detected)

HINT: Use -nt option to specify number of threads because your CPU has 4 cores!
HINT: -nt AUTO will automatically determine the best number of threads to use.

Reading alignment file K20403.muscle ... Fasta format detected
Alignment most likely contains protein sequences
WARNING: 1 sites contain only gaps or ambiguous characters.
Alignment has 13 sequences with 1451 columns, 1227 distinct patterns
911 parsimony-informative, 235 singleton sites, 305 constant sites
WARNING: Some sequence names are changed as follows:
K20403|Amphimedon|aqu:105313526_K20403_TELO2-interacting_protein_1_|_(RefSeq)_TELO2-interacting_protein_1_homolog_(A) -> K20403_Amphimedon_aqu_105313526_K20403_TELO2-interacting_protein_1____RefSeq__TELO2-interacting_protein_1_homolog__A_
K20403|Amphimedon|aqu:109583689_K20403_TELO2-interacting_protein_1_|_(RefSeq)_TELO2-interacting_protein_1_homolog_(A) -> K20403_Amphimedon_aqu_109583689_K20403_TELO2-interacting_protein_1____RefSeq__TELO2-interacting_protein_1_homolog__A_
K20403|Daphnia|dpx:DAPPUDRAFT_234874_K20403_TELO2-interacting_protein_1_|_(GenBank)_hypothetical_protein_(A) -> K20403_Daphnia_dpx_DAPPUDRAFT_234874_K20403_TELO2-interacting_protein_1____GenBank__hypothetical_protein__A_
K20403|Hydra|hmg:100198969_K20403_TELO2-interacting_protein_1_|_(RefSeq)_TELO2-interacting_protein_1_homolog_(A) -> K20403_Hydra_hmg_100198969_K20403_TELO2-interacting_protein_1____RefSeq__TELO2-interacting_protein_1_homolog__A_
K20403|Acropora|adf:107342074_K20403_TELO2-interacting_protein_1_|_(RefSeq)_TELO2-interacting_protein_1_homolog_(A) -> K20403_Acropora_adf_107342074_K20403_TELO2-interacting_protein_1____RefSeq__TELO2-interacting_protein_1_homolog__A_
K20403|Exaiptasia|epa:110251456_K20403_TELO2-interacting_protein_1_|_(RefSeq)_TELO2-interacting_protein_1_homolog_(A) -> K20403_Exaiptasia_epa_110251456_K20403_TELO2-interacting_protein_1____RefSeq__TELO2-interacting_protein_1_homolog__A_
K20403|Nematostella|nve:NEMVE_v1g133953_K20403_TELO2-interacting_protein_1_|_(RefSeq)_hypothetical_protein_(A) -> K20403_Nematostella_nve_NEMVE_v1g133953_K20403_TELO2-interacting_protein_1____RefSeq__hypothetical_protein__A_
K20403|Homo|hsa:9675_K20403_TELO2-interacting_protein_1_|_(RefSeq)_TTI1,_KIAA0406,_smg-10;_TELO2_interacting_protein_1_(A) -> K20403_Homo_hsa_9675_K20403_TELO2-interacting_protein_1____RefSeq__TTI1__KIAA0406__smg-10__TELO2_interacting_protein_1__A_
K20403|Mus|mmu:75425_K20403_TELO2-interacting_protein_1_|_(RefSeq)_Tti1,_2610036D13Rik,_AI449463;_TELO2_interacting_protein_1_(A) -> K20403_Mus_mmu_75425_K20403_TELO2-interacting_protein_1____RefSeq__Tti1__2610036D13Rik__AI449463__TELO2_interacting_protein_1__A_
K20403|Aurelia|XLOC_029158|TCONS_00041228|Seg2291.4.p1 -> K20403_Aurelia_XLOC_029158_TCONS_00041228_Seg2291.4.p1
K20403|Aurelia|XLOC_021228|TCONS_00029983|Seg1850.4.p1 -> K20403_Aurelia_XLOC_021228_TCONS_00029983_Seg1850.4.p1
K20403|Aurelia|XLOC_021228|TCONS_00029984|Seg1850.4.p1 -> K20403_Aurelia_XLOC_021228_TCONS_00029984_Seg1850.4.p1
K20403|Aurelia|XLOC_050924|TCONS_00071806|Seg4619.1.p1 -> K20403_Aurelia_XLOC_050924_TCONS_00071806_Seg4619.1.p1

                                                                                                                                   Gap/Ambiguity  Composition  p-value
   1  K20403_Amphimedon_aqu_105313526_K20403_TELO2-interacting_protein_1____RefSeq__TELO2-interacting_protein_1_homolog__A_               43.90%    passed     13.43%
   2  K20403_Amphimedon_aqu_109583689_K20403_TELO2-interacting_protein_1____RefSeq__TELO2-interacting_protein_1_homolog__A_               30.19%    failed      2.54%
   3  K20403_Daphnia_dpx_DAPPUDRAFT_234874_K20403_TELO2-interacting_protein_1____GenBank__hypothetical_protein__A_                        42.66%    passed     82.37%
   4  K20403_Hydra_hmg_100198969_K20403_TELO2-interacting_protein_1____RefSeq__TELO2-interacting_protein_1_homolog__A_                    28.53%    failed      0.00%
   5  K20403_Acropora_adf_107342074_K20403_TELO2-interacting_protein_1____RefSeq__TELO2-interacting_protein_1_homolog__A_                 29.36%    passed     78.69%
   6  K20403_Exaiptasia_epa_110251456_K20403_TELO2-interacting_protein_1____RefSeq__TELO2-interacting_protein_1_homolog__A_               25.78%    passed     71.89%
   7  K20403_Nematostella_nve_NEMVE_v1g133953_K20403_TELO2-interacting_protein_1____RefSeq__hypothetical_protein__A_                      26.95%    passed     85.11%
   8  K20403_Homo_hsa_9675_K20403_TELO2-interacting_protein_1____RefSeq__TTI1__KIAA0406__smg-10__TELO2_interacting_protein_1__A_          26.26%    failed      1.06%
   9  K20403_Mus_mmu_75425_K20403_TELO2-interacting_protein_1____RefSeq__Tti1__2610036D13Rik__AI449463__TELO2_interacting_protein_1__A_   26.53%    failed      0.00%
  10  K20403_Aurelia_XLOC_029158_TCONS_00041228_Seg2291.4.p1                                                                              74.78%    passed     81.38%
  11  K20403_Aurelia_XLOC_021228_TCONS_00029983_Seg1850.4.p1                                                                               5.65%    failed      0.51%
  12  K20403_Aurelia_XLOC_021228_TCONS_00029984_Seg1850.4.p1                                                                               5.72%    failed      0.58%
  13  K20403_Aurelia_XLOC_050924_TCONS_00071806_Seg4619.1.p1                                                                              92.21%    passed     14.52%
WARNING: 2 sequences contain more than 50% gaps/ambiguity
****  TOTAL                                                                                                                               35.27%  6 sequences failed composition chi2 test (p-value<5%; df=19)


Create initial parsimony tree by phylogenetic likelihood library (PLL)... 0.003 seconds
NOTE: ModelFinder requires 25 MB RAM!
ModelFinder will test 546 protein models (sample size: 1451) ...
 No. Model         -LnL         df  AIC          AICc         BIC
  1  Dayhoff       22099.668    23  44245.336    44246.110    44366.776
  2  Dayhoff+I     22069.693    24  44187.386    44188.228    44314.106
  3  Dayhoff+G4    21852.251    24  43752.501    43753.343    43879.222
  4  Dayhoff+I+G4  21852.210    25  43754.420    43755.332    43886.420
  5  Dayhoff+R2    21869.009    25  43788.017    43788.929    43920.017
  6  Dayhoff+R3    21848.795    27  43751.589    43752.652    43894.150
  7  Dayhoff+R4    21847.263    29  43752.526    43753.751    43905.646
 14  Dayhoff+F     21861.686    42  43807.372    43809.938    44029.133
 15  Dayhoff+F+I   21824.063    43  43734.126    43736.815    43961.166
 16  Dayhoff+F+G4  21599.625    43  43285.250    43287.939    43512.290
 17  Dayhoff+F+I+G4 21598.780    44  43285.561    43288.377    43517.881
 18  Dayhoff+F+R2  21616.189    44  43320.378    43323.194    43552.698
 19  Dayhoff+F+R3  21597.836    46  43287.672    43290.752    43530.552
 20  Dayhoff+F+R4  21596.303    48  43288.606    43291.961    43542.047
 27  mtMAM         23886.196    23  47818.392    47819.165    47939.832
 28  mtMAM+I       23764.653    24  47577.305    47578.147    47704.025
 29  mtMAM+G4      23048.922    24  46145.845    46146.686    46272.565
 30  mtMAM+I+G4    23044.594    25  46139.187    46140.100    46271.188
 31  mtMAM+R2      23200.107    25  46450.214    46451.126    46582.214
 32  mtMAM+R3      23080.156    27  46214.312    46215.374    46356.872
 33  mtMAM+R4      23058.806    29  46175.613    46176.837    46328.733
 34  mtMAM+R5      23041.307    31  46144.613    46146.012    46308.294
 35  mtMAM+R6      23039.585    33  46145.170    46146.753    46319.410
 40  mtMAM+F       22465.326    42  45014.653    45017.218    45236.413
 41  mtMAM+F+I     22389.910    43  44865.819    44868.509    45092.860
 42  mtMAM+F+G4    21873.376    43  43832.753    43835.442    44059.793
 43  mtMAM+F+I+G4  21872.416    44  43832.833    43835.649    44065.153
 44  mtMAM+F+R2    21941.786    44  43971.573    43974.389    44203.893
 45  mtMAM+F+R3    21901.341    46  43894.683    43897.762    44137.563
 46  mtMAM+F+R4    21886.968    48  43869.936    43873.291    44123.377
 47  mtMAM+F+R5    21868.381    50  43836.761    43840.404    44100.761
 48  mtMAM+F+R6    21865.974    52  43835.949    43839.892    44110.509
 53  JTT           21938.836    23  43923.672    43924.445    44045.112
 54  JTT+I         21898.589    24  43845.178    43846.020    43971.899
 55  JTT+G4        21699.419    24  43446.839    43447.680    43573.559
 56  JTT+I+G4      21699.167    25  43448.334    43449.247    43580.334
 57  JTT+R2        21706.414    25  43462.828    43463.740    43594.828
 58  JTT+R3        21701.088    27  43456.177    43457.239    43598.737
 66  JTT+F         21769.544    42  43623.088    43625.653    43844.848
 67  JTT+F+I       21724.320    43  43534.640    43537.329    43761.680
 68  JTT+F+G4      21526.017    43  43138.034    43140.723    43365.074
 69  JTT+F+I+G4    21525.413    44  43138.826    43141.642    43371.146
 70  JTT+F+R2      21533.338    44  43154.677    43157.493    43386.997
 71  JTT+F+R3      21527.590    46  43147.181    43150.261    43390.061
 79  WAG           21848.380    23  43742.760    43743.534    43864.201
 80  WAG+I         21819.545    24  43687.090    43687.932    43813.810
 81  WAG+G4        21671.941    24  43391.883    43392.724    43518.603
 82  WAG+I+G4      21671.922    25  43393.845    43394.757    43525.845
 83  WAG+R2        21678.233    25  43406.466    43407.379    43538.467
 84  WAG+R3        21673.192    27  43400.385    43401.448    43542.945
 92  WAG+F         21691.116    42  43466.232    43468.798    43687.993
 93  WAG+F+I       21658.159    43  43402.317    43405.006    43629.357
 94  WAG+F+G4      21494.740    43  43075.480    43078.170    43302.521
 95  WAG+F+I+G4    21494.562    44  43077.125    43079.941    43309.445
 96  WAG+F+R2      21501.889    44  43091.777    43094.594    43324.098
 97  WAG+F+R3      21496.094    46  43084.188    43087.268    43327.069
105  cpREV         22008.227    23  44062.454    44063.227    44183.894
106  cpREV+I       21974.710    24  43997.420    43998.262    44124.140
107  cpREV+G4      21791.777    24  43631.553    43632.395    43758.273
108  cpREV+I+G4    21791.589    25  43633.179    43634.091    43765.179
109  cpREV+R2      21802.955    25  43655.911    43656.823    43787.911
110  cpREV+R3      21790.488    27  43634.976    43636.038    43777.536
111  cpREV+R4      21789.671    29  43637.341    43638.566    43790.462
118  cpREV+F       21793.206    42  43670.411    43672.976    43892.171
119  cpREV+F+I     21760.087    43  43606.174    43608.863    43833.214
120  cpREV+F+G4    21557.687    43  43201.374    43204.064    43428.414
121  cpREV+F+I+G4  21557.638    44  43203.277    43206.093    43435.597
122  cpREV+F+R2    21570.869    44  43229.739    43232.555    43462.059
123  cpREV+F+R3    21556.624    46  43205.247    43208.327    43448.128
124  cpREV+F+R4    21555.674    48  43207.348    43210.704    43460.789
131  mtREV         23205.485    23  46456.971    46457.744    46578.411
132  mtREV+I       23143.585    24  46335.170    46336.011    46461.890
133  mtREV+G4      22757.833    24  45563.665    45564.507    45690.385
134  mtREV+I+G4    22757.269    25  45564.538    45565.450    45696.538
135  mtREV+R2      22772.030    25  45594.060    45594.972    45726.060
136  mtREV+R3      22759.106    27  45572.212    45573.274    45714.772
137  mtREV+R4      22758.418    29  45574.836    45576.061    45727.957
144  mtREV+F       22003.210    42  44090.420    44092.985    44312.180
145  mtREV+F+I     21964.416    43  44014.832    44017.521    44241.872
146  mtREV+F+G4    21648.308    43  43382.617    43385.306    43609.657
147  mtREV+F+I+G4  21648.723    44  43385.446    43388.262    43617.766
148  mtREV+F+R2    21669.639    44  43427.279    43430.095    43659.599
149  mtREV+F+R3    21653.700    46  43399.399    43402.479    43642.279
150  mtREV+F+R4    21651.578    48  43399.155    43402.511    43652.596
157  rtREV         22030.672    23  44107.344    44108.117    44228.784
158  rtREV+I       21994.089    24  44036.178    44037.020    44162.898
159  rtREV+G4      21792.758    24  43633.516    43634.358    43760.237
160  rtREV+I+G4    21792.591    25  43635.182    43636.095    43767.183
161  rtREV+R2      21803.527    25  43657.054    43657.966    43789.054
162  rtREV+R3      21792.803    27  43639.606    43640.669    43782.166
163  rtREV+R4      21792.438    29  43642.876    43644.100    43795.996
170  rtREV+F       21780.049    42  43644.098    43646.663    43865.858
171  rtREV+F+I     21742.976    43  43571.951    43574.641    43798.992
172  rtREV+F+G4    21528.022    43  43142.044    43144.733    43369.084
173  rtREV+F+I+G4  21528.007    44  43144.014    43146.831    43376.335
174  rtREV+F+R2    21540.259    44  43168.519    43171.335    43400.839
175  rtREV+F+R3    21528.065    46  43148.130    43151.209    43391.010
176  rtREV+F+R4    21528.040    48  43152.080    43155.435    43405.520
183  mtART         23736.965    23  47519.931    47520.704    47641.371
184  mtART+I       23623.063    24  47294.126    47294.968    47420.847
185  mtART+G4      22989.690    24  46027.381    46028.222    46154.101
186  mtART+I+G4    22986.808    25  46023.615    46024.527    46155.615
187  mtART+R2      23083.463    25  46216.927    46217.839    46348.927
188  mtART+R3      23023.228    27  46100.456    46101.518    46243.016
189  mtART+R4      23022.987    29  46103.973    46105.198    46257.094
196  mtART+F       22420.207    42  44924.414    44926.980    45146.175
197  mtART+F+I     22357.570    43  44801.139    44803.829    45028.180
198  mtART+F+G4    21812.373    43  43710.746    43713.435    43937.786
199  mtART+F+I+G4  21812.462    44  43712.924    43715.741    43945.245
200  mtART+F+R2    21876.886    44  43841.773    43844.589    44074.093
201  mtART+F+R3    21854.552    46  43801.105    43804.184    44043.985
202  mtART+F+R4    21854.369    48  43804.737    43808.092    44058.177
209  mtZOA         23217.483    23  46480.966    46481.740    46602.406
210  mtZOA+I       23136.888    24  46321.777    46322.618    46448.497
211  mtZOA+G4      22636.141    24  45320.282    45321.124    45447.002
212  mtZOA+I+G4    22634.578    25  45319.156    45320.068    45451.156
213  mtZOA+R2      22655.585    25  45361.170    45362.082    45493.170
214  mtZOA+R3      22643.364    27  45340.727    45341.790    45483.288
215  mtZOA+R4      22640.468    29  45338.936    45340.161    45492.056
222  mtZOA+F       22121.026    42  44326.051    44328.617    44547.812
223  mtZOA+F+I     22074.151    43  44234.302    44236.991    44461.342
224  mtZOA+F+G4    21649.675    43  43385.349    43388.039    43612.390
225  mtZOA+F+I+G4  21649.819    44  43387.638    43390.454    43619.958
226  mtZOA+F+R2    21687.252    44  43462.505    43465.321    43694.825
227  mtZOA+F+R3    21666.951    46  43425.902    43428.981    43668.782
228  mtZOA+F+R4    21664.882    48  43425.764    43429.119    43679.204
235  VT            21774.251    23  43594.503    43595.276    43715.943
236  VT+I          21742.548    24  43533.097    43533.938    43659.817
237  VT+G4         21625.960    24  43299.920    43300.762    43426.641
238  VT+I+G4       21625.492    25  43300.984    43301.896    43432.984
239  VT+R2         21629.361    25  43308.722    43309.634    43440.722
240  VT+R3         21626.650    27  43307.299    43308.362    43449.860
248  VT+F          21655.264    42  43394.529    43397.094    43616.289
249  VT+F+I        21622.798    43  43331.597    43334.286    43558.637
250  VT+F+G4       21502.299    43  43090.599    43093.288    43317.639
251  VT+F+I+G4     21501.798    44  43091.596    43094.413    43323.917
252  VT+F+R2       21505.575    44  43099.149    43101.966    43331.470
253  VT+F+R3       21502.936    46  43097.872    43100.951    43340.752
261  LG            21875.335    23  43796.671    43797.444    43918.111
262  LG+I          21832.294    24  43712.588    43713.429    43839.308
263  LG+G4         21598.506    24  43245.011    43245.853    43371.732
264  LG+I+G4       21598.405    25  43246.811    43247.723    43378.811
265  LG+R2         21609.049    25  43268.098    43269.010    43400.098
266  LG+R3         21600.469    27  43254.938    43256.001    43397.499
267  LG+R4         21598.469    29  43254.938    43256.163    43408.059
274  LG+F          21746.269    42  43576.539    43579.104    43798.299
275  LG+F+I        21705.233    43  43496.466    43499.155    43723.506
276  LG+F+G4       21461.841    43  43009.681    43012.371    43236.721
277  LG+F+I+G4     21461.842    44  43011.685    43014.501    43244.005
278  LG+F+R2       21472.816    44  43033.632    43036.449    43265.953
279  LG+F+R3       21463.023    46  43018.046    43021.126    43260.926
280  LG+F+R4       21461.963    48  43019.925    43023.280    43273.366
287  DCMut         22098.311    23  44242.622    44243.396    44364.062
288  DCMut+I       22068.359    24  44184.718    44185.559    44311.438
289  DCMut+G4      21852.452    24  43752.904    43753.746    43879.624
290  DCMut+I+G4    21852.273    25  43754.546    43755.459    43886.546
291  DCMut+R2      21868.889    25  43787.779    43788.691    43919.779
292  DCMut+R3      21850.520    27  43755.039    43756.102    43897.600
293  DCMut+R4      21850.223    29  43758.446    43759.671    43911.567
300  DCMut+F       21860.473    42  43804.946    43807.511    44026.706
301  DCMut+F+I     21822.904    43  43731.808    43734.498    43958.849
302  DCMut+F+G4    21599.943    43  43285.885    43288.575    43512.926
303  DCMut+F+I+G4  21599.149    44  43286.298    43289.115    43518.619
304  DCMut+F+R2    21616.301    44  43320.601    43323.418    43552.922
305  DCMut+F+R3    21599.549    46  43291.099    43294.179    43533.979
306  DCMut+F+R4    21599.390    48  43294.779    43298.134    43548.219
313  PMB           21902.027    23  43850.055    43850.828    43971.495
314  PMB+I         21865.101    24  43778.202    43779.043    43904.922
315  PMB+G4        21763.875    24  43575.750    43576.591    43702.470
316  PMB+I+G4      21762.820    25  43575.640    43576.552    43707.640
317  PMB+R2        21767.266    25  43584.533    43585.445    43716.533
318  PMB+R3        21763.124    27  43580.248    43581.310    43722.808
326  PMB+F         21746.286    42  43576.572    43579.137    43798.332
327  PMB+F+I       21711.179    43  43508.358    43511.047    43735.398
328  PMB+F+G4      21595.372    43  43276.744    43279.433    43503.784
329  PMB+F+I+G4    21594.671    44  43277.342    43280.159    43509.663
330  PMB+F+R2      21600.563    44  43289.126    43291.943    43521.447
331  PMB+F+R3      21594.751    46  43281.503    43284.583    43524.383
339  HIVb          22332.030    23  44710.061    44710.834    44831.501
340  HIVb+I        22263.303    24  44574.606    44575.448    44701.326
341  HIVb+G4       21973.326    24  43994.653    43995.494    44121.373
342  HIVb+I+G4     21971.339    25  43992.679    43993.591    44124.679
343  HIVb+R2       21992.323    25  44034.646    44035.558    44166.646
344  HIVb+R3       21978.078    27  44010.156    44011.218    44152.716
345  HIVb+R4       21975.451    29  44008.901    44010.126    44162.022
352  HIVb+F        22068.848    42  44221.696    44224.261    44443.456
353  HIVb+F+I      21992.459    43  44070.918    44073.607    44297.958
354  HIVb+F+G4     21689.570    43  43465.140    43467.829    43692.180
355  HIVb+F+I+G4   21687.557    44  43463.115    43465.931    43695.435
356  HIVb+F+R2     21710.770    44  43509.539    43512.356    43741.860
357  HIVb+F+R3     21695.714    46  43483.429    43486.508    43726.309
358  HIVb+F+R4     21692.301    48  43480.602    43483.958    43734.043
365  HIVw          23197.082    23  46440.164    46440.937    46561.604
366  HIVw+I        23117.547    24  46283.094    46283.936    46409.815
367  HIVw+G4       22703.801    24  45455.603    45456.444    45582.323
368  HIVw+I+G4     22701.154    25  45452.308    45453.220    45584.308
369  HIVw+R2       22734.163    25  45518.326    45519.239    45650.327
370  HIVw+R3       22719.593    27  45493.186    45494.249    45635.746
371  HIVw+R4       22712.720    29  45483.439    45484.664    45636.559
378  HIVw+F        22518.450    42  45120.900    45123.465    45342.660
379  HIVw+F+I      22432.275    43  44950.550    44953.240    45177.591
380  HIVw+F+G4     22080.561    43  44247.122    44249.811    44474.162
381  HIVw+F+I+G4   22077.890    44  44243.780    44246.596    44476.100
382  HIVw+F+R2     22114.654    44  44317.308    44320.124    44549.628
383  HIVw+F+R3     22096.324    46  44284.649    44287.729    44527.529
384  HIVw+F+R4     22089.830    48  44275.661    44279.016    44529.101
391  JTTDCMut      21941.799    23  43929.599    43930.373    44051.039
392  JTTDCMut+I    21901.797    24  43851.593    43852.435    43978.313
393  JTTDCMut+G4   21702.569    24  43453.137    43453.979    43579.857
394  JTTDCMut+I+G4 21702.481    25  43454.962    43455.875    43586.963
395  JTTDCMut+R2   21709.457    25  43468.913    43469.826    43600.913
396  JTTDCMut+R3   21704.344    27  43462.688    43463.751    43605.249
404  JTTDCMut+F    21773.430    42  43630.861    43633.426    43852.621
405  JTTDCMut+F+I  21728.395    43  43542.790    43545.479    43769.830
406  JTTDCMut+F+G4 21529.064    43  43144.127    43146.817    43371.168
407  JTTDCMut+F+I+G4 21528.469    44  43144.938    43147.754    43377.258
408  JTTDCMut+F+R2 21536.433    44  43160.865    43163.682    43393.186
409  JTTDCMut+F+R3 21530.835    46  43153.671    43156.751    43396.551
417  FLU           22397.877    23  44841.755    44842.529    44963.195
418  FLU+I         22339.283    24  44726.565    44727.407    44853.285
419  FLU+G4        22023.251    24  44094.501    44095.343    44221.221
420  FLU+I+G4      22022.520    25  44095.039    44095.951    44227.039
421  FLU+R2        22056.380    25  44162.761    44163.673    44294.761
422  FLU+R3        22039.378    27  44132.756    44133.819    44275.316
423  FLU+R4        22030.938    29  44119.877    44121.101    44272.997
424  FLU+R5        22007.544    31  44077.089    44078.487    44240.769
425  FLU+R6        22005.229    33  44076.458    44078.042    44250.698
430  FLU+F         22117.275    42  44318.550    44321.115    44540.310
431  FLU+F+I       22056.025    43  44198.050    44200.739    44425.090
432  FLU+F+G4      21739.073    43  43564.146    43566.835    43791.186
433  FLU+F+I+G4    21738.554    44  43565.108    43567.925    43797.428
434  FLU+F+R2      21774.313    44  43636.625    43639.442    43868.946
435  FLU+F+R3      21756.946    46  43605.892    43608.972    43848.772
436  FLU+F+R4      21748.832    48  43593.664    43597.019    43847.104
437  FLU+F+R5      21725.156    50  43550.312    43553.955    43814.313
438  FLU+F+R6      21722.325    52  43548.649    43552.592    43823.210
443  Blosum62      21892.376    23  43830.752    43831.526    43952.192
444  Blosum62+I    21859.135    24  43766.269    43767.111    43892.989
445  Blosum62+G4   21747.777    24  43543.553    43544.395    43670.274
446  Blosum62+I+G4 21747.044    25  43544.088    43545.001    43676.089
447  Blosum62+R2   21750.852    25  43551.704    43552.617    43683.705
448  Blosum62+R3   21748.364    27  43550.728    43551.790    43693.288
456  Blosum62+F    21733.105    42  43550.211    43552.776    43771.971
457  Blosum62+F+I  21703.251    43  43492.502    43495.192    43719.543
458  Blosum62+F+G4 21581.221    43  43248.442    43251.131    43475.482
459  Blosum62+F+I+G4 21580.967    44  43249.935    43252.751    43482.255
460  Blosum62+F+R2 21585.067    44  43258.135    43260.951    43490.455
461  Blosum62+F+R3 21582.127    46  43256.253    43259.333    43499.133
469  mtMet         23207.370    23  46460.740    46461.513    46582.180
470  mtMet+I       23127.626    24  46303.251    46304.093    46429.972
471  mtMet+G4      22711.199    24  45470.398    45471.240    45597.119
472  mtMet+I+G4    22709.056    25  45468.112    45469.024    45600.112
473  mtMet+R2      22743.124    25  45536.248    45537.160    45668.248
474  mtMet+R3      22716.100    27  45486.201    45487.263    45628.761
475  mtMet+R4      22709.018    29  45476.036    45477.260    45629.156
482  mtMet+F       21987.150    42  44058.301    44060.866    44280.061
483  mtMet+F+I     21939.286    43  43964.573    43967.262    44191.613
484  mtMet+F+G4    21614.721    43  43315.442    43318.131    43542.482
485  mtMet+F+I+G4  21614.564    44  43317.127    43319.944    43549.447
486  mtMet+F+R2    21642.092    44  43372.184    43375.000    43604.504
487  mtMet+F+R3    21626.525    46  43345.051    43348.130    43587.931
488  mtMet+F+R4    21622.407    48  43340.813    43344.168    43594.254
495  mtVer         23481.843    23  47009.687    47010.460    47131.127
496  mtVer+I       23385.451    24  46818.902    46819.744    46945.623
497  mtVer+G4      22877.060    24  45802.120    45802.961    45928.840
498  mtVer+I+G4    22873.597    25  45797.195    45798.107    45929.195
499  mtVer+R2      22901.677    25  45853.355    45854.267    45985.355
500  mtVer+R3      22888.977    27  45831.955    45833.017    45974.515
501  mtVer+R4      22883.280    29  45824.559    45825.784    45977.680
508  mtVer+F       22223.140    42  44530.279    44532.844    44752.039
509  mtVer+F+I     22149.420    43  44384.840    44387.529    44611.880
510  mtVer+F+G4    21761.819    43  43609.639    43612.328    43836.679
511  mtVer+F+I+G4  21760.338    44  43608.676    43611.493    43840.996
512  mtVer+F+R2    21801.178    44  43690.356    43693.173    43922.677
513  mtVer+F+R3    21783.562    46  43659.125    43662.204    43902.005
514  mtVer+F+R4    21780.499    48  43656.997    43660.352    43910.438
521  mtInv         23287.961    23  46621.922    46622.695    46743.362
522  mtInv+I       23211.720    24  46471.440    46472.282    46598.160
523  mtInv+G4      22869.083    24  45786.166    45787.007    45912.886
524  mtInv+I+G4    22866.881    25  45783.762    45784.675    45915.763
525  mtInv+R2      22871.204    25  45792.408    45793.320    45924.408
526  mtInv+R3      22864.960    27  45783.919    45784.982    45926.480
534  mtInv+F       21873.165    42  43830.331    43832.896    44052.091
535  mtInv+F+I     21832.067    43  43750.135    43752.824    43977.175
536  mtInv+F+G4    21552.856    43  43191.712    43194.402    43418.753
537  mtInv+F+I+G4  21552.877    44  43193.754    43196.571    43426.074
538  mtInv+F+R2    21573.836    44  43235.672    43238.489    43467.993
539  mtInv+F+R3    21556.182    46  43204.365    43207.445    43447.245
540  mtInv+F+R4    21556.118    48  43208.237    43211.592    43461.677
Akaike Information Criterion:           LG+F+G4
Corrected Akaike Information Criterion: LG+F+G4
Bayesian Information Criterion:         LG+F+G4
Best-fit model: LG+F+G4 chosen according to BIC

All model information printed to K20403.muscle.model.gz
CPU time for ModelFinder: 157.891 seconds (0h:2m:37s)
Wall-clock time for ModelFinder: 158.971 seconds (0h:2m:38s)

NOTE: 10 MB RAM (0 GB) is required!
Estimate model parameters (epsilon = 0.100)
1. Initial log-likelihood: -21503.229
2. Current log-likelihood: -21468.877
3. Current log-likelihood: -21462.804
4. Current log-likelihood: -21461.971
5. Current log-likelihood: -21461.860
Optimal log-likelihood: -21461.823
Gamma shape alpha: 1.606
Parameters optimization took 5 rounds (0.631 sec)
Computing ML distances based on estimated model parameters... 0.047 sec
WARNING: Some pairwise ML distances are too long (saturated)
Computing BIONJ tree...
0.003 seconds
Log-likelihood of BIONJ tree: -21485.719
--------------------------------------------------------------------
|             INITIALIZING CANDIDATE TREE SET                      |
--------------------------------------------------------------------
Generating 98 parsimony trees... 0.254 second
Computing log-likelihood of 96 initial trees ... 5.165 seconds
Current best score: -21454.175

Do NNI search on 20 best initial trees
Estimate model parameters (epsilon = 0.100)
BETTER TREE FOUND at iteration 1: -21448.896
Iteration 10 / LogL: -21449.662 / Time: 0h:0m:10s
Iteration 20 / LogL: -21449.135 / Time: 0h:0m:14s
Finish initializing candidate tree set (3)
Current best tree score: -21448.896 / CPU time: 13.555
Number of iterations: 20
--------------------------------------------------------------------
|               OPTIMIZING CANDIDATE TREE SET                      |
--------------------------------------------------------------------
Iteration 30 / LogL: -21448.936 / Time: 0h:0m:21s (0h:0m:53s left)
Iteration 40 / LogL: -21449.559 / Time: 0h:0m:28s (0h:0m:43s left)
Iteration 50 / LogL: -21457.595 / Time: 0h:0m:33s (0h:0m:35s left)
Iteration 60 / LogL: -21455.228 / Time: 0h:0m:39s (0h:0m:27s left)
Iteration 70 / LogL: -21449.367 / Time: 0h:0m:44s (0h:0m:20s left)
Iteration 80 / LogL: -21449.147 / Time: 0h:0m:50s (0h:0m:13s left)
Iteration 90 / LogL: -21450.586 / Time: 0h:0m:57s (0h:0m:7s left)
UPDATE BEST LOG-LIKELIHOOD: -21448.893
Iteration 100 / LogL: -21450.968 / Time: 0h:1m:2s (0h:0m:0s left)
TREE SEARCH COMPLETED AFTER 102 ITERATIONS / Time: 0h:1m:3s

--------------------------------------------------------------------
|                    FINALIZING TREE SEARCH                        |
--------------------------------------------------------------------
Performs final model parameters optimization
Estimate model parameters (epsilon = 0.010)
1. Initial log-likelihood: -21448.893
Optimal log-likelihood: -21448.891
Gamma shape alpha: 1.604
Parameters optimization took 1 rounds (0.077 sec)
BEST SCORE FOUND : -21448.891
Total tree length: 11.959

Total number of iterations: 102
CPU time used for tree search: 61.027 sec (0h:1m:1s)
Wall-clock time used for tree search: 62.150 sec (0h:1m:2s)
Total CPU time used: 61.996 sec (0h:1m:1s)
Total wall-clock time used: 63.126 sec (0h:1m:3s)

Analysis results written to: 
  IQ-TREE report:                K20403.muscle.iqtree
  Maximum-likelihood tree:       K20403.muscle.treefile
  Likelihood distances:          K20403.muscle.mldist
  Screen log file:               K20403.muscle.log

Date and Time: Mon Mar 16 19:31:50 2020
