IQ-TREE multicore version 1.6.12 for Mac OS X 64-bit built Aug 15 2019
Developed by Bui Quang Minh, Nguyen Lam Tung, Olga Chernomor,
Heiko Schmidt, Dominik Schrempf, Michael Woodhams.

Host:    Davids-MacBook-Air-2.local (AVX2, FMA3, 8 GB RAM)
Command: iqtree -s K20409.muscle
Seed:    151876 (Using SPRNG - Scalable Parallel Random Number Generator)
Time:    Mon Mar 16 19:45:28 2020
Kernel:  AVX+FMA - 1 threads (4 CPU cores detected)

HINT: Use -nt option to specify number of threads because your CPU has 4 cores!
HINT: -nt AUTO will automatically determine the best number of threads to use.

Reading alignment file K20409.muscle ... Fasta format detected
Alignment most likely contains protein sequences
Alignment has 16 sequences with 1223 columns, 1131 distinct patterns
772 parsimony-informative, 255 singleton sites, 196 constant sites
WARNING: Some sequence names are changed as follows:
K20409|Aurelia|XLOC_056113|TCONS_00078700|Seg550.11.2.57f48f7c.p1 -> K20409_Aurelia_XLOC_056113_TCONS_00078700_Seg550.11.2.57f48f7c.p1
K20409|Aurelia|XLOC_056120|TCONS_00078712|Seg550.12.p1 -> K20409_Aurelia_XLOC_056120_TCONS_00078712_Seg550.12.p1
K20409|Amphimedon|aqu:100639097_K20409_WD_repeat-containing_protein_59_|_(RefSeq)_WD_repeat-containing_protein_59-like_(A) -> K20409_Amphimedon_aqu_100639097_K20409_WD_repeat-containing_protein_59____RefSeq__WD_repeat-containing_protein_59-like__A_
K20409|Helobdella|hro:HELRODRAFT_190724_K20409_WD_repeat-containing_protein_59_|_(RefSeq)_hypothetical_protein_(A) -> K20409_Helobdella_hro_HELRODRAFT_190724_K20409_WD_repeat-containing_protein_59____RefSeq__hypothetical_protein__A_
K20409|Aurelia|XLOC_017877|TCONS_00025069.p1 -> K20409_Aurelia_XLOC_017877_TCONS_00025069.p1
K20409|Aurelia|XLOC_017877|TCONS_00025070|Seg1714.1.p1 -> K20409_Aurelia_XLOC_017877_TCONS_00025070_Seg1714.1.p1
K20409|Aurelia|XLOC_019201|TCONS_00027112.p1 -> K20409_Aurelia_XLOC_019201_TCONS_00027112.p1
K20409|Aurelia|XLOC_036594|TCONS_00052030.p1 -> K20409_Aurelia_XLOC_036594_TCONS_00052030.p1
K20409|Exaiptasia|epa:110233360_K20409_WD_repeat-containing_protein_59_|_(RefSeq)_WD_repeat-containing_protein_59-like_(A) -> K20409_Exaiptasia_epa_110233360_K20409_WD_repeat-containing_protein_59____RefSeq__WD_repeat-containing_protein_59-like__A_
K20409|Daphnia|dpx:DAPPUDRAFT_307385_K20409_WD_repeat-containing_protein_59_|_(GenBank)_hypothetical_protein_(A) -> K20409_Daphnia_dpx_DAPPUDRAFT_307385_K20409_WD_repeat-containing_protein_59____GenBank__hypothetical_protein__A_
K20409|Acropora|adf:107355017_K20409_WD_repeat-containing_protein_59_|_(RefSeq)_WD_repeat-containing_protein_59-like_(A) -> K20409_Acropora_adf_107355017_K20409_WD_repeat-containing_protein_59____RefSeq__WD_repeat-containing_protein_59-like__A_
K20409|Homo|hsa:79726_K20409_WD_repeat-containing_protein_59_|_(RefSeq)_WDR59,_CDW12,_FP977,_p90-120;_WD_repeat_domain_59_(A) -> K20409_Homo_hsa_79726_K20409_WD_repeat-containing_protein_59____RefSeq__WDR59__CDW12__FP977__p90-120__WD_repeat_domain_59__A_
K20409|Mus|mmu:319481_K20409_WD_repeat-containing_protein_59_|_(RefSeq)_Wdr59,_5430401O09Rik,_Cdw12;_WD_repeat_domain_59_(A) -> K20409_Mus_mmu_319481_K20409_WD_repeat-containing_protein_59____RefSeq__Wdr59__5430401O09Rik__Cdw12__WD_repeat_domain_59__A_
K20409|Hydra|hmg:101239697_K20409_WD_repeat-containing_protein_59_|_(RefSeq)_WD_repeat-containing_protein_59-like_(A) -> K20409_Hydra_hmg_101239697_K20409_WD_repeat-containing_protein_59____RefSeq__WD_repeat-containing_protein_59-like__A_
K20409|Aurelia|XLOC_017878|TCONS_00025072.p1 -> K20409_Aurelia_XLOC_017878_TCONS_00025072.p1
K20409|Aurelia|XLOC_036597|TCONS_00052033.p1 -> K20409_Aurelia_XLOC_036597_TCONS_00052033.p1

                                                                                                                               Gap/Ambiguity  Composition  p-value
   1  K20409_Aurelia_XLOC_056113_TCONS_00078700_Seg550.11.2.57f48f7c.p1                                                               35.65%    passed     13.42%
   2  K20409_Aurelia_XLOC_056120_TCONS_00078712_Seg550.12.p1                                                                          35.65%    passed     13.42%
   3  K20409_Amphimedon_aqu_100639097_K20409_WD_repeat-containing_protein_59____RefSeq__WD_repeat-containing_protein_59-like__A_      23.55%    passed     45.07%
   4  K20409_Helobdella_hro_HELRODRAFT_190724_K20409_WD_repeat-containing_protein_59____RefSeq__hypothetical_protein__A_              23.39%    passed     13.21%
   5  K20409_Aurelia_XLOC_017877_TCONS_00025069.p1                                                                                    77.92%    passed     13.39%
   6  K20409_Aurelia_XLOC_017877_TCONS_00025070_Seg1714.1.p1                                                                          60.43%    passed     36.77%
   7  K20409_Aurelia_XLOC_019201_TCONS_00027112.p1                                                                                    79.48%    failed      0.10%
   8  K20409_Aurelia_XLOC_036594_TCONS_00052030.p1                                                                                    88.88%    failed      4.06%
   9  K20409_Exaiptasia_epa_110233360_K20409_WD_repeat-containing_protein_59____RefSeq__WD_repeat-containing_protein_59-like__A_      25.18%    passed     94.31%
  10  K20409_Daphnia_dpx_DAPPUDRAFT_307385_K20409_WD_repeat-containing_protein_59____GenBank__hypothetical_protein__A_                18.56%    passed     33.44%
  11  K20409_Acropora_adf_107355017_K20409_WD_repeat-containing_protein_59____RefSeq__WD_repeat-containing_protein_59-like__A_        22.40%    passed     63.02%
  12  K20409_Homo_hsa_79726_K20409_WD_repeat-containing_protein_59____RefSeq__WDR59__CDW12__FP977__p90-120__WD_repeat_domain_59__A_   21.75%    passed     97.77%
  13  K20409_Mus_mmu_319481_K20409_WD_repeat-containing_protein_59____RefSeq__Wdr59__5430401O09Rik__Cdw12__WD_repeat_domain_59__A_    20.20%    passed     93.64%
  14  K20409_Hydra_hmg_101239697_K20409_WD_repeat-containing_protein_59____RefSeq__WD_repeat-containing_protein_59-like__A_           55.52%    passed      8.03%
  15  K20409_Aurelia_XLOC_017878_TCONS_00025072.p1                                                                                    90.35%    passed     95.15%
  16  K20409_Aurelia_XLOC_036597_TCONS_00052033.p1                                                                                    74.41%    passed     40.03%
WARNING: 7 sequences contain more than 50% gaps/ambiguity
****  TOTAL                                                                                                                           47.08%  2 sequences failed composition chi2 test (p-value<5%; df=19)
NOTE: K20409_Aurelia_XLOC_056120_TCONS_00078712_Seg550.12.p1 is identical to K20409_Aurelia_XLOC_056113_TCONS_00078700_Seg550.11.2.57f48f7c.p1 but kept for subsequent analysis


Create initial parsimony tree by phylogenetic likelihood library (PLL)... 0.003 seconds
NOTE: ModelFinder requires 28 MB RAM!
ModelFinder will test 546 protein models (sample size: 1223) ...
 No. Model         -LnL         df  AIC          AICc         BIC
  1  Dayhoff       19336.114    29  38730.228    38731.686    38878.391
  2  Dayhoff+I     19308.439    30  38676.879    38678.439    38830.151
  3  Dayhoff+G4    19107.136    30  38274.272    38275.833    38427.544
  4  Dayhoff+I+G4  19106.835    31  38275.670    38277.336    38434.051
  5  Dayhoff+R2    19122.221    31  38306.442    38308.108    38464.823
  6  Dayhoff+R3    19106.397    33  38278.795    38280.682    38447.394
  7  Dayhoff+R4    19104.084    35  38278.168    38280.291    38456.985
 14  Dayhoff+F     19170.384    48  38436.769    38440.776    38682.004
 15  Dayhoff+F+I   19140.273    49  38378.545    38382.723    38628.889
 16  Dayhoff+F+G4  18940.245    49  37978.491    37982.668    38228.835
 17  Dayhoff+F+I+G4 18939.821    50  37979.641    37983.993    38235.094
 18  Dayhoff+F+R2  18953.581    50  38007.162    38011.513    38262.615
 19  Dayhoff+F+R3  18939.731    52  37983.463    37988.174    38249.134
 20  Dayhoff+F+R4  18938.030    54  37984.061    37989.146    38259.950
 27  mtMAM         20744.784    29  41547.568    41549.027    41695.731
 28  mtMAM+I       20665.962    30  41391.925    41393.485    41545.197
 29  mtMAM+G4      20097.307    30  40254.615    40256.175    40407.886
 30  mtMAM+I+G4    20093.663    31  40249.326    40250.992    40407.707
 31  mtMAM+R2      20226.349    31  40514.698    40516.364    40673.079
 32  mtMAM+R3      20128.208    33  40322.415    40324.303    40491.014
 33  mtMAM+R4      20104.664    35  40279.327    40281.450    40458.145
 34  mtMAM+R5      20090.888    37  40255.777    40258.150    40444.812
 35  mtMAM+R6      20089.172    39  40256.343    40258.981    40455.597
 40  mtMAM+F       19700.727    48  39497.455    39501.462    39742.690
 41  mtMAM+F+I     19638.337    49  39374.673    39378.850    39625.017
 42  mtMAM+F+G4    19192.414    49  38482.829    38487.006    38733.173
 43  mtMAM+F+I+G4  19190.523    50  38481.046    38485.398    38736.499
 44  mtMAM+F+R2    19278.340    50  38656.681    38661.032    38912.134
 45  mtMAM+F+R3    19215.211    52  38534.422    38539.133    38800.093
 46  mtMAM+F+R4    19198.154    54  38504.307    38509.393    38780.197
 47  mtMAM+F+R5    19188.245    56  38488.491    38493.966    38774.598
 48  mtMAM+F+R6    19186.045    58  38488.090    38493.969    38784.415
 53  JTT           19207.813    29  38473.626    38475.084    38621.788
 54  JTT+I         19173.615    30  38407.230    38408.791    38560.502
 55  JTT+G4        19002.968    30  38065.935    38067.496    38219.207
 56  JTT+I+G4      19002.406    31  38066.811    38068.477    38225.192
 57  JTT+R2        19012.963    31  38087.925    38089.591    38246.306
 58  JTT+R3        19004.276    33  38074.553    38076.440    38243.152
 59  JTT+R4        19002.790    35  38075.579    38077.702    38254.397
 66  JTT+F         19122.828    48  38341.656    38345.663    38586.891
 67  JTT+F+I       19086.279    49  38270.558    38274.735    38520.902
 68  JTT+F+G4      18913.099    49  37924.198    37928.375    38174.542
 69  JTT+F+I+G4    18912.571    50  37925.142    37929.494    38180.595
 70  JTT+F+R2      18922.834    50  37945.668    37950.019    38201.121
 71  JTT+F+R3      18914.355    52  37932.710    37937.421    38198.382
 72  JTT+F+R4      18912.796    54  37933.592    37938.678    38209.482
 79  WAG           19144.305    29  38346.610    38348.069    38494.773
 80  WAG+I         19125.808    30  38311.616    38313.176    38464.888
 81  WAG+G4        18991.650    30  38043.300    38044.861    38196.572
 82  WAG+I+G4      18991.837    31  38045.675    38047.340    38204.055
 83  WAG+R2        18998.787    31  38059.573    38061.239    38217.954
 84  WAG+R3        18991.728    33  38049.457    38051.344    38218.056
 92  WAG+F         19028.993    48  38153.985    38157.992    38399.220
 93  WAG+F+I       19009.542    49  38117.084    38121.262    38367.428
 94  WAG+F+G4      18870.301    49  37838.603    37842.780    38088.947
 95  WAG+F+I+G4    18870.411    50  37840.823    37845.174    38096.276
 96  WAG+F+R2      18877.695    50  37855.389    37859.741    38110.842
 97  WAG+F+R3      18870.385    52  37844.770    37849.481    38110.441
 98  WAG+F+R4      18869.789    54  37847.579    37852.665    38123.468
105  cpREV         19350.500    29  38759.001    38760.459    38907.164
106  cpREV+I       19317.670    30  38695.340    38696.901    38848.612
107  cpREV+G4      19122.643    30  38305.286    38306.847    38458.558
108  cpREV+I+G4    19122.393    31  38306.786    38308.452    38465.167
109  cpREV+R2      19136.843    31  38335.686    38337.352    38494.067
110  cpREV+R3      19125.876    33  38317.752    38319.639    38486.351
111  cpREV+R4      19123.315    35  38316.631    38318.754    38495.448
118  cpREV+F       19197.853    48  38491.705    38495.712    38736.940
119  cpREV+F+I     19162.212    49  38422.423    38426.600    38672.767
120  cpREV+F+G4    18944.056    49  37986.111    37990.289    38236.455
121  cpREV+F+I+G4  18943.791    50  37987.583    37991.934    38243.036
122  cpREV+F+R2    18959.836    50  38019.673    38024.024    38275.126
123  cpREV+F+R3    18949.055    52  38002.109    38006.820    38267.780
124  cpREV+F+R4    18945.903    54  37999.806    38004.892    38275.695
131  mtREV         20207.067    29  40472.135    40473.593    40620.298
132  mtREV+I       20170.034    30  40400.069    40401.629    40553.340
133  mtREV+G4      19853.181    30  39766.362    39767.923    39919.634
134  mtREV+I+G4    19852.882    31  39767.764    39769.430    39926.145
135  mtREV+R2      19879.144    31  39820.288    39821.954    39978.669
136  mtREV+R3      19864.333    33  39794.666    39796.553    39963.265
137  mtREV+R4      19859.058    35  39788.117    39790.240    39966.934
144  mtREV+F       19329.634    48  38755.267    38759.274    39000.502
145  mtREV+F+I     19298.485    49  38694.970    38699.147    38945.314
146  mtREV+F+G4    19015.060    49  38128.119    38132.297    38378.463
147  mtREV+F+I+G4  19015.204    50  38130.408    38134.759    38385.861
148  mtREV+F+R2    19040.460    50  38180.919    38185.271    38436.372
149  mtREV+F+R3    19027.299    52  38158.598    38163.309    38424.269
150  mtREV+F+R4    19021.650    54  38151.301    38156.386    38427.190
157  rtREV         19393.669    29  38845.338    38846.797    38993.501
158  rtREV+I       19353.448    30  38766.897    38768.457    38920.168
159  rtREV+G4      19172.524    30  38405.048    38406.608    38558.320
160  rtREV+I+G4    19171.463    31  38404.926    38406.592    38563.307
161  rtREV+R2      19188.975    31  38439.950    38441.616    38598.331
162  rtREV+R3      19175.342    33  38416.683    38418.570    38585.282
163  rtREV+R4      19173.694    35  38417.387    38419.510    38596.205
170  rtREV+F       19167.278    48  38430.556    38434.563    38675.791
171  rtREV+F+I     19129.091    49  38356.182    38360.359    38606.526
172  rtREV+F+G4    18939.792    49  37977.585    37981.762    38227.929
173  rtREV+F+I+G4  18939.149    50  37978.298    37982.650    38233.751
174  rtREV+F+R2    18957.682    50  38015.365    38019.716    38270.818
175  rtREV+F+R3    18943.586    52  37991.173    37995.884    38256.844
176  rtREV+F+R4    18941.801    54  37991.601    37996.687    38267.491
183  mtART         20715.775    29  41489.551    41491.009    41637.714
184  mtART+I       20610.038    30  41280.075    41281.636    41433.347
185  mtART+G4      20023.576    30  40107.152    40108.712    40260.423
186  mtART+I+G4    20015.933    31  40093.866    40095.531    40252.246
187  mtART+R2      20175.424    31  40412.847    40414.513    40571.228
188  mtART+R3      20096.444    33  40258.888    40260.775    40427.487
189  mtART+R4      20088.062    35  40246.123    40248.246    40424.941
190  mtART+R5      20018.500    37  40111.000    40113.373    40300.035
191  mtART+R6      20012.357    39  40102.713    40105.350    40301.966
196  mtART+F       19724.214    48  39544.429    39548.436    39789.664
197  mtART+F+I     19644.763    49  39387.525    39391.703    39637.869
198  mtART+F+G4    19132.040    49  38362.081    38366.258    38612.425
199  mtART+F+I+G4  19126.704    50  38353.407    38357.759    38608.860
200  mtART+F+R2    19261.611    50  38623.222    38627.574    38878.675
201  mtART+F+R3    19197.418    52  38498.837    38503.548    38764.508
202  mtART+F+R4    19189.728    54  38487.455    38492.541    38763.344
203  mtART+F+R5    19122.035    56  38356.070    38361.545    38642.178
204  mtART+F+R6    19117.217    58  38350.434    38356.314    38646.759
209  mtZOA         20323.873    29  40705.746    40707.205    40853.909
210  mtZOA+I       20235.176    30  40530.352    40531.913    40683.624
211  mtZOA+G4      19776.907    30  39613.813    39615.374    39767.085
212  mtZOA+I+G4    19771.111    31  39604.222    39605.888    39762.603
213  mtZOA+R2      19870.512    31  39803.024    39804.690    39961.405
214  mtZOA+R3      19818.149    33  39702.299    39704.186    39870.898
215  mtZOA+R4      19812.217    35  39694.435    39696.558    39873.252
222  mtZOA+F       19521.423    48  39138.847    39142.854    39384.082
223  mtZOA+F+I     19450.492    49  38998.983    39003.160    39249.327
224  mtZOA+F+G4    19043.906    49  38185.811    38189.989    38436.155
225  mtZOA+F+I+G4  19039.981    50  38179.961    38184.313    38435.414
226  mtZOA+F+R2    19117.312    50  38334.623    38338.975    38590.076
227  mtZOA+F+R3    19084.418    52  38272.836    38277.547    38538.507
228  mtZOA+F+R4    19078.711    54  38265.422    38270.507    38541.311
235  VT            19097.274    29  38252.548    38254.006    38400.710
236  VT+I          19073.747    30  38207.494    38209.055    38360.766
237  VT+G4         18967.014    30  37994.027    37995.587    38147.299
238  VT+I+G4       18966.832    31  37995.665    37997.331    38154.046
239  VT+R2         18969.920    31  38001.841    38003.507    38160.222
240  VT+R3         18968.360    33  38002.720    38004.607    38171.319
248  VT+F          19016.070    48  38128.141    38132.148    38373.376
249  VT+F+I        18992.595    49  38083.189    38087.366    38333.533
250  VT+F+G4       18883.579    49  37865.157    37869.335    38115.501
251  VT+F+I+G4     18883.496    50  37866.992    37871.344    38122.445
252  VT+F+R2       18886.674    50  37873.349    37877.700    38128.802
253  VT+F+R3       18885.024    52  37874.049    37878.760    38139.720
261  LG            19279.409    29  38616.818    38618.276    38764.980
262  LG+I          19241.102    30  38542.204    38543.765    38695.476
263  LG+G4         19038.793    30  38137.585    38139.146    38290.857
264  LG+I+G4       19038.406    31  38138.813    38140.479    38297.194
265  LG+R2         19056.302    31  38174.604    38176.270    38332.985
266  LG+R3         19050.423    33  38166.846    38168.733    38335.445
274  LG+F          19154.240    48  38404.479    38408.486    38649.714
275  LG+F+I        19116.034    49  38330.069    38334.246    38580.413
276  LG+F+G4       18906.193    49  37910.386    37914.563    38160.730
277  LG+F+I+G4     18905.994    50  37911.989    37916.340    38167.442
278  LG+F+R2       18924.655    50  37949.311    37953.662    38204.764
279  LG+F+R3       18916.695    52  37937.390    37942.101    38203.061
280  LG+F+R4       18913.355    54  37934.711    37939.797    38210.600
287  DCMut         19334.355    29  38726.711    38728.169    38874.874
288  DCMut+I       19306.758    30  38673.516    38675.077    38826.788
289  DCMut+G4      19106.839    30  38273.678    38275.238    38426.950
290  DCMut+I+G4    19106.427    31  38274.855    38276.520    38433.236
291  DCMut+R2      19121.677    31  38305.353    38307.019    38463.734
292  DCMut+R3      19112.965    33  38291.930    38293.817    38460.529
293  DCMut+R4      19111.535    35  38293.070    38295.193    38471.887
300  DCMut+F       19168.629    48  38433.258    38437.265    38678.493
301  DCMut+F+I     19138.596    49  38375.192    38379.369    38625.536
302  DCMut+F+G4    18939.828    49  37977.657    37981.834    38228.001
303  DCMut+F+I+G4  18939.376    50  37978.752    37983.104    38234.206
304  DCMut+F+R2    18953.010    50  38006.019    38010.371    38261.473
305  DCMut+F+R3    18945.080    52  37994.160    37998.871    38259.832
306  DCMut+F+R4    18943.856    54  37995.712    38000.797    38271.601
313  PMB           19139.102    29  38336.204    38337.662    38484.367
314  PMB+I         19122.662    30  38305.324    38306.884    38458.595
315  PMB+G4        19034.067    30  38128.134    38129.695    38281.406
316  PMB+I+G4      19034.060    31  38130.119    38131.785    38288.500
317  PMB+R2        19035.048    31  38132.096    38133.762    38290.477
318  PMB+R3        19033.684    33  38133.367    38135.254    38301.966
326  PMB+F         19026.078    48  38148.156    38152.163    38393.391
327  PMB+F+I       19009.212    49  38116.424    38120.602    38366.768
328  PMB+F+G4      18913.767    49  37925.534    37929.711    38175.878
329  PMB+F+I+G4    18913.815    50  37927.629    37931.981    38183.082
330  PMB+F+R2      18916.011    50  37932.022    37936.373    38187.475
331  PMB+F+R3      18913.993    52  37931.986    37936.697    38197.657
339  HIVb          19610.255    29  39278.510    39279.969    39426.673
340  HIVb+I        19556.182    30  39172.363    39173.924    39325.635
341  HIVb+G4       19281.495    30  38622.990    38624.550    38776.262
342  HIVb+I+G4     19279.698    31  38621.397    38623.063    38779.778
343  HIVb+R2       19305.646    31  38673.293    38674.959    38831.674
344  HIVb+R3       19297.986    33  38661.972    38663.859    38830.571
345  HIVb+R4       19291.670    35  38653.341    38655.464    38832.158
352  HIVb+F        19412.839    48  38921.677    38925.684    39166.912
353  HIVb+F+I      19350.363    49  38798.726    38802.904    39049.070
354  HIVb+F+G4     19049.596    49  38197.193    38201.370    38447.537
355  HIVb+F+I+G4   19047.896    50  38195.792    38200.144    38451.245
356  HIVb+F+R2     19071.969    50  38243.938    38248.290    38499.391
357  HIVb+F+R3     19068.718    52  38241.436    38246.148    38507.108
365  HIVw          20189.084    29  40436.168    40437.627    40584.331
366  HIVw+I        20117.370    30  40294.740    40296.300    40448.012
367  HIVw+G4       19751.751    30  39563.502    39565.062    39716.774
368  HIVw+I+G4     19747.165    31  39556.330    39557.996    39714.711
369  HIVw+R2       19801.123    31  39664.246    39665.912    39822.627
370  HIVw+R3       19795.512    33  39657.023    39658.911    39825.622
378  HIVw+F        19683.818    48  39463.637    39467.644    39708.872
379  HIVw+F+I      19609.195    49  39316.391    39320.568    39566.735
380  HIVw+F+G4     19298.833    49  38695.667    38699.844    38946.011
381  HIVw+F+I+G4   19293.894    50  38687.788    38692.140    38943.241
382  HIVw+F+R2     19334.469    50  38768.939    38773.290    39024.392
383  HIVw+F+R3     19329.951    52  38763.901    38768.613    39029.573
391  JTTDCMut      19207.625    29  38473.251    38474.709    38621.413
392  JTTDCMut+I    19174.596    30  38409.192    38410.752    38562.464
393  JTTDCMut+G4   19004.117    30  38068.233    38069.794    38221.505
394  JTTDCMut+I+G4 19003.613    31  38069.227    38070.892    38227.608
395  JTTDCMut+R2   19013.959    31  38089.918    38091.584    38248.299
396  JTTDCMut+R3   19007.257    33  38080.515    38082.402    38249.114
404  JTTDCMut+F    19120.249    48  38336.499    38340.505    38581.734
405  JTTDCMut+F+I  19085.215    49  38268.430    38272.608    38518.774
406  JTTDCMut+F+G4 18911.736    49  37921.472    37925.649    38171.816
407  JTTDCMut+F+I+G4 18911.331    50  37922.662    37927.013    38178.115
408  JTTDCMut+F+R2 18921.291    50  37942.582    37946.934    38198.035
409  JTTDCMut+F+R3 18913.897    52  37931.794    37936.505    38197.465
410  JTTDCMut+F+R4 18913.758    54  37935.515    37940.601    38211.404
417  FLU           19468.771    29  38995.541    38997.000    39143.704
418  FLU+I         19421.554    30  38903.108    38904.668    39056.379
419  FLU+G4        19141.244    30  38342.488    38344.048    38495.759
420  FLU+I+G4      19139.052    31  38340.104    38341.769    38498.485
421  FLU+R2        19171.090    31  38404.179    38405.845    38562.560
422  FLU+R3        19156.650    33  38379.300    38381.187    38547.899
423  FLU+R4        19156.346    35  38382.691    38384.814    38561.509
430  FLU+F         19290.167    48  38676.335    38680.341    38921.570
431  FLU+F+I       19245.209    49  38588.417    38592.595    38838.761
432  FLU+F+G4      18990.846    49  38079.692    38083.869    38330.036
433  FLU+F+I+G4    18989.043    50  38078.086    38082.437    38333.539
434  FLU+F+R2      19011.821    50  38123.641    38127.993    38379.094
435  FLU+F+R3      19001.607    52  38107.214    38111.925    38372.885
436  FLU+F+R4      19001.415    54  38110.831    38115.916    38386.720
443  Blosum62      19184.717    29  38427.435    38428.893    38575.598
444  Blosum62+I    19169.173    30  38398.345    38399.906    38551.617
445  Blosum62+G4   19076.851    30  38213.702    38215.262    38366.974
446  Blosum62+I+G4 19076.978    31  38215.956    38217.622    38374.337
447  Blosum62+R2   19079.629    31  38221.259    38222.925    38379.640
448  Blosum62+R3   19077.676    33  38221.352    38223.239    38389.951
456  Blosum62+F    19026.279    48  38148.559    38152.566    38393.794
457  Blosum62+F+I  19010.716    49  38119.432    38123.610    38369.776
458  Blosum62+F+G4 18910.308    49  37918.616    37922.793    38168.960
459  Blosum62+F+I+G4 18910.536    50  37921.072    37925.423    38176.525
460  Blosum62+F+R2 18913.821    50  37927.642    37931.994    38183.095
461  Blosum62+F+R3 18911.444    52  37926.887    37931.599    38192.559
469  mtMet         20252.583    29  40563.166    40564.625    40711.329
470  mtMet+I       20185.250    30  40430.501    40432.061    40583.773
471  mtMet+G4      19837.200    30  39734.400    39735.961    39887.672
472  mtMet+I+G4    19834.512    31  39731.025    39732.691    39889.406
473  mtMet+R2      19877.083    31  39816.167    39817.833    39974.548
474  mtMet+R3      19864.780    33  39795.560    39797.447    39964.159
475  mtMet+R4      19849.106    35  39768.212    39770.335    39947.029
476  mtMet+R5      19832.200    37  39738.401    39740.774    39927.436
477  mtMet+R6      19832.031    39  39742.061    39744.698    39941.315
482  mtMet+F       19380.317    48  38856.634    38860.641    39101.869
483  mtMet+F+I     19321.504    49  38741.008    38745.185    38991.352
484  mtMet+F+G4    19025.617    49  38149.235    38153.412    38399.579
485  mtMet+F+I+G4  19024.301    50  38148.603    38152.954    38404.056
486  mtMet+F+R2    19057.923    50  38215.845    38220.197    38471.299
487  mtMet+F+R3    19055.935    52  38215.870    38220.581    38481.542
495  mtVer         20488.532    29  41035.064    41036.523    41183.227
496  mtVer+I       20409.528    30  40879.056    40880.616    41032.328
497  mtVer+G4      19975.701    30  40011.402    40012.962    40164.674
498  mtVer+I+G4    19972.694    31  40007.388    40009.054    40165.769
499  mtVer+R2      20022.789    31  40107.579    40109.245    40265.960
500  mtVer+R3      20015.887    33  40097.774    40099.661    40266.373
508  mtVer+F       19601.848    48  39299.696    39303.703    39544.931
509  mtVer+F+I     19524.564    49  39147.128    39151.305    39397.472
510  mtVer+F+G4    19152.148    49  38402.296    38406.474    38652.640
511  mtVer+F+I+G4  19149.449    50  38398.898    38403.250    38654.352
512  mtVer+F+R2    19200.854    50  38501.707    38506.059    38757.161
513  mtVer+F+R3    19198.783    52  38501.567    38506.278    38767.238
521  mtInv         20340.160    29  40738.320    40739.779    40886.483
522  mtInv+I       20279.537    30  40619.074    40620.634    40772.346
523  mtInv+G4      20001.165    30  40062.329    40063.890    40215.601
524  mtInv+I+G4    19998.302    31  40058.605    40060.270    40216.985
525  mtInv+R2      20015.950    31  40093.901    40095.567    40252.282
526  mtInv+R3      20015.911    33  40097.821    40099.709    40266.420
534  mtInv+F       19272.774    48  38641.547    38645.554    38886.782
535  mtInv+F+I     19220.815    49  38539.630    38543.807    38789.974
536  mtInv+F+G4    18974.275    49  38046.551    38050.728    38296.895
537  mtInv+F+I+G4  18973.028    50  38046.056    38050.407    38301.509
538  mtInv+F+R2    18999.792    50  38099.584    38103.935    38355.037
539  mtInv+F+R3    18999.669    52  38103.337    38108.049    38369.009
Akaike Information Criterion:           WAG+F+G4
Corrected Akaike Information Criterion: WAG+F+G4
Bayesian Information Criterion:         WAG+F+G4
Best-fit model: WAG+F+G4 chosen according to BIC

All model information printed to K20409.muscle.model.gz
CPU time for ModelFinder: 149.850 seconds (0h:2m:29s)
Wall-clock time for ModelFinder: 150.658 seconds (0h:2m:30s)

NOTE: 11 MB RAM (0 GB) is required!
Estimate model parameters (epsilon = 0.100)
1. Initial log-likelihood: -18931.549
2. Current log-likelihood: -18884.685
3. Current log-likelihood: -18873.098
4. Current log-likelihood: -18870.813
5. Current log-likelihood: -18870.399
Optimal log-likelihood: -18870.295
Gamma shape alpha: 1.975
Parameters optimization took 5 rounds (0.893 sec)
Computing ML distances based on estimated model parameters... 0.065 sec
WARNING: Some pairwise ML distances are too long (saturated)
Computing BIONJ tree...
0.003 seconds
Log-likelihood of BIONJ tree: -18883.435
--------------------------------------------------------------------
|             INITIALIZING CANDIDATE TREE SET                      |
--------------------------------------------------------------------
Generating 98 parsimony trees... 0.377 second
Computing log-likelihood of 98 initial trees ... 6.216 seconds
Current best score: -18870.295

Do NNI search on 20 best initial trees
Estimate model parameters (epsilon = 0.100)
BETTER TREE FOUND at iteration 1: -18870.268
Estimate model parameters (epsilon = 0.100)
BETTER TREE FOUND at iteration 2: -18869.488
Estimate model parameters (epsilon = 0.100)
BETTER TREE FOUND at iteration 3: -18865.080
Iteration 10 / LogL: -18868.837 / Time: 0h:0m:12s
Iteration 20 / LogL: -18870.505 / Time: 0h:0m:19s
Finish initializing candidate tree set (9)
Current best tree score: -18865.080 / CPU time: 18.140
Number of iterations: 20
--------------------------------------------------------------------
|               OPTIMIZING CANDIDATE TREE SET                      |
--------------------------------------------------------------------
Iteration 30 / LogL: -18867.214 / Time: 0h:0m:27s (0h:1m:9s left)
Iteration 40 / LogL: -18865.685 / Time: 0h:0m:34s (0h:0m:55s left)
Iteration 50 / LogL: -18867.711 / Time: 0h:0m:41s (0h:0m:45s left)
Iteration 60 / LogL: -18867.126 / Time: 0h:0m:49s (0h:0m:36s left)
Iteration 70 / LogL: -18867.496 / Time: 0h:0m:56s (0h:0m:27s left)
Iteration 80 / LogL: -18867.078 / Time: 0h:1m:3s (0h:0m:18s left)
Iteration 90 / LogL: -18865.905 / Time: 0h:1m:10s (0h:0m:10s left)
Iteration 100 / LogL: -18867.537 / Time: 0h:1m:18s (0h:0m:2s left)
TREE SEARCH COMPLETED AFTER 104 ITERATIONS / Time: 0h:1m:21s

--------------------------------------------------------------------
|                    FINALIZING TREE SEARCH                        |
--------------------------------------------------------------------
Performs final model parameters optimization
Estimate model parameters (epsilon = 0.010)
1. Initial log-likelihood: -18865.080
2. Current log-likelihood: -18865.039
3. Current log-likelihood: -18865.022
Optimal log-likelihood: -18865.015
Gamma shape alpha: 2.008
Parameters optimization took 3 rounds (0.267 sec)
BEST SCORE FOUND : -18865.015
Total tree length: 13.384

Total number of iterations: 104
CPU time used for tree search: 79.381 sec (0h:1m:19s)
Wall-clock time used for tree search: 79.891 sec (0h:1m:19s)
Total CPU time used: 80.777 sec (0h:1m:20s)
Total wall-clock time used: 81.298 sec (0h:1m:21s)

Analysis results written to: 
  IQ-TREE report:                K20409.muscle.iqtree
  Maximum-likelihood tree:       K20409.muscle.treefile
  Likelihood distances:          K20409.muscle.mldist
  Screen log file:               K20409.muscle.log

Date and Time: Mon Mar 16 19:49:20 2020
