IQ-TREE multicore version 1.6.12 for Mac OS X 64-bit built Aug 15 2019
Developed by Bui Quang Minh, Nguyen Lam Tung, Olga Chernomor,
Heiko Schmidt, Dominik Schrempf, Michael Woodhams.

Host:    Davids-MacBook-Air-2.local (AVX2, FMA3, 8 GB RAM)
Command: iqtree -s K20405.muscle
Seed:    726924 (Using SPRNG - Scalable Parallel Random Number Generator)
Time:    Mon Mar 16 19:40:29 2020
Kernel:  AVX+FMA - 1 threads (4 CPU cores detected)

HINT: Use -nt option to specify number of threads because your CPU has 4 cores!
HINT: -nt AUTO will automatically determine the best number of threads to use.

Reading alignment file K20405.muscle ... Fasta format detected
Alignment most likely contains protein sequences
Alignment has 11 sequences with 416 columns, 389 distinct patterns
265 parsimony-informative, 96 singleton sites, 55 constant sites
WARNING: Some sequence names are changed as follows:
K20405|Helobdella|hro:HELRODRAFT_166503_K20405_nitrogen_permease_regulator_2-like_protein_|_(RefSeq)_hypothetical_protein_(A) -> K20405_Helobdella_hro_HELRODRAFT_166503_K20405_nitrogen_permease_regulator_2-like_protein____RefSeq__hypothetical_protein__A_
K20405|Amphimedon|aqu:100634314_K20405_nitrogen_permease_regulator_2-like_protein_|_(RefSeq)_nitrogen_permease_regulator_2-like_protein_isoform_X1_(A) -> K20405_Amphimedon_aqu_100634314_K20405_nitrogen_permease_regulator_2-like_protein____RefSeq__nitrogen_permease_regulator_2-like_protein_isoform_X1__A_
K20405|Daphnia|dpx:DAPPUDRAFT_309307_K20405_nitrogen_permease_regulator_2-like_protein_|_(GenBank)_hypothetical_protein_(A) -> K20405_Daphnia_dpx_DAPPUDRAFT_309307_K20405_nitrogen_permease_regulator_2-like_protein____GenBank__hypothetical_protein__A_
K20405|Hydra|hmg:100197551_K20405_nitrogen_permease_regulator_2-like_protein_|_(RefSeq)_nitrogen_permease_regulator_2-like_protein_(A) -> K20405_Hydra_hmg_100197551_K20405_nitrogen_permease_regulator_2-like_protein____RefSeq__nitrogen_permease_regulator_2-like_protein__A_
K20405|Aurelia|XLOC_023146|TCONS_00032704|Seg1942.3.p1 -> K20405_Aurelia_XLOC_023146_TCONS_00032704_Seg1942.3.p1
K20405|Aurelia|XLOC_026879|TCONS_00038043|Seg215.4.p1 -> K20405_Aurelia_XLOC_026879_TCONS_00038043_Seg215.4.p1
K20405|Homo|hsa:10641_K20405_nitrogen_permease_regulator_2-like_protein_|_(RefSeq)_NPRL2,_FFEVF2,_NPR2,_NPR2L,_TUSC4;_NPR2_like,_GATOR1_complex_subunit_(A) -> K20405_Homo_hsa_10641_K20405_nitrogen_permease_regulator_2-like_protein____RefSeq__NPRL2__FFEVF2__NPR2__NPR2L__TUSC4__NPR2_like__GATOR1_complex_subunit__A_
K20405|Mus|mmu:56032_K20405_nitrogen_permease_regulator_2-like_protein_|_(RefSeq)_Nprl2,_2810446G01Rik,_G21,_NPR2L,_Tusc4;_NPR2_like,_GATOR1_complex_subunit_(A) -> K20405_Mus_mmu_56032_K20405_nitrogen_permease_regulator_2-like_protein____RefSeq__Nprl2__2810446G01Rik__G21__NPR2L__Tusc4__NPR2_like__GATOR1_complex_subunit__A_
K20405|Acropora|adf:107343148_K20405_nitrogen_permease_regulator_2-like_protein_|_(RefSeq)_nitrogen_permease_regulator_2-like_protein_(A) -> K20405_Acropora_adf_107343148_K20405_nitrogen_permease_regulator_2-like_protein____RefSeq__nitrogen_permease_regulator_2-like_protein__A_
K20405|Exaiptasia|epa:110233594_K20405_nitrogen_permease_regulator_2-like_protein_|_(RefSeq)_nitrogen_permease_regulator_2-like_protein_(A) -> K20405_Exaiptasia_epa_110233594_K20405_nitrogen_permease_regulator_2-like_protein____RefSeq__nitrogen_permease_regulator_2-like_protein__A_
K20405|Nematostella|nve:NEMVE_v1g93174_K20405_nitrogen_permease_regulator_2-like_protein_|_(RefSeq)_hypothetical_protein_(A) -> K20405_Nematostella_nve_NEMVE_v1g93174_K20405_nitrogen_permease_regulator_2-like_protein____RefSeq__hypothetical_protein__A_

                                                                                                                                                                  Gap/Ambiguity  Composition  p-value
   1  K20405_Helobdella_hro_HELRODRAFT_166503_K20405_nitrogen_permease_regulator_2-like_protein____RefSeq__hypothetical_protein__A_                                       6.73%    passed     69.69%
   2  K20405_Amphimedon_aqu_100634314_K20405_nitrogen_permease_regulator_2-like_protein____RefSeq__nitrogen_permease_regulator_2-like_protein_isoform_X1__A_             10.34%    passed     86.81%
   3  K20405_Daphnia_dpx_DAPPUDRAFT_309307_K20405_nitrogen_permease_regulator_2-like_protein____GenBank__hypothetical_protein__A_                                        10.10%    passed     96.99%
   4  K20405_Hydra_hmg_100197551_K20405_nitrogen_permease_regulator_2-like_protein____RefSeq__nitrogen_permease_regulator_2-like_protein__A_                              8.89%    passed     72.37%
   5  K20405_Aurelia_XLOC_023146_TCONS_00032704_Seg1942.3.p1                                                                                                              6.49%    passed     66.25%
   6  K20405_Aurelia_XLOC_026879_TCONS_00038043_Seg215.4.p1                                                                                                               6.49%    passed     66.25%
   7  K20405_Homo_hsa_10641_K20405_nitrogen_permease_regulator_2-like_protein____RefSeq__NPRL2__FFEVF2__NPR2__NPR2L__TUSC4__NPR2_like__GATOR1_complex_subunit__A_        10.34%    passed     98.09%
   8  K20405_Mus_mmu_56032_K20405_nitrogen_permease_regulator_2-like_protein____RefSeq__Nprl2__2810446G01Rik__G21__NPR2L__Tusc4__NPR2_like__GATOR1_complex_subunit__A_   10.34%    passed     97.72%
   9  K20405_Acropora_adf_107343148_K20405_nitrogen_permease_regulator_2-like_protein____RefSeq__nitrogen_permease_regulator_2-like_protein__A_                          17.31%    passed     94.44%
  10  K20405_Exaiptasia_epa_110233594_K20405_nitrogen_permease_regulator_2-like_protein____RefSeq__nitrogen_permease_regulator_2-like_protein__A_                         6.25%    passed     97.78%
  11  K20405_Nematostella_nve_NEMVE_v1g93174_K20405_nitrogen_permease_regulator_2-like_protein____RefSeq__hypothetical_protein__A_                                       10.58%    passed     98.33%
****  TOTAL                                                                                                                                                               9.44%  0 sequences failed composition chi2 test (p-value<5%; df=19)
NOTE: K20405_Aurelia_XLOC_026879_TCONS_00038043_Seg215.4.p1 is identical to K20405_Aurelia_XLOC_023146_TCONS_00032704_Seg1942.3.p1 but kept for subsequent analysis


Create initial parsimony tree by phylogenetic likelihood library (PLL)... 0.001 seconds
NOTE: ModelFinder requires 7 MB RAM!
ModelFinder will test 546 protein models (sample size: 416) ...
 No. Model         -LnL         df  AIC          AICc         BIC
  1  Dayhoff       6579.224     19  13196.449    13198.368    13273.032
  2  Dayhoff+I     6535.008     20  13110.015    13112.142    13190.629
  3  Dayhoff+G4    6461.428     20  12962.856    12964.982    13043.470
  4  Dayhoff+I+G4  6460.671     21  12963.342    12965.688    13047.987
  5  Dayhoff+R2    6467.996     21  12977.992    12980.338    13062.637
  6  Dayhoff+R3    6454.778     23  12955.555    12958.372    13048.261
  7  Dayhoff+R4    6453.292     25  12956.584    12959.917    13057.351
 14  Dayhoff+F     6529.423     38  13134.846    13142.708    13288.012
 15  Dayhoff+F+I   6480.402     39  13038.804    13047.102    13196.001
 16  Dayhoff+F+G4  6404.632     39  12887.264    12895.562    13044.461
 17  Dayhoff+F+I+G4 6403.789     40  12887.577    12896.324    13048.805
 18  Dayhoff+F+R2  6413.750     40  12907.499    12916.246    13068.727
 19  Dayhoff+F+R3  6400.033     42  12884.065    12893.749    13053.354
 20  Dayhoff+F+R4  6398.891     44  12885.783    12896.457    13063.133
 27  mtMAM         7183.744     19  14405.487    14407.406    14482.070
 28  mtMAM+I       7096.415     20  14232.831    14234.957    14313.444
 29  mtMAM+G4      6843.610     20  13727.221    13729.347    13807.834
 30  mtMAM+I+G4    6841.395     21  13724.791    13727.136    13809.435
 31  mtMAM+R2      6890.815     21  13823.629    13825.974    13908.274
 32  mtMAM+R3      6849.771     23  13745.542    13748.358    13838.248
 33  mtMAM+R4      6842.326     25  13734.653    13737.986    13835.420
 34  mtMAM+R5      6837.304     27  13728.608    13732.505    13837.437
 40  mtMAM+F       6808.075     38  13692.151    13700.013    13845.317
 41  mtMAM+F+I     6736.406     39  13550.812    13559.110    13708.009
 42  mtMAM+F+G4    6565.508     39  13209.016    13217.314    13366.213
 43  mtMAM+F+I+G4  6565.050     40  13210.101    13218.847    13371.328
 44  mtMAM+F+R2    6585.934     40  13251.867    13260.614    13413.094
 45  mtMAM+F+R3    6566.897     42  13217.793    13227.477    13387.082
 46  mtMAM+F+R4    6561.722     44  13211.444    13222.118    13388.795
 53  JTT           6509.049     19  13056.097    13058.017    13132.680
 54  JTT+I         6465.176     20  12970.352    12972.479    13050.966
 55  JTT+G4        6407.866     20  12855.732    12857.859    12936.346
 56  JTT+I+G4      6406.986     21  12855.971    12858.316    12940.616
 57  JTT+R2        6410.690     21  12863.380    12865.725    12948.024
 58  JTT+R3        6401.497     23  12848.995    12851.811    12941.701
 59  JTT+R4        6400.508     25  12851.015    12854.349    12951.782
 66  JTT+F         6477.744     38  13031.487    13039.349    13184.653
 67  JTT+F+I       6432.302     39  12942.604    12950.902    13099.800
 68  JTT+F+G4      6375.462     39  12828.925    12837.223    12986.122
 69  JTT+F+I+G4    6374.408     40  12828.816    12837.562    12990.043
 70  JTT+F+R2      6380.054     40  12840.109    12848.855    13001.336
 71  JTT+F+R3      6370.184     42  12824.369    12834.052    12993.658
 72  JTT+F+R4      6369.298     44  12826.596    12837.269    13003.946
 79  WAG           6485.183     19  13008.366    13010.286    13084.949
 80  WAG+I         6444.295     20  12928.589    12930.716    13009.203
 81  WAG+G4        6402.019     20  12844.038    12846.164    12924.651
 82  WAG+I+G4      6400.335     21  12842.669    12845.014    12927.313
 83  WAG+R2        6408.746     21  12859.492    12861.838    12944.137
 84  WAG+R3        6397.416     23  12840.832    12843.648    12933.538
 85  WAG+R4        6396.843     25  12843.685    12847.018    12944.452
 92  WAG+F         6450.414     38  12976.828    12984.690    13129.994
 93  WAG+F+I       6406.652     39  12891.305    12899.602    13048.501
 94  WAG+F+G4      6360.674     39  12799.349    12807.647    12956.546
 95  WAG+F+I+G4    6359.076     40  12798.151    12806.898    12959.378
 96  WAG+F+R2      6367.848     40  12815.696    12824.443    12976.924
 97  WAG+F+R3      6356.947     42  12797.894    12807.578    12967.183
 98  WAG+F+R4      6356.413     44  12800.826    12811.500    12978.176
105  cpREV         6543.741     19  13125.483    13127.402    13202.066
106  cpREV+I       6491.603     20  13023.206    13025.333    13103.820
107  cpREV+G4      6432.341     20  12904.682    12906.809    12985.296
108  cpREV+I+G4    6430.480     21  12902.959    12905.305    12987.604
109  cpREV+R2      6442.707     21  12927.413    12929.758    13012.058
110  cpREV+R3      6425.734     23  12897.467    12900.284    12990.173
111  cpREV+R4      6425.110     25  12900.221    12903.554    13000.988
118  cpREV+F       6523.756     38  13123.511    13131.373    13276.677
119  cpREV+F+I     6469.691     39  13017.381    13025.679    13174.578
120  cpREV+F+G4    6405.980     39  12889.959    12898.257    13047.156
121  cpREV+F+I+G4  6404.335     40  12888.670    12897.417    13049.898
122  cpREV+F+R2    6416.974     40  12913.948    12922.695    13075.176
123  cpREV+F+R3    6399.551     42  12883.102    12892.785    13052.390
124  cpREV+F+R4    6398.894     44  12885.787    12896.461    13063.138
131  mtREV         6933.178     19  13904.356    13906.276    13980.939
132  mtREV+I       6874.035     20  13788.069    13790.196    13868.683
133  mtREV+G4      6745.500     20  13530.999    13533.126    13611.613
134  mtREV+I+G4    6745.055     21  13532.110    13534.455    13616.755
135  mtREV+R2      6756.841     21  13555.682    13558.027    13640.327
136  mtREV+R3      6741.352     23  13528.703    13531.520    13621.409
137  mtREV+R4      6740.829     25  13531.658    13534.991    13632.425
144  mtREV+F       6616.501     38  13309.002    13316.864    13462.168
145  mtREV+F+I     6561.212     39  13200.423    13208.721    13357.620
146  mtREV+F+G4    6463.770     39  13005.541    13013.839    13162.737
147  mtREV+F+I+G4  6463.253     40  13006.507    13015.253    13167.734
148  mtREV+F+R2    6471.838     40  13023.677    13032.423    13184.904
149  mtREV+F+R3    6457.065     42  12998.130    13007.814    13167.419
150  mtREV+F+R4    6456.185     44  13000.370    13011.043    13177.720
157  rtREV         6541.124     19  13120.247    13122.167    13196.830
158  rtREV+I       6496.184     20  13032.368    13034.495    13112.982
159  rtREV+G4      6435.279     20  12910.557    12912.684    12991.171
160  rtREV+I+G4    6434.494     21  12910.987    12913.333    12995.632
161  rtREV+R2      6442.425     21  12926.849    12929.195    13011.494
162  rtREV+R3      6430.650     23  12907.301    12910.117    13000.007
163  rtREV+R4      6430.273     25  12910.547    12913.880    13011.314
170  rtREV+F       6504.039     38  13084.078    13091.940    13237.244
171  rtREV+F+I     6456.743     39  12991.486    12999.784    13148.682
172  rtREV+F+G4    6385.512     39  12849.024    12857.322    13006.220
173  rtREV+F+I+G4  6384.945     40  12849.890    12858.637    13011.117
174  rtREV+F+R2    6393.727     40  12867.453    12876.200    13028.681
175  rtREV+F+R3    6382.180     42  12848.359    12858.043    13017.648
176  rtREV+F+R4    6381.936     44  12851.871    12862.545    13029.221
183  mtART         7151.125     19  14340.249    14342.169    14416.832
184  mtART+I       7059.846     20  14159.691    14161.818    14240.305
185  mtART+G4      6792.777     20  13625.554    13627.680    13706.167
186  mtART+I+G4    6792.164     21  13626.328    13628.673    13710.972
187  mtART+R2      6835.811     21  13713.623    13715.968    13798.267
188  mtART+R3      6796.133     23  13638.266    13641.083    13730.972
189  mtART+R4      6794.458     25  13638.916    13642.249    13739.683
196  mtART+F       6798.241     38  13672.482    13680.344    13825.648
197  mtART+F+I     6715.360     39  13508.720    13517.018    13665.917
198  mtART+F+G4    6521.374     39  13120.749    13129.047    13277.946
199  mtART+F+I+G4  6521.230     40  13122.460    13131.207    13283.687
200  mtART+F+R2    6542.333     40  13164.666    13173.413    13325.893
201  mtART+F+R3    6524.100     42  13132.200    13141.883    13301.489
202  mtART+F+R4    6522.589     44  13133.177    13143.851    13310.528
209  mtZOA         6963.622     19  13965.244    13967.163    14041.827
210  mtZOA+I       6886.947     20  13813.895    13816.021    13894.508
211  mtZOA+G4      6686.906     20  13413.812    13415.938    13494.425
212  mtZOA+I+G4    6686.138     21  13414.275    13416.620    13498.920
213  mtZOA+R2      6704.011     21  13450.023    13452.368    13534.667
214  mtZOA+R3      6687.258     23  13420.517    13423.333    13513.222
215  mtZOA+R4      6686.337     25  13422.675    13426.008    13523.442
222  mtZOA+F       6668.506     38  13413.012    13420.874    13566.178
223  mtZOA+F+I     6597.380     39  13272.760    13281.058    13429.957
224  mtZOA+F+G4    6457.414     39  12992.828    13001.126    13150.025
225  mtZOA+F+I+G4  6456.987     40  12993.974    13002.720    13155.201
226  mtZOA+F+R2    6473.563     40  13027.125    13035.872    13188.353
227  mtZOA+F+R3    6455.699     42  12995.398    13005.081    13164.686
228  mtZOA+F+R4    6455.328     44  12998.657    13009.331    13176.007
235  VT            6471.152     19  12980.304    12982.224    13056.887
236  VT+I          6434.177     20  12908.353    12910.480    12988.967
237  VT+G4         6399.752     20  12839.504    12841.631    12920.118
238  VT+I+G4       6398.311     21  12838.622    12840.967    12923.266
239  VT+R2         6404.303     21  12850.607    12852.952    12935.251
240  VT+R3         6396.628     23  12839.256    12842.072    12931.961
241  VT+R4         6396.343     25  12842.686    12846.020    12943.453
248  VT+F          6448.672     38  12973.344    12981.207    13126.511
249  VT+F+I        6410.696     39  12899.393    12907.691    13056.589
250  VT+F+G4       6375.076     39  12828.153    12836.451    12985.349
251  VT+F+I+G4     6373.589     40  12827.179    12835.926    12988.406
252  VT+F+R2       6380.012     40  12840.025    12848.772    13001.252
253  VT+F+R3       6372.612     42  12829.225    12838.908    12998.513
254  VT+F+R4       6372.423     44  12832.846    12843.520    13010.197
261  LG            6487.824     19  13013.648    13015.567    13090.231
262  LG+I          6441.695     20  12923.391    12925.518    13004.005
263  LG+G4         6374.680     20  12789.359    12791.486    12869.973
264  LG+I+G4       6374.145     21  12790.290    12792.635    12874.934
265  LG+R2         6380.671     21  12803.342    12805.687    12887.986
266  LG+R3         6368.471     23  12782.943    12785.759    12875.649
267  LG+R4         6368.255     25  12786.511    12789.844    12887.278
274  LG+F          6464.413     38  13004.825    13012.687    13157.991
275  LG+F+I        6416.080     39  12910.161    12918.459    13067.357
276  LG+F+G4       6347.187     39  12772.375    12780.673    12929.572
277  LG+F+I+G4     6346.535     40  12773.071    12781.818    12934.298
278  LG+F+R2       6354.203     40  12788.405    12797.152    12949.633
279  LG+F+R3       6341.649     42  12767.298    12776.982    12936.587
280  LG+F+R4       6341.563     44  12771.125    12781.799    12948.475
287  DCMut         6578.766     19  13195.532    13197.451    13272.115
288  DCMut+I       6534.695     20  13109.389    13111.516    13190.003
289  DCMut+G4      6461.608     20  12963.216    12965.342    13043.829
290  DCMut+I+G4    6460.775     21  12963.550    12965.895    13048.194
291  DCMut+R2      6468.048     21  12978.095    12980.440    13062.739
292  DCMut+R3      6454.594     23  12955.188    12958.005    13047.894
293  DCMut+R4      6454.581     25  12959.163    12962.496    13059.930
300  DCMut+F       6528.961     38  13133.923    13141.785    13287.089
301  DCMut+F+I     6480.122     39  13038.244    13046.542    13195.440
302  DCMut+F+G4    6404.811     39  12887.621    12895.919    13044.818
303  DCMut+F+I+G4  6403.939     40  12887.878    12896.625    13049.106
304  DCMut+F+R2    6413.910     40  12907.821    12916.567    13069.048
305  DCMut+F+R3    6399.979     42  12883.959    12893.642    13053.247
306  DCMut+F+R4    6399.886     44  12887.771    12898.445    13065.121
313  PMB           6514.216     19  13066.432    13068.351    13143.015
314  PMB+I         6476.316     20  12992.633    12994.759    13073.247
315  PMB+G4        6439.354     20  12918.709    12920.835    12999.322
316  PMB+I+G4      6437.923     21  12917.846    12920.192    13002.491
317  PMB+R2        6443.889     21  12929.777    12932.122    13014.422
318  PMB+R3        6437.762     23  12921.525    12924.341    13014.230
319  PMB+R4        6437.744     25  12925.488    12928.821    13026.255
326  PMB+F         6497.079     38  13070.158    13078.020    13223.324
327  PMB+F+I       6456.464     39  12990.927    12999.225    13148.124
328  PMB+F+G4      6417.455     39  12912.910    12921.208    13070.107
329  PMB+F+I+G4    6415.929     40  12911.857    12920.604    13073.085
330  PMB+F+R2      6422.358     40  12924.717    12933.463    13085.944
331  PMB+F+R3      6415.894     42  12915.787    12925.471    13085.076
332  PMB+F+R4      6415.879     44  12919.758    12930.432    13097.108
339  HIVb          6630.237     19  13298.474    13300.393    13375.057
340  HIVb+I        6558.065     20  13156.130    13158.257    13236.744
341  HIVb+G4       6471.701     20  12983.402    12985.529    13064.016
342  HIVb+I+G4     6468.949     21  12979.899    12982.244    13064.543
343  HIVb+R2       6487.133     21  13016.266    13018.612    13100.911
344  HIVb+R3       6467.116     23  12980.232    12983.048    13072.938
345  HIVb+R4       6466.845     25  12983.689    12987.022    13084.456
352  HIVb+F        6603.382     38  13282.764    13290.626    13435.930
353  HIVb+F+I      6530.556     39  13139.112    13147.410    13296.308
354  HIVb+F+G4     6434.583     39  12947.167    12955.464    13104.363
355  HIVb+F+I+G4   6432.712     40  12945.424    12954.171    13106.652
356  HIVb+F+R2     6450.582     40  12981.163    12989.910    13142.391
357  HIVb+F+R3     6430.448     42  12944.896    12954.579    13114.185
358  HIVb+F+R4     6430.397     44  12948.794    12959.468    13126.144
365  HIVw          6863.655     19  13765.310    13767.229    13841.893
366  HIVw+I        6789.641     20  13619.283    13621.409    13699.896
367  HIVw+G4       6685.554     20  13411.109    13413.236    13491.723
368  HIVw+I+G4     6683.004     21  13408.008    13410.353    13492.652
369  HIVw+R2       6704.924     21  13451.848    13454.193    13536.492
370  HIVw+R3       6679.081     23  13404.162    13406.978    13496.867
371  HIVw+R4       6679.034     25  13408.068    13411.402    13508.836
378  HIVw+F        6754.048     38  13584.095    13591.958    13737.262
379  HIVw+F+I      6678.515     39  13435.031    13443.328    13592.227
380  HIVw+F+G4     6582.632     39  13243.264    13251.562    13400.461
381  HIVw+F+I+G4   6580.565     40  13241.130    13249.877    13402.357
382  HIVw+F+R2     6599.797     40  13279.595    13288.341    13440.822
383  HIVw+F+R3     6576.162     42  13236.323    13246.007    13405.612
384  HIVw+F+R4     6576.154     44  13240.308    13250.982    13417.659
391  JTTDCMut      6509.845     19  13057.689    13059.608    13134.272
392  JTTDCMut+I    6466.548     20  12973.095    12975.222    13053.709
393  JTTDCMut+G4   6408.621     20  12857.242    12859.368    12937.856
394  JTTDCMut+I+G4 6407.856     21  12857.712    12860.057    12942.356
395  JTTDCMut+R2   6411.405     21  12864.810    12867.155    12949.454
396  JTTDCMut+R3   6401.044     23  12848.089    12850.905    12940.794
397  JTTDCMut+R4   6400.968     25  12851.936    12855.269    12952.703
404  JTTDCMut+F    6479.045     38  13034.091    13041.953    13187.257
405  JTTDCMut+F+I  6433.955     39  12945.910    12954.208    13103.106
406  JTTDCMut+F+G4 6376.330     39  12830.660    12838.957    12987.856
407  JTTDCMut+F+I+G4 6375.350     40  12830.700    12839.447    12991.928
408  JTTDCMut+F+R2 6380.792     40  12841.584    12850.330    13002.811
409  JTTDCMut+F+R3 6369.926     42  12823.852    12833.535    12993.140
410  JTTDCMut+F+R4 6369.915     44  12827.831    12838.504    13005.181
417  FLU           6632.288     19  13302.575    13304.495    13379.158
418  FLU+I         6561.815     20  13163.630    13165.757    13244.244
419  FLU+G4        6463.082     20  12966.164    12968.291    13046.778
420  FLU+I+G4      6461.034     21  12964.069    12966.414    13048.713
421  FLU+R2        6479.472     21  13000.943    13003.288    13085.588
422  FLU+R3        6461.095     23  12968.190    12971.006    13060.896
423  FLU+R4        6461.017     25  12972.034    12975.367    13072.801
430  FLU+F         6608.019     38  13292.039    13299.901    13445.205
431  FLU+F+I       6533.012     39  13144.025    13152.323    13301.222
432  FLU+F+G4      6434.306     39  12946.612    12954.910    13103.809
433  FLU+F+I+G4    6432.072     40  12944.144    12952.890    13105.371
434  FLU+F+R2      6451.880     40  12983.760    12992.507    13144.988
435  FLU+F+R3      6433.528     42  12951.055    12960.739    13120.344
436  FLU+F+R4      6433.402     44  12954.804    12965.478    13132.155
443  Blosum62      6495.607     19  13029.214    13031.133    13105.797
444  Blosum62+I    6459.452     20  12958.904    12961.030    13039.518
445  Blosum62+G4   6423.551     20  12887.103    12889.229    12967.716
446  Blosum62+I+G4 6422.134     21  12886.269    12888.614    12970.913
447  Blosum62+R2   6428.046     21  12898.091    12900.436    12982.736
448  Blosum62+R3   6421.568     23  12889.136    12891.952    12981.842
449  Blosum62+R4   6421.483     25  12892.966    12896.299    12993.733
456  Blosum62+F    6476.222     38  13028.443    13036.305    13181.609
457  Blosum62+F+I  6437.990     39  12953.981    12962.279    13111.178
458  Blosum62+F+G4 6400.745     39  12879.489    12887.787    13036.686
459  Blosum62+F+I+G4 6399.226     40  12878.452    12887.198    13039.679
460  Blosum62+F+R2 6405.493     40  12890.986    12899.733    13052.214
461  Blosum62+F+R3 6398.778     42  12881.555    12891.239    13050.844
462  Blosum62+F+R4 6398.760     44  12885.521    12896.194    13062.871
469  mtMet         6937.950     19  13913.899    13915.818    13990.482
470  mtMet+I       6870.763     20  13781.526    13783.652    13862.139
471  mtMet+G4      6710.402     20  13460.803    13462.930    13541.417
472  mtMet+I+G4    6709.670     21  13461.341    13463.686    13545.985
473  mtMet+R2      6725.706     21  13493.413    13495.758    13578.057
474  mtMet+R3      6708.776     23  13463.553    13466.369    13556.259
475  mtMet+R4      6708.507     25  13467.014    13470.348    13567.782
482  mtMet+F       6634.608     38  13345.215    13353.078    13498.381
483  mtMet+F+I     6573.366     39  13224.733    13233.030    13381.929
484  mtMet+F+G4    6462.640     39  13003.280    13011.578    13160.477
485  mtMet+F+I+G4  6462.069     40  13004.137    13012.884    13165.365
486  mtMet+F+R2    6475.977     40  13031.954    13040.700    13193.181
487  mtMet+F+R3    6458.223     42  13000.447    13010.131    13169.736
488  mtMet+F+R4    6458.222     44  13004.444    13015.118    13181.794
495  mtVer         7045.786     19  14129.571    14131.491    14206.154
496  mtVer+I       6971.114     20  13982.227    13984.354    14062.841
497  mtVer+G4      6776.816     20  13593.633    13595.759    13674.246
498  mtVer+I+G4    6775.503     21  13593.005    13595.350    13677.650
499  mtVer+R2      6795.918     21  13633.835    13636.180    13718.479
500  mtVer+R3      6774.833     23  13595.666    13598.482    13688.372
501  mtVer+R4      6774.825     25  13599.650    13602.984    13700.417
508  mtVer+F       6732.617     38  13541.234    13549.096    13694.400
509  mtVer+F+I     6664.630     39  13407.260    13415.558    13564.457
510  mtVer+F+G4    6521.087     39  13120.175    13128.472    13277.371
511  mtVer+F+I+G4  6520.919     40  13121.837    13130.584    13283.065
512  mtVer+F+R2    6535.694     40  13151.389    13160.135    13312.616
513  mtVer+F+R3    6518.665     42  13121.330    13131.014    13290.619
514  mtVer+F+R4    6518.653     44  13125.307    13135.981    13302.657
521  mtInv         6944.562     19  13927.125    13929.044    14003.708
522  mtInv+I       6882.883     20  13805.767    13807.893    13886.380
523  mtInv+G4      6746.233     20  13532.465    13534.592    13613.079
524  mtInv+I+G4    6745.881     21  13533.762    13536.107    13618.406
525  mtInv+R2      6756.177     21  13554.353    13556.698    13638.998
526  mtInv+R3      6744.654     23  13535.308    13538.125    13628.014
527  mtInv+R4      6744.571     25  13539.141    13542.475    13639.908
534  mtInv+F       6587.051     38  13250.102    13257.964    13403.268
535  mtInv+F+I     6531.793     39  13141.585    13149.883    13298.782
536  mtInv+F+G4    6440.007     39  12958.015    12966.313    13115.212
537  mtInv+F+I+G4  6439.492     40  12958.984    12967.731    13120.211
538  mtInv+F+R2    6449.835     40  12979.670    12988.417    13140.898
539  mtInv+F+R3    6434.047     42  12952.094    12961.778    13121.383
540  mtInv+F+R4    6433.927     44  12955.855    12966.529    13133.205
Akaike Information Criterion:           LG+F+R3
Corrected Akaike Information Criterion: LG+F+R3
Bayesian Information Criterion:         LG+G4
Best-fit model: LG+G4 chosen according to BIC

All model information printed to K20405.muscle.model.gz
CPU time for ModelFinder: 23.489 seconds (0h:0m:23s)
Wall-clock time for ModelFinder: 23.606 seconds (0h:0m:23s)

NOTE: 2 MB RAM (0 GB) is required!
Estimate model parameters (epsilon = 0.100)
1. Initial log-likelihood: -6378.274
2. Current log-likelihood: -6375.011
3. Current log-likelihood: -6374.705
Optimal log-likelihood: -6374.680
Gamma shape alpha: 1.307
Parameters optimization took 3 rounds (0.112 sec)
Computing ML distances based on estimated model parameters... 0.032 sec
Computing BIONJ tree...
0.001 seconds
Log-likelihood of BIONJ tree: -6376.242
--------------------------------------------------------------------
|             INITIALIZING CANDIDATE TREE SET                      |
--------------------------------------------------------------------
Generating 98 parsimony trees... 0.101 second
Computing log-likelihood of 89 initial trees ... 1.208 seconds
Current best score: -6374.680

Do NNI search on 20 best initial trees
Estimate model parameters (epsilon = 0.100)
BETTER TREE FOUND at iteration 1: -6374.679
Iteration 10 / LogL: -6374.704 / Time: 0h:0m:2s
Iteration 20 / LogL: -6375.537 / Time: 0h:0m:2s
Finish initializing candidate tree set (2)
Current best tree score: -6374.679 / CPU time: 2.740
Number of iterations: 20
--------------------------------------------------------------------
|               OPTIMIZING CANDIDATE TREE SET                      |
--------------------------------------------------------------------
UPDATE BEST LOG-LIKELIHOOD: -6374.679
Iteration 30 / LogL: -6375.419 / Time: 0h:0m:3s (0h:0m:9s left)
Iteration 40 / LogL: -6374.737 / Time: 0h:0m:4s (0h:0m:7s left)
Iteration 50 / LogL: -6374.751 / Time: 0h:0m:5s (0h:0m:6s left)
Iteration 60 / LogL: -6374.708 / Time: 0h:0m:6s (0h:0m:4s left)
Iteration 70 / LogL: -6376.682 / Time: 0h:0m:7s (0h:0m:3s left)
Iteration 80 / LogL: -6375.433 / Time: 0h:0m:8s (0h:0m:2s left)
Iteration 90 / LogL: -6374.712 / Time: 0h:0m:9s (0h:0m:1s left)
Iteration 100 / LogL: -6374.907 / Time: 0h:0m:10s (0h:0m:0s left)
TREE SEARCH COMPLETED AFTER 102 ITERATIONS / Time: 0h:0m:10s

--------------------------------------------------------------------
|                    FINALIZING TREE SEARCH                        |
--------------------------------------------------------------------
Performs final model parameters optimization
Estimate model parameters (epsilon = 0.010)
1. Initial log-likelihood: -6374.679
Optimal log-likelihood: -6374.679
Gamma shape alpha: 1.313
Parameters optimization took 1 rounds (0.020 sec)
BEST SCORE FOUND : -6374.679
Total tree length: 6.293

Total number of iterations: 102
CPU time used for tree search: 10.590 sec (0h:0m:10s)
Wall-clock time used for tree search: 10.636 sec (0h:0m:10s)
Total CPU time used: 10.792 sec (0h:0m:10s)
Total wall-clock time used: 10.841 sec (0h:0m:10s)

Analysis results written to: 
  IQ-TREE report:                K20405.muscle.iqtree
  Maximum-likelihood tree:       K20405.muscle.treefile
  Likelihood distances:          K20405.muscle.mldist
  Screen log file:               K20405.muscle.log

Date and Time: Mon Mar 16 19:41:04 2020
